No dat file associated with : ./initial_bbh_d16.info
Creating a setup based on config file...
Solutions will be stored in: /home/la34cit/fuka//COs/
Directory will be created if it doesn't exist.
Config File: /home/la34cit/fuka//COs/initbh.info
Fields File: /home/la34cit/fuka//COs/initbh.dat
*****************bh info*****************
                 chi: 0
                 dim: 3
         fixed_lapse: 0.3
                 mch: 0.5
                mirr: 0.5
             nshells: 0
               omega: 0
                qpig: 12.5664
                 res: 9
                 rin: 0.208117
                rmid: 0.416233
                rout: 1.66493
                velx: 0
                vely: 0

Config File: /home/la34cit/fuka//COs/converged_BH_TOTAL_BC.0.5.0.0.09.info
Fields File: /home/la34cit/fuka//COs/converged_BH_TOTAL_BC.0.5.0.0.09.dat
*****************bh info*****************
                 chi: 0
                 dim: 3
         fixed_lapse: 0.434936
                 mch: 0.5
                mirr: 0.5
             nshells: 0
               omega: -6.25718e-17
                qpig: 12.5664
                 res: 9
                 rin: 0.208117
                rmid: 0.42977
                rout: 1.66493
                velx: 0
                vely: 0

Solved previously: /home/la34cit/fuka//COs/converged_BH_TOTAL_BC.0.5.0.0.09.info
############################
Binary boost using von Neumann BC
############################
=======================================
Iter:        +1
Error:       +0
Madm:        +0.500087
Mk:          +0.497314 [+0.00554512]
Mirr:        +0.5
R:           +0.42977
Omega:       -6.25718e-17
S:           +8.61997e-18
Mch:         +0.5
Chi:         +3.44799e-17
=======================================

Error init = 0.00620991, Eq: B^i = N / P^2 * sm^i + ome * mg^i Dom: 2 Bounday: 2
DOF / rank = 10611 x 10611 / 225 = 500415
Block size is 32, consider lowering the number of cores.
Load and redistrib Jacobian: 37.4627 / 37.2402 / 38.2455 seconds (avg/min/max)
Inverting the matrix: 334.027 seconds
Distributing solution: 0.120637 seconds
=======================================
Iter:        +1
Error:       +0.00620991
Madm:        +0.500087
Mk:          +0.497314 [+0.00554512]
Mirr:        +0.5
R:           +0.42977
Omega:       +0.0144494
S:           +8.61997e-18
Mch:         +0.5
Chi:         +3.44799e-17
=======================================

Error init = 1.93792e-13, Eq: eqP = 0 Dom: 2 Bounday: -1
=======================================
Iter:        +2
Error:       +1.93792e-13
Madm:        +0.500087
Mk:          +0.497314 [+0.00554512]
Mirr:        +0.5
R:           +0.42977
Omega:       +0.0144494
S:           -3.77927e-17
Mch:         +0.5
Chi:         -1.51171e-16
=======================================

Solutions will be stored in: /home/la34cit/fuka//COs/
Directory will be created if it doesn't exist.
Config File: /home/la34cit/fuka//COs/initbh.info
Fields File: /home/la34cit/fuka//COs/initbh.dat
*****************bh info*****************
                 chi: 0
                 dim: 3
         fixed_lapse: 0.3
                 mch: 0.5
                mirr: 0.5
             nshells: 0
               omega: 0
                qpig: 12.5664
                 res: 9
                 rin: 0.208117
                rmid: 0.416233
                rout: 1.66493
                velx: 0
                vely: 0

Config File: /home/la34cit/fuka//COs/converged_BH_TOTAL_BC.0.5.0.0.09.info
Fields File: /home/la34cit/fuka//COs/converged_BH_TOTAL_BC.0.5.0.0.09.dat
*****************bh info*****************
                 chi: 0
                 dim: 3
         fixed_lapse: 0.434936
                 mch: 0.5
                mirr: 0.5
             nshells: 0
               omega: -6.25718e-17
                qpig: 12.5664
                 res: 9
                 rin: 0.208117
                rmid: 0.42977
                rout: 1.66493
                velx: 0
                vely: 0

Solved previously: /home/la34cit/fuka//COs/converged_BH_TOTAL_BC.0.5.0.0.09.info
############################
Binary boost using von Neumann BC
############################
Solved previously: /home/la34cit/fuka//COs/converged_BH_BIN_BOOST_16_0.0144494.0.5.0.0.09.info
Solutions will be stored in: ./
Directory will be created if it doesn't exist.
Config File: ./initbin.info
Fields File: ./initbin.dat
***************binary info***************
                 com: 0
                comy: 0
            distance: 16
           ecc_omega: 0.0144494
        global_omega: 0.0144494
        outer_shells: 0
                   q: 1
                qpig: 12.5664
                 res: 9
                rext: 32
*****************bh info*****************
                 chi: 0
         decay_limit: 8
                 dim: 3
         fixed_lapse: 0.434936
                 mch: 0.5
                mirr: 0.5
             nshells: 0
               omega: 0.0144494
                qpig: 12.5664
                 res: 9
                 rin: 0.214885
                rmid: 0.42977
                rout: 1.39076
                velx: 0
                vely: 0
*****************bh info*****************
                 chi: 0
         decay_limit: 8
                 dim: 3
         fixed_lapse: 0.434936
                 mch: 0.5
                mirr: 0.5
             nshells: 0
               omega: 0.0144494
                qpig: 12.5664
                 res: 9
                 rin: 0.214885
                rmid: 0.42977
                rout: 1.39076
                velx: 0
                vely: 0

############################
Total system with v.Neumann BC
############################
=======================================
Iter:        +0
Error:       +0
Omega:       +0.0144494
Axis:        +0
P:           [+0, +0, +0]

BH1-Mirr:    +0.499997
BH1-Mch:     +0.499997
BH1-R:       +0.42977
BH1-S:       -1.23304e-16
BH1-Chi:     -4.93221e-16
BH1-Omega:   +0.0144494

BH2-Mirr:    +0.499997
BH2-Mch:     +0.499997
BH2-R:       +0.42977
BH2-S:       -4.03673e-16
BH2-Chi:     -1.61471e-15
BH2-Omega:   +0.0144494

=======================================
Error init = 0.115595, Eq: B^i = N / P^2 * sm^i + ExOme^i Dom: 2 Bounday: 2
DOF / rank = 34121 x 34121 / 225 = 5.17441e+06
Load and redistrib Jacobian: 407.487 / 406.432 / 408.264 seconds (avg/min/max)
Inverting the matrix: 188.536 seconds
Distributing solution: 0.0981124 seconds
=======================================
Iter:        +1
Error:       +0.115595
Omega:       +0.0144494
Axis:        -1.85538e-11
P:           [+0, +0, +0]

BH1-Mirr:    +0.484699
BH1-Mch:     +0.484699
BH1-R:       +0.416621
BH1-S:       -1.15874e-16
BH1-Chi:     -4.93221e-16
BH1-Omega:   +0.0139634

BH2-Mirr:    +0.484699
BH2-Mch:     +0.484699
BH2-R:       +0.416621
BH2-S:       -3.7935e-16
BH2-Chi:     -1.61471e-15
BH2-Omega:   +0.0139634

=======================================
Error init = 0.00702251, Eq: eqP     = 0 Dom: 2 Bounday: -1
DOF / rank = 34121 x 34121 / 225 = 5.17441e+06
Load and redistrib Jacobian: 407.287 / 406.401 / 408.004 seconds (avg/min/max)
Inverting the matrix: 167.117 seconds
Distributing solution: 0.197474 seconds
=======================================
Iter:        +2
Error:       +0.00702251
Omega:       +0.0144494
Axis:        -2.38467e-10
P:           [-3.90968e-14, -1.87209e-13, +0]

BH1-Mirr:    +0.497885
BH1-Mch:     +0.497885
BH1-R:       +0.415152
BH1-S:       -3.27151e-05
BH1-Chi:     -0.000131974
BH1-Omega:   +0.0136223

BH2-Mirr:    +0.497885
BH2-Mch:     +0.497885
BH2-R:       +0.415152
BH2-S:       -3.27151e-05
BH2-Chi:     -0.000131974
BH2-Omega:   +0.0136223

=======================================
Error init = 0.000141093, Eq: eqP     = 0 Dom: 2 Bounday: -1
DOF / rank = 34121 x 34121 / 225 = 5.17441e+06
Load and redistrib Jacobian: 406.785 / 405.948 / 407.504 seconds (avg/min/max)
Inverting the matrix: 165.187 seconds
Distributing solution: 0.0979992 seconds
=======================================
Iter:        +3
Error:       +0.000141093
Omega:       +0.0144494
Axis:        +9.07595e-12
P:           [+2.72173e-14, +2.32228e-14, +0]

BH1-Mirr:    +0.500009
BH1-Mch:     +0.500009
BH1-R:       +0.415164
BH1-S:       +9.40214e-07
BH1-Chi:     +3.76073e-06
BH1-Omega:   +0.0136219

BH2-Mirr:    +0.500009
BH2-Mch:     +0.500009
BH2-R:       +0.415164
BH2-S:       +9.40214e-07
BH2-Chi:     +3.76073e-06
BH2-Omega:   +0.0136219

=======================================
Error init = 4.91718e-09, Eq: eqP     = 0 Dom: 5 Bounday: -1
=======================================
Iter:        +4
Error:       +4.91718e-09
Omega:       +0.0144494
Axis:        +9.07595e-12
P:           [-1.01536e-16, +6.60296e-16, +0]

BH1-Mirr:    +0.5
BH1-Mch:     +0.5
BH1-R:       +0.415164
BH1-S:       -5.85758e-11
BH1-Chi:     -2.34303e-10
BH1-Omega:   +0.0136219

BH2-Mirr:    +0.5
BH2-Mch:     +0.5
BH2-R:       +0.415164
BH2-S:       -5.85758e-11
BH2-Chi:     -2.34303e-10
BH2-Omega:   +0.0136219

=======================================
############################
Total system with v.Neumann BC
############################
=======================================
Iter:        +0
Error:       +0
Omega:       +0.0144494
Axis:        +9.07595e-12
P:           [-1.01536e-16, +6.60296e-16, +0]

BH1-Mirr:    +0.5
BH1-Mch:     +0.5
BH1-R:       +0.415164
BH1-S:       -5.85758e-11
BH1-Chi:     -2.34303e-10
BH1-Omega:   +0.0136219

BH2-Mirr:    +0.5
BH2-Mch:     +0.5
BH2-R:       +0.415164
BH2-S:       -5.85758e-11
BH2-Chi:     -2.34303e-10
BH2-Omega:   +0.0136219

=======================================
Error init = 0.0296585, Eq: integ(dn(N) + 2 * dn(P)) = 0 Dom: 11 Bounday: 1
DOF / rank = 34122 x 34122 / 225 = 5.17472e+06
Load and redistrib Jacobian: 411.386 / 410.515 / 412.11 seconds (avg/min/max)
Inverting the matrix: 189.865 seconds
Distributing solution: 0.101263 seconds
=======================================
Iter:        +1
Error:       +0.0296585
Omega:       +0.0155935
Axis:        +1.5766e-11
P:           [-1.01536e-16, +6.60296e-16, +0]

BH1-Mirr:    +0.499675
BH1-Mch:     +0.499675
BH1-R:       +0.414894
BH1-S:       -5.84996e-11
BH1-Chi:     -2.34303e-10
BH1-Omega:   +0.0146989

BH2-Mirr:    +0.499675
BH2-Mch:     +0.499675
BH2-R:       +0.414894
BH2-S:       -5.84996e-11
BH2-Chi:     -2.34303e-10
BH2-Omega:   +0.0146989

=======================================
Error init = 5.92057e-05, Eq: eqNP    = 0 Dom: 2 Bounday: -1
DOF / rank = 34122 x 34122 / 225 = 5.17472e+06
Load and redistrib Jacobian: 412.88 / 412.003 / 413.69 seconds (avg/min/max)
Inverting the matrix: 204.323 seconds
Distributing solution: 0.0995853 seconds
=======================================
Iter:        +2
Error:       +5.92057e-05
Omega:       +0.0155502
Axis:        +4.74198e-12
P:           [-1.17104e-16, -2.40476e-16, +0]

BH1-Mirr:    +0.5
BH1-Mch:     +0.5
BH1-R:       +0.414894
BH1-S:       +7.98689e-09
BH1-Chi:     +3.19476e-08
BH1-Omega:   +0.0146581

BH2-Mirr:    +0.5
BH2-Mch:     +0.5
BH2-R:       +0.414894
BH2-S:       +7.98689e-09
BH2-Chi:     +3.19476e-08
BH2-Omega:   +0.0146581

=======================================
Error init = 8.91526e-08, Eq: eqNP    = 0 Dom: 2 Bounday: -1
DOF / rank = 34122 x 34122 / 225 = 5.17472e+06
Load and redistrib Jacobian: 409.443 / 408.713 / 410.183 seconds (avg/min/max)
Inverting the matrix: 153.625 seconds
Distributing solution: 0.0993571 seconds
=======================================
Iter:        +3
Error:       +8.91526e-08
Omega:       +0.0155502
Axis:        +6.40468e-13
P:           [-1.94974e-16, +4.46602e-16, +0]

BH1-Mirr:    +0.5
BH1-Mch:     +0.5
BH1-R:       +0.414894
BH1-S:       -2.45464e-13
BH1-Chi:     -9.81856e-13
BH1-Omega:   +0.014658

BH2-Mirr:    +0.5
BH2-Mch:     +0.5
BH2-R:       +0.414894
BH2-S:       -2.45404e-13
BH2-Chi:     -9.81615e-13
BH2-Omega:   +0.014658

=======================================
Error init = 4.71252e-10, Eq: integ(dn(N) + 2 * dn(P)) = 0 Dom: 11 Bounday: 1
=======================================
Iter:        +4
Error:       +4.71252e-10
Omega:       +0.0155502
Axis:        +6.40468e-13
P:           [+4.92606e-17, +5.29547e-16, +0]

BH1-Mirr:    +0.5
BH1-Mch:     +0.5
BH1-R:       +0.414894
BH1-S:       +2.01189e-17
BH1-Chi:     +8.04755e-17
BH1-Omega:   +0.014658

BH2-Mirr:    +0.5
BH2-Mch:     +0.5
BH2-R:       +0.414894
BH2-S:       +1.65186e-17
BH2-Chi:     +6.60743e-17
BH2-Omega:   +0.014658

=======================================
############################
Ecc. Reduction - Fixed Omega & Adot
############################
############################
Total system with v.Neumann BC
############################
### Using PN estimate for adot and omega! ###
=======================================
Iter:        +0
Error:       +0
Omega:       +0.0144494
Adot:        -3.15893e-05
Axis:        +6.40468e-13
P:           [+4.92606e-17, +5.29547e-16, +0]

BH1-Mirr:    +0.5
BH1-Mch:     +0.5
BH1-R:       +0.414894
BH1-S:       +2.01189e-17
BH1-Chi:     +8.04755e-17
BH1-Omega:   +0.014658

BH2-Mirr:    +0.5
BH2-Mch:     +0.5
BH2-R:       +0.414894
BH2-S:       +1.65186e-17
BH2-Chi:     +6.60743e-17
BH2-Omega:   +0.014658

=======================================
Error init = 0.00880646, Eq: B^i = N / P^2 * sp^i + ExOme^i Dom: 5 Bounday: 2
DOF / rank = 34121 x 34121 / 225 = 5.17441e+06
Load and redistrib Jacobian: 410.238 / 409.235 / 411.006 seconds (avg/min/max)
Inverting the matrix: 169.637 seconds
Distributing solution: 0.107879 seconds
=======================================
Iter:        +1
Error:       +0.00880646
Omega:       +0.0144494
Adot:        -3.15893e-05
Axis:        -2.66128e-11
P:           [+4.92606e-17, +5.29547e-16, +0]

BH1-Mirr:    +0.500359
BH1-Mch:     +0.500359
BH1-R:       +0.415191
BH1-S:       +1.98108e-17
BH1-Chi:     +7.91297e-17
BH1-Omega:   +0.0136213

BH2-Mirr:    +0.500359
BH2-Mch:     +0.500359
BH2-R:       +0.415191
BH2-S:       +1.67426e-17
BH2-Chi:     +6.68744e-17
BH2-Omega:   +0.0136213

=======================================
Error init = 5.41404e-05, Eq: eqNP    = 0 Dom: 2 Bounday: -1
DOF / rank = 34121 x 34121 / 225 = 5.17441e+06
Load and redistrib Jacobian: 403.086 / 402.266 / 403.8 seconds (avg/min/max)
Inverting the matrix: 156.44 seconds
Distributing solution: 0.100762 seconds
=======================================
Iter:        +2
Error:       +5.41404e-05
Omega:       +0.0144494
Adot:        -3.15893e-05
Axis:        +4.28045e-12
P:           [-1.44362e-16, -4.48753e-16, +0]

BH1-Mirr:    +0.499987
BH1-Mch:     +0.499987
BH1-R:       +0.415181
BH1-S:       +9.66409e-09
BH1-Chi:     +3.86583e-08
BH1-Omega:   +0.0136219

BH2-Mirr:    +0.499987
BH2-Mch:     +0.499987
BH2-R:       +0.415181
BH2-S:       +9.66409e-09
BH2-Chi:     +3.86583e-08
BH2-Omega:   +0.0136219

=======================================
Error init = 5.42288e-09, Eq: eqNP    = 0 Dom: 2 Bounday: -1
=======================================
Iter:        +3
Error:       +5.42288e-09
Omega:       +0.0144494
Adot:        -3.15893e-05
Axis:        +4.28045e-12
P:           [+1.53254e-17, +5.02904e-17, +0]

BH1-Mirr:    +0.5
BH1-Mch:     +0.5
BH1-R:       +0.415181
BH1-S:       +2.01304e-12
BH1-Chi:     +8.05217e-12
BH1-Omega:   +0.0136219

BH2-Mirr:    +0.5
BH2-Mch:     +0.5
BH2-R:       +0.415181
BH2-S:       +2.01318e-12
BH2-Chi:     +8.05271e-12
BH2-Omega:   +0.0136219

=======================================
