No dat file associated with : ./initial_bbh_d14.info
Creating a setup based on config file...
Solutions will be stored in: /home/la34cit/fuka//COs/
Directory will be created if it doesn't exist.
Config File: /home/la34cit/fuka//COs/initbh.info
Fields File: /home/la34cit/fuka//COs/initbh.dat
*****************bh info*****************
                 chi: 0
                 dim: 3
         fixed_lapse: 0.3
                 mch: 0.5
                mirr: 0.5
             nshells: 0
               omega: 0
                qpig: 12.5664
                 res: 9
                 rin: 0.208117
                rmid: 0.416233
                rout: 1.66493
                velx: 0
                vely: 0

Config File: /home/la34cit/fuka//COs/converged_BH_TOTAL_BC.0.5.0.0.09.info
Fields File: /home/la34cit/fuka//COs/converged_BH_TOTAL_BC.0.5.0.0.09.dat
*****************bh info*****************
                 chi: 0
                 dim: 3
         fixed_lapse: 0.434936
                 mch: 0.5
                mirr: 0.5
             nshells: 0
               omega: -6.25718e-17
                qpig: 12.5664
                 res: 9
                 rin: 0.208117
                rmid: 0.42977
                rout: 1.66493
                velx: 0
                vely: 0

Solved previously: /home/la34cit/fuka//COs/converged_BH_TOTAL_BC.0.5.0.0.09.info
############################
Binary boost using von Neumann BC
############################
Solved previously: /home/la34cit/fuka//COs/converged_BH_BIN_BOOST_14_0.0174718.0.5.0.0.09.info
Solutions will be stored in: /home/la34cit/fuka//COs/
Directory will be created if it doesn't exist.
Config File: /home/la34cit/fuka//COs/initbh.info
Fields File: /home/la34cit/fuka//COs/initbh.dat
*****************bh info*****************
                 chi: 0
                 dim: 3
         fixed_lapse: 0.3
                 mch: 0.5
                mirr: 0.5
             nshells: 0
               omega: 0
                qpig: 12.5664
                 res: 9
                 rin: 0.208117
                rmid: 0.416233
                rout: 1.66493
                velx: 0
                vely: 0

Config File: /home/la34cit/fuka//COs/converged_BH_TOTAL_BC.0.5.0.0.09.info
Fields File: /home/la34cit/fuka//COs/converged_BH_TOTAL_BC.0.5.0.0.09.dat
*****************bh info*****************
                 chi: 0
                 dim: 3
         fixed_lapse: 0.434936
                 mch: 0.5
                mirr: 0.5
             nshells: 0
               omega: -6.25718e-17
                qpig: 12.5664
                 res: 9
                 rin: 0.208117
                rmid: 0.42977
                rout: 1.66493
                velx: 0
                vely: 0

Solved previously: /home/la34cit/fuka//COs/converged_BH_TOTAL_BC.0.5.0.0.09.info
############################
Binary boost using von Neumann BC
############################
Solved previously: /home/la34cit/fuka//COs/converged_BH_BIN_BOOST_14_0.0174718.0.5.0.0.09.info
slurmstepd: error: *** JOB 1688346 ON node165 CANCELLED AT 2022-08-18T23:23:23 ***
