No dat file associated with : ./initial_bhns.info
Creating a setup based on config file...
Solutions will be stored in: /home/la34cit/fuka//COs/
Directory will be created if it doesn't exist.
0.0013075, 0.001355
Config File: /home/la34cit/fuka//COs/initns.info
Fields File: /home/la34cit/fuka//COs/initns.dat
*****************ns info*****************
                 chi: 0
                 dim: 3
                  hc: 1.00938
                madm: 1.4
                  mb: 1.62815
      n_inner_shells: 0
                  nc: 0.00133125
             nshells: 0
               omega: 0
             ql_madm: 1.4
                qpig: 12.5664
                 res: 9
                 rin: 3.03469
                rmid: 6.06938
                rout: 12.1388
             eosfile: togashi.lorene
             eostype: Cold_Table
               h_cut: 0
   interpolation_pts: 2000

Last stage: binary_boost
Current: /home/la34cit/fuka//COs/initns.info
Solved previously: /home/la34cit/fuka//COs/converged_NS_NOROT_BC.togashi.1.4.0.0.09.info
Config File: /home/la34cit/fuka//COs/converged_NS_NOROT_BC.togashi.1.4.0.0.09.info
Fields File: /home/la34cit/fuka//COs/converged_NS_NOROT_BC.togashi.1.4.0.0.09.dat
*****************ns info*****************
                 chi: 0
                 dim: 3
                  hc: 1.26077
                madm: 1.4
                  mb: 1.55255
      n_inner_shells: 0
                  nc: 0.00137405
             nshells: 0
               omega: 0
             ql_madm: 1.4
                qpig: 12.5664
                 res: 9
                 rin: 3.03469
                rmid: 6.06938
                rout: 12.1388
             eosfile: togashi.lorene
             eostype: Cold_Table
               h_cut: 0
   interpolation_pts: 2000

Last stage: binary_boost
Solved previously: /home/la34cit/fuka//COs/converged_NS_TOTAL_BC.togashi.1.4.0.0.09.info
Config File: /home/la34cit/fuka//COs/converged_NS_TOTAL_BC.togashi.1.4.0.0.09.info
Fields File: /home/la34cit/fuka//COs/converged_NS_TOTAL_BC.togashi.1.4.0.0.09.dat
*****************ns info*****************
                 chi: 0
                 dim: 3
                  hc: 1.26077
                madm: 1.4
                  mb: 1.55255
      n_inner_shells: 0
                  nc: 0.00137405
             nshells: 0
               omega: 0
             ql_madm: 1.4
                qpig: 12.5664
                 res: 9
                 rin: 3.03469
                rmid: 6.06938
                rout: 12.1388
             eosfile: togashi.lorene
             eostype: Cold_Table
               h_cut: 0
   interpolation_pts: 2000

Last stage: binary_boost
Solved previously: /home/la34cit/fuka//COs/converged_NS_TOTAL_BC.togashi.1.4.0.0.09.info
Config File: /home/la34cit/fuka//COs/converged_NS_TOTAL_BC.togashi.1.4.0.0.09.info
Fields File: /home/la34cit/fuka//COs/converged_NS_TOTAL_BC.togashi.1.4.0.0.09.dat
*****************ns info*****************
                 chi: 0
                 dim: 3
                  hc: 1.26077
                madm: 1.4
                  mb: 1.55255
      n_inner_shells: 0
                  nc: 0.00137405
             nshells: 0
               omega: 0
             ql_madm: 1.4
                qpig: 12.5664
                 res: 9
                 rin: 3.03469
                rmid: 6.06938
                rout: 12.1388
             eosfile: togashi.lorene
             eostype: Cold_Table
               h_cut: 0
   interpolation_pts: 2000

############################
Binary boosted NS
############################
=======================================
Iter:        +0
Error:       +0
Mb:          +1.55255
Madm:        +1.4
Madm_ql:     +1.4 [+1.69706e-14]
Mk:          +1.40096 [+0.000685189]
R:           +6.33309 +6.33309
Jadm:        +0
Chi:         +0 [+0]
Omega:       +0
=======================================

Error init = 0.00049619, Eq: eqNP= 0 Dom: 0 Bounday: -1
DOF / rank = 12853 x 12853 / 144 = 1.14722e+06
Load and redistrib Jacobian: 121.487 / 121.108 / 121.733 seconds (avg/min/max)
Inverting the matrix: 32.4508 seconds
Distributing solution: 0.109374 seconds
=======================================
Iter:        +1
Error:       +0.00049619
Mb:          +1.55255
Madm:        +1.4
Madm_ql:     +1.4 [+1.69706e-14]
Mk:          +1.40096 [+0.000685189]
R:           +6.33309 +6.33309
Jadm:        +0
Chi:         +0 [+0]
Omega:       -3.27612e-27
=======================================

Error init = 3.67861e-12, Eq: integvolume(intMb) = Mb Dom: 0 Bounday: -1
=======================================
Iter:        +2
Error:       +3.67861e-12
Mb:          +1.55255
Madm:        +1.4
Madm_ql:     +1.4 [+1.14194e-14]
Mk:          +1.45433 [+0.0388076]
R:           +6.33309 +6.33309
Jadm:        -1.05839e-26
Chi:         -5.39997e-27 [+0]
Omega:       -3.27612e-27
=======================================

Solutions will be stored in: /home/la34cit/fuka//COs/
Directory will be created if it doesn't exist.
Config File: /home/la34cit/fuka//COs/initbh.info
Fields File: /home/la34cit/fuka//COs/initbh.dat
*****************bh info*****************
                 chi: 0
                 dim: 3
         fixed_lapse: 0.3
                 mch: 1.4
                mirr: 0.5
             nshells: 0
               omega: 0
                qpig: 12.5664
                 res: 9
                 rin: 0.582726
                rmid: 1.16545
                rout: 4.66181
                velx: 0
                vely: 0

############################
Total system with von Neumann BC
############################
=======================================
Iter:        +1
Error:       +0
Madm:        +0
Mk:          +0 [-nan]
Mirr:        +1.4
R:           +1.16545
Omega:       +0
S:           +0
Mch:         +1.4
Chi:         +0
=======================================

Error init = 0.664978, Eq: sm^j * D_j P + P / 4 * D^j sm_j + A_ij * sm^i * sm^j / P^3 / 4 = 0 Dom: 2 Bounday: 2
DOF / rank = 10611 x 10611 / 144 = 781898
Load and redistrib Jacobian: 103.134 / 102.827 / 103.333 seconds (avg/min/max)
Inverting the matrix: 20.679 seconds
Distributing solution: 0.0588878 seconds
=======================================
Iter:        +1
Error:       +0.664978
Madm:        +0
Mk:          +0 [-nan]
Mirr:        +1.15199
R:           +0.958997
Omega:       -1.08874e-17
S:           +0
Mch:         +1.15199
Chi:         +0
=======================================

Error init = 0.640993, Eq: eqNP = 0 Dom: 2 Bounday: -1
DOF / rank = 10611 x 10611 / 144 = 781898
Load and redistrib Jacobian: 62.1706 / 61.858 / 62.3318 seconds (avg/min/max)
Inverting the matrix: 20.1492 seconds
Distributing solution: 0.05363 seconds
=======================================
Iter:        +2
Error:       +0.640993
Madm:        +1.60719
Mk:          +0.51845 [+0.677419]
Mirr:        +1.64302
R:           +1.15423
Omega:       -1.31582e-17
S:           +2.19162e-16
Mch:         +1.64302
Chi:         +8.11857e-17
=======================================

Error init = 0.139122, Eq: eqNP = 0 Dom: 2 Bounday: -1
DOF / rank = 10611 x 10611 / 144 = 781898
Load and redistrib Jacobian: 62.6281 / 62.4001 / 62.8733 seconds (avg/min/max)
Inverting the matrix: 22.2742 seconds
Distributing solution: 0.0496423 seconds
=======================================
Iter:        +3
Error:       +0.139122
Madm:        +1.39137
Mk:          +1.29126 [+0.0719503]
Mirr:        +1.42285
R:           +1.20401
Omega:       -1.13222e-17
S:           +1.44678e-16
Mch:         +1.42285
Chi:         +7.14632e-17
=======================================

Error init = 0.00412902, Eq: eqNP = 0 Dom: 2 Bounday: -1
DOF / rank = 10611 x 10611 / 144 = 781898
Load and redistrib Jacobian: 63.4654 / 63.1819 / 63.8303 seconds (avg/min/max)
Inverting the matrix: 21.3789 seconds
Distributing solution: 0.0492887 seconds
=======================================
Iter:        +4
Error:       +0.00412902
Madm:        +1.40109
Mk:          +1.38836 [+0.00908174]
Mirr:        +1.39884
R:           +1.20335
Omega:       -2.05778e-17
S:           -1.39881e-16
Mch:         +1.39884
Chi:         -7.14858e-17
=======================================

Error init = 4.25201e-06, Eq: sm^j * D_j P + P / 4 * D^j sm_j + A_ij * sm^i * sm^j / P^3 / 4 = 0 Dom: 2 Bounday: 2
DOF / rank = 10611 x 10611 / 144 = 781898
Load and redistrib Jacobian: 62.1419 / 61.8229 / 62.3797 seconds (avg/min/max)
Inverting the matrix: 21.2837 seconds
Distributing solution: 0.0495182 seconds
=======================================
Iter:        +5
Error:       +4.25201e-06
Madm:        +1.40024
Mk:          +1.39247 [+0.00555184]
Mirr:        +1.4
R:           +1.20336
Omega:       -7.81299e-18
S:           +6.01684e-17
Mch:         +1.4
Chi:         +3.06981e-17
=======================================

Error init = 1.97554e-11, Eq: eqNP = 0 Dom: 2 Bounday: -1
=======================================
Iter:        +6
Error:       +1.97554e-11
Madm:        +1.40024
Mk:          +1.39248 [+0.00554512]
Mirr:        +1.4
R:           +1.20336
Omega:       -7.81299e-18
S:           -2.30878e-17
Mch:         +1.4
Chi:         -1.17795e-17
=======================================

############################
Binary boost using von Neumann BC
############################
=======================================
Iter:        +1
Error:       +0
Madm:        +1.40024
Mk:          +1.39248 [+0.00554512]
Mirr:        +1.4
R:           +1.20336
Omega:       -7.81299e-18
S:           -2.30878e-17
Mch:         +1.4
Chi:         -1.17795e-17
=======================================

Error init = 0.00881382, Eq: B^i = N / P^2 * sm^i + ome * mg^i Dom: 2 Bounday: 2
DOF / rank = 10611 x 10611 / 144 = 781898
Load and redistrib Jacobian: 62.2427 / 61.9925 / 62.4032 seconds (avg/min/max)
Inverting the matrix: 20.4453 seconds
Distributing solution: 0.0509177 seconds
=======================================
Iter:        +1
Error:       +0.00881382
Madm:        +1.40024
Mk:          +1.39248 [+0.00554512]
Mirr:        +1.4
R:           +1.20336
Omega:       +0.00732437
S:           -2.30878e-17
Mch:         +1.4
Chi:         -1.17795e-17
=======================================

Error init = 4.82125e-14, Eq: B^i = N / P^2 * sm^i + ome * mg^i Dom: 2 Bounday: 2
=======================================
Iter:        +2
Error:       +4.82125e-14
Madm:        +1.40024
Mk:          +1.39248 [+0.00554512]
Mirr:        +1.4
R:           +1.20336
Omega:       +0.00732437
S:           -1.88388e-16
Mch:         +1.4
Chi:         -9.61162e-17
=======================================

/home/la34cit/fuka//COs/converged_NS_BIN_BOOST_35_0.00732437.togashi.1.4.0.0.09.info
/home/la34cit/fuka//COs/converged_BH_BIN_BOOST_35_0.00732437.1.4.0.0.09.info
NS-bounds: 3.03469 6.06938 9.10407 
BH-bounds: 0.582726 1.20336 9.10407 
outer-bounds: 70 
xc1: -17.5
xc2: 17.5
WeightNS: 17.5, WeightBH: 17.5
Config File: ./initbin.info
Fields File: ./initbin.dat
***************binary info***************
                 com: 0
                comy: 0
            distance: 35
           ecc_omega: 0.00732437
        global_omega: 0.00732437
        outer_shells: 0
                   q: 1
                qpig: 12.5664
                 res: 9
                rext: 70
*****************ns info*****************
                 chi: 0
         decay_limit: 17.5
                 dim: 3
                  hc: 1.26077
                madm: 1.4
                  mb: 1.55255
      n_inner_shells: 0
                  nc: 0.00137405
             nshells: 0
               omega: -3.27612e-27
             ql_madm: 1.4
                qpig: 12.5664
                 res: 9
                 rin: 3.03469
                rmid: 6.06938
                rout: 9.10407
             eosfile: togashi.lorene
             eostype: Cold_Table
               h_cut: 0
   interpolation_pts: 2000
*****************bh info*****************
                 chi: 0
         decay_limit: 17.5
                 dim: 3
         fixed_lapse: 0.434936
                 mch: 1.4
                mirr: 1.4
             nshells: 0
               omega: 0.00732437
                qpig: 12.5664
                 res: 9
                 rin: 0.582726
                rmid: 1.20336
                rout: 9.10407
                velx: 0
                vely: 0

=================================
BHNS grav input
Distance: 35
Omega guess: 0.00732437
Units: 12.5664
=================================
############################
Hydro Rescaling stage using fixed omega, chi = 0,0 and q = 1
############################
=======================================
Iter:        +0
Error:       +0
Omega:       +0.00732437
Axis:        +0
Padm:        [+0, +0, +0]

NS-Mb:       +1.543[+1.55255]
NS-Madm_ql:  +1.47055[+1.4]
NS-R:        +6.33309 +6.33309
NS-S:        +1.38491e-16
NS-Chi:      +7.06586e-17[+0]
NS-qlChi:    +6.40415e-17
NS-Omega:    -3.27612e-27

BH-Mirr:     +1.39998[+1.4]
BH-Mch:      +1.39998[+1.4]
BH-R:        +1.20336
BH-S:        -1.22138e-15
BH-Chi:      -6.23173e-16[+0]
BH-Omega:    +0.00732437
=======================================
Error init = 0.128176, Eq: B^i = N / P^2 * sp^i + s^i Dom: 5 Bounday: 2
DOF / rank = 41257 x 41257 / 144 = 1.18204e+07
Load and redistrib Jacobian: 934.127 / 930.657 / 935.983 seconds (avg/min/max)
Inverting the matrix: 210.928 seconds
Distributing solution: 0.0846143 seconds
=======================================
Iter:        +1
Error:       +0.128176
Omega:       +0.00732437
Axis:        +0
Padm:        [-0.00371368, +0.222718, +0]

NS-Mb:       +1.54599[+1.55255]
NS-Madm_ql:  +1.38483[+1.4]
NS-R:        +6.33309 +6.33309
NS-S:        -0.0218289
NS-Chi:      -0.0111372[+0]
NS-qlChi:    -0.0113825
NS-Omega:    +4.56454e-08

BH-Mirr:     +1.39791[+1.4]
BH-Mch:      +1.39792[+1.4]
BH-R:        +1.14997
BH-S:        -0.0203709
BH-Chi:      -0.0104242[+0]
BH-Omega:    +0.00700027
=======================================
Error init = 0.0111372, Eq: integ(intS1) / Madm1 / Madm1 = chi1 Dom: 2 Bounday: 1
DOF / rank = 41257 x 41257 / 144 = 1.18204e+07
Load and redistrib Jacobian: 921.673 / 917.948 / 923.55 seconds (avg/min/max)
Inverting the matrix: 213.416 seconds
Distributing solution: 0.315903 seconds
=======================================
Iter:        +2
Error:       +0.0111372
Omega:       +0.00732437
Axis:        +0
Padm:        [+0.0326438, +0.0584181, +0]

NS-Mb:       +1.55284[+1.55255]
NS-Madm_ql:  +1.3795[+1.4]
NS-R:        +6.33309 +6.33309
NS-S:        +8.84056e-05
NS-Chi:      +4.51049e-05[+0]
NS-qlChi:    +4.64557e-05
NS-Omega:    +0.000145347

BH-Mirr:     +1.39999[+1.4]
BH-Mch:      +1.39999[+1.4]
BH-R:        +1.1465
BH-S:        -0.00020813
BH-Chi:      -0.00010619[+0]
BH-Omega:    +0.00679072
=======================================
Error init = 0.000283989, Eq: integvolume(intMb) = Mb1 Dom: 0 Bounday: -1
DOF / rank = 41257 x 41257 / 144 = 1.18204e+07
Load and redistrib Jacobian: 923.388 / 919.658 / 925.253 seconds (avg/min/max)
Inverting the matrix: 215.578 seconds
Distributing solution: 0.181511 seconds
=======================================
Iter:        +3
Error:       +0.000283989
Omega:       +0.00732437
Axis:        +0
Padm:        [+0.0324803, +0.051437, +0]

NS-Mb:       +1.55255[+1.55255]
NS-Madm_ql:  +1.37982[+1.4]
NS-R:        +6.33309 +6.33309
NS-S:        -1.90508e-08
NS-Chi:      -9.7198e-09[+0]
NS-qlChi:    -1.00062e-08
NS-Omega:    +0.000143062

BH-Mirr:     +1.4[+1.4]
BH-Mch:      +1.4[+1.4]
BH-R:        +1.14652
BH-S:        -0.0001769
BH-Chi:      -9.02553e-05[+0]
BH-Omega:    +0.00679051
=======================================
Error init = 2.74878e-08, Eq: eqphi = 0 Dom: 1 Bounday: -1
DOF / rank = 41257 x 41257 / 144 = 1.18204e+07
Load and redistrib Jacobian: 924.588 / 920.855 / 926.416 seconds (avg/min/max)
Inverting the matrix: 213.031 seconds
Distributing solution: 0.0836766 seconds
=======================================
Iter:        +4
Error:       +2.74878e-08
Omega:       +0.00732437
Axis:        +0
Padm:        [+0.0324802, +0.051428, +0]

NS-Mb:       +1.55255[+1.55255]
NS-Madm_ql:  +1.37982[+1.4]
NS-R:        +6.33309 +6.33309
NS-S:        +9.27025e-15
NS-Chi:      +4.72972e-15[+0]
NS-qlChi:    +4.86908e-15
NS-Omega:    +0.000143063

BH-Mirr:     +1.4[+1.4]
BH-Mch:      +1.4[+1.4]
BH-R:        +1.14652
BH-S:        -0.000176896
BH-Chi:      -9.02528e-05[+0]
BH-Omega:    +0.00679051
=======================================
Error init = 1.9112e-10, Eq: integvolume(intMb) = Mb1 Dom: 0 Bounday: -1
=======================================
Iter:        +5
Error:       +1.9112e-10
Omega:       +0.00732437
Axis:        +0
Padm:        [+0.0324802, +0.051428, +0]

NS-Mb:       +1.55255[+1.55255]
NS-Madm_ql:  +1.37982[+1.4]
NS-R:        +6.33309 +6.33309
NS-S:        +9.27025e-15
NS-Chi:      +4.72972e-15[+0]
NS-qlChi:    +4.86908e-15
NS-Omega:    +0.000143063

BH-Mirr:     +1.4[+1.4]
BH-Mch:      +1.4[+1.4]
BH-R:        +1.14652
BH-S:        -0.000176896
BH-Chi:      -9.02528e-05[+0]
BH-Omega:    +0.00679051
=======================================
############################################
TOTAL_BC - Hydrostatic equilibrium stage
using von Neumann lapse condition on the BH
############################################
=======================================
Iter:        +0
Error:       +0
Omega:       +0.00732437
Axis:        +0
Padm:        [+0.0324802, +0.051428, +0]

NS-Mb:       +1.55255[+1.55255]
NS-Madm_ql:  +1.37982[+1.4]
NS-R:        +6.33309 +6.33309
NS-S:        +9.27025e-15
NS-Chi:      +4.72972e-15[+0]
NS-qlChi:    +4.86908e-15
NS-Omega:    +0.000143063

BH-Mirr:     +1.4[+1.4]
BH-Mch:      +1.4[+1.4]
BH-R:        +1.14652
BH-S:        -0.000176896
BH-Chi:      -9.02528e-05[+0]
BH-Omega:    +0.00679051
=======================================
Error init = 0.051428, Eq: integ(intPy) = 0 Dom: 11 Bounday: 1
DOF / rank = 48334 x 48334 / 144 = 1.62234e+07
Load and redistrib Jacobian: 923.354 / 917.936 / 925.985 seconds (avg/min/max)
Inverting the matrix: 317.381 seconds
Distributing solution: 0.0883905 seconds
=======================================
Iter:        +1
Error:       +0.051428
Omega:       +0.00684724
Axis:        -0.047494
Padm:        [-7.86539e-11, +8.26942e-10, +0]

NS-Mb:       +1.54276[+1.55255]
NS-Madm_ql:  +1.37672[+1.4]
NS-R:        +5.97921 +6.10681
NS-S:        -0.000878975
NS-Chi:      -0.000448457[+0]
NS-qlChi:    -0.00046375
NS-Omega:    +1.68685e-05

BH-Mirr:     +1.4[+1.4]
BH-Mch:      +1.4[+1.4]
BH-R:        +1.14741
BH-S:        -0.000163394
BH-Chi:      -8.33646e-05[+0]
BH-Omega:    +0.00634703
=======================================
Error init = 0.00979565, Eq: integvolume(intMb) = Mb1 Dom: 0 Bounday: -1
DOF / rank = 48334 x 48334 / 144 = 1.62234e+07
Load and redistrib Jacobian: 926.836 / 921.905 / 929.44 seconds (avg/min/max)
Inverting the matrix: 311.277 seconds
Distributing solution: 0.0885442 seconds
=======================================
Iter:        +2
Error:       +0.00979565
Omega:       +0.00682371
Axis:        -0.0506975
Padm:        [+6.27376e-12, -3.28795e-12, +0]

NS-Mb:       +1.5526[+1.55255]
NS-Madm_ql:  +1.37806[+1.4]
NS-R:        +6.00518 +6.12191
NS-S:        +1.54895e-05
NS-Chi:      +7.90281e-06[+0]
NS-qlChi:    +8.15646e-06
NS-Omega:    +2.284e-05

BH-Mirr:     +1.4[+1.4]
BH-Mch:      +1.4[+1.4]
BH-R:        +1.14741
BH-S:        -0.000163575
BH-Chi:      -8.34568e-05[+0]
BH-Omega:    +0.00632512
=======================================
Error init = 5.04693e-05, Eq: integvolume(intMb) = Mb1 Dom: 0 Bounday: -1
DOF / rank = 48334 x 48334 / 144 = 1.62234e+07
Load and redistrib Jacobian: 927.166 / 922.166 / 929.76 seconds (avg/min/max)
Inverting the matrix: 303.783 seconds
Distributing solution: 0.0877567 seconds
=======================================
Iter:        +3
Error:       +5.04693e-05
Omega:       +0.00682427
Axis:        -0.050903
Padm:        [+2.80001e-11, -3.44202e-10, +0]

NS-Mb:       +1.55713[+1.55255]
NS-Madm_ql:  +1.37941[+1.4]
NS-R:        +5.80597 +6.22628
NS-S:        +0.000289979
NS-Chi:      +0.000147949[+0]
NS-qlChi:    +0.000152398
NS-Omega:    +6.0514e-05

BH-Mirr:     +1.4[+1.4]
BH-Mch:      +1.4[+1.4]
BH-R:        +1.1474
BH-S:        -0.000164424
BH-Chi:      -8.38897e-05[+0]
BH-Omega:    +0.00632563
=======================================
Error init = 0.00457988, Eq: integvolume(intMb) = Mb1 Dom: 0 Bounday: -1
DOF / rank = 48334 x 48334 / 144 = 1.62234e+07
Load and redistrib Jacobian: 926.069 / 920.947 / 928.684 seconds (avg/min/max)
Inverting the matrix: 302.066 seconds
Distributing solution: 0.0882804 seconds
=======================================
Iter:        +4
Error:       +0.00457988
Omega:       +0.00682466
Axis:        -0.0555614
Padm:        [+1.26757e-12, -3.8727e-12, +0]

NS-Mb:       +1.5526[+1.55255]
NS-Madm_ql:  +1.37795[+1.4]
NS-R:        +5.78583 +6.24728
NS-S:        +2.68787e-06
NS-Chi:      +1.37136e-06[+0]
NS-qlChi:    +1.41561e-06
NS-Omega:    +5.07876e-05

BH-Mirr:     +1.4[+1.4]
BH-Mch:      +1.4[+1.4]
BH-R:        +1.14741
BH-S:        -0.000163586
BH-Chi:      -8.34622e-05[+0]
BH-Omega:    +0.00632615
=======================================
Error init = 5.19304e-05, Eq: integvolume(intMb) = Mb1 Dom: 0 Bounday: -1
DOF / rank = 48334 x 48334 / 144 = 1.62234e+07
Load and redistrib Jacobian: 923.662 / 918.638 / 926.23 seconds (avg/min/max)
Inverting the matrix: 306.801 seconds
Distributing solution: 0.0885607 seconds
=======================================
Iter:        +5
Error:       +5.19304e-05
Omega:       +0.00682472
Axis:        -0.0561502
Padm:        [-2.89178e-13, -1.34559e-12, +0]

NS-Mb:       +1.55257[+1.55255]
NS-Madm_ql:  +1.37794[+1.4]
NS-R:        +5.77266 +6.26064
NS-S:        +1.04953e-06
NS-Chi:      +5.35473e-07[+0]
NS-qlChi:    +5.52757e-07
NS-Omega:    +5.14352e-05

BH-Mirr:     +1.4[+1.4]
BH-Mch:      +1.4[+1.4]
BH-R:        +1.14741
BH-S:        -0.000163576
BH-Chi:      -8.34573e-05[+0]
BH-Omega:    +0.00632623
=======================================
Error init = 1.736e-05, Eq: integvolume(intMb) = Mb1 Dom: 0 Bounday: -1
DOF / rank = 48334 x 48334 / 144 = 1.62234e+07
Load and redistrib Jacobian: 930.663 / 925.856 / 933.128 seconds (avg/min/max)
Inverting the matrix: 305.288 seconds
Distributing solution: 0.0868901 seconds
=======================================
Iter:        +6
Error:       +1.736e-05
Omega:       +0.00682474
Axis:        -0.0563295
Padm:        [+1.321e-14, -1.27789e-13, +0]

NS-Mb:       +1.55255[+1.55255]
NS-Madm_ql:  +1.37793[+1.4]
NS-R:        +5.77029 +6.26307
NS-S:        +3.44401e-08
NS-Chi:      +1.75715e-08[+0]
NS-qlChi:    +1.81388e-08
NS-Omega:    +5.15032e-05

BH-Mirr:     +1.4[+1.4]
BH-Mch:      +1.4[+1.4]
BH-R:        +1.14741
BH-S:        -0.000163572
BH-Chi:      -8.34551e-05[+0]
BH-Omega:    +0.00632625
=======================================
Error init = 1.057e-06, Eq: eqphi = 0 Dom: 0 Bounday: -1
DOF / rank = 48334 x 48334 / 144 = 1.62234e+07
Load and redistrib Jacobian: 931.572 / 926.597 / 934.129 seconds (avg/min/max)
Inverting the matrix: 306.478 seconds
Distributing solution: 0.0879155 seconds
=======================================
Iter:        +7
Error:       +1.057e-06
Omega:       +0.00682474
Axis:        -0.0563639
Padm:        [-2.51059e-14, -2.28158e-14, +0]

NS-Mb:       +1.55255[+1.55255]
NS-Madm_ql:  +1.37793[+1.4]
NS-R:        +5.7698 +6.26357
NS-S:        +1.48198e-09
NS-Chi:      +7.56112e-10[+0]
NS-qlChi:    +7.80524e-10
NS-Omega:    +5.15247e-05

BH-Mirr:     +1.4[+1.4]
BH-Mch:      +1.4[+1.4]
BH-R:        +1.14741
BH-S:        -0.000163572
BH-Chi:      -8.3455e-05[+0]
BH-Omega:    +0.00632625
=======================================
Error init = 5.64843e-07, Eq: eqphi = 0 Dom: 0 Bounday: -1
DOF / rank = 48334 x 48334 / 144 = 1.62234e+07
Load and redistrib Jacobian: 931.178 / 926.338 / 933.776 seconds (avg/min/max)
Inverting the matrix: 311.858 seconds
Distributing solution: 0.0877854 seconds
=======================================
Iter:        +8
Error:       +5.64843e-07
Omega:       +0.00682474
Axis:        -0.0563705
Padm:        [+1.94696e-14, -2.39972e-14, +0]

NS-Mb:       +1.55255[+1.55255]
NS-Madm_ql:  +1.37793[+1.4]
NS-R:        +5.76969 +6.26368
NS-S:        +6.83317e-11
NS-Chi:      +3.48631e-11[+0]
NS-qlChi:    +3.59887e-11
NS-Omega:    +5.15294e-05

BH-Mirr:     +1.4[+1.4]
BH-Mch:      +1.4[+1.4]
BH-R:        +1.14741
BH-S:        -0.000163572
BH-Chi:      -8.34549e-05[+0]
BH-Omega:    +0.00632625
=======================================
Error init = 4.74636e-08, Eq: eqphi = 0 Dom: 0 Bounday: -1
DOF / rank = 48334 x 48334 / 144 = 1.62234e+07
Load and redistrib Jacobian: 931.526 / 926.294 / 934.111 seconds (avg/min/max)
Inverting the matrix: 303.102 seconds
Distributing solution: 0.0868034 seconds
=======================================
Iter:        +9
Error:       +4.74636e-08
Omega:       +0.00682474
Axis:        -0.0563717
Padm:        [+1.73369e-14, +9.22608e-14, +0]

NS-Mb:       +1.55255[+1.55255]
NS-Madm_ql:  +1.37793[+1.4]
NS-R:        +5.76967 +6.2637
NS-S:        +2.59293e-12
NS-Chi:      +1.32292e-12[+0]
NS-qlChi:    +1.36564e-12
NS-Omega:    +5.15301e-05

BH-Mirr:     +1.4[+1.4]
BH-Mch:      +1.4[+1.4]
BH-R:        +1.14741
BH-S:        -0.000163572
BH-Chi:      -8.34549e-05[+0]
BH-Omega:    +0.00632625
=======================================
Error init = 9.10273e-09, Eq: eqphi = 0 Dom: 0 Bounday: -1
=======================================
Iter:        +10
Error:       +9.10273e-09
Omega:       +0.00682474
Axis:        -0.0563717
Padm:        [+1.73369e-14, +9.22608e-14, +0]

NS-Mb:       +1.55255[+1.55255]
NS-Madm_ql:  +1.37793[+1.4]
NS-R:        +5.76967 +6.2637
NS-S:        +2.59293e-12
NS-Chi:      +1.32292e-12[+0]
NS-qlChi:    +1.36564e-12
NS-Omega:    +5.15301e-05

BH-Mirr:     +1.4[+1.4]
BH-Mch:      +1.4[+1.4]
BH-R:        +1.14741
BH-S:        -0.000163572
BH-Chi:      -8.34549e-05[+0]
BH-Omega:    +0.00632625
=======================================
############################
Eccentricity reduction step with fixed omega, chi = 0,0 and q = 1
############################
### Using PN estimate for adot and omega! ###
=======================================
Iter:        +0
Error:       +0
Omega:       +0.00732437
Axis:        -0.0563717
Padm:        [+1.73369e-14, +9.22608e-14, +0]

NS-Mb:       +1.55255[+1.55255]
NS-Madm_ql:  +1.37793[+1.4]
NS-R:        +5.76967 +6.2637
NS-S:        +2.59293e-12
NS-Chi:      +1.32292e-12[+0]
NS-qlChi:    +1.36564e-12
NS-Omega:    +5.15301e-05

BH-Mirr:     +1.4[+1.4]
BH-Mch:      +1.4[+1.4]
BH-R:        +1.14741
BH-S:        -0.000163572
BH-Chi:      -8.34549e-05[+0]
BH-Omega:    +0.00632625
=======================================
Error init = 0.00872021, Eq: B^i = N / P^2 * sp^i + s^i Dom: 5 Bounday: 2
DOF / rank = 41259 x 41259 / 144 = 1.18216e+07
Load and redistrib Jacobian: 936.92 / 933.551 / 938.768 seconds (avg/min/max)
Inverting the matrix: 217.701 seconds
Distributing solution: 0.0871093 seconds
=======================================
Iter:        +1
Error:       +0.00872021
Omega:       +0.00732437
Axis:        -0.053715
Padm:        [+5.67029e-11, +8.71701e-13, +0]

NS-Mb:       +1.55258[+1.55255]
NS-Madm_ql:  +1.37885[+1.4]
NS-R:        +5.76967 +6.2637
NS-S:        -3.80435e-06
NS-Chi:      -1.94099e-06[+0]
NS-qlChi:    -2.001e-06
NS-Omega:    +4.54935e-05

BH-Mirr:     +1.4[+1.4]
BH-Mch:      +1.4[+1.4]
BH-R:        +1.14673
BH-S:        -0.000179134
BH-Chi:      -9.13949e-05[+0]
BH-Omega:    +0.00678801
=======================================
Error init = 3.27543e-05, Eq: integvolume(intMb) = Mb1 Dom: 0 Bounday: -1
DOF / rank = 41259 x 41259 / 144 = 1.18216e+07
Load and redistrib Jacobian: 936.046 / 932.286 / 937.716 seconds (avg/min/max)
Inverting the matrix: 212.094 seconds
Distributing solution: 0.0879125 seconds
=======================================
Iter:        +2
Error:       +3.27543e-05
Omega:       +0.00732437
Axis:        -0.0572664
Padm:        [-1.34795e-14, -3.02537e-14, +0]

NS-Mb:       +1.55255[+1.55255]
NS-Madm_ql:  +1.37888[+1.4]
NS-R:        +5.76967 +6.2637
NS-S:        +5.36172e-10
NS-Chi:      +2.73557e-10[+0]
NS-qlChi:    +2.82e-10
NS-Omega:    +4.55465e-05

BH-Mirr:     +1.4[+1.4]
BH-Mch:      +1.4[+1.4]
BH-R:        +1.1467
BH-S:        -0.000176089
BH-Chi:      -8.98414e-05[+0]
BH-Omega:    +0.0067883
=======================================
Error init = 1.45165e-07, Eq: eqphi = 0 Dom: 1 Bounday: -1
DOF / rank = 41259 x 41259 / 144 = 1.18216e+07
Load and redistrib Jacobian: 937.421 / 934.089 / 939.232 seconds (avg/min/max)
Inverting the matrix: 210.426 seconds
Distributing solution: 0.0857431 seconds
=======================================
Iter:        +3
Error:       +1.45165e-07
Omega:       +0.00732437
Axis:        -0.0572722
Padm:        [-3.8106e-14, +3.44313e-15, +0]

NS-Mb:       +1.55255[+1.55255]
NS-Madm_ql:  +1.37888[+1.4]
NS-R:        +5.76967 +6.2637
NS-S:        -2.4432e-15
NS-Chi:      -1.24653e-15[+0]
NS-qlChi:    -1.285e-15
NS-Omega:    +4.55465e-05

BH-Mirr:     +1.4[+1.4]
BH-Mch:      +1.4[+1.4]
BH-R:        +1.1467
BH-S:        -0.000176089
BH-Chi:      -8.98415e-05[+0]
BH-Omega:    +0.0067883
=======================================
Error init = 1.87413e-10, Eq: eqphi = 0 Dom: 1 Bounday: -1
=======================================
Iter:        +4
Error:       +1.87413e-10
Omega:       +0.00732437
Axis:        -0.0572722
Padm:        [-3.8106e-14, +3.44313e-15, +0]

NS-Mb:       +1.55255[+1.55255]
NS-Madm_ql:  +1.37888[+1.4]
NS-R:        +5.76967 +6.2637
NS-S:        -2.4432e-15
NS-Chi:      -1.24653e-15[+0]
NS-qlChi:    -1.285e-15
NS-Omega:    +4.55465e-05

BH-Mirr:     +1.4[+1.4]
BH-Mch:      +1.4[+1.4]
BH-R:        +1.1467
BH-S:        -0.000176089
BH-Chi:      -8.98415e-05[+0]
BH-Omega:    +0.0067883
=======================================
