No dat file associated with : ./initial_bhns_d35.info
Creating a setup based on config file...
Solutions will be stored in: /home/la34cit/fuka//COs/
Directory will be created if it doesn't exist.
0.0013075, 0.001355
Config File: /home/la34cit/fuka//COs/initns.info
Fields File: /home/la34cit/fuka//COs/initns.dat
*****************ns info*****************
                 chi: 0
                 dim: 3
                  hc: 1.00938
                madm: 1.4
                  mb: 1.62815
      n_inner_shells: 0
                  nc: 0.00133125
             nshells: 0
               omega: 0
             ql_madm: 1.4
                qpig: 12.5664
                 res: 9
                 rin: 3.03469
                rmid: 6.06938
                rout: 12.1388
             eosfile: togashi.lorene
             eostype: Cold_Table
               h_cut: 0
   interpolation_pts: 2000

Last stage: binary_boost
Current: /home/la34cit/fuka//COs/initns.info
Solved previously: /home/la34cit/fuka//COs/converged_NS_NOROT_BC.togashi.1.4.0.0.09.info
Config File: /home/la34cit/fuka//COs/converged_NS_NOROT_BC.togashi.1.4.0.0.09.info
Fields File: /home/la34cit/fuka//COs/converged_NS_NOROT_BC.togashi.1.4.0.0.09.dat
*****************ns info*****************
                 chi: 0
                 dim: 3
                  hc: 1.26077
                madm: 1.4
                  mb: 1.55255
      n_inner_shells: 0
                  nc: 0.00137405
             nshells: 0
               omega: 0
             ql_madm: 1.4
                qpig: 12.5664
                 res: 9
                 rin: 3.03469
                rmid: 6.06938
                rout: 12.1388
             eosfile: togashi.lorene
             eostype: Cold_Table
               h_cut: 0
   interpolation_pts: 2000

Last stage: binary_boost
Solved previously: /home/la34cit/fuka//COs/converged_NS_TOTAL_BC.togashi.1.4.0.0.09.info
Config File: /home/la34cit/fuka//COs/converged_NS_TOTAL_BC.togashi.1.4.0.0.09.info
Fields File: /home/la34cit/fuka//COs/converged_NS_TOTAL_BC.togashi.1.4.0.0.09.dat
*****************ns info*****************
                 chi: 0
                 dim: 3
                  hc: 1.26077
                madm: 1.4
                  mb: 1.55255
      n_inner_shells: 0
                  nc: 0.00137405
             nshells: 0
               omega: 0
             ql_madm: 1.4
                qpig: 12.5664
                 res: 9
                 rin: 3.03469
                rmid: 6.06938
                rout: 12.1388
             eosfile: togashi.lorene
             eostype: Cold_Table
               h_cut: 0
   interpolation_pts: 2000

Last stage: binary_boost
Solved previously: /home/la34cit/fuka//COs/converged_NS_TOTAL_BC.togashi.1.4.0.0.09.info
Resolution of old space: 9 (r), 9 (theta), 8 (phi)
Rmin/max: 6.33309 6.33309
Resolution of new space: 11 (r), 11 (theta), 10 (phi)
New bounds: : 3.16655 6.33309 9.49964 
Config File: /home/la34cit/fuka//COs/initns.info
Fields File: /home/la34cit/fuka//COs/initns.dat
*****************ns info*****************
                 chi: 0
                 dim: 3
                  hc: 1.26077
                madm: 1.4
                  mb: 1.55255
      n_inner_shells: 0
                  nc: 0.00137405
             nshells: 0
               omega: 0
             ql_madm: 1.4
                qpig: 12.5664
                 res: 11
                 rin: 3.16655
                rmid: 6.33309
                rout: 9.49964
             eosfile: togashi.lorene
             eostype: Cold_Table
               h_cut: 0
   interpolation_pts: 2000

Last stage: binary_boost
Solved previously: /home/la34cit/fuka//COs/converged_NS_TOTAL_BC.togashi.1.4.0.0.11.info
Config File: /home/la34cit/fuka//COs/converged_NS_TOTAL_BC.togashi.1.4.0.0.11.info
Fields File: /home/la34cit/fuka//COs/converged_NS_TOTAL_BC.togashi.1.4.0.0.11.dat
*****************ns info*****************
                 chi: 0
                 dim: 3
                  hc: 1.25783
                madm: 1.4
                  mb: 1.55226
      n_inner_shells: 0
                  nc: 0.00136693
             nshells: 0
               omega: 0
             ql_madm: 1.4
                qpig: 12.5664
                 res: 11
                 rin: 3.16655
                rmid: 6.33309
                rout: 9.49964
             eosfile: togashi.lorene
             eostype: Cold_Table
               h_cut: 0
   interpolation_pts: 2000

Last stage: binary_boost
Solved previously: /home/la34cit/fuka//COs/converged_NS_TOTAL_BC.togashi.1.4.0.0.11.info
Config File: /home/la34cit/fuka//COs/converged_NS_TOTAL_BC.togashi.1.4.0.0.11.info
Fields File: /home/la34cit/fuka//COs/converged_NS_TOTAL_BC.togashi.1.4.0.0.11.dat
*****************ns info*****************
                 chi: 0
                 dim: 3
                  hc: 1.25783
                madm: 1.4
                  mb: 1.55226
      n_inner_shells: 0
                  nc: 0.00136693
             nshells: 0
               omega: 0
             ql_madm: 1.4
                qpig: 12.5664
                 res: 11
                 rin: 3.16655
                rmid: 6.33309
                rout: 9.49964
             eosfile: togashi.lorene
             eostype: Cold_Table
               h_cut: 0
   interpolation_pts: 2000

############################
Binary boosted NS
############################
=======================================
Iter:        +0
Error:       +0
Mb:          +1.55226
Madm:        +1.4
Madm_ql:     +1.4 [+1.36399e-13]
Mk:          +1.39852 [+0.00105786]
R:           +6.32656 +6.32656
Jadm:        +0
Chi:         +0 [+0]
Omega:       +0
=======================================

Error init = 0.000462923, Eq: eqNP= 0 Dom: 0 Bounday: -1
DOF / rank = 24690 x 24690 / 420 = 1.45142e+06
Block size is 32, consider lowering the number of cores.
Load and redistrib Jacobian: 82.9414 / 82.0109 / 83.3779 seconds (avg/min/max)
Inverting the matrix: 193.358 seconds
Distributing solution: 0.0989483 seconds
=======================================
Iter:        +1
Error:       +0.000462923
Mb:          +1.55226
Madm:        +1.4
Madm_ql:     +1.4 [+1.36399e-13]
Mk:          +1.39852 [+0.00105786]
R:           +6.32656 +6.32656
Jadm:        +0
Chi:         +0 [+0]
Omega:       -2.50901e-26
=======================================

Error init = 1.18117e-11, Eq: integvolume(intMb) = Mb Dom: 0 Bounday: -1
=======================================
Iter:        +2
Error:       +1.18117e-11
Mb:          +1.55226
Madm:        +1.4
Madm_ql:     +1.4 [+3.77952e-13]
Mk:          +1.45105 [+0.0364634]
R:           +6.32656 +6.32656
Jadm:        -3.22442e-25
Chi:         -1.64511e-25 [+0]
Omega:       -2.50901e-26
=======================================

Solutions will be stored in: /home/la34cit/fuka//COs/
Directory will be created if it doesn't exist.
Config File: /home/la34cit/fuka//COs/initbh.info
Fields File: /home/la34cit/fuka//COs/initbh.dat
*****************bh info*****************
                 chi: 0
                 dim: 3
         fixed_lapse: 0.3
                 mch: 2.8
             nshells: 0
               omega: 0
                qpig: 12.5664
                 res: 9
                 rin: 1.16545
                rmid: 2.33091
                rout: 9.32362
                velx: 0
                vely: 0

Config File: /home/la34cit/fuka//COs/converged_BH_TOTAL_BC.2.8.0.0.09.info
Fields File: /home/la34cit/fuka//COs/converged_BH_TOTAL_BC.2.8.0.0.09.dat
*****************bh info*****************
                 chi: 0
                 dim: 3
         fixed_lapse: 0.434936
                 mch: 2.8
                mirr: 2.8
             nshells: 0
               omega: -3.6758e-18
                qpig: 12.5664
                 res: 9
                 rin: 1.16545
                rmid: 2.40671
                rout: 9.32362
                velx: 0
                vely: 0

Solved previously: /home/la34cit/fuka//COs/converged_BH_TOTAL_BC.2.8.0.0.09.info
############################
Binary boost using von Neumann BC
############################
=======================================
Iter:        +1
Error:       +0
Madm:        +2.80049
Mk:          +2.78496 [+0.00554512]
Mirr:        +2.8
R:           +2.40671
Omega:       -3.6758e-18
S:           +5.36245e-16
Mch:         +2.8
Chi:         +6.83986e-17
=======================================

Error init = 0.0231842, Eq: B^i = N / P^2 * sm^i + ome * mg^i Dom: 2 Bounday: 2
DOF / rank = 10611 x 10611 / 420 = 268079
Block size is 16, consider lowering the number of cores.
Load and redistrib Jacobian: 16.2069 / 16.0985 / 16.3805 seconds (avg/min/max)
Inverting the matrix: 50.6064 seconds
Distributing solution: 0.0541996 seconds
=======================================
Iter:        +1
Error:       +0.0231842
Madm:        +2.80049
Mk:          +2.78496 [+0.00554512]
Mirr:        +2.8
R:           +2.40671
Omega:       +0.00963313
S:           +5.36245e-16
Mch:         +2.8
Chi:         +6.83986e-17
=======================================

Error init = 1.26579e-13, Eq: B^i = N / P^2 * sm^i + ome * mg^i Dom: 2 Bounday: 2
=======================================
Iter:        +2
Error:       +1.26579e-13
Madm:        +2.80049
Mk:          +2.78496 [+0.00554512]
Mirr:        +2.8
R:           +2.40671
Omega:       +0.00963313
S:           -1.13397e-15
Mch:         +2.8
Chi:         -1.44639e-16
=======================================

/home/la34cit/fuka//COs/converged_NS_BIN_BOOST_32_0.00963313.togashi.1.4.0.0.11.info
/home/la34cit/fuka//COs/converged_BH_BIN_BOOST_32_0.00963313.2.8.0.0.09.info
NS-bounds: 3.16655 6.33309 9.49964 
BH-bounds: 1.16545 2.40671 9.49964 
outer-bounds: 64 
xc1: -16
xc2: 16
WeightNS: 16, WeightBH: 16
Config File: ./initbin.info
Fields File: ./initbin.dat
***************binary info***************
                 com: -5.33333
                comy: 0
            distance: 32
           ecc_omega: 0.00963313
        global_omega: 0.00963313
        outer_shells: 0
                   q: 0.5
                qpig: 12.5664
                 res: 9
                rext: 64
*****************ns info*****************
                 chi: 0
         decay_limit: 16
                 dim: 3
                  hc: 1.25783
                madm: 1.4
                  mb: 1.55226
      n_inner_shells: 0
                  nc: 0.00136693
             nshells: 0
               omega: -2.50901e-26
             ql_madm: 1.4
                qpig: 12.5664
                 res: 11
                 rin: 3.16655
                rmid: 6.33309
                rout: 9.49964
             eosfile: togashi.lorene
             eostype: Cold_Table
               h_cut: 0
   interpolation_pts: 2000
*****************bh info*****************
                 chi: 0
         decay_limit: 16
                 dim: 3
         fixed_lapse: 0.434936
                 mch: 2.8
                mirr: 2.8
             nshells: 0
               omega: 0.00963313
                qpig: 12.5664
                 res: 9
                 rin: 1.16545
                rmid: 2.40671
                rout: 9.49964
                velx: 0
                vely: 0

=================================
BHNS grav input
Distance: 32
Omega guess: 0.00963313
Units: 12.5664
=================================
############################
Hydro Rescaling stage using fixed omega, chi = 0,0 and q = 0.5
############################
=======================================
Iter:        +0
Error:       +0
Omega:       +0.00963313
Axis:        -5.33333
Padm:        [+0, +0, +0]

NS-Mb:       +1.52563[+1.55226]
NS-Madm_ql:  +1.49691[+1.4]
NS-R:        +6.32656 +6.32656
NS-S:        +2.36324e-15
NS-Chi:      +1.20573e-15[+0]
NS-qlChi:    +1.05468e-15
NS-Omega:    -2.50901e-26

BH-Mirr:     +2.79901[+2.8]
BH-Mch:      +2.79901[+2.8]
BH-R:        +2.40671
BH-S:        -7.49165e-16
BH-Chi:      -9.56242e-17[+0]
BH-Omega:    +0.00963313
=======================================
Error init = 0.102753, Eq: B^i = N / P^2 * sp^i + s^i Dom: 5 Bounday: 2
DOF / rank = 41257 x 41257 / 420 = 4.05271e+06
Load and redistrib Jacobian: 250.759 / 249.346 / 251.647 seconds (avg/min/max)
Inverting the matrix: 194.113 seconds
Distributing solution: 0.135953 seconds
=======================================
Iter:        +1
Error:       +0.102753
Omega:       +0.00963313
Axis:        -5.33333
Padm:        [+0.00773989, +0.511115, +0]

NS-Mb:       +1.49395[+1.55226]
NS-Madm_ql:  +1.38816[+1.4]
NS-R:        +6.32656 +6.32656
NS-S:        -0.106856
NS-Chi:      -0.0545185[+0]
NS-qlChi:    -0.0554526
NS-Omega:    +6.04953e-07

BH-Mirr:     +2.79681[+2.8]
BH-Mch:      +2.79682[+2.8]
BH-R:        +2.31363
BH-S:        -0.0424551
BH-Chi:      -0.00542752[+0]
BH-Omega:    +0.00903221
=======================================
Error init = 0.0583152, Eq: integvolume(intMb) = Mb1 Dom: 0 Bounday: -1
DOF / rank = 41257 x 41257 / 420 = 4.05271e+06
Load and redistrib Jacobian: 253.2 / 251.79 / 254.061 seconds (avg/min/max)
Inverting the matrix: 181.73 seconds
Distributing solution: 0.131762 seconds
=======================================
Iter:        +2
Error:       +0.0583152
Omega:       +0.00963313
Axis:        -5.33333
Padm:        [+0.151674, +0.156878, +0]

NS-Mb:       +1.55394[+1.55226]
NS-Madm_ql:  +1.35924[+1.4]
NS-R:        +6.32656 +6.32656
NS-S:        +0.000386835
NS-Chi:      +0.000197365[+0]
NS-qlChi:    +0.000209379
NS-Omega:    +0.000479525

BH-Mirr:     +2.79987[+2.8]
BH-Mch:      +2.79987[+2.8]
BH-R:        +2.29633
BH-S:        +5.32759e-05
BH-Chi:      +6.79601e-06[+0]
BH-Omega:    +0.00883582
=======================================
Error init = 0.00167576, Eq: integvolume(intMb) = Mb1 Dom: 0 Bounday: -1
DOF / rank = 41257 x 41257 / 420 = 4.05271e+06
Load and redistrib Jacobian: 251.218 / 249.844 / 252.146 seconds (avg/min/max)
Inverting the matrix: 184.148 seconds
Distributing solution: 0.13109 seconds
=======================================
Iter:        +3
Error:       +0.00167576
Omega:       +0.00963313
Axis:        -5.33333
Padm:        [+0.147381, +0.0810482, +0]

NS-Mb:       +1.55223[+1.55226]
NS-Madm_ql:  +1.36887[+1.4]
NS-R:        +6.32656 +6.32656
NS-S:        -1.59861e-06
NS-Chi:      -8.15616e-07[+0]
NS-qlChi:    -8.53139e-07
NS-Omega:    +0.000546579

BH-Mirr:     +2.8[+2.8]
BH-Mch:      +2.8[+2.8]
BH-R:        +2.29512
BH-S:        -1.91728e-05
BH-Chi:      -2.44551e-06[+0]
BH-Omega:    +0.00882771
=======================================
Error init = 3.37696e-05, Eq: integvolume(intMb) = Mb1 Dom: 0 Bounday: -1
DOF / rank = 41257 x 41257 / 420 = 4.05271e+06
Load and redistrib Jacobian: 251.701 / 250.298 / 252.63 seconds (avg/min/max)
Inverting the matrix: 181.95 seconds
Distributing solution: 0.13441 seconds
=======================================
Iter:        +4
Error:       +3.37696e-05
Omega:       +0.00963313
Axis:        -5.33333
Padm:        [+0.147323, +0.0785647, +0]

NS-Mb:       +1.55226[+1.55226]
NS-Madm_ql:  +1.36906[+1.4]
NS-R:        +6.32656 +6.32656
NS-S:        +3.8449e-10
NS-Chi:      +1.96168e-10[+0]
NS-qlChi:    +2.05136e-10
NS-Omega:    +0.000548449

BH-Mirr:     +2.8[+2.8]
BH-Mch:      +2.8[+2.8]
BH-R:        +2.2951
BH-S:        -1.81439e-05
BH-Chi:      -2.31427e-06[+0]
BH-Omega:    +0.00882748
=======================================
Error init = 7.96703e-08, Eq: integvolume(intMb) = Mb1 Dom: 0 Bounday: -1
DOF / rank = 41257 x 41257 / 420 = 4.05271e+06
Load and redistrib Jacobian: 253.777 / 252.473 / 254.686 seconds (avg/min/max)
Inverting the matrix: 186.519 seconds
Distributing solution: 0.131451 seconds
=======================================
Iter:        +5
Error:       +7.96703e-08
Omega:       +0.00963313
Axis:        -5.33333
Padm:        [+0.147323, +0.0785652, +0]

NS-Mb:       +1.55226[+1.55226]
NS-Madm_ql:  +1.36906[+1.4]
NS-R:        +6.32656 +6.32656
NS-S:        +9.53972e-15
NS-Chi:      +4.86721e-15[+0]
NS-qlChi:    +5.0897e-15
NS-Omega:    +0.000548449

BH-Mirr:     +2.8[+2.8]
BH-Mch:      +2.8[+2.8]
BH-R:        +2.2951
BH-S:        -1.81434e-05
BH-Chi:      -2.31421e-06[+0]
BH-Omega:    +0.00882748
=======================================
Error init = 6.12468e-11, Eq: integvolume(intMb) = Mb1 Dom: 0 Bounday: -1
=======================================
Iter:        +6
Error:       +6.12468e-11
Omega:       +0.00963313
Axis:        -5.33333
Padm:        [+0.147323, +0.0785652, +0]

NS-Mb:       +1.55226[+1.55226]
NS-Madm_ql:  +1.36906[+1.4]
NS-R:        +6.32656 +6.32656
NS-S:        +9.53972e-15
NS-Chi:      +4.86721e-15[+0]
NS-qlChi:    +5.0897e-15
NS-Omega:    +0.000548449

BH-Mirr:     +2.8[+2.8]
BH-Mch:      +2.8[+2.8]
BH-R:        +2.2951
BH-S:        -1.81434e-05
BH-Chi:      -2.31421e-06[+0]
BH-Omega:    +0.00882748
=======================================
############################################
TOTAL_BC - Hydrostatic equilibrium stage
using von Neumann lapse condition on the BH
############################################
=======================================
Iter:        +0
Error:       +0
Omega:       +0.00963313
Axis:        -5.33333
Padm:        [+0.147323, +0.0785652, +0]

NS-Mb:       +1.55226[+1.55226]
NS-Madm_ql:  +1.36906[+1.4]
NS-R:        +6.32656 +6.32656
NS-S:        +9.53972e-15
NS-Chi:      +4.86721e-15[+0]
NS-qlChi:    +5.0897e-15
NS-Omega:    +0.000548449

BH-Mirr:     +2.8[+2.8]
BH-Mch:      +2.8[+2.8]
BH-R:        +2.2951
BH-S:        -1.81434e-05
BH-Chi:      -2.31421e-06[+0]
BH-Omega:    +0.00882748
=======================================
Error init = 0.147323, Eq: integ(intPx) = 0 Dom: 11 Bounday: 1
DOF / rank = 48334 x 48334 / 420 = 5.56232e+06
Load and redistrib Jacobian: 253.381 / 251.802 / 254.487 seconds (avg/min/max)
Inverting the matrix: 244.072 seconds
Distributing solution: 0.142274 seconds
=======================================
Iter:        +1
Error:       +0.147323
Omega:       +0.0095166
Axis:        -5.35939
Padm:        [-3.26292e-10, -1.70866e-10, +0]

NS-Mb:       +1.5002[+1.55226]
NS-Madm_ql:  +1.35699[+1.4]
NS-R:        +5.47167 +5.8566
NS-S:        -0.000106962
NS-Chi:      -5.45724e-05[+0]
NS-qlChi:    -5.80868e-05
NS-Omega:    +8.25752e-05

BH-Mirr:     +2.8[+2.8]
BH-Mch:      +2.8[+2.8]
BH-R:        +2.29582
BH-S:        -1.67884e-05
BH-Chi:      -2.14138e-06[+0]
BH-Omega:    +0.008717
=======================================
Error init = 0.0520674, Eq: integvolume(intMb) = Mb1 Dom: 0 Bounday: -1
DOF / rank = 48334 x 48334 / 420 = 5.56232e+06
Load and redistrib Jacobian: 257.217 / 255.368 / 258.387 seconds (avg/min/max)
Inverting the matrix: 249.24 seconds
Distributing solution: 0.142085 seconds
=======================================
Iter:        +2
Error:       +0.0520674
Omega:       +0.00952432
Axis:        -5.34765
Padm:        [-4.97209e-13, +1.15211e-11, +0]

NS-Mb:       +1.55291[+1.55226]
NS-Madm_ql:  +1.36674[+1.4]
NS-R:        +5.61331 +5.91903
NS-S:        -3.95422e-06
NS-Chi:      -2.01746e-06[+0]
NS-qlChi:    -2.11685e-06
NS-Omega:    +8.75432e-05

BH-Mirr:     +2.8[+2.8]
BH-Mch:      +2.8[+2.8]
BH-R:        +2.29573
BH-S:        -1.80651e-05
BH-Chi:      -2.30423e-06[+0]
BH-Omega:    +0.0087227
=======================================
Error init = 0.000640783, Eq: integvolume(intMb) = Mb1 Dom: 0 Bounday: -1
DOF / rank = 48334 x 48334 / 420 = 5.56232e+06
Load and redistrib Jacobian: 246.956 / 245.264 / 248.149 seconds (avg/min/max)
Inverting the matrix: 242.055 seconds
Distributing solution: 0.14343 seconds
=======================================
Iter:        +3
Error:       +0.000640783
Omega:       +0.00953031
Axis:        -5.34019
Padm:        [+2.01297e-12, +2.78558e-11, +0]

NS-Mb:       +1.55227[+1.55226]
NS-Madm_ql:  +1.36433[+1.4]
NS-R:        +5.61285 +5.91926
NS-S:        +5.40843e-07
NS-Chi:      +2.7594e-07[+0]
NS-qlChi:    +2.90558e-07
NS-Omega:    +0.000101931

BH-Mirr:     +2.8[+2.8]
BH-Mch:      +2.8[+2.8]
BH-R:        +2.29552
BH-S:        -1.81217e-05
BH-Chi:      -2.31144e-06[+0]
BH-Omega:    +0.00872723
=======================================
Error init = 7.89621e-06, Eq: integvolume(intMb) = Mb1 Dom: 0 Bounday: -1
DOF / rank = 48334 x 48334 / 420 = 5.56232e+06
Load and redistrib Jacobian: 254.195 / 252.304 / 255.445 seconds (avg/min/max)
Inverting the matrix: 244.07 seconds
Distributing solution: 0.141967 seconds
=======================================
Iter:        +4
Error:       +7.89621e-06
Omega:       +0.00953028
Axis:        -5.34023
Padm:        [-2.57252e-14, -7.10884e-15, +0]

NS-Mb:       +1.55226[+1.55226]
NS-Madm_ql:  +1.36432[+1.4]
NS-R:        +5.6124 +5.91927
NS-S:        +2.54735e-09
NS-Chi:      +1.29967e-09[+0]
NS-qlChi:    +1.36854e-09
NS-Omega:    +0.000101463

BH-Mirr:     +2.8[+2.8]
BH-Mch:      +2.8[+2.8]
BH-R:        +2.29552
BH-S:        -1.80146e-05
BH-Chi:      -2.29778e-06[+0]
BH-Omega:    +0.00872722
=======================================
Error init = 8.31187e-08, Eq: eqphi = 0 Dom: 0 Bounday: -1
DOF / rank = 48334 x 48334 / 420 = 5.56232e+06
Load and redistrib Jacobian: 253.325 / 251.431 / 254.526 seconds (avg/min/max)
Inverting the matrix: 241.526 seconds
Distributing solution: 0.144193 seconds
=======================================
Iter:        +5
Error:       +8.31187e-08
Omega:       +0.00953028
Axis:        -5.34023
Padm:        [-6.46207e-14, +2.08333e-14, +0]

NS-Mb:       +1.55226[+1.55226]
NS-Madm_ql:  +1.36432[+1.4]
NS-R:        +5.61242 +5.91927
NS-S:        +4.13821e-12
NS-Chi:      +2.11133e-12[+0]
NS-qlChi:    +2.22322e-12
NS-Omega:    +0.000101478

BH-Mirr:     +2.8[+2.8]
BH-Mch:      +2.8[+2.8]
BH-R:        +2.29552
BH-S:        -1.80146e-05
BH-Chi:      -2.29778e-06[+0]
BH-Omega:    +0.00872722
=======================================
Error init = 2.79277e-09, Eq: eqphi = 0 Dom: 0 Bounday: -1
=======================================
Iter:        +6
Error:       +2.79277e-09
Omega:       +0.00953028
Axis:        -5.34023
Padm:        [-6.46207e-14, +2.08333e-14, +0]

NS-Mb:       +1.55226[+1.55226]
NS-Madm_ql:  +1.36432[+1.4]
NS-R:        +5.61242 +5.91927
NS-S:        +4.13821e-12
NS-Chi:      +2.11133e-12[+0]
NS-qlChi:    +2.22322e-12
NS-Omega:    +0.000101478

BH-Mirr:     +2.8[+2.8]
BH-Mch:      +2.8[+2.8]
BH-R:        +2.29552
BH-S:        -1.80146e-05
BH-Chi:      -2.29778e-06[+0]
BH-Omega:    +0.00872722
=======================================
Resolution of old space: 9 (r), 9 (theta), 8 (phi)
Resolution of new space: 11 (r), 11 (theta), 10 (phi)
Rmin/max: 
5.61242 5.91927
Config File: ./bhns_regrid.info
Fields File: ./bhns_regrid.dat
***************binary info***************
                 com: -5.34023
                comy: -0.147798
            distance: 32
           ecc_omega: 0.00963313
        global_omega: 0.00953028
        outer_shells: 0
                   q: 0.5
                qpig: 12.5664
                 res: 11
                rext: 64
*****************ns info*****************
                 chi: 0
         decay_limit: 16
                 dim: 3
             fixed_r: 5.71045
                  hc: 1.25783
                madm: 1.4
                  mb: 1.55226
      n_inner_shells: 0
                  nc: 0.00136693
             nshells: 0
               omega: 0.000101478
             ql_madm: 1.36432
                qpig: 12.5664
                 res: 11
                 rin: 2.80621
                rmid: 5.61242
                rout: 9.27951
             eosfile: togashi.lorene
             eostype: Cold_Table
               h_cut: 0
   interpolation_pts: 2000
*****************bh info*****************
                 chi: 0
         decay_limit: 16
                 dim: 3
         fixed_lapse: 0.434936
             fixed_r: 2.29552
                 mch: 2.8
                mirr: 2.8
             nshells: 0
               omega: 0.00872722
                qpig: 12.5664
                 res: 9
                 rin: 1.15246
                rmid: 2.30493
                rout: 9.27951
                velx: 0
                vely: 0

=================================
BHNS grav input
Distance: 32
Omega guess: 0.00953028
Units: 12.5664
=================================
############################################
TOTAL_BC - Hydrostatic equilibrium stage
using von Neumann lapse condition on the BH
############################################
=======================================
Iter:        +0
Error:       +0
Omega:       +0.00953028
Axis:        -5.34023
Padm:        [-0.000122066, +2.60108e-05, +0]

NS-Mb:       +1.56405[+1.55226]
NS-Madm_ql:  +1.36413[+1.4]
NS-R:        +5.61635 +5.91927
NS-S:        +5.00708e-05
NS-Chi:      +2.55463e-05[+0]
NS-qlChi:    +2.69075e-05
NS-Omega:    +0.000101478

BH-Mirr:     +2.8[+2.8]
BH-Mch:      +2.8[+2.8]
BH-R:        +2.29552
BH-S:        -2.66498e-06
BH-Chi:      -3.39921e-07[+0]
BH-Omega:    +0.00872722
=======================================
Error init = 0.0117878, Eq: integvolume(intMb) = Mb1 Dom: 0 Bounday: -1
DOF / rank = 91768 x 91768 / 420 = 2.00509e+07
Load and redistrib Jacobian: 861.934 / 854.744 / 865.993 seconds (avg/min/max)
Inverting the matrix: 900.989 seconds
Distributing solution: 0.194918 seconds
=======================================
Iter:        +1
Error:       +0.0117878
Omega:       +0.0095501
Axis:        -5.34911
Padm:        [+3.04678e-08, +1.31088e-07, +0]

NS-Mb:       +1.55305[+1.55226]
NS-Madm_ql:  +1.3648[+1.4]
NS-R:        +5.52592 +5.91762
NS-S:        +0.000101616
NS-Chi:      +5.18449e-05[+0]
NS-qlChi:    +5.4554e-05
NS-Omega:    +2.865e-05

BH-Mirr:     +2.8[+2.8]
BH-Mch:      +2.8[+2.8]
BH-R:        +2.29542
BH-S:        -2.80511e-06
BH-Chi:      -3.57795e-07[+0]
BH-Omega:    +0.00874481
=======================================
Error init = 0.000782707, Eq: integvolume(intMb) = Mb1 Dom: 0 Bounday: -1
DOF / rank = 91768 x 91768 / 420 = 2.00509e+07
Load and redistrib Jacobian: 827.521 / 820.473 / 831.537 seconds (avg/min/max)
Inverting the matrix: 900.011 seconds
Distributing solution: 0.194402 seconds
=======================================
Iter:        +2
Error:       +0.000782707
Omega:       +0.00955053
Axis:        -5.34852
Padm:        [+1.69251e-11, -1.8608e-12, +0]

NS-Mb:       +1.5532[+1.55226]
NS-Madm_ql:  +1.36493[+1.4]
NS-R:        +5.6153 +5.91825
NS-S:        +0.00011716
NS-Chi:      +5.97754e-05[+0]
NS-qlChi:    +6.28866e-05
NS-Omega:    +0.000112867

BH-Mirr:     +2.8[+2.8]
BH-Mch:      +2.8[+2.8]
BH-R:        +2.29542
BH-S:        -3.50547e-06
BH-Chi:      -4.47127e-07[+0]
BH-Omega:    +0.00874519
=======================================
Error init = 0.00093869, Eq: integvolume(intMb) = Mb1 Dom: 0 Bounday: -1
DOF / rank = 91768 x 91768 / 420 = 2.00509e+07
Load and redistrib Jacobian: 865.671 / 858.151 / 869.881 seconds (avg/min/max)
Inverting the matrix: 902.122 seconds
Distributing solution: 0.195004 seconds
=======================================
Iter:        +3
Error:       +0.00093869
Omega:       +0.00955057
Axis:        -5.34917
Padm:        [-3.69911e-13, -1.14041e-13, +0]

NS-Mb:       +1.55228[+1.55226]
NS-Madm_ql:  +1.36455[+1.4]
NS-R:        +5.61002 +5.91755
NS-S:        +2.28647e-06
NS-Chi:      +1.16657e-06[+0]
NS-qlChi:    +1.22796e-06
NS-Omega:    +9.64128e-05

BH-Mirr:     +2.8[+2.8]
BH-Mch:      +2.8[+2.8]
BH-R:        +2.29542
BH-S:        -2.98062e-06
BH-Chi:      -3.80181e-07[+0]
BH-Omega:    +0.00874528
=======================================
Error init = 1.96202e-05, Eq: integvolume(intMb) = Mb1 Dom: 0 Bounday: -1
DOF / rank = 91768 x 91768 / 420 = 2.00509e+07
Load and redistrib Jacobian: 867.4 / 860.426 / 871.564 seconds (avg/min/max)
Inverting the matrix: 900.195 seconds
Distributing solution: 0.194743 seconds
=======================================
Iter:        +4
Error:       +1.96202e-05
Omega:       +0.00955058
Axis:        -5.34919
Padm:        [-2.19684e-13, -2.30964e-14, +0]

NS-Mb:       +1.55226[+1.55226]
NS-Madm_ql:  +1.36454[+1.4]
NS-R:        +5.61093 +5.91754
NS-S:        +1.04562e-08
NS-Chi:      +5.33482e-09[+0]
NS-qlChi:    +5.61565e-09
NS-Omega:    +9.70132e-05

BH-Mirr:     +2.8[+2.8]
BH-Mch:      +2.8[+2.8]
BH-R:        +2.29542
BH-S:        -2.96996e-06
BH-Chi:      -3.78821e-07[+0]
BH-Omega:    +0.00874529
=======================================
Error init = 2.13002e-07, Eq: eqphi = 0 Dom: 0 Bounday: -1
DOF / rank = 91768 x 91768 / 420 = 2.00509e+07
Load and redistrib Jacobian: 862.888 / 855.909 / 867.35 seconds (avg/min/max)
Inverting the matrix: 896.89 seconds
Distributing solution: 0.194291 seconds
=======================================
Iter:        +5
Error:       +2.13002e-07
Omega:       +0.00955058
Axis:        -5.34919
Padm:        [-4.37971e-13, -1.43367e-13, +0]

NS-Mb:       +1.55226[+1.55226]
NS-Madm_ql:  +1.36454[+1.4]
NS-R:        +5.61088 +5.91754
NS-S:        +3.8714e-11
NS-Chi:      +1.9752e-11[+0]
NS-qlChi:    +2.07918e-11
NS-Omega:    +9.69673e-05

BH-Mirr:     +2.8[+2.8]
BH-Mch:      +2.8[+2.8]
BH-R:        +2.29542
BH-S:        -2.96991e-06
BH-Chi:      -3.78815e-07[+0]
BH-Omega:    +0.00874529
=======================================
Error init = 1.11198e-08, Eq: eqphi = 0 Dom: 0 Bounday: -1
DOF / rank = 91768 x 91768 / 420 = 2.00509e+07
Load and redistrib Jacobian: 863.519 / 855.81 / 867.552 seconds (avg/min/max)
Inverting the matrix: 894.599 seconds
Distributing solution: 0.19315 seconds
=======================================
Iter:        +6
Error:       +1.11198e-08
Omega:       +0.00955058
Axis:        -5.34919
Padm:        [+6.74874e-13, -9.36293e-16, +0]

NS-Mb:       +1.55226[+1.55226]
NS-Madm_ql:  +1.36454[+1.4]
NS-R:        +5.61088 +5.91754
NS-S:        +8.78017e-14
NS-Chi:      +4.47968e-14[+0]
NS-qlChi:    +4.7155e-14
NS-Omega:    +9.69698e-05

BH-Mirr:     +2.8[+2.8]
BH-Mch:      +2.8[+2.8]
BH-R:        +2.29542
BH-S:        -2.96991e-06
BH-Chi:      -3.78815e-07[+0]
BH-Omega:    +0.00874529
=======================================
Error init = 5.89594e-10, Eq: eqphi = 0 Dom: 0 Bounday: -1
=======================================
Iter:        +7
Error:       +5.89594e-10
Omega:       +0.00955058
Axis:        -5.34919
Padm:        [+6.74874e-13, -9.36293e-16, +0]

NS-Mb:       +1.55226[+1.55226]
NS-Madm_ql:  +1.36454[+1.4]
NS-R:        +5.61088 +5.91754
NS-S:        +8.78017e-14
NS-Chi:      +4.47968e-14[+0]
NS-qlChi:    +4.7155e-14
NS-Omega:    +9.69698e-05

BH-Mirr:     +2.8[+2.8]
BH-Mch:      +2.8[+2.8]
BH-R:        +2.29542
BH-S:        -2.96991e-06
BH-Chi:      -3.78815e-07[+0]
BH-Omega:    +0.00874529
=======================================
############################
Eccentricity reduction step with fixed omega, chi = 0,0 and q = 0.5
############################
### Using PN estimate for adot and omega! ###
=======================================
Iter:        +0
Error:       +0
Omega:       +0.00963318
Axis:        -5.34919
Padm:        [+6.74874e-13, -9.36293e-16, +0]

NS-Mb:       +1.55226[+1.55226]
NS-Madm_ql:  +1.36454[+1.4]
NS-R:        +5.61088 +5.91754
NS-S:        +8.78017e-14
NS-Chi:      +4.47968e-14[+0]
NS-qlChi:    +4.7155e-14
NS-Omega:    +9.69698e-05

BH-Mirr:     +2.8[+2.8]
BH-Mch:      +2.8[+2.8]
BH-R:        +2.29542
BH-S:        -2.96991e-06
BH-Chi:      -3.78815e-07[+0]
BH-Omega:    +0.00874529
=======================================
Error init = 0.00114897, Eq: B^i = N / P^2 * sp^i + s^i Dom: 5 Bounday: 2
DOF / rank = 78400 x 78400 / 420 = 1.46347e+07
Load and redistrib Jacobian: 861.025 / 855.521 / 864.535 seconds (avg/min/max)
Inverting the matrix: 635.688 seconds
Distributing solution: 0.187941 seconds
=======================================
Iter:        +1
Error:       +0.00114897
Omega:       +0.00963318
Axis:        -5.34655
Padm:        [-3.7449e-13, +2.0979e-13, +0]

NS-Mb:       +1.55227[+1.55226]
NS-Madm_ql:  +1.36495[+1.4]
NS-R:        +5.61088 +5.91754
NS-S:        -2.49231e-07
NS-Chi:      -1.27159e-07[+0]
NS-qlChi:    -1.33774e-07
NS-Omega:    +9.88444e-05

BH-Mirr:     +2.8[+2.8]
BH-Mch:      +2.8[+2.8]
BH-R:        +2.29605
BH-S:        -3.89944e-06
BH-Chi:      -4.97377e-07[+0]
BH-Omega:    +0.00882022
=======================================
Error init = 1.59769e-05, Eq: eqphi = 0 Dom: 1 Bounday: -1
DOF / rank = 78400 x 78400 / 420 = 1.46347e+07
Load and redistrib Jacobian: 866.087 / 860.716 / 869.352 seconds (avg/min/max)
Inverting the matrix: 629.492 seconds
Distributing solution: 0.196494 seconds
=======================================
Iter:        +2
Error:       +1.59769e-05
Omega:       +0.00963318
Axis:        -5.34965
Padm:        [-1.13527e-13, -1.26305e-13, +0]

NS-Mb:       +1.55226[+1.55226]
NS-Madm_ql:  +1.36494[+1.4]
NS-R:        +5.61088 +5.91754
NS-S:        -1.08347e-10
NS-Chi:      -5.52793e-11[+0]
NS-qlChi:    -5.81559e-11
NS-Omega:    +9.87979e-05

BH-Mirr:     +2.8[+2.8]
BH-Mch:      +2.8[+2.8]
BH-R:        +2.29605
BH-S:        -3.00339e-06
BH-Chi:      -3.83086e-07[+0]
BH-Omega:    +0.00882044
=======================================
Error init = 7.82786e-08, Eq: eqphi = 0 Dom: 0 Bounday: -1
DOF / rank = 78400 x 78400 / 420 = 1.46347e+07
Load and redistrib Jacobian: 858.16 / 852.832 / 861.351 seconds (avg/min/max)
Inverting the matrix: 628.647 seconds
Distributing solution: 0.188745 seconds
=======================================
Iter:        +3
Error:       +7.82786e-08
Omega:       +0.00963318
Axis:        -5.34966
Padm:        [+3.50823e-13, +3.42799e-15, +0]

NS-Mb:       +1.55226[+1.55226]
NS-Madm_ql:  +1.36494[+1.4]
NS-R:        +5.61088 +5.91754
NS-S:        +4.00367e-14
NS-Chi:      +2.04269e-14[+0]
NS-qlChi:    +2.14898e-14
NS-Omega:    +9.87985e-05

BH-Mirr:     +2.8[+2.8]
BH-Mch:      +2.8[+2.8]
BH-R:        +2.29605
BH-S:        -3.0031e-06
BH-Chi:      -3.83048e-07[+0]
BH-Omega:    +0.00882044
=======================================
Error init = 2.284e-10, Eq: integvolume(intMb) = Mb1 Dom: 0 Bounday: -1
=======================================
Iter:        +4
Error:       +2.284e-10
Omega:       +0.00963318
Axis:        -5.34966
Padm:        [+3.50823e-13, +3.42799e-15, +0]

NS-Mb:       +1.55226[+1.55226]
NS-Madm_ql:  +1.36494[+1.4]
NS-R:        +5.61088 +5.91754
NS-S:        +4.00367e-14
NS-Chi:      +2.04269e-14[+0]
NS-qlChi:    +2.14898e-14
NS-Omega:    +9.87985e-05

BH-Mirr:     +2.8[+2.8]
BH-Mch:      +2.8[+2.8]
BH-R:        +2.29605
BH-S:        -3.0031e-06
BH-Chi:      -3.83048e-07[+0]
BH-Omega:    +0.00882044
=======================================
