No dat file associated with : ./initial_bns_d10q1.info
Creating a setup based on config file...
Solutions will be stored in: /home/la34cit/fuka//COs/
Directory will be created if it doesn't exist.
0.00107, 0.0011175
Config File: /home/la34cit/fuka//COs/initns.info
Fields File: /home/la34cit/fuka//COs/initns.dat
*****************ns info*****************
                 chi: 0
                 dim: 3
                  hc: 1.00919
                madm: 1
                  mb: 1.11258
      n_inner_shells: 0
                  nc: 0.00108187
             nshells: 0
               omega: 0
                qpig: 12.5664
                 res: 9
                 rin: 3.15541
                rmid: 6.31081
                rout: 12.6216
             eosfile: togashi.lorene
             eostype: Cold_Table
               h_cut: 0
   interpolation_pts: 2000

Last stage: binary_boost
Current: /home/la34cit/fuka//COs/initns.info
Solved previously: /home/la34cit/fuka//COs/converged_NS_NOROT_BC.togashi.1.0.0.09.info
Config File: /home/la34cit/fuka//COs/converged_NS_NOROT_BC.togashi.1.0.0.09.info
Fields File: /home/la34cit/fuka//COs/converged_NS_NOROT_BC.togashi.1.0.0.09.dat
*****************ns info*****************
                 chi: 0
                 dim: 3
                  hc: 1.16524
                madm: 1
                  mb: 1.07012
      n_inner_shells: 0
                  nc: 0.00111162
             nshells: 0
               omega: 0
             ql_madm: 1
                qpig: 12.5664
                 res: 9
                 rin: 3.15541
                rmid: 6.31081
                rout: 12.6216
             eosfile: togashi.lorene
             eostype: Cold_Table
               h_cut: 0
   interpolation_pts: 2000

Last stage: binary_boost
Solved previously: /home/la34cit/fuka//COs/converged_NS_TOTAL_BC.togashi.1.0.0.09.info
Config File: /home/la34cit/fuka//COs/converged_NS_TOTAL_BC.togashi.1.0.0.09.info
Fields File: /home/la34cit/fuka//COs/converged_NS_TOTAL_BC.togashi.1.0.0.09.dat
*****************ns info*****************
                 chi: 0
                 dim: 3
                  hc: 1.16524
                madm: 1
                  mb: 1.07012
      n_inner_shells: 0
                  nc: 0.00111162
             nshells: 0
               omega: 0
             ql_madm: 1
                qpig: 12.5664
                 res: 9
                 rin: 3.15541
                rmid: 6.31081
                rout: 12.6216
             eosfile: togashi.lorene
             eostype: Cold_Table
               h_cut: 0
   interpolation_pts: 2000

Last stage: binary_boost
Solved previously: /home/la34cit/fuka//COs/converged_NS_TOTAL_BC.togashi.1.0.0.09.info
Resolution of old space: 9 (r), 9 (theta), 8 (phi)
Rmin/max: 6.70137 6.70137
Resolution of new space: 11 (r), 11 (theta), 10 (phi)
New bounds: : 3.35069 6.70137 10.0521 
Config File: /home/la34cit/fuka//COs/initns.info
Fields File: /home/la34cit/fuka//COs/initns.dat
*****************ns info*****************
                 chi: 0
                 dim: 3
                  hc: 1.16524
                madm: 1
                  mb: 1.07012
      n_inner_shells: 0
                  nc: 0.00111162
             nshells: 0
               omega: 0
             ql_madm: 1
                qpig: 12.5664
                 res: 11
                 rin: 3.35069
                rmid: 6.70137
                rout: 10.0521
             eosfile: togashi.lorene
             eostype: Cold_Table
               h_cut: 0
   interpolation_pts: 2000

Last stage: binary_boost
Solved previously: /home/la34cit/fuka//COs/converged_NS_TOTAL_BC.togashi.1.0.0.11.info
Config File: /home/la34cit/fuka//COs/converged_NS_TOTAL_BC.togashi.1.0.0.11.info
Fields File: /home/la34cit/fuka//COs/converged_NS_TOTAL_BC.togashi.1.0.0.11.dat
*****************ns info*****************
                 chi: 0
                 dim: 3
                  hc: 1.16624
                madm: 1
                  mb: 1.07192
      n_inner_shells: 0
                  nc: 0.00111478
             nshells: 0
               omega: 0
             ql_madm: 1
                qpig: 12.5664
                 res: 11
                 rin: 3.35069
                rmid: 6.70137
                rout: 10.0521
             eosfile: togashi.lorene
             eostype: Cold_Table
               h_cut: 0
   interpolation_pts: 2000

Last stage: binary_boost
Solved previously: /home/la34cit/fuka//COs/converged_NS_TOTAL_BC.togashi.1.0.0.11.info
Config File: /home/la34cit/fuka//COs/converged_NS_TOTAL_BC.togashi.1.0.0.11.info
Fields File: /home/la34cit/fuka//COs/converged_NS_TOTAL_BC.togashi.1.0.0.11.dat
*****************ns info*****************
                 chi: 0
                 dim: 3
                  hc: 1.16624
                madm: 1
                  mb: 1.07192
      n_inner_shells: 0
                  nc: 0.00111478
             nshells: 0
               omega: 0
             ql_madm: 1
                qpig: 12.5664
                 res: 11
                 rin: 3.35069
                rmid: 6.70137
                rout: 10.0521
             eosfile: togashi.lorene
             eostype: Cold_Table
               h_cut: 0
   interpolation_pts: 2000

Solved previously: /home/la34cit/fuka//COs/converged_NS_BIN_BOOST_10_0.033904.togashi.1.0.0.11.info
Solutions will be stored in: /home/la34cit/fuka//COs/
Directory will be created if it doesn't exist.
0.00107, 0.0011175
Config File: /home/la34cit/fuka//COs/initns.info
Fields File: /home/la34cit/fuka//COs/initns.dat
*****************ns info*****************
                 chi: 0
                 dim: 3
                  hc: 1.00919
                madm: 1
                  mb: 1.11258
      n_inner_shells: 0
                  nc: 0.00108187
             nshells: 0
               omega: 0
                qpig: 12.5664
                 res: 9
                 rin: 3.15541
                rmid: 6.31081
                rout: 12.6216
             eosfile: togashi.lorene
             eostype: Cold_Table
               h_cut: 0
   interpolation_pts: 2000

Last stage: binary_boost
Current: /home/la34cit/fuka//COs/initns.info
Solved previously: /home/la34cit/fuka//COs/converged_NS_NOROT_BC.togashi.1.0.0.09.info
Config File: /home/la34cit/fuka//COs/converged_NS_NOROT_BC.togashi.1.0.0.09.info
Fields File: /home/la34cit/fuka//COs/converged_NS_NOROT_BC.togashi.1.0.0.09.dat
*****************ns info*****************
                 chi: 0
                 dim: 3
                  hc: 1.16524
                madm: 1
                  mb: 1.07012
      n_inner_shells: 0
                  nc: 0.00111162
             nshells: 0
               omega: 0
             ql_madm: 1
                qpig: 12.5664
                 res: 9
                 rin: 3.15541
                rmid: 6.31081
                rout: 12.6216
             eosfile: togashi.lorene
             eostype: Cold_Table
               h_cut: 0
   interpolation_pts: 2000

Last stage: binary_boost
Solved previously: /home/la34cit/fuka//COs/converged_NS_TOTAL_BC.togashi.1.0.0.09.info
Config File: /home/la34cit/fuka//COs/converged_NS_TOTAL_BC.togashi.1.0.0.09.info
Fields File: /home/la34cit/fuka//COs/converged_NS_TOTAL_BC.togashi.1.0.0.09.dat
*****************ns info*****************
                 chi: 0
                 dim: 3
                  hc: 1.16524
                madm: 1
                  mb: 1.07012
      n_inner_shells: 0
                  nc: 0.00111162
             nshells: 0
               omega: 0
             ql_madm: 1
                qpig: 12.5664
                 res: 9
                 rin: 3.15541
                rmid: 6.31081
                rout: 12.6216
             eosfile: togashi.lorene
             eostype: Cold_Table
               h_cut: 0
   interpolation_pts: 2000

Last stage: binary_boost
Solved previously: /home/la34cit/fuka//COs/converged_NS_TOTAL_BC.togashi.1.0.0.09.info
Resolution of old space: 9 (r), 9 (theta), 8 (phi)
Rmin/max: 6.70137 6.70137
Resolution of new space: 11 (r), 11 (theta), 10 (phi)
New bounds: : 3.35069 6.70137 10.0521 
Config File: /home/la34cit/fuka//COs/initns.info
Fields File: /home/la34cit/fuka//COs/initns.dat
*****************ns info*****************
                 chi: 0
                 dim: 3
                  hc: 1.16524
                madm: 1
                  mb: 1.07012
      n_inner_shells: 0
                  nc: 0.00111162
             nshells: 0
               omega: 0
             ql_madm: 1
                qpig: 12.5664
                 res: 11
                 rin: 3.35069
                rmid: 6.70137
                rout: 10.0521
             eosfile: togashi.lorene
             eostype: Cold_Table
               h_cut: 0
   interpolation_pts: 2000

Last stage: binary_boost
Solved previously: /home/la34cit/fuka//COs/converged_NS_TOTAL_BC.togashi.1.0.0.11.info
Config File: /home/la34cit/fuka//COs/converged_NS_TOTAL_BC.togashi.1.0.0.11.info
Fields File: /home/la34cit/fuka//COs/converged_NS_TOTAL_BC.togashi.1.0.0.11.dat
*****************ns info*****************
                 chi: 0
                 dim: 3
                  hc: 1.16624
                madm: 1
                  mb: 1.07192
      n_inner_shells: 0
                  nc: 0.00111478
             nshells: 0
               omega: 0
             ql_madm: 1
                qpig: 12.5664
                 res: 11
                 rin: 3.35069
                rmid: 6.70137
                rout: 10.0521
             eosfile: togashi.lorene
             eostype: Cold_Table
               h_cut: 0
   interpolation_pts: 2000

Last stage: binary_boost
Solved previously: /home/la34cit/fuka//COs/converged_NS_TOTAL_BC.togashi.1.0.0.11.info
Config File: /home/la34cit/fuka//COs/converged_NS_TOTAL_BC.togashi.1.0.0.11.info
Fields File: /home/la34cit/fuka//COs/converged_NS_TOTAL_BC.togashi.1.0.0.11.dat
*****************ns info*****************
                 chi: 0
                 dim: 3
                  hc: 1.16624
                madm: 1
                  mb: 1.07192
      n_inner_shells: 0
                  nc: 0.00111478
             nshells: 0
               omega: 0
             ql_madm: 1
                qpig: 12.5664
                 res: 11
                 rin: 3.35069
                rmid: 6.70137
                rout: 10.0521
             eosfile: togashi.lorene
             eostype: Cold_Table
               h_cut: 0
   interpolation_pts: 2000

Solved previously: /home/la34cit/fuka//COs/converged_NS_BIN_BOOST_10_0.033904.togashi.1.0.0.11.info
/home/la34cit/fuka//COs/converged_NS_BIN_BOOST_10_0.033904.togashi.1.0.0.11.info
/home/la34cit/fuka//COs/converged_NS_BIN_BOOST_10_0.033904.togashi.1.0.0.11.info
Bounds:
Outer: 20 
NS1: 3.35536 6.71073 6.14049 
NS2: 3.35536 6.71073 6.14049 
zerosec: Maximum number of iterations has been reached ! 
[node164:08544] *** Process received signal ***
[node164:08544] Signal: Aborted (6)
[node164:08544] Signal code:  (-6)
[node164:08544] [ 0] /lib64/libpthread.so.0(+0xf5d0)[0x2b7f775bc5d0]
[node164:08544] [ 1] /lib64/libc.so.6(gsignal+0x37)[0x2b7f777ff207]
[node164:08544] [ 2] /lib64/libc.so.6(abort+0x148)[0x2b7f778008f8]
[node164:08544] [ 3] ./solve(_ZN6Kadath7zerosecEPFddRKNS_5ParamEES2_dddiRi+0x1d8)[0x5abf98]
[node164:08544] [ 4] ./solve(_ZN6Kadath12Space_bin_nsC2EidRKSt6vectorIdSaIdEES5_S5_i+0x2ff)[0x56629f]
[node164:08544] [ 5] ./solve(_Z20bns_setup_boosted_3dIN6Kadath10Margherita12Cold_Table_tILi0E15linear_interp_tEEEvR19kadath_config_boostI11BCO_NS_INFOES8_RS5_I8BIN_INFOE+0x96e)[0x4cf40e]
[node164:08544] [ 6] ./solve(_Z28bns_xcts_superimposed_importR19kadath_config_boostI8BIN_INFOESt5arrayINSt7__cxx1112basic_stringIcSt11char_traitsIcESaIcEEELm2EE+0x3f5)[0x4d1015]
[node164:08544] [ 7] ./solve(_Z20bns_xcts_setup_spaceR19kadath_config_boostI8BIN_INFOE+0x2ef)[0x4d149f]
[node164:08544] [ 8] ./solve(main+0x58e)[0x46c80e]
[node164:08544] [ 9] /lib64/libc.so.6(__libc_start_main+0xf5)[0x2b7f777eb3d5]
[node164:08544] [10] ./solve[0x4711d7]
[node164:08544] *** End of error message ***
--------------------------------------------------------------------------
Primary job  terminated normally, but 1 process returned
a non-zero exit code. Per user-direction, the job has been aborted.
--------------------------------------------------------------------------
--------------------------------------------------------------------------
An MPI communication peer process has unexpectedly disconnected.  This
usually indicates a failure in the peer process (e.g., a crash or
otherwise exiting without calling MPI_FINALIZE first).

Although this local MPI process will likely now behave unpredictably
(it may even hang or crash), the root cause of this problem is the
failure of the peer -- that is what you need to investigate.  For
example, there may be a core file that you can examine.  More
generally: such peer hangups are frequently caused by application bugs
or other external events.

  Local host: node263
  Local PID:  27380
  Peer host:  node164
--------------------------------------------------------------------------
--------------------------------------------------------------------------
mpirun noticed that process rank 0 with PID 0 on node node164 exited on signal 6 (Aborted).
--------------------------------------------------------------------------
[node164:08517] 1 more process has sent help message help-mpi-btl-tcp.txt / peer hung up
[node164:08517] Set MCA parameter "orte_base_help_aggregate" to 0 to see all help / error messages
