No dat file associated with : ./initial_bns_d20q1.info
Creating a setup based on config file...
Solutions will be stored in: /home/la34cit/fuka//COs/
Directory will be created if it doesn't exist.
0.00107, 0.0011175
Config File: /home/la34cit/fuka//COs/initns.info
Fields File: /home/la34cit/fuka//COs/initns.dat
*****************ns info*****************
                 chi: 0
                 dim: 3
                  hc: 1.00919
                madm: 1
                  mb: 1.11258
      n_inner_shells: 0
                  nc: 0.00108187
             nshells: 0
               omega: 0
                qpig: 12.5664
                 res: 9
                 rin: 3.15541
                rmid: 6.31081
                rout: 12.6216
             eosfile: togashi.lorene
             eostype: Cold_Table
               h_cut: 0
   interpolation_pts: 2000

Last stage: binary_boost
Current: /home/la34cit/fuka//COs/initns.info
Solved previously: /home/la34cit/fuka//COs/converged_NS_NOROT_BC.togashi.1.0.0.09.info
Config File: /home/la34cit/fuka//COs/converged_NS_NOROT_BC.togashi.1.0.0.09.info
Fields File: /home/la34cit/fuka//COs/converged_NS_NOROT_BC.togashi.1.0.0.09.dat
*****************ns info*****************
                 chi: 0
                 dim: 3
                  hc: 1.16524
                madm: 1
                  mb: 1.07012
      n_inner_shells: 0
                  nc: 0.00111162
             nshells: 0
               omega: 0
             ql_madm: 1
                qpig: 12.5664
                 res: 9
                 rin: 3.15541
                rmid: 6.31081
                rout: 12.6216
             eosfile: togashi.lorene
             eostype: Cold_Table
               h_cut: 0
   interpolation_pts: 2000

Last stage: binary_boost
Solved previously: /home/la34cit/fuka//COs/converged_NS_TOTAL_BC.togashi.1.0.0.09.info
Config File: /home/la34cit/fuka//COs/converged_NS_TOTAL_BC.togashi.1.0.0.09.info
Fields File: /home/la34cit/fuka//COs/converged_NS_TOTAL_BC.togashi.1.0.0.09.dat
*****************ns info*****************
                 chi: 0
                 dim: 3
                  hc: 1.16524
                madm: 1
                  mb: 1.07012
      n_inner_shells: 0
                  nc: 0.00111162
             nshells: 0
               omega: 0
             ql_madm: 1
                qpig: 12.5664
                 res: 9
                 rin: 3.15541
                rmid: 6.31081
                rout: 12.6216
             eosfile: togashi.lorene
             eostype: Cold_Table
               h_cut: 0
   interpolation_pts: 2000

Last stage: binary_boost
Solved previously: /home/la34cit/fuka//COs/converged_NS_TOTAL_BC.togashi.1.0.0.09.info
Resolution of old space: 9 (r), 9 (theta), 8 (phi)
Rmin/max: 6.70137 6.70137
Resolution of new space: 11 (r), 11 (theta), 10 (phi)
New bounds: : 3.35069 6.70137 10.0521 
Config File: /home/la34cit/fuka//COs/initns.info
Fields File: /home/la34cit/fuka//COs/initns.dat
*****************ns info*****************
                 chi: 0
                 dim: 3
                  hc: 1.16524
                madm: 1
                  mb: 1.07012
      n_inner_shells: 0
                  nc: 0.00111162
             nshells: 0
               omega: 0
             ql_madm: 1
                qpig: 12.5664
                 res: 11
                 rin: 3.35069
                rmid: 6.70137
                rout: 10.0521
             eosfile: togashi.lorene
             eostype: Cold_Table
               h_cut: 0
   interpolation_pts: 2000

Last stage: binary_boost
Solved previously: /home/la34cit/fuka//COs/converged_NS_TOTAL_BC.togashi.1.0.0.11.info
Config File: /home/la34cit/fuka//COs/converged_NS_TOTAL_BC.togashi.1.0.0.11.info
Fields File: /home/la34cit/fuka//COs/converged_NS_TOTAL_BC.togashi.1.0.0.11.dat
*****************ns info*****************
                 chi: 0
                 dim: 3
                  hc: 1.16624
                madm: 1
                  mb: 1.07192
      n_inner_shells: 0
                  nc: 0.00111478
             nshells: 0
               omega: 0
             ql_madm: 1
                qpig: 12.5664
                 res: 11
                 rin: 3.35069
                rmid: 6.70137
                rout: 10.0521
             eosfile: togashi.lorene
             eostype: Cold_Table
               h_cut: 0
   interpolation_pts: 2000

Last stage: binary_boost
Solved previously: /home/la34cit/fuka//COs/converged_NS_TOTAL_BC.togashi.1.0.0.11.info
Config File: /home/la34cit/fuka//COs/converged_NS_TOTAL_BC.togashi.1.0.0.11.info
Fields File: /home/la34cit/fuka//COs/converged_NS_TOTAL_BC.togashi.1.0.0.11.dat
*****************ns info*****************
                 chi: 0
                 dim: 3
                  hc: 1.16624
                madm: 1
                  mb: 1.07192
      n_inner_shells: 0
                  nc: 0.00111478
             nshells: 0
               omega: 0
             ql_madm: 1
                qpig: 12.5664
                 res: 11
                 rin: 3.35069
                rmid: 6.70137
                rout: 10.0521
             eosfile: togashi.lorene
             eostype: Cold_Table
               h_cut: 0
   interpolation_pts: 2000

Solved previously: /home/la34cit/fuka//COs/converged_NS_BIN_BOOST_20_0.0140018.togashi.1.0.0.11.info
Solutions will be stored in: /home/la34cit/fuka//COs/
Directory will be created if it doesn't exist.
0.00107, 0.0011175
Config File: /home/la34cit/fuka//COs/initns.info
Fields File: /home/la34cit/fuka//COs/initns.dat
*****************ns info*****************
                 chi: 0
                 dim: 3
                  hc: 1.00919
                madm: 1
                  mb: 1.11258
      n_inner_shells: 0
                  nc: 0.00108187
             nshells: 0
               omega: 0
                qpig: 12.5664
                 res: 9
                 rin: 3.15541
                rmid: 6.31081
                rout: 12.6216
             eosfile: togashi.lorene
             eostype: Cold_Table
               h_cut: 0
   interpolation_pts: 2000

Last stage: binary_boost
Current: /home/la34cit/fuka//COs/initns.info
Solved previously: /home/la34cit/fuka//COs/converged_NS_NOROT_BC.togashi.1.0.0.09.info
Config File: /home/la34cit/fuka//COs/converged_NS_NOROT_BC.togashi.1.0.0.09.info
Fields File: /home/la34cit/fuka//COs/converged_NS_NOROT_BC.togashi.1.0.0.09.dat
*****************ns info*****************
                 chi: 0
                 dim: 3
                  hc: 1.16524
                madm: 1
                  mb: 1.07012
      n_inner_shells: 0
                  nc: 0.00111162
             nshells: 0
               omega: 0
             ql_madm: 1
                qpig: 12.5664
                 res: 9
                 rin: 3.15541
                rmid: 6.31081
                rout: 12.6216
             eosfile: togashi.lorene
             eostype: Cold_Table
               h_cut: 0
   interpolation_pts: 2000

Last stage: binary_boost
Solved previously: /home/la34cit/fuka//COs/converged_NS_TOTAL_BC.togashi.1.0.0.09.info
Config File: /home/la34cit/fuka//COs/converged_NS_TOTAL_BC.togashi.1.0.0.09.info
Fields File: /home/la34cit/fuka//COs/converged_NS_TOTAL_BC.togashi.1.0.0.09.dat
*****************ns info*****************
                 chi: 0
                 dim: 3
                  hc: 1.16524
                madm: 1
                  mb: 1.07012
      n_inner_shells: 0
                  nc: 0.00111162
             nshells: 0
               omega: 0
             ql_madm: 1
                qpig: 12.5664
                 res: 9
                 rin: 3.15541
                rmid: 6.31081
                rout: 12.6216
             eosfile: togashi.lorene
             eostype: Cold_Table
               h_cut: 0
   interpolation_pts: 2000

Last stage: binary_boost
Solved previously: /home/la34cit/fuka//COs/converged_NS_TOTAL_BC.togashi.1.0.0.09.info
Resolution of old space: 9 (r), 9 (theta), 8 (phi)
Rmin/max: 6.70137 6.70137
Resolution of new space: 11 (r), 11 (theta), 10 (phi)
New bounds: : 3.35069 6.70137 10.0521 
Config File: /home/la34cit/fuka//COs/initns.info
Fields File: /home/la34cit/fuka//COs/initns.dat
*****************ns info*****************
                 chi: 0
                 dim: 3
                  hc: 1.16524
                madm: 1
                  mb: 1.07012
      n_inner_shells: 0
                  nc: 0.00111162
             nshells: 0
               omega: 0
             ql_madm: 1
                qpig: 12.5664
                 res: 11
                 rin: 3.35069
                rmid: 6.70137
                rout: 10.0521
             eosfile: togashi.lorene
             eostype: Cold_Table
               h_cut: 0
   interpolation_pts: 2000

Last stage: binary_boost
Solved previously: /home/la34cit/fuka//COs/converged_NS_TOTAL_BC.togashi.1.0.0.11.info
Config File: /home/la34cit/fuka//COs/converged_NS_TOTAL_BC.togashi.1.0.0.11.info
Fields File: /home/la34cit/fuka//COs/converged_NS_TOTAL_BC.togashi.1.0.0.11.dat
*****************ns info*****************
                 chi: 0
                 dim: 3
                  hc: 1.16624
                madm: 1
                  mb: 1.07192
      n_inner_shells: 0
                  nc: 0.00111478
             nshells: 0
               omega: 0
             ql_madm: 1
                qpig: 12.5664
                 res: 11
                 rin: 3.35069
                rmid: 6.70137
                rout: 10.0521
             eosfile: togashi.lorene
             eostype: Cold_Table
               h_cut: 0
   interpolation_pts: 2000

Last stage: binary_boost
Solved previously: /home/la34cit/fuka//COs/converged_NS_TOTAL_BC.togashi.1.0.0.11.info
Config File: /home/la34cit/fuka//COs/converged_NS_TOTAL_BC.togashi.1.0.0.11.info
Fields File: /home/la34cit/fuka//COs/converged_NS_TOTAL_BC.togashi.1.0.0.11.dat
*****************ns info*****************
                 chi: 0
                 dim: 3
                  hc: 1.16624
                madm: 1
                  mb: 1.07192
      n_inner_shells: 0
                  nc: 0.00111478
             nshells: 0
               omega: 0
             ql_madm: 1
                qpig: 12.5664
                 res: 11
                 rin: 3.35069
                rmid: 6.70137
                rout: 10.0521
             eosfile: togashi.lorene
             eostype: Cold_Table
               h_cut: 0
   interpolation_pts: 2000

Solved previously: /home/la34cit/fuka//COs/converged_NS_BIN_BOOST_20_0.0140018.togashi.1.0.0.11.info
/home/la34cit/fuka//COs/converged_NS_BIN_BOOST_20_0.0140018.togashi.1.0.0.11.info
/home/la34cit/fuka//COs/converged_NS_BIN_BOOST_20_0.0140018.togashi.1.0.0.11.info
Bounds:
Outer: 40 
NS1: 3.35536 6.71073 7.80715 
NS2: 3.35536 6.71073 7.80715 
xc1: -10
xc2: 10
WeightNS1: 10, WeightNS2: 10
Config File: ./initbin.info
Fields File: ./initbin.dat
***************binary info***************
                 com: 0
                comy: 0
            distance: 20
           ecc_omega: 0.0140018
        global_omega: 0.0140018
        outer_shells: 0
                   q: 1
                qpig: 12.5664
                 res: 9
                rext: 40
*****************ns info*****************
                 chi: 0
         decay_limit: 10
                 dim: 3
                  hc: 1.16624
                madm: 1
                  mb: 1.07192
      n_inner_shells: 0
                  nc: 0.00111478
             nshells: 0
               omega: -7.19452e-27
             ql_madm: 1
                qpig: 12.5664
                 res: 11
                 rin: 3.35536
                rmid: 6.71073
                rout: 7.80715
             eosfile: togashi.lorene
             eostype: Cold_Table
               h_cut: 0
   interpolation_pts: 2000
*****************ns info*****************
                 chi: 0
         decay_limit: 10
                 dim: 3
                  hc: 1.16624
                madm: 1
                  mb: 1.07192
      n_inner_shells: 0
                  nc: 0.00111478
             nshells: 0
               omega: -7.19452e-27
             ql_madm: 1
                qpig: 12.5664
                 res: 11
                 rin: 3.35536
                rmid: 6.71073
                rout: 7.80715
             eosfile: togashi.lorene
             eostype: Cold_Table
               h_cut: 0
   interpolation_pts: 2000

=================================
BNS grav input
Distance: 20
Omega guess: 0.0140018
Units: 12.5664
=================================
############################
Py fixing without first integral and fixed omega, chi = 0,0 and q = 1
with Py BC fixing
############################
=======================================
Iter:        +0
Error:       +0
Omega:       +0.0140018
Axis:        +0
P:           [+0, +0, +0]

NS1-Mb:      +1.01883
NS1-Madm_ql: +1.47638
NS1-S:       +2.11989e-15
NS1-Chi:     +2.11989e-15
NS1-Chi_ql:  +9.72562e-16
NS1-OmegaS:  -7.19452e-27
NS-Rs:       +6.71073 +6.71073

NS2-Mb:      +1.01883
NS2-Madm_ql: +1.47638
NS2-S:       -2.05436e-15
NS2-Chi:     -2.05436e-15
NS2-Chi_ql:  -9.42498e-16
NS2-OmegaS:  -7.19452e-27
NS-Rs:       +6.71073 +6.71073
=======================================

Error init = 0.476379, Eq: integvolume(intM) = qlMadm1 Dom: 0 Bounday: -1
DOF / rank = 41323 x 41323 / 100 = 1.70759e+07
Load and redistrib Jacobian: 900.29 / 898.953 / 901.325 seconds (avg/min/max)
Inverting the matrix: 256.679 seconds
Distributing solution: 0.0957687 seconds
=======================================
Iter:        +1
Error:       +0.476379
Omega:       +0.0140018
Axis:        +2.68439e-08
P:           [+4.06749e-12, -1.76928e-10, +0]

NS1-Mb:      +0.980475
NS1-Madm_ql: +1.18687
NS1-S:       -0.0481168
NS1-Chi:     -0.0481168
NS1-Chi_ql:  -0.0341576
NS1-OmegaS:  +5.6698e-06
NS-Rs:       +6.71073 +6.71073

NS2-Mb:      +0.980475
NS2-Madm_ql: +1.18687
NS2-S:       -0.0481168
NS2-Chi:     -0.0481168
NS2-Chi_ql:  -0.0341576
NS2-OmegaS:  +5.6698e-06
NS-Rs:       +6.71073 +6.71073
=======================================

Error init = 0.0914425, Eq: integvolume(intMb) = Mb1 Dom: 0 Bounday: -1
DOF / rank = 41323 x 41323 / 100 = 1.70759e+07
Load and redistrib Jacobian: 895.548 / 894.271 / 896.61 seconds (avg/min/max)
Inverting the matrix: 259.103 seconds
Distributing solution: 0.0975126 seconds
=======================================
Iter:        +2
Error:       +0.0914425
Omega:       +0.0140018
Axis:        +3.10041e-08
P:           [+2.24258e-12, -1.60157e-11, +0]

NS1-Mb:      +1.01834
NS1-Madm_ql: +0.810919
NS1-S:       -0.0130903
NS1-Chi:     -0.0130903
NS1-Chi_ql:  -0.0199064
NS1-OmegaS:  -0.0012493
NS-Rs:       +6.71073 +6.71073

NS2-Mb:      +1.01834
NS2-Madm_ql: +0.810919
NS2-S:       -0.0130903
NS2-Chi:     -0.0130903
NS2-Chi_ql:  -0.0199064
NS2-OmegaS:  -0.0012493
NS-Rs:       +6.71073 +6.71073
=======================================

Error init = 0.0535766, Eq: integvolume(intMb) = Mb1 Dom: 0 Bounday: -1
DOF / rank = 41323 x 41323 / 100 = 1.70759e+07
Load and redistrib Jacobian: 902.078 / 900.151 / 903.073 seconds (avg/min/max)
Inverting the matrix: 311.618 seconds
Distributing solution: 0.0970392 seconds
=======================================
Iter:        +3
Error:       +0.0535766
Omega:       +0.0140018
Axis:        +2.79732e-09
P:           [-1.01944e-12, +1.38893e-11, +0]

NS1-Mb:      +1.06799
NS1-Madm_ql: +0.967612
NS1-S:       +0.000455538
NS1-Chi:     +0.000455538
NS1-Chi_ql:  +0.000486545
NS1-OmegaS:  +0.00033999
NS-Rs:       +6.71073 +6.71073

NS2-Mb:      +1.06799
NS2-Madm_ql: +0.967612
NS2-S:       +0.000455538
NS2-Chi:     +0.000455538
NS2-Chi_ql:  +0.000486545
NS2-OmegaS:  +0.00033999
NS-Rs:       +6.71073 +6.71073
=======================================

Error init = 0.00392751, Eq: integvolume(intMb) = Mb1 Dom: 0 Bounday: -1
DOF / rank = 41323 x 41323 / 100 = 1.70759e+07
Load and redistrib Jacobian: 912.098 / 910.9 / 913.118 seconds (avg/min/max)
Inverting the matrix: 258.252 seconds
Distributing solution: 0.0953979 seconds
=======================================
Iter:        +4
Error:       +0.00392751
Omega:       +0.0140018
Axis:        +1.34021e-09
P:           [+1.72006e-13, +3.0663e-13, +0]

NS1-Mb:      +1.07192
NS1-Madm_ql: +0.983529
NS1-S:       -7.03023e-06
NS1-Chi:     -7.03023e-06
NS1-Chi_ql:  -7.26767e-06
NS1-OmegaS:  +0.000411858
NS-Rs:       +6.71073 +6.71073

NS2-Mb:      +1.07192
NS2-Madm_ql: +0.983529
NS2-S:       -7.03023e-06
NS2-Chi:     -7.03023e-06
NS2-Chi_ql:  -7.26767e-06
NS2-OmegaS:  +0.000411858
NS-Rs:       +6.71073 +6.71073
=======================================

Error init = 7.03023e-06, Eq: integ(intS2) / Madm2 / Madm2 = chi2 Dom: 5 Bounday: 1
DOF / rank = 41323 x 41323 / 100 = 1.70759e+07
Load and redistrib Jacobian: 892.449 / 891.087 / 893.537 seconds (avg/min/max)
Inverting the matrix: 252.305 seconds
Distributing solution: 0.102568 seconds
=======================================
Iter:        +5
Error:       +7.03023e-06
Omega:       +0.0140018
Axis:        +1.56506e-10
P:           [+1.7296e-14, +3.54951e-14, +0]

NS1-Mb:      +1.07192
NS1-Madm_ql: +0.983683
NS1-S:       -1.52959e-09
NS1-Chi:     -1.52959e-09
NS1-Chi_ql:  -1.58075e-09
NS1-OmegaS:  +0.000414285
NS-Rs:       +6.71073 +6.71073

NS2-Mb:      +1.07192
NS2-Madm_ql: +0.983683
NS2-S:       -1.5296e-09
NS2-Chi:     -1.5296e-09
NS2-Chi_ql:  -1.58077e-09
NS2-OmegaS:  +0.000414285
NS-Rs:       +6.71073 +6.71073
=======================================

Error init = 5.89922e-07, Eq: integvolume(intMb) = Mb1 Dom: 0 Bounday: -1
DOF / rank = 41323 x 41323 / 100 = 1.70759e+07
Load and redistrib Jacobian: 910.03 / 908.576 / 911.182 seconds (avg/min/max)
Inverting the matrix: 270.088 seconds
Distributing solution: 0.108992 seconds
=======================================
Iter:        +6
Error:       +5.89922e-07
Omega:       +0.0140018
Axis:        +1.61368e-11
P:           [+4.47783e-15, -1.35373e-16, +0]

NS1-Mb:      +1.07192
NS1-Madm_ql: +0.983683
NS1-S:       -1.39364e-14
NS1-Chi:     -1.39364e-14
NS1-Chi_ql:  -1.44026e-14
NS1-OmegaS:  +0.000414286
NS-Rs:       +6.71073 +6.71073

NS2-Mb:      +1.07192
NS2-Madm_ql: +0.983683
NS2-S:       +8.49778e-15
NS2-Chi:     +8.49778e-15
NS2-Chi_ql:  +8.78203e-15
NS2-OmegaS:  +0.000414286
NS-Rs:       +6.71073 +6.71073
=======================================

Error init = 2.79893e-09, Eq: integvolume(intMb) = Mb1 Dom: 0 Bounday: -1
=======================================
Iter:        +7
Error:       +2.79893e-09
Omega:       +0.0140018
Axis:        +1.61368e-11
P:           [+4.47783e-15, -1.35373e-16, +0]

NS1-Mb:      +1.07192
NS1-Madm_ql: +0.983683
NS1-S:       -1.39364e-14
NS1-Chi:     -1.39364e-14
NS1-Chi_ql:  -1.44026e-14
NS1-OmegaS:  +0.000414286
NS-Rs:       +6.71073 +6.71073

NS2-Mb:      +1.07192
NS2-Madm_ql: +0.983683
NS2-S:       +8.49778e-15
NS2-Chi:     +8.49778e-15
NS2-Chi_ql:  +8.78203e-15
NS2-OmegaS:  +0.000414286
NS-Rs:       +6.71073 +6.71073
=======================================

############################
Total with mass fixing, chi = 0,0 and q = 1
############################
=======================================
Iter:        +0
Error:       +0
Omega:       +0.0140018
Axis:        +1.61368e-11
P:           [+4.47783e-15, -1.35373e-16, +0]

NS1-Mb:      +1.07192
NS1-Madm_ql: +0.983683
NS1-S:       -1.39364e-14
NS1-Chi:     -1.39364e-14
NS1-Chi_ql:  -1.44026e-14
NS1-OmegaS:  +0.000414286
NS-Rs:       +6.71073 +6.71073

NS2-Mb:      +1.07192
NS2-Madm_ql: +0.983683
NS2-S:       +8.49778e-15
NS2-Chi:     +8.49778e-15
NS2-Chi_ql:  +8.78203e-15
NS2-OmegaS:  +0.000414286
NS-Rs:       +6.71073 +6.71073
=======================================

Error init = 0.0206011, Eq: firstint Dom: 3 Bounday: -1
DOF / rank = 48397 x 48397 / 100 = 2.34227e+07
Load and redistrib Jacobian: 1022.45 / 1020.27 / 1023.89 seconds (avg/min/max)
Inverting the matrix: 423.367 seconds
Distributing solution: 0.117934 seconds
=======================================
Iter:        +1
Error:       +0.0206011
Omega:       +0.0139778
Axis:        +2.15471e-11
P:           [-2.51781e-13, +2.78637e-10, +0]

NS1-Mb:      +1.0497
NS1-Madm_ql: +0.990587
NS1-S:       +0.00042565
NS1-Chi:     +0.00042565
NS1-Chi_ql:  +0.000433778
NS1-OmegaS:  +0.000174981
NS-Rs:       +6.01664 +7.01943

NS2-Mb:      +1.0497
NS2-Madm_ql: +0.990587
NS2-S:       +0.00042565
NS2-Chi:     +0.00042565
NS2-Chi_ql:  +0.000433778
NS2-OmegaS:  +0.000174981
NS-Rs:       +6.01664 +7.01943
=======================================

Error init = 0.0222167, Eq: integvolume(intMb) = Mb1 Dom: 0 Bounday: -1
DOF / rank = 48397 x 48397 / 100 = 2.34227e+07
Load and redistrib Jacobian: 1010.41 / 1007.98 / 1011.82 seconds (avg/min/max)
Inverting the matrix: 490.635 seconds
Distributing solution: 0.112508 seconds
=======================================
Iter:        +2
Error:       +0.0222167
Omega:       +0.0140255
Axis:        -6.50794e-12
P:           [+3.71532e-13, +3.948e-11, +0]

NS1-Mb:      +1.07206
NS1-Madm_ql: +0.987422
NS1-S:       -4.59254e-05
NS1-Chi:     -4.59254e-05
NS1-Chi_ql:  -4.71028e-05
NS1-OmegaS:  +1.07373e-05
NS-Rs:       +6.10041 +7.05408

NS2-Mb:      +1.07206
NS2-Madm_ql: +0.987422
NS2-S:       -4.59254e-05
NS2-Chi:     -4.59254e-05
NS2-Chi_ql:  -4.71028e-05
NS2-OmegaS:  +1.07373e-05
NS-Rs:       +6.10041 +7.05408
=======================================

Error init = 0.000146853, Eq: dn(phi) Dom: 0 Bounday: 1
DOF / rank = 48397 x 48397 / 100 = 2.34227e+07
Load and redistrib Jacobian: 1019.38 / 1017.28 / 1020.92 seconds (avg/min/max)
Inverting the matrix: 387.042 seconds
Distributing solution: 0.119631 seconds
=======================================
Iter:        +3
Error:       +0.000146853
Omega:       +0.0140273
Axis:        -2.05046e-12
P:           [-1.72664e-12, -1.76728e-12, +0]

NS1-Mb:      +1.07192
NS1-Madm_ql: +0.986464
NS1-S:       -1.01232e-07
NS1-Chi:     -1.01232e-07
NS1-Chi_ql:  -1.0403e-07
NS1-OmegaS:  +2.68519e-05
NS-Rs:       +6.10407 +7.0552

NS2-Mb:      +1.07192
NS2-Madm_ql: +0.986464
NS2-S:       -1.01232e-07
NS2-Chi:     -1.01232e-07
NS2-Chi_ql:  -1.0403e-07
NS2-OmegaS:  +2.68519e-05
NS-Rs:       +6.10407 +7.0552
=======================================

Error init = 1.5206e-06, Eq: dn(phi) Dom: 3 Bounday: 1
DOF / rank = 48397 x 48397 / 100 = 2.34227e+07
Load and redistrib Jacobian: 1009.21 / 1006.77 / 1010.83 seconds (avg/min/max)
Inverting the matrix: 533.472 seconds
Distributing solution: 0.129222 seconds
=======================================
Iter:        +4
Error:       +1.5206e-06
Omega:       +0.0140273
Axis:        +2.12931e-12
P:           [-3.31969e-12, +1.25503e-12, +0]

NS1-Mb:      +1.07192
NS1-Madm_ql: +0.98646
NS1-S:       +7.22685e-12
NS1-Chi:     +7.22685e-12
NS1-Chi_ql:  +7.42659e-12
NS1-OmegaS:  +2.68564e-05
NS-Rs:       +6.10406 +7.05522

NS2-Mb:      +1.07192
NS2-Madm_ql: +0.98646
NS2-S:       +7.21268e-12
NS2-Chi:     +7.21268e-12
NS2-Chi_ql:  +7.41203e-12
NS2-OmegaS:  +2.68564e-05
NS-Rs:       +6.10406 +7.05522
=======================================

Error init = 3.89572e-09, Eq: eqphi = 0 Dom: 3 Bounday: -1
=======================================
Iter:        +5
Error:       +3.89572e-09
Omega:       +0.0140273
Axis:        +2.12931e-12
P:           [-3.31969e-12, +1.25503e-12, +0]

NS1-Mb:      +1.07192
NS1-Madm_ql: +0.98646
NS1-S:       +7.22685e-12
NS1-Chi:     +7.22685e-12
NS1-Chi_ql:  +7.42659e-12
NS1-OmegaS:  +2.68564e-05
NS-Rs:       +6.10406 +7.05522

NS2-Mb:      +1.07192
NS2-Madm_ql: +0.98646
NS2-S:       +7.21268e-12
NS2-Chi:     +7.21268e-12
NS2-Chi_ql:  +7.41203e-12
NS2-OmegaS:  +2.68564e-05
NS-Rs:       +6.10406 +7.05522
=======================================

Resolution of old space: 9 (r), 9 (theta), 8 (phi)
Resolution of new space: 11 (r), 11 (theta), 10 (phi)
Rmin/max: 
6.10406 7.05522
6.10406 7.05522
Bounds:
NS1: 3.05203 6.71073 8.03681 
NS2: 3.05203 6.71073 8.03681 
xc1: -10
xc2: 10
Config File: ./bns_regrid.info
Fields File: ./bns_regrid.dat
***************binary info***************
                 com: 2.12931e-12
                comy: 1.03999e-12
            distance: 20
           ecc_omega: 0.0140018
        global_omega: 0.0140273
        outer_shells: 0
                   q: 1
                qpig: 12.5664
                 res: 11
                rext: 40
*****************ns info*****************
                 chi: 0
         decay_limit: 10
                 dim: 3
             fixed_r: 6.10406
                  hc: 1.16624
                madm: 1
                  mb: 1.07192
      n_inner_shells: 0
                  nc: 0.00111478
             nshells: 0
               omega: 2.68564e-05
             ql_madm: 0.98646
                qpig: 12.5664
                 res: 11
                 rin: 3.05203
                rmid: 6.71073
                rout: 8.03681
             eosfile: togashi.lorene
             eostype: Cold_Table
               h_cut: 0
   interpolation_pts: 2000
*****************ns info*****************
                 chi: 0
         decay_limit: 10
                 dim: 3
             fixed_r: 6.10406
                  hc: 1.16624
                madm: 1
                  mb: 1.07192
      n_inner_shells: 0
                  nc: 0.00111478
             nshells: 0
               omega: 2.68564e-05
             ql_madm: 0.98646
                qpig: 12.5664
                 res: 11
                 rin: 3.05203
                rmid: 6.71073
                rout: 8.03681
             eosfile: togashi.lorene
             eostype: Cold_Table
               h_cut: 0
   interpolation_pts: 2000

=================================
BNS grav input
Distance: 20
Omega guess: 0.0140273
Units: 12.5664
=================================
############################
Total with mass fixing, chi = 0,0 and q = 1
############################
=======================================
Iter:        +0
Error:       +0
Omega:       +0.0140273
Axis:        +2.12931e-12
P:           [-3.293e-12, +7.88598e-13, +0]

NS1-Mb:      +1.06245
NS1-Madm_ql: +0.986229
NS1-S:       +0.000632686
NS1-Chi:     +0.000632686
NS1-Chi_ql:  +0.000650478
NS1-OmegaS:  +2.68564e-05
NS-Rs:       +6.02954 +7.05522

NS2-Mb:      +1.06245
NS2-Madm_ql: +0.986229
NS2-S:       +0.000632686
NS2-Chi:     +0.000632686
NS2-Chi_ql:  +0.000650478
NS2-OmegaS:  +2.68564e-05
NS-Rs:       +6.02954 +7.05522
=======================================

Error init = 0.0803403, Eq: eqP= 0 Dom: 5 Bounday: -1
DOF / rank = 91866 x 91866 / 100 = 8.43936e+07
--------------------------------------------------------------------------
Primary job  terminated normally, but 1 process returned
a non-zero exit code. Per user-direction, the job has been aborted.
--------------------------------------------------------------------------
--------------------------------------------------------------------------
mpirun noticed that process rank 60 with PID 443050 on node node206 exited on signal 9 (Killed).
--------------------------------------------------------------------------
