No dat file associated with : ./initial_bns_d25q1.info
Creating a setup based on config file...
Solutions will be stored in: /home/la34cit/fuka//COs/
Directory will be created if it doesn't exist.
0.00107, 0.0011175
Config File: /home/la34cit/fuka//COs/initns.info
Fields File: /home/la34cit/fuka//COs/initns.dat
*****************ns info*****************
                 chi: 0
                 dim: 3
                  hc: 1.00919
                madm: 1
                  mb: 1.11258
      n_inner_shells: 0
                  nc: 0.00108187
             nshells: 0
               omega: 0
                qpig: 12.5664
                 res: 9
                 rin: 3.15541
                rmid: 6.31081
                rout: 12.6216
             eosfile: togashi.lorene
             eostype: Cold_Table
               h_cut: 0
   interpolation_pts: 2000

Last stage: binary_boost
############################
TOV with a resolved surface
with ADM Mass fixing
############################
[Rmin, Rmax] : [6.31081, 6.31081]
Error init = 1, Eq: integ(intMadm) = Madm Dom: 3 Bounday: 1
DOF / rank = 6599 x 6599 / 120 = 362890
Block size is 32, consider lowering the number of cores.
Load and redistrib Jacobian: 15.4661 / 14.8737 / 16.1263 seconds (avg/min/max)
Inverting the matrix: 80.3652 seconds
Distributing solution: 0.0722777 seconds
=======================================
Iter:        +1
Error:       +1
Mb:          +1.14209
Madm:        +0
Madm_ql:     +0 [-nan]
Mk:          +0 [-nan]
R:           +6.75905 +6.75905

Error init = 0.00762911, Eq: integvolume(intMb) = Mb Dom: 0 Bounday: -1
DOF / rank = 6599 x 6599 / 120 = 362890
Block size is 32, consider lowering the number of cores.
Load and redistrib Jacobian: 13.8152 / 13.7767 / 13.8509 seconds (avg/min/max)
Inverting the matrix: 73.1739 seconds
Distributing solution: 1.65738 seconds
=======================================
Iter:        +2
Error:       +0.00762911
Mb:          +1.148
Madm:        +1
Madm_ql:     +1 [+1.78169e-12]
Mk:          +0.789565 [+0.210435]
R:           +6.7038 +6.7038

Error init = 8.72573e-05, Eq: firstint Dom: 0 Bounday: -1
DOF / rank = 6599 x 6599 / 120 = 362890
Block size is 32, consider lowering the number of cores.
Load and redistrib Jacobian: 13.003 / 12.9709 / 13.0327 seconds (avg/min/max)
Inverting the matrix: 62.2835 seconds
Distributing solution: 0.0331872 seconds
=======================================
Iter:        +3
Error:       +8.72573e-05
Mb:          +1.07061
Madm:        +1
Madm_ql:     +1 [+1.9762e-14]
Mk:          +0.997912 [+0.00208825]
R:           +6.70136 +6.70136

Error init = 1.00694e-07, Eq: integvolume(intMb) = Mb Dom: 0 Bounday: -1
DOF / rank = 6599 x 6599 / 120 = 362890
Block size is 32, consider lowering the number of cores.
Load and redistrib Jacobian: 13.0382 / 13.0069 / 13.0649 seconds (avg/min/max)
Inverting the matrix: 85.4091 seconds
Distributing solution: 0.0366516 seconds
=======================================
Iter:        +4
Error:       +1.00694e-07
Mb:          +1.07012
Madm:        +1
Madm_ql:     +1 [+2.47913e-13]
Mk:          +0.999326 [+0.000673691]
R:           +6.70137 +6.70137

Error init = 8.46931e-10, Eq: integvolume(intMb) = Mb Dom: 0 Bounday: -1
=======================================
Iter:        +5
Error:       +8.46931e-10
Mb:          +1.07012
Madm:        +1
Madm_ql:     +1 [+4.17444e-14]
Mk:          +0.999325 [+0.000674971]
R:           +6.70137 +6.70137

Config File: /home/la34cit/fuka//COs/converged_NS_NOROT_BC.togashi.1.0.0.09.info
Fields File: /home/la34cit/fuka//COs/converged_NS_NOROT_BC.togashi.1.0.0.09.dat
*****************ns info*****************
                 chi: 0
                 dim: 3
                  hc: 1.16524
                madm: 1
                  mb: 1.07012
      n_inner_shells: 0
                  nc: 0.00111162
             nshells: 0
               omega: 0
             ql_madm: 1
                qpig: 12.5664
                 res: 9
                 rin: 3.15541
                rmid: 6.31081
                rout: 12.6216
             eosfile: togashi.lorene
             eostype: Cold_Table
               h_cut: 0
   interpolation_pts: 2000

Last stage: binary_boost
Solved previously: /home/la34cit/fuka//COs/converged_NS_TOTAL_BC.togashi.1.0.0.09.info
Config File: /home/la34cit/fuka//COs/converged_NS_TOTAL_BC.togashi.1.0.0.09.info
Fields File: /home/la34cit/fuka//COs/converged_NS_TOTAL_BC.togashi.1.0.0.09.dat
*****************ns info*****************
                 chi: 0
                 dim: 3
                  hc: 1.16524
                madm: 1
                  mb: 1.07012
      n_inner_shells: 0
                  nc: 0.00111162
             nshells: 0
               omega: 0
             ql_madm: 1
                qpig: 12.5664
                 res: 9
                 rin: 3.15541
                rmid: 6.31081
                rout: 12.6216
             eosfile: togashi.lorene
             eostype: Cold_Table
               h_cut: 0
   interpolation_pts: 2000

Last stage: binary_boost
Solved previously: /home/la34cit/fuka//COs/converged_NS_TOTAL_BC.togashi.1.0.0.09.info
Resolution of old space: 9 (r), 9 (theta), 8 (phi)
Rmin/max: 6.70137 6.70137
Resolution of new space: 11 (r), 11 (theta), 10 (phi)
New bounds: : 3.35069 6.70137 10.0521 
slurmstepd: error: *** JOB 1702933 ON node162 CANCELLED AT 2022-09-30T16:09:01 DUE TO TIME LIMIT ***
