No dat file associated with : ./initial_bns_d32_s-.info
Creating a setup based on config file...
Solutions will be stored in: /home/la34cit/fuka//COs/
Directory will be created if it doesn't exist.
0.00107, 0.0011175
Config File: /home/la34cit/fuka//COs/initns.info
Fields File: /home/la34cit/fuka//COs/initns.dat
*****************ns info*****************
                 chi: -0.1
                 dim: 3
                  hc: 1.00919
                madm: 1
                  mb: 1.11258
      n_inner_shells: 0
                  nc: 0.00108187
             nshells: 0
               omega: 0
                qpig: 12.5664
                 res: 9
                 rin: 3.15541
                rmid: 6.31081
                rout: 12.6216
             eosfile: togashi.lorene
             eostype: Cold_Table
               h_cut: 0
   interpolation_pts: 2000

Last stage: binary_boost
Current: /home/la34cit/fuka//COs/initns.info
Solved previously: /home/la34cit/fuka//COs/converged_NS_NOROT_BC.togashi.1.0.0.09.info
Config File: /home/la34cit/fuka//COs/converged_NS_NOROT_BC.togashi.1.0.0.09.info
Fields File: /home/la34cit/fuka//COs/converged_NS_NOROT_BC.togashi.1.0.0.09.dat
*****************ns info*****************
                 chi: -0.1
                 dim: 3
                  hc: 1.16524
                madm: 1
                  mb: 1.07012
      n_inner_shells: 0
                  nc: 0.00111162
             nshells: 0
               omega: 0
             ql_madm: 1
                qpig: 12.5664
                 res: 9
                 rin: 3.15541
                rmid: 6.31081
                rout: 12.6216
             eosfile: togashi.lorene
             eostype: Cold_Table
               h_cut: 0
   interpolation_pts: 2000

Last stage: binary_boost
Solved previously: /home/la34cit/fuka//COs/converged_NS_TOTAL_BC.togashi.1.-0.1.0.09.info
Config File: /home/la34cit/fuka//COs/converged_NS_TOTAL_BC.togashi.1.-0.1.0.09.info
Fields File: /home/la34cit/fuka//COs/converged_NS_TOTAL_BC.togashi.1.-0.1.0.09.dat
*****************ns info*****************
                 chi: -0.1
                 dim: 3
                  hc: 1.16433
                madm: 1
                  mb: 1.06976
      n_inner_shells: 0
                  nc: 0.00110871
             nshells: 0
               omega: -0.00507285
             ql_madm: 1
                qpig: 12.5664
                 res: 9
                 rin: 3.15541
                rmid: 6.31081
                rout: 12.6216
             eosfile: togashi.lorene
             eostype: Cold_Table
               h_cut: 0
   interpolation_pts: 2000

Last stage: binary_boost
Solved previously: /home/la34cit/fuka//COs/converged_NS_TOTAL_BC.togashi.1.-0.3.0.09.info
Config File: /home/la34cit/fuka//COs/converged_NS_TOTAL_BC.togashi.1.-0.3.0.09.info
Fields File: /home/la34cit/fuka//COs/converged_NS_TOTAL_BC.togashi.1.-0.3.0.09.dat
*****************ns info*****************
                 chi: -0.3
                 dim: 3
                  hc: 1.15727
                madm: 1
                  mb: 1.06689
      n_inner_shells: 0
                  nc: 0.00108579
             nshells: 0
               omega: -0.0145214
             ql_madm: 1
                qpig: 12.5664
                 res: 9
                 rin: 3.15541
                rmid: 6.31081
                rout: 12.6216
             eosfile: togashi.lorene
             eostype: Cold_Table
               h_cut: 0
   interpolation_pts: 2000

Last stage: binary_boost
Solved previously: /home/la34cit/fuka//COs/converged_NS_TOTAL_BC.togashi.1.-0.3.0.09.info
Resolution of old space: 9 (r), 9 (theta), 8 (phi)
Rmin/max: 6.46417 6.9899
Resolution of new space: 11 (r), 11 (theta), 10 (phi)
New bounds: : 3.23208 6.46417 10.4849 
Config File: /home/la34cit/fuka//COs/initns.info
Fields File: /home/la34cit/fuka//COs/initns.dat
*****************ns info*****************
                 chi: -0.3
                 dim: 3
                  hc: 1.15727
                madm: 1
                  mb: 1.06689
      n_inner_shells: 0
                  nc: 0.00108579
             nshells: 0
               omega: -0.0145214
             ql_madm: 1
                qpig: 12.5664
                 res: 11
                 rin: 3.23208
                rmid: 6.46417
                rout: 10.4849
             eosfile: togashi.lorene
             eostype: Cold_Table
               h_cut: 0
   interpolation_pts: 2000

Last stage: binary_boost
Solved previously: /home/la34cit/fuka//COs/converged_NS_TOTAL_BC.togashi.1.-0.3.0.11.info
Config File: /home/la34cit/fuka//COs/converged_NS_TOTAL_BC.togashi.1.-0.3.0.11.info
Fields File: /home/la34cit/fuka//COs/converged_NS_TOTAL_BC.togashi.1.-0.3.0.11.dat
*****************ns info*****************
                 chi: -0.3
                 dim: 3
                  hc: 1.15871
                madm: 1
                  mb: 1.06905
      n_inner_shells: 0
                  nc: 0.00109054
             nshells: 0
               omega: -0.0145918
             ql_madm: 1
                qpig: 12.5664
                 res: 11
                 rin: 3.23208
                rmid: 6.46417
                rout: 10.4849
             eosfile: togashi.lorene
             eostype: Cold_Table
               h_cut: 0
   interpolation_pts: 2000

Last stage: binary_boost
Solved previously: /home/la34cit/fuka//COs/converged_NS_TOTAL_BC.togashi.1.-0.3.0.11.info
Config File: /home/la34cit/fuka//COs/converged_NS_TOTAL_BC.togashi.1.-0.3.0.11.info
Fields File: /home/la34cit/fuka//COs/converged_NS_TOTAL_BC.togashi.1.-0.3.0.11.dat
*****************ns info*****************
                 chi: -0.3
                 dim: 3
                  hc: 1.15871
                madm: 1
                  mb: 1.06905
      n_inner_shells: 0
                  nc: 0.00109054
             nshells: 0
               omega: -0.0145918
             ql_madm: 1
                qpig: 12.5664
                 res: 11
                 rin: 3.23208
                rmid: 6.46417
                rout: 10.4849
             eosfile: togashi.lorene
             eostype: Cold_Table
               h_cut: 0
   interpolation_pts: 2000

############################
Binary boosted NS
############################
=======================================
Iter:        +0
Error:       +0
Mb:          +1.06881
Madm:        +1
Madm_ql:     +1 [+1.41495e-08]
Mk:          +1.00027 [+0.000265475]
R:           +6.47623 +7.00565
Jadm:        -0.3
Chi:         -0.3 [-0.3]
Omega:       -0.0145918
=======================================

Error init = 0.00024091, Eq: integvolume(intMb) = Mb Dom: 0 Bounday: -1
DOF / rank = 24690 x 24690 / 480 = 1.26999e+06
Block size is 32, consider lowering the number of cores.
Load and redistrib Jacobian: 88.9867 / 87.9946 / 89.3126 seconds (avg/min/max)
Inverting the matrix: 167.669 seconds
Distributing solution: 0.0987624 seconds
=======================================
Iter:        +1
Error:       +0.00024091
Mb:          +1.06881
Madm:        +1
Madm_ql:     +1 [+1.41495e-08]
Mk:          +1.00027 [+0.000265475]
R:           +6.47623 +7.00565
Jadm:        -0.3
Chi:         -0.3 [-0.3]
Omega:       -0.0155202
=======================================

Error init = 7.30451e-06, Eq: integvolume(intMb) = Mb Dom: 0 Bounday: -1
DOF / rank = 24690 x 24690 / 480 = 1.26999e+06
Block size is 32, consider lowering the number of cores.
Load and redistrib Jacobian: 88.7813 / 88.4622 / 89.1191 seconds (avg/min/max)
Inverting the matrix: 163.785 seconds
Distributing solution: 0.0988778 seconds
=======================================
Iter:        +2
Error:       +7.30451e-06
Mb:          +1.06906
Madm:        +0.999992
Madm_ql:     +0.999992 [+1.38589e-08]
Mk:          +1.02822 [+0.0282244]
R:           +6.47623 +7.00565
Jadm:        -0.3
Chi:         -0.300005 [-0.3]
Omega:       -0.0155261
=======================================

Error init = 1.15446e-08, Eq: integvolume(intMb) = Mb Dom: 0 Bounday: -1
DOF / rank = 24690 x 24690 / 480 = 1.26999e+06
Block size is 32, consider lowering the number of cores.
Load and redistrib Jacobian: 87.7031 / 87.3797 / 88.2827 seconds (avg/min/max)
Inverting the matrix: 161.367 seconds
Distributing solution: 0.105209 seconds
=======================================
Iter:        +3
Error:       +1.15446e-08
Mb:          +1.06905
Madm:        +1
Madm_ql:     +1 [+1.33817e-08]
Mk:          +1.02823 [+0.028228]
R:           +6.47623 +7.00565
Jadm:        -0.3
Chi:         -0.3 [-0.3]
Omega:       -0.0155261
=======================================

Error init = 9.50329e-12, Eq: integvolume(intMb) = Mb Dom: 0 Bounday: -1
=======================================
Iter:        +4
Error:       +9.50329e-12
Mb:          +1.06905
Madm:        +1
Madm_ql:     +1 [+1.43696e-08]
Mk:          +1.02823 [+0.028228]
R:           +6.47623 +7.00565
Jadm:        -0.3
Chi:         -0.3 [-0.3]
Omega:       -0.0155261
=======================================

Solutions will be stored in: /home/la34cit/fuka//COs/
Directory will be created if it doesn't exist.
0.00107, 0.0011175
Config File: /home/la34cit/fuka//COs/initns.info
Fields File: /home/la34cit/fuka//COs/initns.dat
*****************ns info*****************
                 chi: -0.1
                 dim: 3
                  hc: 1.00919
                madm: 1
                  mb: 1.11258
      n_inner_shells: 0
                  nc: 0.00108187
             nshells: 0
               omega: 0
                qpig: 12.5664
                 res: 9
                 rin: 3.15541
                rmid: 6.31081
                rout: 12.6216
             eosfile: togashi.lorene
             eostype: Cold_Table
               h_cut: 0
   interpolation_pts: 2000

Last stage: binary_boost
Current: /home/la34cit/fuka//COs/initns.info
Solved previously: /home/la34cit/fuka//COs/converged_NS_NOROT_BC.togashi.1.0.0.09.info
Config File: /home/la34cit/fuka//COs/converged_NS_NOROT_BC.togashi.1.0.0.09.info
Fields File: /home/la34cit/fuka//COs/converged_NS_NOROT_BC.togashi.1.0.0.09.dat
*****************ns info*****************
                 chi: -0.1
                 dim: 3
                  hc: 1.16524
                madm: 1
                  mb: 1.07012
      n_inner_shells: 0
                  nc: 0.00111162
             nshells: 0
               omega: 0
             ql_madm: 1
                qpig: 12.5664
                 res: 9
                 rin: 3.15541
                rmid: 6.31081
                rout: 12.6216
             eosfile: togashi.lorene
             eostype: Cold_Table
               h_cut: 0
   interpolation_pts: 2000

Last stage: binary_boost
Solved previously: /home/la34cit/fuka//COs/converged_NS_TOTAL_BC.togashi.1.-0.1.0.09.info
Config File: /home/la34cit/fuka//COs/converged_NS_TOTAL_BC.togashi.1.-0.1.0.09.info
Fields File: /home/la34cit/fuka//COs/converged_NS_TOTAL_BC.togashi.1.-0.1.0.09.dat
*****************ns info*****************
                 chi: -0.1
                 dim: 3
                  hc: 1.16433
                madm: 1
                  mb: 1.06976
      n_inner_shells: 0
                  nc: 0.00110871
             nshells: 0
               omega: -0.00507285
             ql_madm: 1
                qpig: 12.5664
                 res: 9
                 rin: 3.15541
                rmid: 6.31081
                rout: 12.6216
             eosfile: togashi.lorene
             eostype: Cold_Table
               h_cut: 0
   interpolation_pts: 2000

Last stage: binary_boost
Solved previously: /home/la34cit/fuka//COs/converged_NS_TOTAL_BC.togashi.1.-0.3.0.09.info
Config File: /home/la34cit/fuka//COs/converged_NS_TOTAL_BC.togashi.1.-0.3.0.09.info
Fields File: /home/la34cit/fuka//COs/converged_NS_TOTAL_BC.togashi.1.-0.3.0.09.dat
*****************ns info*****************
                 chi: -0.3
                 dim: 3
                  hc: 1.15727
                madm: 1
                  mb: 1.06689
      n_inner_shells: 0
                  nc: 0.00108579
             nshells: 0
               omega: -0.0145214
             ql_madm: 1
                qpig: 12.5664
                 res: 9
                 rin: 3.15541
                rmid: 6.31081
                rout: 12.6216
             eosfile: togashi.lorene
             eostype: Cold_Table
               h_cut: 0
   interpolation_pts: 2000

Last stage: binary_boost
Solved previously: /home/la34cit/fuka//COs/converged_NS_TOTAL_BC.togashi.1.-0.3.0.09.info
Resolution of old space: 9 (r), 9 (theta), 8 (phi)
Rmin/max: 6.46417 6.9899
Resolution of new space: 11 (r), 11 (theta), 10 (phi)
New bounds: : 3.23208 6.46417 10.4849 
Config File: /home/la34cit/fuka//COs/initns.info
Fields File: /home/la34cit/fuka//COs/initns.dat
*****************ns info*****************
                 chi: -0.3
                 dim: 3
                  hc: 1.15727
                madm: 1
                  mb: 1.06689
      n_inner_shells: 0
                  nc: 0.00108579
             nshells: 0
               omega: -0.0145214
             ql_madm: 1
                qpig: 12.5664
                 res: 11
                 rin: 3.23208
                rmid: 6.46417
                rout: 10.4849
             eosfile: togashi.lorene
             eostype: Cold_Table
               h_cut: 0
   interpolation_pts: 2000

Last stage: binary_boost
Solved previously: /home/la34cit/fuka//COs/converged_NS_TOTAL_BC.togashi.1.-0.3.0.11.info
Config File: /home/la34cit/fuka//COs/converged_NS_TOTAL_BC.togashi.1.-0.3.0.11.info
Fields File: /home/la34cit/fuka//COs/converged_NS_TOTAL_BC.togashi.1.-0.3.0.11.dat
*****************ns info*****************
                 chi: -0.3
                 dim: 3
                  hc: 1.15871
                madm: 1
                  mb: 1.06905
      n_inner_shells: 0
                  nc: 0.00109054
             nshells: 0
               omega: -0.0145918
             ql_madm: 1
                qpig: 12.5664
                 res: 11
                 rin: 3.23208
                rmid: 6.46417
                rout: 10.4849
             eosfile: togashi.lorene
             eostype: Cold_Table
               h_cut: 0
   interpolation_pts: 2000

Last stage: binary_boost
Solved previously: /home/la34cit/fuka//COs/converged_NS_TOTAL_BC.togashi.1.-0.3.0.11.info
Config File: /home/la34cit/fuka//COs/converged_NS_TOTAL_BC.togashi.1.-0.3.0.11.info
Fields File: /home/la34cit/fuka//COs/converged_NS_TOTAL_BC.togashi.1.-0.3.0.11.dat
*****************ns info*****************
                 chi: -0.3
                 dim: 3
                  hc: 1.15871
                madm: 1
                  mb: 1.06905
      n_inner_shells: 0
                  nc: 0.00109054
             nshells: 0
               omega: -0.0145918
             ql_madm: 1
                qpig: 12.5664
                 res: 11
                 rin: 3.23208
                rmid: 6.46417
                rout: 10.4849
             eosfile: togashi.lorene
             eostype: Cold_Table
               h_cut: 0
   interpolation_pts: 2000

Solved previously: /home/la34cit/fuka//COs/converged_NS_BIN_BOOST_32_0.00722501.togashi.1.-0.3.0.11.info
/home/la34cit/fuka//COs/converged_NS_BIN_BOOST_32_0.00722501.togashi.1.-0.3.0.11.info
/home/la34cit/fuka//COs/converged_NS_BIN_BOOST_32_0.00722501.togashi.1.-0.3.0.11.info
Bounds:
Outer: 64 
NS1: 3.23811 7.00565 10.0038 
NS2: 3.23811 7.00565 10.0038 
xc1: -16
xc2: 16
WeightNS1: 16, WeightNS2: 16
Config File: ./initbin.info
Fields File: ./initbin.dat
***************binary info***************
                 com: 0
                comy: 0
            distance: 32
           ecc_omega: 0.00722501
        global_omega: 0.00722501
        outer_shells: 0
                   q: 1
                qpig: 12.5664
                 res: 9
                rext: 64
*****************ns info*****************
                 chi: -0.3
         decay_limit: 16
                 dim: 3
                  hc: 1.15871
                madm: 1
                  mb: 1.06905
      n_inner_shells: 0
                  nc: 0.00109054
             nshells: 0
               omega: -0.0155261
             ql_madm: 1
                qpig: 12.5664
                 res: 11
                 rin: 3.23811
                rmid: 7.00565
                rout: 10.0038
             eosfile: togashi.lorene
             eostype: Cold_Table
               h_cut: 0
   interpolation_pts: 2000
*****************ns info*****************
                 chi: -0.3
         decay_limit: 16
                 dim: 3
                  hc: 1.15871
                madm: 1
                  mb: 1.06905
      n_inner_shells: 0
                  nc: 0.00109054
             nshells: 0
               omega: -0.0155261
             ql_madm: 1
                qpig: 12.5664
                 res: 11
                 rin: 3.23811
                rmid: 7.00565
                rout: 10.0038
             eosfile: togashi.lorene
             eostype: Cold_Table
               h_cut: 0
   interpolation_pts: 2000

=================================
BNS grav input
Distance: 32
Omega guess: 0.00722501
Units: 12.5664
=================================
############################
Py fixing without first integral and fixed omega, chi = -0.3,-0.3 and q = 1
with Py BC fixing
############################
=======================================
Iter:        +0
Error:       +0
Omega:       +0.00722501
Axis:        +0
P:           [+0, +0, +0]

NS1-Mb:      +1.06758
NS1-Madm_ql: +1.10123
NS1-S:       -0.298758
NS1-Chi:     -0.298758
NS1-Chi_ql:  -0.246356
NS1-OmegaS:  -0.0155261
NS-Rs:       +6.47623 +7.00565

NS2-Mb:      +1.06758
NS2-Madm_ql: +1.10123
NS2-S:       -0.298758
NS2-Chi:     -0.298758
NS2-Chi_ql:  -0.246356
NS2-OmegaS:  -0.0155261
NS-Rs:       +6.47623 +7.00565
=======================================

Error init = 0.101231, Eq: integvolume(intM) = qlMadm1 Dom: 0 Bounday: -1
DOF / rank = 41323 x 41323 / 480 = 3.55748e+06
Load and redistrib Jacobian: 261.445 / 260.398 / 262.425 seconds (avg/min/max)
Inverting the matrix: 168.591 seconds
Distributing solution: 0.146006 seconds
=======================================
Iter:        +1
Error:       +0.101231
Omega:       +0.00722501
Axis:        +0.845752
P:           [+3.00447e-15, +2.08896e-09, +0]

NS1-Mb:      +1.06005
NS1-Madm_ql: +1.00257
NS1-S:       -0.309851
NS1-Chi:     -0.309851
NS1-Chi_ql:  -0.308262
NS1-OmegaS:  -0.0148436
NS-Rs:       +6.47623 +7.00565

NS2-Mb:      +1.06005
NS2-Madm_ql: +1.00257
NS2-S:       -0.309874
NS2-Chi:     -0.309874
NS2-Chi_ql:  -0.308285
NS2-OmegaS:  -0.0148436
NS-Rs:       +6.47623 +7.00565
=======================================

Error init = 0.00987419, Eq: integ(intS2) / Madm2 / Madm2 = chi2 Dom: 5 Bounday: 1
DOF / rank = 41323 x 41323 / 480 = 3.55748e+06
Load and redistrib Jacobian: 264.377 / 263.378 / 265.192 seconds (avg/min/max)
Inverting the matrix: 169.631 seconds
Distributing solution: 0.133676 seconds
=======================================
Iter:        +2
Error:       +0.00987419
Omega:       +0.00722501
Axis:        -0.0336573
P:           [+6.71968e-15, -7.51983e-11, +0]

NS1-Mb:      +1.06903
NS1-Madm_ql: +0.989694
NS1-S:       -0.300033
NS1-Chi:     -0.300033
NS1-Chi_ql:  -0.306315
NS1-OmegaS:  -0.0146845
NS-Rs:       +6.47623 +7.00565

NS2-Mb:      +1.06903
NS2-Madm_ql: +0.989691
NS2-S:       -0.300034
NS2-Chi:     -0.300034
NS2-Chi_ql:  -0.306317
NS2-OmegaS:  -0.0146846
NS-Rs:       +6.47623 +7.00565
=======================================

Error init = 3.368e-05, Eq: integ(intS2) / Madm2 / Madm2 = chi2 Dom: 5 Bounday: 1
DOF / rank = 41323 x 41323 / 480 = 3.55748e+06
Load and redistrib Jacobian: 262.13 / 261.155 / 262.999 seconds (avg/min/max)
Inverting the matrix: 172.795 seconds
Distributing solution: 0.13462 seconds
=======================================
Iter:        +3
Error:       +3.368e-05
Omega:       +0.00722501
Axis:        -1.36295e-05
P:           [-4.17189e-15, -2.31241e-12, +0]

NS1-Mb:      +1.06905
NS1-Madm_ql: +0.99034
NS1-S:       -0.3
NS1-Chi:     -0.3
NS1-Chi_ql:  -0.305881
NS1-OmegaS:  -0.0146743
NS-Rs:       +6.47623 +7.00565

NS2-Mb:      +1.06905
NS2-Madm_ql: +0.99034
NS2-S:       -0.3
NS2-Chi:     -0.3
NS2-Chi_ql:  -0.305881
NS2-OmegaS:  -0.0146743
NS-Rs:       +6.47623 +7.00565
=======================================

Error init = 1.00854e-06, Eq: integvolume(intMb) = Mb2 Dom: 3 Bounday: -1
DOF / rank = 41323 x 41323 / 480 = 3.55748e+06
Load and redistrib Jacobian: 261.676 / 260.633 / 262.488 seconds (avg/min/max)
Inverting the matrix: 177.545 seconds
Distributing solution: 0.129602 seconds
=======================================
Iter:        +4
Error:       +1.00854e-06
Omega:       +0.00722501
Axis:        +2.14652e-08
P:           [-8.79491e-15, -1.15296e-14, +0]

NS1-Mb:      +1.06905
NS1-Madm_ql: +0.990341
NS1-S:       -0.3
NS1-Chi:     -0.3
NS1-Chi_ql:  -0.305881
NS1-OmegaS:  -0.0146743
NS-Rs:       +6.47623 +7.00565

NS2-Mb:      +1.06905
NS2-Madm_ql: +0.990341
NS2-S:       -0.3
NS2-Chi:     -0.3
NS2-Chi_ql:  -0.305881
NS2-OmegaS:  -0.0146743
NS-Rs:       +6.47623 +7.00565
=======================================

Error init = 3.06067e-09, Eq: integvolume(intMb) = Mb2 Dom: 3 Bounday: -1
=======================================
Iter:        +5
Error:       +3.06067e-09
Omega:       +0.00722501
Axis:        +2.14652e-08
P:           [-8.79491e-15, -1.15296e-14, +0]

NS1-Mb:      +1.06905
NS1-Madm_ql: +0.990341
NS1-S:       -0.3
NS1-Chi:     -0.3
NS1-Chi_ql:  -0.305881
NS1-OmegaS:  -0.0146743
NS-Rs:       +6.47623 +7.00565

NS2-Mb:      +1.06905
NS2-Madm_ql: +0.990341
NS2-S:       -0.3
NS2-Chi:     -0.3
NS2-Chi_ql:  -0.305881
NS2-OmegaS:  -0.0146743
NS-Rs:       +6.47623 +7.00565
=======================================

############################
Total with mass fixing, chi = -0.3,-0.3 and q = 1
############################
=======================================
Iter:        +0
Error:       +0
Omega:       +0.00722501
Axis:        +2.14652e-08
P:           [-8.79491e-15, -1.15296e-14, +0]

NS1-Mb:      +1.06905
NS1-Madm_ql: +0.990341
NS1-S:       -0.3
NS1-Chi:     -0.3
NS1-Chi_ql:  -0.305881
NS1-OmegaS:  -0.0146743
NS-Rs:       +6.47623 +7.00565

NS2-Mb:      +1.06905
NS2-Madm_ql: +0.990341
NS2-S:       -0.3
NS2-Chi:     -0.3
NS2-Chi_ql:  -0.305881
NS2-OmegaS:  -0.0146743
NS-Rs:       +6.47623 +7.00565
=======================================

Error init = 0.00739096, Eq: firstint Dom: 3 Bounday: -1
DOF / rank = 48397 x 48397 / 480 = 4.87973e+06
Load and redistrib Jacobian: 259.299 / 257.983 / 260.342 seconds (avg/min/max)
Inverting the matrix: 230.487 seconds
Distributing solution: 0.13799 seconds
=======================================
Iter:        +1
Error:       +0.00739096
Omega:       +0.00716943
Axis:        -7.49524e-09
P:           [-4.98674e-13, -1.39858e-09, +0]

NS1-Mb:      +1.06081
NS1-Madm_ql: +0.992768
NS1-S:       -0.300039
NS1-Chi:     -0.300039
NS1-Chi_ql:  -0.304426
NS1-OmegaS:  -0.0152444
NS-Rs:       +6.1963 +6.89813

NS2-Mb:      +1.06081
NS2-Madm_ql: +0.992768
NS2-S:       -0.300039
NS2-Chi:     -0.300039
NS2-Chi_ql:  -0.304426
NS2-OmegaS:  -0.0152444
NS-Rs:       +6.1963 +6.89813
=======================================

Error init = 0.00824493, Eq: integvolume(intMb) = Mb1 Dom: 0 Bounday: -1
DOF / rank = 48397 x 48397 / 480 = 4.87973e+06
Load and redistrib Jacobian: 257.259 / 255.95 / 258.323 seconds (avg/min/max)
Inverting the matrix: 219.739 seconds
Distributing solution: 0.131957 seconds
=======================================
Iter:        +2
Error:       +0.00824493
Omega:       +0.00716248
Axis:        -2.1645e-10
P:           [-7.14071e-13, -1.01193e-10, +0]

NS1-Mb:      +1.06907
NS1-Madm_ql: +0.991497
NS1-S:       -0.299999
NS1-Chi:     -0.299999
NS1-Chi_ql:  -0.305166
NS1-OmegaS:  -0.0153103
NS-Rs:       +6.21944 +6.90936

NS2-Mb:      +1.06907
NS2-Madm_ql: +0.991497
NS2-S:       -0.299999
NS2-Chi:     -0.299999
NS2-Chi_ql:  -0.305166
NS2-OmegaS:  -0.0153103
NS-Rs:       +6.21944 +6.90936
=======================================

Error init = 2.08065e-05, Eq: integvolume(intMb) = Mb1 Dom: 0 Bounday: -1
DOF / rank = 48397 x 48397 / 480 = 4.87973e+06
Load and redistrib Jacobian: 257.263 / 255.999 / 258.414 seconds (avg/min/max)
Inverting the matrix: 224.536 seconds
Distributing solution: 0.325868 seconds
=======================================
Iter:        +3
Error:       +2.08065e-05
Omega:       +0.00716236
Axis:        +3.45944e-11
P:           [-5.15166e-13, +1.40881e-11, +0]

NS1-Mb:      +1.06905
NS1-Madm_ql: +0.991352
NS1-S:       -0.3
NS1-Chi:     -0.3
NS1-Chi_ql:  -0.305257
NS1-OmegaS:  -0.0153108
NS-Rs:       +6.21962 +6.90942

NS2-Mb:      +1.06905
NS2-Madm_ql: +0.991352
NS2-S:       -0.3
NS2-Chi:     -0.3
NS2-Chi_ql:  -0.305257
NS2-OmegaS:  -0.0153108
NS-Rs:       +6.21962 +6.90942
=======================================

Error init = 2.31924e-07, Eq: integvolume(intMb) = Mb1 Dom: 0 Bounday: -1
DOF / rank = 48397 x 48397 / 480 = 4.87973e+06
Load and redistrib Jacobian: 257.744 / 256.438 / 258.798 seconds (avg/min/max)
Inverting the matrix: 225.062 seconds
Distributing solution: 0.143619 seconds
=======================================
Iter:        +4
Error:       +2.31924e-07
Omega:       +0.00716236
Axis:        +2.18281e-11
P:           [-9.46194e-13, +7.74288e-12, +0]

NS1-Mb:      +1.06905
NS1-Madm_ql: +0.991352
NS1-S:       -0.3
NS1-Chi:     -0.3
NS1-Chi_ql:  -0.305257
NS1-OmegaS:  -0.0153108
NS-Rs:       +6.21962 +6.90942

NS2-Mb:      +1.06905
NS2-Madm_ql: +0.991352
NS2-S:       -0.3
NS2-Chi:     -0.3
NS2-Chi_ql:  -0.305257
NS2-OmegaS:  -0.0153108
NS-Rs:       +6.21962 +6.90942
=======================================

Error init = 3.46869e-10, Eq: integvolume(intMb) = Mb2 Dom: 3 Bounday: -1
=======================================
Iter:        +5
Error:       +3.46869e-10
Omega:       +0.00716236
Axis:        +2.18281e-11
P:           [-9.46194e-13, +7.74288e-12, +0]

NS1-Mb:      +1.06905
NS1-Madm_ql: +0.991352
NS1-S:       -0.3
NS1-Chi:     -0.3
NS1-Chi_ql:  -0.305257
NS1-OmegaS:  -0.0153108
NS-Rs:       +6.21962 +6.90942

NS2-Mb:      +1.06905
NS2-Madm_ql: +0.991352
NS2-S:       -0.3
NS2-Chi:     -0.3
NS2-Chi_ql:  -0.305257
NS2-OmegaS:  -0.0153108
NS-Rs:       +6.21962 +6.90942
=======================================

Resolution of old space: 9 (r), 9 (theta), 8 (phi)
Resolution of new space: 11 (r), 11 (theta), 10 (phi)
Rmin/max: 
6.21962 6.90942
6.21962 6.90942
Bounds:
NS1: 3.10981 7.00565 9.93961 
NS2: 3.10981 7.00565 9.93961 
xc1: -16
xc2: 16
Config File: ./bns_regrid.info
Fields File: ./bns_regrid.dat
***************binary info***************
                 com: 2.18281e-11
                comy: -9.47048e-13
            distance: 32
           ecc_omega: 0.00722501
        global_omega: 0.00716236
        outer_shells: 0
                   q: 1
                qpig: 12.5664
                 res: 11
                rext: 64
*****************ns info*****************
                 chi: -0.3
         decay_limit: 16
                 dim: 3
             fixed_r: 6.21962
                  hc: 1.15871
                madm: 1
                  mb: 1.06905
      n_inner_shells: 0
                  nc: 0.00109054
             nshells: 0
               omega: -0.0153108
             ql_madm: 0.991352
                qpig: 12.5664
                 res: 11
                 rin: 3.10981
                rmid: 7.00565
                rout: 9.93961
             eosfile: togashi.lorene
             eostype: Cold_Table
               h_cut: 0
   interpolation_pts: 2000
*****************ns info*****************
                 chi: -0.3
         decay_limit: 16
                 dim: 3
             fixed_r: 6.21962
                  hc: 1.15871
                madm: 1
                  mb: 1.06905
      n_inner_shells: 0
                  nc: 0.00109054
             nshells: 0
               omega: -0.0153108
             ql_madm: 0.991352
                qpig: 12.5664
                 res: 11
                 rin: 3.10981
                rmid: 7.00565
                rout: 9.93961
             eosfile: togashi.lorene
             eostype: Cold_Table
               h_cut: 0
   interpolation_pts: 2000

=================================
BNS grav input
Distance: 32
Omega guess: 0.00716236
Units: 12.5664
=================================
############################
Total with mass fixing, chi = -0.3,-0.3 and q = 1
############################
=======================================
Iter:        +0
Error:       +0
Omega:       +0.00716236
Axis:        +2.18281e-11
P:           [-8.79296e-13, +7.74681e-12, +0]

NS1-Mb:      +1.05947
NS1-Madm_ql: +0.991365
NS1-S:       -0.299981
NS1-Chi:     -0.299981
NS1-Chi_ql:  -0.30523
NS1-OmegaS:  -0.0153108
NS-Rs:       +6.21962 +6.90942

NS2-Mb:      +1.05947
NS2-Madm_ql: +0.991365
NS2-S:       -0.299981
NS2-Chi:     -0.299981
NS2-Chi_ql:  -0.30523
NS2-OmegaS:  -0.0153108
NS-Rs:       +6.21962 +6.90942
=======================================

Error init = 0.00958113, Eq: integvolume(intMb) = Mb2 Dom: 3 Bounday: -1
DOF / rank = 91866 x 91866 / 480 = 1.7582e+07
Load and redistrib Jacobian: 908.15 / 903.653 / 911.987 seconds (avg/min/max)
Inverting the matrix: 802.66 seconds
Distributing solution: 0.204596 seconds
=======================================
Iter:        +1
Error:       +0.00958113
Omega:       +0.00716035
Axis:        +5.4159e-11
P:           [-8.12854e-13, +6.38683e-10, +0]

NS1-Mb:      +1.06907
NS1-Madm_ql: +0.989903
NS1-S:       -0.300001
NS1-Chi:     -0.300001
NS1-Chi_ql:  -0.306152
NS1-OmegaS:  -0.0154556
NS-Rs:       +6.23231 +6.93097

NS2-Mb:      +1.06907
NS2-Madm_ql: +0.989903
NS2-S:       -0.300001
NS2-Chi:     -0.300001
NS2-Chi_ql:  -0.306152
NS2-OmegaS:  -0.0154556
NS-Rs:       +6.23231 +6.93097
=======================================

Error init = 1.42716e-05, Eq: integvolume(intMb) = Mb1 Dom: 0 Bounday: -1
DOF / rank = 91866 x 91866 / 480 = 1.7582e+07
Load and redistrib Jacobian: 910.455 / 905.675 / 914.244 seconds (avg/min/max)
Inverting the matrix: 803.552 seconds
Distributing solution: 0.205807 seconds
=======================================
Iter:        +2
Error:       +1.42716e-05
Omega:       +0.0071601
Axis:        -2.24907e-12
P:           [-5.31237e-13, +7.53661e-12, +0]

NS1-Mb:      +1.06905
NS1-Madm_ql: +0.989745
NS1-S:       -0.3
NS1-Chi:     -0.3
NS1-Chi_ql:  -0.306249
NS1-OmegaS:  -0.0154588
NS-Rs:       +6.23256 +6.93132

NS2-Mb:      +1.06905
NS2-Madm_ql: +0.989745
NS2-S:       -0.3
NS2-Chi:     -0.3
NS2-Chi_ql:  -0.306249
NS2-OmegaS:  -0.0154588
NS-Rs:       +6.23256 +6.93132
=======================================

Error init = 7.45231e-08, Eq: integvolume(intMb) = Mb1 Dom: 0 Bounday: -1
DOF / rank = 91866 x 91866 / 480 = 1.7582e+07
Load and redistrib Jacobian: 910.435 / 905.454 / 914.251 seconds (avg/min/max)
Inverting the matrix: 812.095 seconds
Distributing solution: 0.208205 seconds
=======================================
Iter:        +3
Error:       +7.45231e-08
Omega:       +0.0071601
Axis:        +3.47271e-11
P:           [+2.61368e-14, +1.21403e-11, +0]

NS1-Mb:      +1.06905
NS1-Madm_ql: +0.989745
NS1-S:       -0.3
NS1-Chi:     -0.3
NS1-Chi_ql:  -0.306249
NS1-OmegaS:  -0.0154588
NS-Rs:       +6.23256 +6.93132

NS2-Mb:      +1.06905
NS2-Madm_ql: +0.989745
NS2-S:       -0.3
NS2-Chi:     -0.3
NS2-Chi_ql:  -0.306249
NS2-OmegaS:  -0.0154588
NS-Rs:       +6.23256 +6.93132
=======================================

Error init = 6.638e-11, Eq: integvolume(intMb) = Mb2 Dom: 3 Bounday: -1
=======================================
Iter:        +4
Error:       +6.638e-11
Omega:       +0.0071601
Axis:        +3.47271e-11
P:           [+2.61368e-14, +1.21403e-11, +0]

NS1-Mb:      +1.06905
NS1-Madm_ql: +0.989745
NS1-S:       -0.3
NS1-Chi:     -0.3
NS1-Chi_ql:  -0.306249
NS1-OmegaS:  -0.0154588
NS-Rs:       +6.23256 +6.93132

NS2-Mb:      +1.06905
NS2-Madm_ql: +0.989745
NS2-S:       -0.3
NS2-Chi:     -0.3
NS2-Chi_ql:  -0.306249
NS2-OmegaS:  -0.0154588
NS-Rs:       +6.23256 +6.93132
=======================================

############################
Py fixing without first integral and fixed omega, chi = -0.3,-0.3 and q = 1
with Py BC fixing
############################
=======================================
Iter:        +0
Error:       +0
Omega:       +0.0071601
Axis:        +3.47271e-11
P:           [+2.61368e-14, +1.21403e-11, +0]

NS1-Mb:      +1.06905
NS1-Madm_ql: +0.989745
NS1-S:       -0.3
NS1-Chi:     -0.3
NS1-Chi_ql:  -0.306249
NS1-OmegaS:  -0.0154588
NS-Rs:       +6.23256 +6.93132

NS2-Mb:      +1.06905
NS2-Madm_ql: +0.989745
NS2-S:       -0.3
NS2-Chi:     -0.3
NS2-Chi_ql:  -0.306249
NS2-OmegaS:  -0.0154588
NS-Rs:       +6.23256 +6.93132
=======================================

Error init = 6.638e-11, Eq: integvolume(intMb) = Mb2 Dom: 3 Bounday: -1
=======================================
Iter:        +1
Error:       +6.638e-11
Omega:       +0.0071601
Axis:        +3.47271e-11
P:           [+2.61368e-14, +1.21403e-11, +0]

NS1-Mb:      +1.06905
NS1-Madm_ql: +0.989745
NS1-S:       -0.3
NS1-Chi:     -0.3
NS1-Chi_ql:  -0.306249
NS1-OmegaS:  -0.0154588
NS-Rs:       +6.23256 +6.93132

NS2-Mb:      +1.06905
NS2-Madm_ql: +0.989745
NS2-S:       -0.3
NS2-Chi:     -0.3
NS2-Chi_ql:  -0.306249
NS2-OmegaS:  -0.0154588
NS-Rs:       +6.23256 +6.93132
=======================================

############################
Eccentricity reduction step with fixed omega, chi = -0.3,-0.3 and q = 1
############################
### Using PN estimate for adot and omega! ###
=======================================
Iter:        +0
Error:       +0
Omega:       +0.00722501
Axis:        +3.47271e-11
P:           [+2.61368e-14, +1.21403e-11, +0]

NS1-Mb:      +1.06905
NS1-Madm_ql: +0.989745
NS1-S:       -0.3
NS1-Chi:     -0.3
NS1-Chi_ql:  -0.306249
NS1-OmegaS:  -0.0154588
NS-Rs:       +6.23256 +6.93132

NS2-Mb:      +1.06905
NS2-Madm_ql: +0.989745
NS2-S:       -0.3
NS2-Chi:     -0.3
NS2-Chi_ql:  -0.306249
NS2-OmegaS:  -0.0154588
NS-Rs:       +6.23256 +6.93132
=======================================

Error init = 0.00010498, Eq: eqphi = 0 Dom: 3 Bounday: -1
DOF / rank = 78499 x 78499 / 480 = 1.28377e+07
Load and redistrib Jacobian: 929.102 / 924.967 / 932.081 seconds (avg/min/max)
Inverting the matrix: 602.781 seconds
Distributing solution: 0.200668 seconds
=======================================
Iter:        +1
Error:       +0.00010498
Omega:       +0.00722501
Axis:        +1.9775e-06
P:           [-2.71913e-15, -5.30477e-14, +0]

NS1-Mb:      +1.06905
NS1-Madm_ql: +0.989839
NS1-S:       -0.3
NS1-Chi:     -0.3
NS1-Chi_ql:  -0.306191
NS1-OmegaS:  -0.0154568
NS-Rs:       +6.23256 +6.93132

NS2-Mb:      +1.06905
NS2-Madm_ql: +0.989839
NS2-S:       -0.3
NS2-Chi:     -0.3
NS2-Chi_ql:  -0.306191
NS2-OmegaS:  -0.0154568
NS-Rs:       +6.23256 +6.93132
=======================================

Error init = 6.27399e-07, Eq: integvolume(intMb) = Mb1 Dom: 0 Bounday: -1
DOF / rank = 78499 x 78499 / 480 = 1.28377e+07
Load and redistrib Jacobian: 929.101 / 925.273 / 932.155 seconds (avg/min/max)
Inverting the matrix: 602.31 seconds
Distributing solution: 0.199084 seconds
=======================================
Iter:        +2
Error:       +6.27399e-07
Omega:       +0.00722501
Axis:        -2.32529e-09
P:           [+4.82735e-15, +4.25095e-14, +0]

NS1-Mb:      +1.06905
NS1-Madm_ql: +0.98984
NS1-S:       -0.3
NS1-Chi:     -0.3
NS1-Chi_ql:  -0.30619
NS1-OmegaS:  -0.0154568
NS-Rs:       +6.23256 +6.93132

NS2-Mb:      +1.06905
NS2-Madm_ql: +0.98984
NS2-S:       -0.3
NS2-Chi:     -0.3
NS2-Chi_ql:  -0.30619
NS2-OmegaS:  -0.0154568
NS-Rs:       +6.23256 +6.93132
=======================================

Error init = 1.35976e-09, Eq: integvolume(intMb) = Mb1 Dom: 0 Bounday: -1
=======================================
Iter:        +3
Error:       +1.35976e-09
Omega:       +0.00722501
Axis:        -2.32529e-09
P:           [+4.82735e-15, +4.25095e-14, +0]

NS1-Mb:      +1.06905
NS1-Madm_ql: +0.98984
NS1-S:       -0.3
NS1-Chi:     -0.3
NS1-Chi_ql:  -0.30619
NS1-OmegaS:  -0.0154568
NS-Rs:       +6.23256 +6.93132

NS2-Mb:      +1.06905
NS2-Madm_ql: +0.98984
NS2-S:       -0.3
NS2-Chi:     -0.3
NS2-Chi_ql:  -0.30619
NS2-OmegaS:  -0.0154568
NS-Rs:       +6.23256 +6.93132
=======================================

