No dat file associated with : ./initial_bns_d40_s+.info
Creating a setup based on config file...
Solutions will be stored in: /home/la34cit/fuka//COs/
Directory will be created if it doesn't exist.
0.00107, 0.0011175
Config File: /home/la34cit/fuka//COs/initns.info
Fields File: /home/la34cit/fuka//COs/initns.dat
*****************ns info*****************
                 chi: 0.1
                 dim: 3
                  hc: 1.00919
                madm: 1
                  mb: 1.11258
      n_inner_shells: 0
                  nc: 0.00108187
             nshells: 0
               omega: 0
                qpig: 12.5664
                 res: 9
                 rin: 3.15541
                rmid: 6.31081
                rout: 12.6216
             eosfile: togashi.lorene
             eostype: Cold_Table
               h_cut: 0
   interpolation_pts: 2000

Last stage: binary_boost
Current: /home/la34cit/fuka//COs/initns.info
Solved previously: /home/la34cit/fuka//COs/converged_NS_NOROT_BC.togashi.1.0.0.09.info
Config File: /home/la34cit/fuka//COs/converged_NS_NOROT_BC.togashi.1.0.0.09.info
Fields File: /home/la34cit/fuka//COs/converged_NS_NOROT_BC.togashi.1.0.0.09.dat
*****************ns info*****************
                 chi: 0.1
                 dim: 3
                  hc: 1.16524
                madm: 1
                  mb: 1.07012
      n_inner_shells: 0
                  nc: 0.00111162
             nshells: 0
               omega: 0
             ql_madm: 1
                qpig: 12.5664
                 res: 9
                 rin: 3.15541
                rmid: 6.31081
                rout: 12.6216
             eosfile: togashi.lorene
             eostype: Cold_Table
               h_cut: 0
   interpolation_pts: 2000

Last stage: binary_boost
Solved previously: /home/la34cit/fuka//COs/converged_NS_TOTAL_BC.togashi.1.0.1.0.09.info
Config File: /home/la34cit/fuka//COs/converged_NS_TOTAL_BC.togashi.1.0.1.0.09.info
Fields File: /home/la34cit/fuka//COs/converged_NS_TOTAL_BC.togashi.1.0.1.0.09.dat
*****************ns info*****************
                 chi: 0.1
                 dim: 3
                  hc: 1.16433
                madm: 1
                  mb: 1.06976
      n_inner_shells: 0
                  nc: 0.00110871
             nshells: 0
               omega: 0.00507285
             ql_madm: 1
                qpig: 12.5664
                 res: 9
                 rin: 3.15541
                rmid: 6.31081
                rout: 12.6216
             eosfile: togashi.lorene
             eostype: Cold_Table
               h_cut: 0
   interpolation_pts: 2000

Last stage: binary_boost
Solved previously: /home/la34cit/fuka//COs/converged_NS_TOTAL_BC.togashi.1.0.3.0.09.info
Config File: /home/la34cit/fuka//COs/converged_NS_TOTAL_BC.togashi.1.0.3.0.09.info
Fields File: /home/la34cit/fuka//COs/converged_NS_TOTAL_BC.togashi.1.0.3.0.09.dat
*****************ns info*****************
                 chi: 0.3
                 dim: 3
                  hc: 1.15727
                madm: 1
                  mb: 1.06689
      n_inner_shells: 0
                  nc: 0.00108579
             nshells: 0
               omega: 0.0145214
             ql_madm: 1
                qpig: 12.5664
                 res: 9
                 rin: 3.15541
                rmid: 6.31081
                rout: 12.6216
             eosfile: togashi.lorene
             eostype: Cold_Table
               h_cut: 0
   interpolation_pts: 2000

Last stage: binary_boost
Solved previously: /home/la34cit/fuka//COs/converged_NS_TOTAL_BC.togashi.1.0.3.0.09.info
Resolution of old space: 9 (r), 9 (theta), 8 (phi)
Rmin/max: 6.46417 6.9899
Resolution of new space: 11 (r), 11 (theta), 10 (phi)
New bounds: : 3.23208 6.46417 10.4849 
Config File: /home/la34cit/fuka//COs/initns.info
Fields File: /home/la34cit/fuka//COs/initns.dat
*****************ns info*****************
                 chi: 0.3
                 dim: 3
                  hc: 1.15727
                madm: 1
                  mb: 1.06689
      n_inner_shells: 0
                  nc: 0.00108579
             nshells: 0
               omega: 0.0145214
             ql_madm: 1
                qpig: 12.5664
                 res: 11
                 rin: 3.23208
                rmid: 6.46417
                rout: 10.4849
             eosfile: togashi.lorene
             eostype: Cold_Table
               h_cut: 0
   interpolation_pts: 2000

Last stage: binary_boost
Solved previously: /home/la34cit/fuka//COs/converged_NS_TOTAL_BC.togashi.1.0.3.0.11.info
Config File: /home/la34cit/fuka//COs/converged_NS_TOTAL_BC.togashi.1.0.3.0.11.info
Fields File: /home/la34cit/fuka//COs/converged_NS_TOTAL_BC.togashi.1.0.3.0.11.dat
*****************ns info*****************
                 chi: 0.3
                 dim: 3
                  hc: 1.15871
                madm: 1
                  mb: 1.06905
      n_inner_shells: 0
                  nc: 0.00109054
             nshells: 0
               omega: 0.0145918
             ql_madm: 1
                qpig: 12.5664
                 res: 11
                 rin: 3.23208
                rmid: 6.46417
                rout: 10.4849
             eosfile: togashi.lorene
             eostype: Cold_Table
               h_cut: 0
   interpolation_pts: 2000

Last stage: binary_boost
Solved previously: /home/la34cit/fuka//COs/converged_NS_TOTAL_BC.togashi.1.0.3.0.11.info
Config File: /home/la34cit/fuka//COs/converged_NS_TOTAL_BC.togashi.1.0.3.0.11.info
Fields File: /home/la34cit/fuka//COs/converged_NS_TOTAL_BC.togashi.1.0.3.0.11.dat
*****************ns info*****************
                 chi: 0.3
                 dim: 3
                  hc: 1.15871
                madm: 1
                  mb: 1.06905
      n_inner_shells: 0
                  nc: 0.00109054
             nshells: 0
               omega: 0.0145918
             ql_madm: 1
                qpig: 12.5664
                 res: 11
                 rin: 3.23208
                rmid: 6.46417
                rout: 10.4849
             eosfile: togashi.lorene
             eostype: Cold_Table
               h_cut: 0
   interpolation_pts: 2000

############################
Binary boosted NS
############################
=======================================
Iter:        +0
Error:       +0
Mb:          +1.06881
Madm:        +1
Madm_ql:     +1 [+1.41495e-08]
Mk:          +1.00027 [+0.000265475]
R:           +6.47623 +7.00565
Jadm:        +0.3
Chi:         +0.3 [+0.3]
Omega:       +0.0145918
=======================================

Error init = 0.00024091, Eq: integvolume(intMb) = Mb Dom: 0 Bounday: -1
DOF / rank = 24690 x 24690 / 450 = 1.35466e+06
Block size is 32, consider lowering the number of cores.
Load and redistrib Jacobian: 85.6401 / 84.6509 / 85.9897 seconds (avg/min/max)
Inverting the matrix: 189.597 seconds
Distributing solution: 0.097578 seconds
=======================================
Iter:        +1
Error:       +0.00024091
Mb:          +1.06881
Madm:        +1
Madm_ql:     +1 [+1.41495e-08]
Mk:          +1.00027 [+0.000265475]
R:           +6.47623 +7.00565
Jadm:        +0.3
Chi:         +0.3 [+0.3]
Omega:       +0.0155202
=======================================

Error init = 7.30451e-06, Eq: integvolume(intMb) = Mb Dom: 0 Bounday: -1
DOF / rank = 24690 x 24690 / 450 = 1.35466e+06
Block size is 32, consider lowering the number of cores.
Load and redistrib Jacobian: 83.3028 / 82.8407 / 83.6749 seconds (avg/min/max)
Inverting the matrix: 191.391 seconds
Distributing solution: 0.0964258 seconds
=======================================
Iter:        +2
Error:       +7.30451e-06
Mb:          +1.06906
Madm:        +0.999992
Madm_ql:     +0.999992 [+1.38591e-08]
Mk:          +1.02822 [+0.0282244]
R:           +6.47623 +7.00565
Jadm:        +0.3
Chi:         +0.300005 [+0.3]
Omega:       +0.0155261
=======================================

Error init = 1.15446e-08, Eq: integvolume(intMb) = Mb Dom: 0 Bounday: -1
DOF / rank = 24690 x 24690 / 450 = 1.35466e+06
Block size is 32, consider lowering the number of cores.
Load and redistrib Jacobian: 82.3337 / 81.8866 / 82.7458 seconds (avg/min/max)
Inverting the matrix: 188.777 seconds
Distributing solution: 0.0927101 seconds
=======================================
Iter:        +3
Error:       +1.15446e-08
Mb:          +1.06905
Madm:        +1
Madm_ql:     +1 [+1.33818e-08]
Mk:          +1.02823 [+0.028228]
R:           +6.47623 +7.00565
Jadm:        +0.3
Chi:         +0.3 [+0.3]
Omega:       +0.0155261
=======================================

Error init = 4.12067e-11, Eq: integ(intMadmalt) = qlMadm Dom: 3 Bounday: 1
=======================================
Iter:        +4
Error:       +4.12067e-11
Mb:          +1.06905
Madm:        +1
Madm_ql:     +1 [+1.43692e-08]
Mk:          +1.02823 [+0.028228]
R:           +6.47623 +7.00565
Jadm:        +0.3
Chi:         +0.3 [+0.3]
Omega:       +0.0155261
=======================================

Solutions will be stored in: /home/la34cit/fuka//COs/
Directory will be created if it doesn't exist.
0.00107, 0.0011175
Config File: /home/la34cit/fuka//COs/initns.info
Fields File: /home/la34cit/fuka//COs/initns.dat
*****************ns info*****************
                 chi: 0.1
                 dim: 3
                  hc: 1.00919
                madm: 1
                  mb: 1.11258
      n_inner_shells: 0
                  nc: 0.00108187
             nshells: 0
               omega: 0
                qpig: 12.5664
                 res: 9
                 rin: 3.15541
                rmid: 6.31081
                rout: 12.6216
             eosfile: togashi.lorene
             eostype: Cold_Table
               h_cut: 0
   interpolation_pts: 2000

Last stage: binary_boost
Current: /home/la34cit/fuka//COs/initns.info
Solved previously: /home/la34cit/fuka//COs/converged_NS_NOROT_BC.togashi.1.0.0.09.info
Config File: /home/la34cit/fuka//COs/converged_NS_NOROT_BC.togashi.1.0.0.09.info
Fields File: /home/la34cit/fuka//COs/converged_NS_NOROT_BC.togashi.1.0.0.09.dat
*****************ns info*****************
                 chi: 0.1
                 dim: 3
                  hc: 1.16524
                madm: 1
                  mb: 1.07012
      n_inner_shells: 0
                  nc: 0.00111162
             nshells: 0
               omega: 0
             ql_madm: 1
                qpig: 12.5664
                 res: 9
                 rin: 3.15541
                rmid: 6.31081
                rout: 12.6216
             eosfile: togashi.lorene
             eostype: Cold_Table
               h_cut: 0
   interpolation_pts: 2000

Last stage: binary_boost
Solved previously: /home/la34cit/fuka//COs/converged_NS_TOTAL_BC.togashi.1.0.1.0.09.info
Config File: /home/la34cit/fuka//COs/converged_NS_TOTAL_BC.togashi.1.0.1.0.09.info
Fields File: /home/la34cit/fuka//COs/converged_NS_TOTAL_BC.togashi.1.0.1.0.09.dat
*****************ns info*****************
                 chi: 0.1
                 dim: 3
                  hc: 1.16433
                madm: 1
                  mb: 1.06976
      n_inner_shells: 0
                  nc: 0.00110871
             nshells: 0
               omega: 0.00507285
             ql_madm: 1
                qpig: 12.5664
                 res: 9
                 rin: 3.15541
                rmid: 6.31081
                rout: 12.6216
             eosfile: togashi.lorene
             eostype: Cold_Table
               h_cut: 0
   interpolation_pts: 2000

Last stage: binary_boost
Solved previously: /home/la34cit/fuka//COs/converged_NS_TOTAL_BC.togashi.1.0.3.0.09.info
Config File: /home/la34cit/fuka//COs/converged_NS_TOTAL_BC.togashi.1.0.3.0.09.info
Fields File: /home/la34cit/fuka//COs/converged_NS_TOTAL_BC.togashi.1.0.3.0.09.dat
*****************ns info*****************
                 chi: 0.3
                 dim: 3
                  hc: 1.15727
                madm: 1
                  mb: 1.06689
      n_inner_shells: 0
                  nc: 0.00108579
             nshells: 0
               omega: 0.0145214
             ql_madm: 1
                qpig: 12.5664
                 res: 9
                 rin: 3.15541
                rmid: 6.31081
                rout: 12.6216
             eosfile: togashi.lorene
             eostype: Cold_Table
               h_cut: 0
   interpolation_pts: 2000

Last stage: binary_boost
Solved previously: /home/la34cit/fuka//COs/converged_NS_TOTAL_BC.togashi.1.0.3.0.09.info
Resolution of old space: 9 (r), 9 (theta), 8 (phi)
Rmin/max: 6.46417 6.9899
Resolution of new space: 11 (r), 11 (theta), 10 (phi)
New bounds: : 3.23208 6.46417 10.4849 
Config File: /home/la34cit/fuka//COs/initns.info
Fields File: /home/la34cit/fuka//COs/initns.dat
*****************ns info*****************
                 chi: 0.3
                 dim: 3
                  hc: 1.15727
                madm: 1
                  mb: 1.06689
      n_inner_shells: 0
                  nc: 0.00108579
             nshells: 0
               omega: 0.0145214
             ql_madm: 1
                qpig: 12.5664
                 res: 11
                 rin: 3.23208
                rmid: 6.46417
                rout: 10.4849
             eosfile: togashi.lorene
             eostype: Cold_Table
               h_cut: 0
   interpolation_pts: 2000

Last stage: binary_boost
Solved previously: /home/la34cit/fuka//COs/converged_NS_TOTAL_BC.togashi.1.0.3.0.11.info
Config File: /home/la34cit/fuka//COs/converged_NS_TOTAL_BC.togashi.1.0.3.0.11.info
Fields File: /home/la34cit/fuka//COs/converged_NS_TOTAL_BC.togashi.1.0.3.0.11.dat
*****************ns info*****************
                 chi: 0.3
                 dim: 3
                  hc: 1.15871
                madm: 1
                  mb: 1.06905
      n_inner_shells: 0
                  nc: 0.00109054
             nshells: 0
               omega: 0.0145918
             ql_madm: 1
                qpig: 12.5664
                 res: 11
                 rin: 3.23208
                rmid: 6.46417
                rout: 10.4849
             eosfile: togashi.lorene
             eostype: Cold_Table
               h_cut: 0
   interpolation_pts: 2000

Last stage: binary_boost
Solved previously: /home/la34cit/fuka//COs/converged_NS_TOTAL_BC.togashi.1.0.3.0.11.info
Config File: /home/la34cit/fuka//COs/converged_NS_TOTAL_BC.togashi.1.0.3.0.11.info
Fields File: /home/la34cit/fuka//COs/converged_NS_TOTAL_BC.togashi.1.0.3.0.11.dat
*****************ns info*****************
                 chi: 0.3
                 dim: 3
                  hc: 1.15871
                madm: 1
                  mb: 1.06905
      n_inner_shells: 0
                  nc: 0.00109054
             nshells: 0
               omega: 0.0145918
             ql_madm: 1
                qpig: 12.5664
                 res: 11
                 rin: 3.23208
                rmid: 6.46417
                rout: 10.4849
             eosfile: togashi.lorene
             eostype: Cold_Table
               h_cut: 0
   interpolation_pts: 2000

Solved previously: /home/la34cit/fuka//COs/converged_NS_BIN_BOOST_40_0.00524617.togashi.1.0.3.0.11.info
/home/la34cit/fuka//COs/converged_NS_BIN_BOOST_40_0.00524617.togashi.1.0.3.0.11.info
/home/la34cit/fuka//COs/converged_NS_BIN_BOOST_40_0.00524617.togashi.1.0.3.0.11.info
Bounds:
Outer: 80 
NS1: 3.23811 7.00565 11.3371 
NS2: 3.23811 7.00565 11.3371 
xc1: -20
xc2: 20
WeightNS1: 20, WeightNS2: 20
Config File: ./initbin.info
Fields File: ./initbin.dat
***************binary info***************
                 com: 0
                comy: 0
            distance: 40
           ecc_omega: 0.00524617
        global_omega: 0.00524617
        outer_shells: 0
                   q: 1
                qpig: 12.5664
                 res: 9
                rext: 80
*****************ns info*****************
                 chi: 0.3
         decay_limit: 20
                 dim: 3
                  hc: 1.15871
                madm: 1
                  mb: 1.06905
      n_inner_shells: 0
                  nc: 0.00109054
             nshells: 0
               omega: 0.0155261
             ql_madm: 1
                qpig: 12.5664
                 res: 11
                 rin: 3.23811
                rmid: 7.00565
                rout: 11.3371
             eosfile: togashi.lorene
             eostype: Cold_Table
               h_cut: 0
   interpolation_pts: 2000
*****************ns info*****************
                 chi: 0.3
         decay_limit: 20
                 dim: 3
                  hc: 1.15871
                madm: 1
                  mb: 1.06905
      n_inner_shells: 0
                  nc: 0.00109054
             nshells: 0
               omega: 0.0155261
             ql_madm: 1
                qpig: 12.5664
                 res: 11
                 rin: 3.23811
                rmid: 7.00565
                rout: 11.3371
             eosfile: togashi.lorene
             eostype: Cold_Table
               h_cut: 0
   interpolation_pts: 2000

=================================
BNS grav input
Distance: 40
Omega guess: 0.00524617
Units: 12.5664
=================================
############################
Py fixing without first integral and fixed omega, chi = 0.3,0.3 and q = 1
with Py BC fixing
############################
=======================================
Iter:        +0
Error:       +0
Omega:       +0.00524617
Axis:        +0
P:           [+0, +0, +0]

NS1-Mb:      +1.07356
NS1-Madm_ql: +1.04609
NS1-S:       +0.300976
NS1-Chi:     +0.300976
NS1-Chi_ql:  +0.275041
NS1-OmegaS:  +0.0155261
NS-Rs:       +6.47623 +7.00565

NS2-Mb:      +1.07356
NS2-Madm_ql: +1.04609
NS2-S:       +0.300976
NS2-Chi:     +0.300976
NS2-Chi_ql:  +0.275041
NS2-OmegaS:  +0.0155261
NS-Rs:       +6.47623 +7.00565
=======================================

Error init = 0.0460851, Eq: integvolume(intM) = qlMadm1 Dom: 0 Bounday: -1
DOF / rank = 41323 x 41323 / 450 = 3.79465e+06
Load and redistrib Jacobian: 252.692 / 251.431 / 253.571 seconds (avg/min/max)
Inverting the matrix: 183.326 seconds
Distributing solution: 0.133894 seconds
=======================================
Iter:        +1
Error:       +0.0460851
Omega:       +0.00524617
Axis:        +0.83103
P:           [+1.24595e-15, -2.12063e-10, +0]

NS1-Mb:      +1.06468
NS1-Madm_ql: +0.992929
NS1-S:       +0.287717
NS1-Chi:     +0.287717
NS1-Chi_ql:  +0.29183
NS1-OmegaS:  +0.0149881
NS-Rs:       +6.47623 +7.00565

NS2-Mb:      +1.06467
NS2-Madm_ql: +0.992929
NS2-S:       +0.287709
NS2-Chi:     +0.287709
NS2-Chi_ql:  +0.291822
NS2-OmegaS:  +0.0149881
NS-Rs:       +6.47623 +7.00565
=======================================

Error init = 0.0122909, Eq: integ(intS2) / Madm2 / Madm2 = chi2 Dom: 5 Bounday: 1
DOF / rank = 41323 x 41323 / 450 = 3.79465e+06
Load and redistrib Jacobian: 255.205 / 253.959 / 256.097 seconds (avg/min/max)
Inverting the matrix: 179.635 seconds
Distributing solution: 0.130878 seconds
=======================================
Iter:        +2
Error:       +0.0122909
Omega:       +0.00524617
Axis:        -0.00759353
P:           [-6.82255e-15, -7.93142e-11, +0]

NS1-Mb:      +1.06915
NS1-Madm_ql: +0.992626
NS1-S:       +0.300021
NS1-Chi:     +0.300021
NS1-Chi_ql:  +0.304495
NS1-OmegaS:  +0.0149513
NS-Rs:       +6.47623 +7.00565

NS2-Mb:      +1.06915
NS2-Madm_ql: +0.992625
NS2-S:       +0.300021
NS2-Chi:     +0.300021
NS2-Chi_ql:  +0.304496
NS2-OmegaS:  +0.0149513
NS-Rs:       +6.47623 +7.00565
=======================================

Error init = 9.42556e-05, Eq: integvolume(intMb) = Mb2 Dom: 3 Bounday: -1
DOF / rank = 41323 x 41323 / 450 = 3.79465e+06
Load and redistrib Jacobian: 253.383 / 252.075 / 254.347 seconds (avg/min/max)
Inverting the matrix: 186.529 seconds
Distributing solution: 0.129036 seconds
=======================================
Iter:        +3
Error:       +9.42556e-05
Omega:       +0.00524617
Axis:        -9.9637e-08
P:           [-2.33634e-14, -1.88631e-14, +0]

NS1-Mb:      +1.06905
NS1-Madm_ql: +0.992737
NS1-S:       +0.3
NS1-Chi:     +0.3
NS1-Chi_ql:  +0.304406
NS1-OmegaS:  +0.0149498
NS-Rs:       +6.47623 +7.00565

NS2-Mb:      +1.06905
NS2-Madm_ql: +0.992737
NS2-S:       +0.3
NS2-Chi:     +0.3
NS2-Chi_ql:  +0.304406
NS2-OmegaS:  +0.0149498
NS-Rs:       +6.47623 +7.00565
=======================================

Error init = 4.26601e-07, Eq: integvolume(intMb) = Mb2 Dom: 3 Bounday: -1
DOF / rank = 41323 x 41323 / 450 = 3.79465e+06
Load and redistrib Jacobian: 257.168 / 255.782 / 258.138 seconds (avg/min/max)
Inverting the matrix: 185.952 seconds
Distributing solution: 0.150459 seconds
=======================================
Iter:        +4
Error:       +4.26601e-07
Omega:       +0.00524617
Axis:        +3.3531e-09
P:           [+3.64092e-15, +4.01362e-15, +0]

NS1-Mb:      +1.06905
NS1-Madm_ql: +0.992737
NS1-S:       +0.3
NS1-Chi:     +0.3
NS1-Chi_ql:  +0.304406
NS1-OmegaS:  +0.0149498
NS-Rs:       +6.47623 +7.00565

NS2-Mb:      +1.06905
NS2-Madm_ql: +0.992737
NS2-S:       +0.3
NS2-Chi:     +0.3
NS2-Chi_ql:  +0.304406
NS2-OmegaS:  +0.0149498
NS-Rs:       +6.47623 +7.00565
=======================================

Error init = 9.11604e-10, Eq: integvolume(intMb) = Mb2 Dom: 3 Bounday: -1
=======================================
Iter:        +5
Error:       +9.11604e-10
Omega:       +0.00524617
Axis:        +3.3531e-09
P:           [+3.64092e-15, +4.01362e-15, +0]

NS1-Mb:      +1.06905
NS1-Madm_ql: +0.992737
NS1-S:       +0.3
NS1-Chi:     +0.3
NS1-Chi_ql:  +0.304406
NS1-OmegaS:  +0.0149498
NS-Rs:       +6.47623 +7.00565

NS2-Mb:      +1.06905
NS2-Madm_ql: +0.992737
NS2-S:       +0.3
NS2-Chi:     +0.3
NS2-Chi_ql:  +0.304406
NS2-OmegaS:  +0.0149498
NS-Rs:       +6.47623 +7.00565
=======================================

############################
Total with mass fixing, chi = 0.3,0.3 and q = 1
############################
=======================================
Iter:        +0
Error:       +0
Omega:       +0.00524617
Axis:        +3.3531e-09
P:           [+3.64092e-15, +4.01362e-15, +0]

NS1-Mb:      +1.06905
NS1-Madm_ql: +0.992737
NS1-S:       +0.3
NS1-Chi:     +0.3
NS1-Chi_ql:  +0.304406
NS1-OmegaS:  +0.0149498
NS-Rs:       +6.47623 +7.00565

NS2-Mb:      +1.06905
NS2-Madm_ql: +0.992737
NS2-S:       +0.3
NS2-Chi:     +0.3
NS2-Chi_ql:  +0.304406
NS2-OmegaS:  +0.0149498
NS-Rs:       +6.47623 +7.00565
=======================================

Error init = 0.00613118, Eq: firstint Dom: 3 Bounday: -1
DOF / rank = 48397 x 48397 / 450 = 5.20504e+06
Load and redistrib Jacobian: 258.102 / 256.326 / 259.279 seconds (avg/min/max)
Inverting the matrix: 242.325 seconds
Distributing solution: 0.327157 seconds
=======================================
Iter:        +1
Error:       +0.00613118
Omega:       +0.00528868
Axis:        -3.35006e-10
P:           [-1.2021e-13, +2.20465e-11, +0]

NS1-Mb:      +1.06366
NS1-Madm_ql: +0.993997
NS1-S:       +0.300058
NS1-Chi:     +0.300058
NS1-Chi_ql:  +0.303693
NS1-OmegaS:  +0.0153512
NS-Rs:       +6.26408 +6.8409

NS2-Mb:      +1.06366
NS2-Madm_ql: +0.993997
NS2-S:       +0.300058
NS2-Chi:     +0.300058
NS2-Chi_ql:  +0.303693
NS2-OmegaS:  +0.0153512
NS-Rs:       +6.26408 +6.8409
=======================================

Error init = 0.00539143, Eq: integvolume(intMb) = Mb1 Dom: 0 Bounday: -1
DOF / rank = 48397 x 48397 / 450 = 5.20504e+06
Load and redistrib Jacobian: 257.859 / 256.105 / 258.93 seconds (avg/min/max)
Inverting the matrix: 237.33 seconds
Distributing solution: 0.325977 seconds
=======================================
Iter:        +2
Error:       +0.00539143
Omega:       +0.00529067
Axis:        +3.36965e-11
P:           [-5.0859e-13, +1.46417e-11, +0]

NS1-Mb:      +1.06906
NS1-Madm_ql: +0.993394
NS1-S:       +0.3
NS1-Chi:     +0.3
NS1-Chi_ql:  +0.304003
NS1-OmegaS:  +0.0153807
NS-Rs:       +6.27883 +6.85499

NS2-Mb:      +1.06906
NS2-Madm_ql: +0.993394
NS2-S:       +0.3
NS2-Chi:     +0.3
NS2-Chi_ql:  +0.304003
NS2-OmegaS:  +0.0153807
NS-Rs:       +6.27883 +6.85499
=======================================

Error init = 8.55348e-06, Eq: integvolume(intMb) = Mb1 Dom: 0 Bounday: -1
DOF / rank = 48397 x 48397 / 450 = 5.20504e+06
Load and redistrib Jacobian: 257.677 / 255.894 / 258.8 seconds (avg/min/max)
Inverting the matrix: 241.598 seconds
Distributing solution: 0.313788 seconds
=======================================
Iter:        +3
Error:       +8.55348e-06
Omega:       +0.00529068
Axis:        +9.89257e-12
P:           [-4.42789e-13, +2.42784e-12, +0]

NS1-Mb:      +1.06905
NS1-Madm_ql: +0.99334
NS1-S:       +0.3
NS1-Chi:     +0.3
NS1-Chi_ql:  +0.304036
NS1-OmegaS:  +0.0153814
NS-Rs:       +6.27891 +6.85513

NS2-Mb:      +1.06905
NS2-Madm_ql: +0.99334
NS2-S:       +0.3
NS2-Chi:     +0.3
NS2-Chi_ql:  +0.304036
NS2-OmegaS:  +0.0153814
NS-Rs:       +6.27891 +6.85513
=======================================

Error init = 8.98385e-08, Eq: integvolume(intMb) = Mb2 Dom: 3 Bounday: -1
DOF / rank = 48397 x 48397 / 450 = 5.20504e+06
Load and redistrib Jacobian: 261.163 / 259.328 / 262.313 seconds (avg/min/max)
Inverting the matrix: 229.779 seconds
Distributing solution: 0.323727 seconds
=======================================
Iter:        +4
Error:       +8.98385e-08
Omega:       +0.00529068
Axis:        +1.12766e-11
P:           [-5.18426e-13, +2.9799e-12, +0]

NS1-Mb:      +1.06905
NS1-Madm_ql: +0.99334
NS1-S:       +0.3
NS1-Chi:     +0.3
NS1-Chi_ql:  +0.304036
NS1-OmegaS:  +0.0153814
NS-Rs:       +6.27891 +6.85513

NS2-Mb:      +1.06905
NS2-Madm_ql: +0.99334
NS2-S:       +0.3
NS2-Chi:     +0.3
NS2-Chi_ql:  +0.304036
NS2-OmegaS:  +0.0153814
NS-Rs:       +6.27891 +6.85513
=======================================

Error init = 1.02924e-10, Eq: integvolume(intMb) = Mb1 Dom: 0 Bounday: -1
=======================================
Iter:        +5
Error:       +1.02924e-10
Omega:       +0.00529068
Axis:        +1.12766e-11
P:           [-5.18426e-13, +2.9799e-12, +0]

NS1-Mb:      +1.06905
NS1-Madm_ql: +0.99334
NS1-S:       +0.3
NS1-Chi:     +0.3
NS1-Chi_ql:  +0.304036
NS1-OmegaS:  +0.0153814
NS-Rs:       +6.27891 +6.85513

NS2-Mb:      +1.06905
NS2-Madm_ql: +0.99334
NS2-S:       +0.3
NS2-Chi:     +0.3
NS2-Chi_ql:  +0.304036
NS2-OmegaS:  +0.0153814
NS-Rs:       +6.27891 +6.85513
=======================================

Resolution of old space: 9 (r), 9 (theta), 8 (phi)
Resolution of new space: 11 (r), 11 (theta), 10 (phi)
Rmin/max: 
6.27891 6.85513
6.27891 6.85513
Bounds:
NS1: 3.13946 7.00565 11.2368 
NS2: 3.13946 7.00565 11.2368 
xc1: -20
xc2: 20
Config File: ./bns_regrid.info
Fields File: ./bns_regrid.dat
***************binary info***************
                 com: 1.12766e-11
                comy: -1.07648e-12
            distance: 40
           ecc_omega: 0.00524617
        global_omega: 0.00529068
        outer_shells: 0
                   q: 1
                qpig: 12.5664
                 res: 11
                rext: 80
*****************ns info*****************
                 chi: 0.3
         decay_limit: 20
                 dim: 3
             fixed_r: 6.27891
                  hc: 1.15871
                madm: 1
                  mb: 1.06905
      n_inner_shells: 0
                  nc: 0.00109054
             nshells: 0
               omega: 0.0153814
             ql_madm: 0.99334
                qpig: 12.5664
                 res: 11
                 rin: 3.13946
                rmid: 7.00565
                rout: 11.2368
             eosfile: togashi.lorene
             eostype: Cold_Table
               h_cut: 0
   interpolation_pts: 2000
*****************ns info*****************
                 chi: 0.3
         decay_limit: 20
                 dim: 3
             fixed_r: 6.27891
                  hc: 1.15871
                madm: 1
                  mb: 1.06905
      n_inner_shells: 0
                  nc: 0.00109054
             nshells: 0
               omega: 0.0153814
             ql_madm: 0.99334
                qpig: 12.5664
                 res: 11
                 rin: 3.13946
                rmid: 7.00565
                rout: 11.2368
             eosfile: togashi.lorene
             eostype: Cold_Table
               h_cut: 0
   interpolation_pts: 2000

=================================
BNS grav input
Distance: 40
Omega guess: 0.00529068
Units: 12.5664
=================================
############################
Total with mass fixing, chi = 0.3,0.3 and q = 1
############################
=======================================
Iter:        +0
Error:       +0
Omega:       +0.00529068
Axis:        +1.12766e-11
P:           [-5.07332e-13, +3.01696e-12, +0]

NS1-Mb:      +1.05971
NS1-Madm_ql: +0.993357
NS1-S:       +0.300002
NS1-Chi:     +0.300002
NS1-Chi_ql:  +0.304028
NS1-OmegaS:  +0.0153814
NS-Rs:       +6.27891 +6.85513

NS2-Mb:      +1.05971
NS2-Madm_ql: +0.993357
NS2-S:       +0.300002
NS2-Chi:     +0.300002
NS2-Chi_ql:  +0.304028
NS2-OmegaS:  +0.0153814
NS-Rs:       +6.27891 +6.85513
=======================================

Error init = 0.00934536, Eq: integvolume(intMb) = Mb1 Dom: 0 Bounday: -1
DOF / rank = 91866 x 91866 / 450 = 1.87541e+07
Load and redistrib Jacobian: 893.072 / 886.594 / 897.086 seconds (avg/min/max)
Inverting the matrix: 829.826 seconds
Distributing solution: 0.198778 seconds
=======================================
Iter:        +1
Error:       +0.00934536
Omega:       +0.00529075
Axis:        -4.73836e-11
P:           [-1.28941e-12, -8.08744e-11, +0]

NS1-Mb:      +1.06907
NS1-Madm_ql: +0.991832
NS1-S:       +0.3
NS1-Chi:     +0.3
NS1-Chi_ql:  +0.304962
NS1-OmegaS:  +0.0155229
NS-Rs:       +6.29147 +6.87518

NS2-Mb:      +1.06907
NS2-Madm_ql: +0.991832
NS2-S:       +0.3
NS2-Chi:     +0.3
NS2-Chi_ql:  +0.304962
NS2-OmegaS:  +0.0155229
NS-Rs:       +6.29147 +6.87518
=======================================

Error init = 1.38236e-05, Eq: integvolume(intMb) = Mb1 Dom: 0 Bounday: -1
DOF / rank = 91866 x 91866 / 450 = 1.87541e+07
Load and redistrib Jacobian: 900.707 / 893.858 / 904.766 seconds (avg/min/max)
Inverting the matrix: 836.647 seconds
Distributing solution: 0.197004 seconds
=======================================
Iter:        +2
Error:       +1.38236e-05
Omega:       +0.00529045
Axis:        +1.35207e-11
P:           [-7.78091e-13, +4.02738e-12, +0]

NS1-Mb:      +1.06905
NS1-Madm_ql: +0.991675
NS1-S:       +0.3
NS1-Chi:     +0.3
NS1-Chi_ql:  +0.305058
NS1-OmegaS:  +0.0155262
NS-Rs:       +6.29171 +6.87558

NS2-Mb:      +1.06905
NS2-Madm_ql: +0.991675
NS2-S:       +0.3
NS2-Chi:     +0.3
NS2-Chi_ql:  +0.305058
NS2-OmegaS:  +0.0155262
NS-Rs:       +6.29171 +6.87558
=======================================

Error init = 6.6405e-08, Eq: integvolume(intMb) = Mb2 Dom: 3 Bounday: -1
DOF / rank = 91866 x 91866 / 450 = 1.87541e+07
Load and redistrib Jacobian: 899.083 / 892.334 / 903.032 seconds (avg/min/max)
Inverting the matrix: 820.709 seconds
Distributing solution: 0.196971 seconds
=======================================
Iter:        +3
Error:       +6.6405e-08
Omega:       +0.00529045
Axis:        -8.66312e-12
P:           [-6.38417e-13, -1.93034e-12, +0]

NS1-Mb:      +1.06905
NS1-Madm_ql: +0.991675
NS1-S:       +0.3
NS1-Chi:     +0.3
NS1-Chi_ql:  +0.305058
NS1-OmegaS:  +0.0155262
NS-Rs:       +6.29171 +6.87558

NS2-Mb:      +1.06905
NS2-Madm_ql: +0.991675
NS2-S:       +0.3
NS2-Chi:     +0.3
NS2-Chi_ql:  +0.305058
NS2-OmegaS:  +0.0155262
NS-Rs:       +6.29171 +6.87558
=======================================

Error init = 4.57772e-11, Eq: integvolume(intMb) = Mb2 Dom: 3 Bounday: -1
=======================================
Iter:        +4
Error:       +4.57772e-11
Omega:       +0.00529045
Axis:        -8.66312e-12
P:           [-6.38417e-13, -1.93034e-12, +0]

NS1-Mb:      +1.06905
NS1-Madm_ql: +0.991675
NS1-S:       +0.3
NS1-Chi:     +0.3
NS1-Chi_ql:  +0.305058
NS1-OmegaS:  +0.0155262
NS-Rs:       +6.29171 +6.87558

NS2-Mb:      +1.06905
NS2-Madm_ql: +0.991675
NS2-S:       +0.3
NS2-Chi:     +0.3
NS2-Chi_ql:  +0.305058
NS2-OmegaS:  +0.0155262
NS-Rs:       +6.29171 +6.87558
=======================================

############################
Py fixing without first integral and fixed omega, chi = 0.3,0.3 and q = 1
with Py BC fixing
############################
=======================================
Iter:        +0
Error:       +0
Omega:       +0.00529045
Axis:        -8.66312e-12
P:           [-6.38417e-13, -1.93034e-12, +0]

NS1-Mb:      +1.06905
NS1-Madm_ql: +0.991675
NS1-S:       +0.3
NS1-Chi:     +0.3
NS1-Chi_ql:  +0.305058
NS1-OmegaS:  +0.0155262
NS-Rs:       +6.29171 +6.87558

NS2-Mb:      +1.06905
NS2-Madm_ql: +0.991675
NS2-S:       +0.3
NS2-Chi:     +0.3
NS2-Chi_ql:  +0.305058
NS2-OmegaS:  +0.0155262
NS-Rs:       +6.29171 +6.87558
=======================================

Error init = 4.57772e-11, Eq: integvolume(intMb) = Mb2 Dom: 3 Bounday: -1
=======================================
Iter:        +1
Error:       +4.57772e-11
Omega:       +0.00529045
Axis:        -8.66312e-12
P:           [-6.38417e-13, -1.93034e-12, +0]

NS1-Mb:      +1.06905
NS1-Madm_ql: +0.991675
NS1-S:       +0.3
NS1-Chi:     +0.3
NS1-Chi_ql:  +0.305058
NS1-OmegaS:  +0.0155262
NS-Rs:       +6.29171 +6.87558

NS2-Mb:      +1.06905
NS2-Madm_ql: +0.991675
NS2-S:       +0.3
NS2-Chi:     +0.3
NS2-Chi_ql:  +0.305058
NS2-OmegaS:  +0.0155262
NS-Rs:       +6.29171 +6.87558
=======================================

############################
Eccentricity reduction step with fixed omega, chi = 0.3,0.3 and q = 1
############################
### Using PN estimate for adot and omega! ###
=======================================
Iter:        +0
Error:       +0
Omega:       +0.00524617
Axis:        -8.66312e-12
P:           [-6.38417e-13, -1.93034e-12, +0]

NS1-Mb:      +1.06905
NS1-Madm_ql: +0.991675
NS1-S:       +0.3
NS1-Chi:     +0.3
NS1-Chi_ql:  +0.305058
NS1-OmegaS:  +0.0155262
NS-Rs:       +6.29171 +6.87558

NS2-Mb:      +1.06905
NS2-Madm_ql: +0.991675
NS2-S:       +0.3
NS2-Chi:     +0.3
NS2-Chi_ql:  +0.305058
NS2-OmegaS:  +0.0155262
NS-Rs:       +6.29171 +6.87558
=======================================

Error init = 8.66043e-05, Eq: eqphi = 0 Dom: 0 Bounday: -1
DOF / rank = 78499 x 78499 / 450 = 1.36935e+07
Load and redistrib Jacobian: 903.797 / 899.24 / 907.306 seconds (avg/min/max)
Inverting the matrix: 603.24 seconds
Distributing solution: 0.194041 seconds
=======================================
Iter:        +1
Error:       +8.66043e-05
Omega:       +0.00524617
Axis:        +2.19857e-06
P:           [-1.8592e-15, -3.6523e-15, +0]

NS1-Mb:      +1.06905
NS1-Madm_ql: +0.991605
NS1-S:       +0.3
NS1-Chi:     +0.3
NS1-Chi_ql:  +0.305101
NS1-OmegaS:  +0.0155274
NS-Rs:       +6.29171 +6.87558

NS2-Mb:      +1.06905
NS2-Madm_ql: +0.991605
NS2-S:       +0.3
NS2-Chi:     +0.3
NS2-Chi_ql:  +0.305101
NS2-OmegaS:  +0.0155274
NS-Rs:       +6.29171 +6.87558
=======================================

Error init = 1.18856e-07, Eq: integvolume(intMb) = Mb2 Dom: 3 Bounday: -1
DOF / rank = 78499 x 78499 / 450 = 1.36935e+07
Load and redistrib Jacobian: 902.503 / 897.665 / 905.7 seconds (avg/min/max)
Inverting the matrix: 598.405 seconds
Distributing solution: 0.192827 seconds
=======================================
Iter:        +2
Error:       +1.18856e-07
Omega:       +0.00524617
Axis:        -1.05976e-08
P:           [+1.79767e-15, +6.84858e-15, +0]

NS1-Mb:      +1.06905
NS1-Madm_ql: +0.991605
NS1-S:       +0.3
NS1-Chi:     +0.3
NS1-Chi_ql:  +0.305101
NS1-OmegaS:  +0.0155274
NS-Rs:       +6.29171 +6.87558

NS2-Mb:      +1.06905
NS2-Madm_ql: +0.991605
NS2-S:       +0.3
NS2-Chi:     +0.3
NS2-Chi_ql:  +0.305101
NS2-OmegaS:  +0.0155274
NS-Rs:       +6.29171 +6.87558
=======================================

Error init = 4.87611e-10, Eq: integvolume(intMb) = Mb1 Dom: 0 Bounday: -1
=======================================
Iter:        +3
Error:       +4.87611e-10
Omega:       +0.00524617
Axis:        -1.05976e-08
P:           [+1.79767e-15, +6.84858e-15, +0]

NS1-Mb:      +1.06905
NS1-Madm_ql: +0.991605
NS1-S:       +0.3
NS1-Chi:     +0.3
NS1-Chi_ql:  +0.305101
NS1-OmegaS:  +0.0155274
NS-Rs:       +6.29171 +6.87558

NS2-Mb:      +1.06905
NS2-Madm_ql: +0.991605
NS2-S:       +0.3
NS2-Chi:     +0.3
NS2-Chi_ql:  +0.305101
NS2-OmegaS:  +0.0155274
NS-Rs:       +6.29171 +6.87558
=======================================

