No dat file associated with : ./initial_bns_d33_s-.info
Creating a setup based on config file...
Solutions will be stored in: /home/la34cit/fuka//COs/
Directory will be created if it doesn't exist.
0.00107, 0.0011175
Config File: /home/la34cit/fuka//COs/initns.info
Fields File: /home/la34cit/fuka//COs/initns.dat
*****************ns info*****************
                 chi: -0.1
                 dim: 3
                  hc: 1.00919
                madm: 1
                  mb: 1.11258
      n_inner_shells: 0
                  nc: 0.00108187
             nshells: 0
               omega: 0
                qpig: 12.5664
                 res: 9
                 rin: 3.15541
                rmid: 6.31081
                rout: 12.6216
             eosfile: togashi.lorene
             eostype: Cold_Table
               h_cut: 0
   interpolation_pts: 2000

Last stage: binary_boost
Current: /home/la34cit/fuka//COs/initns.info
Solved previously: /home/la34cit/fuka//COs/converged_NS_NOROT_BC.togashi.1.0.0.09.info
Config File: /home/la34cit/fuka//COs/converged_NS_NOROT_BC.togashi.1.0.0.09.info
Fields File: /home/la34cit/fuka//COs/converged_NS_NOROT_BC.togashi.1.0.0.09.dat
*****************ns info*****************
                 chi: -0.1
                 dim: 3
                  hc: 1.16524
                madm: 1
                  mb: 1.07012
      n_inner_shells: 0
                  nc: 0.00111162
             nshells: 0
               omega: 0
             ql_madm: 1
                qpig: 12.5664
                 res: 9
                 rin: 3.15541
                rmid: 6.31081
                rout: 12.6216
             eosfile: togashi.lorene
             eostype: Cold_Table
               h_cut: 0
   interpolation_pts: 2000

Last stage: binary_boost
Solved previously: /home/la34cit/fuka//COs/converged_NS_TOTAL_BC.togashi.1.-0.1.0.09.info
Config File: /home/la34cit/fuka//COs/converged_NS_TOTAL_BC.togashi.1.-0.1.0.09.info
Fields File: /home/la34cit/fuka//COs/converged_NS_TOTAL_BC.togashi.1.-0.1.0.09.dat
*****************ns info*****************
                 chi: -0.1
                 dim: 3
                  hc: 1.16433
                madm: 1
                  mb: 1.06976
      n_inner_shells: 0
                  nc: 0.00110871
             nshells: 0
               omega: -0.00507285
             ql_madm: 1
                qpig: 12.5664
                 res: 9
                 rin: 3.15541
                rmid: 6.31081
                rout: 12.6216
             eosfile: togashi.lorene
             eostype: Cold_Table
               h_cut: 0
   interpolation_pts: 2000

Last stage: binary_boost
Solved previously: /home/la34cit/fuka//COs/converged_NS_TOTAL_BC.togashi.1.-0.3.0.09.info
Config File: /home/la34cit/fuka//COs/converged_NS_TOTAL_BC.togashi.1.-0.3.0.09.info
Fields File: /home/la34cit/fuka//COs/converged_NS_TOTAL_BC.togashi.1.-0.3.0.09.dat
*****************ns info*****************
                 chi: -0.3
                 dim: 3
                  hc: 1.15727
                madm: 1
                  mb: 1.06689
      n_inner_shells: 0
                  nc: 0.00108579
             nshells: 0
               omega: -0.0145214
             ql_madm: 1
                qpig: 12.5664
                 res: 9
                 rin: 3.15541
                rmid: 6.31081
                rout: 12.6216
             eosfile: togashi.lorene
             eostype: Cold_Table
               h_cut: 0
   interpolation_pts: 2000

Last stage: binary_boost
Solved previously: /home/la34cit/fuka//COs/converged_NS_TOTAL_BC.togashi.1.-0.3.0.09.info
Resolution of old space: 9 (r), 9 (theta), 8 (phi)
Rmin/max: 6.46417 6.9899
Resolution of new space: 11 (r), 11 (theta), 10 (phi)
New bounds: : 3.23208 6.46417 10.4849 
Config File: /home/la34cit/fuka//COs/initns.info
Fields File: /home/la34cit/fuka//COs/initns.dat
*****************ns info*****************
                 chi: -0.3
                 dim: 3
                  hc: 1.15727
                madm: 1
                  mb: 1.06689
      n_inner_shells: 0
                  nc: 0.00108579
             nshells: 0
               omega: -0.0145214
             ql_madm: 1
                qpig: 12.5664
                 res: 11
                 rin: 3.23208
                rmid: 6.46417
                rout: 10.4849
             eosfile: togashi.lorene
             eostype: Cold_Table
               h_cut: 0
   interpolation_pts: 2000

Last stage: binary_boost
Solved previously: /home/la34cit/fuka//COs/converged_NS_TOTAL_BC.togashi.1.-0.3.0.11.info
Config File: /home/la34cit/fuka//COs/converged_NS_TOTAL_BC.togashi.1.-0.3.0.11.info
Fields File: /home/la34cit/fuka//COs/converged_NS_TOTAL_BC.togashi.1.-0.3.0.11.dat
*****************ns info*****************
                 chi: -0.3
                 dim: 3
                  hc: 1.15871
                madm: 1
                  mb: 1.06905
      n_inner_shells: 0
                  nc: 0.00109054
             nshells: 0
               omega: -0.0145918
             ql_madm: 1
                qpig: 12.5664
                 res: 11
                 rin: 3.23208
                rmid: 6.46417
                rout: 10.4849
             eosfile: togashi.lorene
             eostype: Cold_Table
               h_cut: 0
   interpolation_pts: 2000

Last stage: binary_boost
Solved previously: /home/la34cit/fuka//COs/converged_NS_TOTAL_BC.togashi.1.-0.3.0.11.info
Config File: /home/la34cit/fuka//COs/converged_NS_TOTAL_BC.togashi.1.-0.3.0.11.info
Fields File: /home/la34cit/fuka//COs/converged_NS_TOTAL_BC.togashi.1.-0.3.0.11.dat
*****************ns info*****************
                 chi: -0.3
                 dim: 3
                  hc: 1.15871
                madm: 1
                  mb: 1.06905
      n_inner_shells: 0
                  nc: 0.00109054
             nshells: 0
               omega: -0.0145918
             ql_madm: 1
                qpig: 12.5664
                 res: 11
                 rin: 3.23208
                rmid: 6.46417
                rout: 10.4849
             eosfile: togashi.lorene
             eostype: Cold_Table
               h_cut: 0
   interpolation_pts: 2000

############################
Binary boosted NS
############################
=======================================
Iter:        +0
Error:       +0
Mb:          +1.06881
Madm:        +1
Madm_ql:     +1 [+1.41495e-08]
Mk:          +1.00027 [+0.000265475]
R:           +6.47623 +7.00565
Jadm:        -0.3
Chi:         -0.3 [-0.3]
Omega:       -0.0145918
=======================================

Error init = 0.00024091, Eq: integvolume(intMb) = Mb Dom: 0 Bounday: -1
DOF / rank = 24690 x 24690 / 450 = 1.35466e+06
Block size is 32, consider lowering the number of cores.
Load and redistrib Jacobian: 85.1787 / 83.9409 / 85.5725 seconds (avg/min/max)
Inverting the matrix: 177.734 seconds
Distributing solution: 0.0990404 seconds
=======================================
Iter:        +1
Error:       +0.00024091
Mb:          +1.06881
Madm:        +1
Madm_ql:     +1 [+1.41495e-08]
Mk:          +1.00027 [+0.000265475]
R:           +6.47623 +7.00565
Jadm:        -0.3
Chi:         -0.3 [-0.3]
Omega:       -0.0155202
=======================================

Error init = 7.30451e-06, Eq: integvolume(intMb) = Mb Dom: 0 Bounday: -1
DOF / rank = 24690 x 24690 / 450 = 1.35466e+06
Block size is 32, consider lowering the number of cores.
Load and redistrib Jacobian: 83.7821 / 83.3251 / 84.09 seconds (avg/min/max)
Inverting the matrix: 198.355 seconds
Distributing solution: 0.0975727 seconds
=======================================
Iter:        +2
Error:       +7.30451e-06
Mb:          +1.06906
Madm:        +0.999992
Madm_ql:     +0.999992 [+1.38594e-08]
Mk:          +1.02822 [+0.0282244]
R:           +6.47623 +7.00565
Jadm:        -0.3
Chi:         -0.300005 [-0.3]
Omega:       -0.0155261
=======================================

Error init = 1.15446e-08, Eq: integvolume(intMb) = Mb Dom: 0 Bounday: -1
DOF / rank = 24690 x 24690 / 450 = 1.35466e+06
Block size is 32, consider lowering the number of cores.
Load and redistrib Jacobian: 82.2162 / 81.7739 / 82.5266 seconds (avg/min/max)
Inverting the matrix: 194.557 seconds
Distributing solution: 0.0999668 seconds
=======================================
Iter:        +3
Error:       +1.15446e-08
Mb:          +1.06905
Madm:        +1
Madm_ql:     +1 [+1.33824e-08]
Mk:          +1.02823 [+0.028228]
R:           +6.47623 +7.00565
Jadm:        -0.3
Chi:         -0.3 [-0.3]
Omega:       -0.0155261
=======================================

Error init = 2.527e-11, Eq: integ(intMadmalt) = qlMadm Dom: 3 Bounday: 1
=======================================
Iter:        +4
Error:       +2.527e-11
Mb:          +1.06905
Madm:        +1
Madm_ql:     +1 [+1.43691e-08]
Mk:          +1.02823 [+0.028228]
R:           +6.47623 +7.00565
Jadm:        -0.3
Chi:         -0.3 [-0.3]
Omega:       -0.0155261
=======================================

Solutions will be stored in: /home/la34cit/fuka//COs/
Directory will be created if it doesn't exist.
0.00107, 0.0011175
Config File: /home/la34cit/fuka//COs/initns.info
Fields File: /home/la34cit/fuka//COs/initns.dat
*****************ns info*****************
                 chi: -0.1
                 dim: 3
                  hc: 1.00919
                madm: 1
                  mb: 1.11258
      n_inner_shells: 0
                  nc: 0.00108187
             nshells: 0
               omega: 0
                qpig: 12.5664
                 res: 9
                 rin: 3.15541
                rmid: 6.31081
                rout: 12.6216
             eosfile: togashi.lorene
             eostype: Cold_Table
               h_cut: 0
   interpolation_pts: 2000

Last stage: binary_boost
Current: /home/la34cit/fuka//COs/initns.info
Solved previously: /home/la34cit/fuka//COs/converged_NS_NOROT_BC.togashi.1.0.0.09.info
Config File: /home/la34cit/fuka//COs/converged_NS_NOROT_BC.togashi.1.0.0.09.info
Fields File: /home/la34cit/fuka//COs/converged_NS_NOROT_BC.togashi.1.0.0.09.dat
*****************ns info*****************
                 chi: -0.1
                 dim: 3
                  hc: 1.16524
                madm: 1
                  mb: 1.07012
      n_inner_shells: 0
                  nc: 0.00111162
             nshells: 0
               omega: 0
             ql_madm: 1
                qpig: 12.5664
                 res: 9
                 rin: 3.15541
                rmid: 6.31081
                rout: 12.6216
             eosfile: togashi.lorene
             eostype: Cold_Table
               h_cut: 0
   interpolation_pts: 2000

Last stage: binary_boost
Solved previously: /home/la34cit/fuka//COs/converged_NS_TOTAL_BC.togashi.1.-0.1.0.09.info
Config File: /home/la34cit/fuka//COs/converged_NS_TOTAL_BC.togashi.1.-0.1.0.09.info
Fields File: /home/la34cit/fuka//COs/converged_NS_TOTAL_BC.togashi.1.-0.1.0.09.dat
*****************ns info*****************
                 chi: -0.1
                 dim: 3
                  hc: 1.16433
                madm: 1
                  mb: 1.06976
      n_inner_shells: 0
                  nc: 0.00110871
             nshells: 0
               omega: -0.00507285
             ql_madm: 1
                qpig: 12.5664
                 res: 9
                 rin: 3.15541
                rmid: 6.31081
                rout: 12.6216
             eosfile: togashi.lorene
             eostype: Cold_Table
               h_cut: 0
   interpolation_pts: 2000

Last stage: binary_boost
Solved previously: /home/la34cit/fuka//COs/converged_NS_TOTAL_BC.togashi.1.-0.3.0.09.info
Config File: /home/la34cit/fuka//COs/converged_NS_TOTAL_BC.togashi.1.-0.3.0.09.info
Fields File: /home/la34cit/fuka//COs/converged_NS_TOTAL_BC.togashi.1.-0.3.0.09.dat
*****************ns info*****************
                 chi: -0.3
                 dim: 3
                  hc: 1.15727
                madm: 1
                  mb: 1.06689
      n_inner_shells: 0
                  nc: 0.00108579
             nshells: 0
               omega: -0.0145214
             ql_madm: 1
                qpig: 12.5664
                 res: 9
                 rin: 3.15541
                rmid: 6.31081
                rout: 12.6216
             eosfile: togashi.lorene
             eostype: Cold_Table
               h_cut: 0
   interpolation_pts: 2000

Last stage: binary_boost
Solved previously: /home/la34cit/fuka//COs/converged_NS_TOTAL_BC.togashi.1.-0.3.0.09.info
Resolution of old space: 9 (r), 9 (theta), 8 (phi)
Rmin/max: 6.46417 6.9899
Resolution of new space: 11 (r), 11 (theta), 10 (phi)
New bounds: : 3.23208 6.46417 10.4849 
Config File: /home/la34cit/fuka//COs/initns.info
Fields File: /home/la34cit/fuka//COs/initns.dat
*****************ns info*****************
                 chi: -0.3
                 dim: 3
                  hc: 1.15727
                madm: 1
                  mb: 1.06689
      n_inner_shells: 0
                  nc: 0.00108579
             nshells: 0
               omega: -0.0145214
             ql_madm: 1
                qpig: 12.5664
                 res: 11
                 rin: 3.23208
                rmid: 6.46417
                rout: 10.4849
             eosfile: togashi.lorene
             eostype: Cold_Table
               h_cut: 0
   interpolation_pts: 2000

Last stage: binary_boost
Solved previously: /home/la34cit/fuka//COs/converged_NS_TOTAL_BC.togashi.1.-0.3.0.11.info
Config File: /home/la34cit/fuka//COs/converged_NS_TOTAL_BC.togashi.1.-0.3.0.11.info
Fields File: /home/la34cit/fuka//COs/converged_NS_TOTAL_BC.togashi.1.-0.3.0.11.dat
*****************ns info*****************
                 chi: -0.3
                 dim: 3
                  hc: 1.15871
                madm: 1
                  mb: 1.06905
      n_inner_shells: 0
                  nc: 0.00109054
             nshells: 0
               omega: -0.0145918
             ql_madm: 1
                qpig: 12.5664
                 res: 11
                 rin: 3.23208
                rmid: 6.46417
                rout: 10.4849
             eosfile: togashi.lorene
             eostype: Cold_Table
               h_cut: 0
   interpolation_pts: 2000

Last stage: binary_boost
Solved previously: /home/la34cit/fuka//COs/converged_NS_TOTAL_BC.togashi.1.-0.3.0.11.info
Config File: /home/la34cit/fuka//COs/converged_NS_TOTAL_BC.togashi.1.-0.3.0.11.info
Fields File: /home/la34cit/fuka//COs/converged_NS_TOTAL_BC.togashi.1.-0.3.0.11.dat
*****************ns info*****************
                 chi: -0.3
                 dim: 3
                  hc: 1.15871
                madm: 1
                  mb: 1.06905
      n_inner_shells: 0
                  nc: 0.00109054
             nshells: 0
               omega: -0.0145918
             ql_madm: 1
                qpig: 12.5664
                 res: 11
                 rin: 3.23208
                rmid: 6.46417
                rout: 10.4849
             eosfile: togashi.lorene
             eostype: Cold_Table
               h_cut: 0
   interpolation_pts: 2000

Solved previously: /home/la34cit/fuka//COs/converged_NS_BIN_BOOST_36_0.00610424.togashi.1.-0.3.0.11.info
/home/la34cit/fuka//COs/converged_NS_BIN_BOOST_36_0.00610424.togashi.1.-0.3.0.11.info
/home/la34cit/fuka//COs/converged_NS_BIN_BOOST_36_0.00610424.togashi.1.-0.3.0.11.info
Bounds:
Outer: 72 
NS1: 3.23811 7.00565 10.6704 
NS2: 3.23811 7.00565 10.6704 
xc1: -18
xc2: 18
WeightNS1: 18, WeightNS2: 18
Config File: ./initbin.info
Fields File: ./initbin.dat
***************binary info***************
                 com: 0
                comy: 0
            distance: 36
           ecc_omega: 0.00610424
        global_omega: 0.00610424
        outer_shells: 0
                   q: 1
                qpig: 12.5664
                 res: 9
                rext: 72
*****************ns info*****************
                 chi: -0.3
         decay_limit: 18
                 dim: 3
                  hc: 1.15871
                madm: 1
                  mb: 1.06905
      n_inner_shells: 0
                  nc: 0.00109054
             nshells: 0
               omega: -0.0155261
             ql_madm: 1
                qpig: 12.5664
                 res: 11
                 rin: 3.23811
                rmid: 7.00565
                rout: 10.6704
             eosfile: togashi.lorene
             eostype: Cold_Table
               h_cut: 0
   interpolation_pts: 2000
*****************ns info*****************
                 chi: -0.3
         decay_limit: 18
                 dim: 3
                  hc: 1.15871
                madm: 1
                  mb: 1.06905
      n_inner_shells: 0
                  nc: 0.00109054
             nshells: 0
               omega: -0.0155261
             ql_madm: 1
                qpig: 12.5664
                 res: 11
                 rin: 3.23811
                rmid: 7.00565
                rout: 10.6704
             eosfile: togashi.lorene
             eostype: Cold_Table
               h_cut: 0
   interpolation_pts: 2000

=================================
BNS grav input
Distance: 36
Omega guess: 0.00610424
Units: 12.5664
=================================
############################
Py fixing without first integral and fixed omega, chi = -0.3,-0.3 and q = 1
with Py BC fixing
############################
=======================================
Iter:        +0
Error:       +0
Omega:       +0.00610424
Axis:        +0
P:           [+0, +0, +0]

NS1-Mb:      +1.07138
NS1-Madm_ql: +1.06646
NS1-S:       -0.300198
NS1-Chi:     -0.300198
NS1-Chi_ql:  -0.263949
NS1-OmegaS:  -0.0155261
NS-Rs:       +6.47623 +7.00565

NS2-Mb:      +1.07138
NS2-Madm_ql: +1.06646
NS2-S:       -0.300198
NS2-Chi:     -0.300198
NS2-Chi_ql:  -0.263949
NS2-OmegaS:  -0.0155261
NS-Rs:       +6.47623 +7.00565
=======================================

Error init = 0.0664582, Eq: integvolume(intM) = qlMadm2 Dom: 3 Bounday: -1
DOF / rank = 41323 x 41323 / 450 = 3.79465e+06
Load and redistrib Jacobian: 252.501 / 251.128 / 253.442 seconds (avg/min/max)
Inverting the matrix: 186.168 seconds
Distributing solution: 0.131 seconds
=======================================
Iter:        +1
Error:       +0.0664582
Omega:       +0.00610424
Axis:        +0.834241
P:           [-2.14645e-15, +4.46076e-10, +0]

NS1-Mb:      +1.06291
NS1-Madm_ql: +0.995853
NS1-S:       -0.308566
NS1-Chi:     -0.308566
NS1-Chi_ql:  -0.311141
NS1-OmegaS:  -0.0149281
NS-Rs:       +6.47623 +7.00565

NS2-Mb:      +1.06291
NS2-Madm_ql: +0.995853
NS2-S:       -0.308581
NS2-Chi:     -0.308581
NS2-Chi_ql:  -0.311156
NS2-OmegaS:  -0.0149281
NS-Rs:       +6.47623 +7.00565
=======================================

Error init = 0.00858057, Eq: integ(intS2) / Madm2 / Madm2 = chi2 Dom: 5 Bounday: 1
DOF / rank = 41323 x 41323 / 450 = 3.79465e+06
Load and redistrib Jacobian: 253.144 / 251.831 / 254.018 seconds (avg/min/max)
Inverting the matrix: 183.474 seconds
Distributing solution: 0.136557 seconds
=======================================
Iter:        +2
Error:       +0.00858057
Omega:       +0.00610424
Axis:        -0.0166644
P:           [+1.77748e-15, -1.06244e-10, +0]

NS1-Mb:      +1.06915
NS1-Madm_ql: +0.991434
NS1-S:       -0.3
NS1-Chi:     -0.3
NS1-Chi_ql:  -0.305206
NS1-OmegaS:  -0.0147492
NS-Rs:       +6.47623 +7.00565

NS2-Mb:      +1.06916
NS2-Madm_ql: +0.991432
NS2-S:       -0.3
NS2-Chi:     -0.3
NS2-Chi_ql:  -0.305207
NS2-OmegaS:  -0.0147493
NS-Rs:       +6.47623 +7.00565
=======================================

Error init = 0.000103587, Eq: integvolume(intMb) = Mb2 Dom: 3 Bounday: -1
DOF / rank = 41323 x 41323 / 450 = 3.79465e+06
Load and redistrib Jacobian: 252.631 / 251.367 / 253.626 seconds (avg/min/max)
Inverting the matrix: 176.574 seconds
Distributing solution: 0.31482 seconds
=======================================
Iter:        +3
Error:       +0.000103587
Omega:       +0.00610424
Axis:        -3.1117e-06
P:           [+7.8639e-15, -1.47027e-14, +0]

NS1-Mb:      +1.06905
NS1-Madm_ql: +0.991681
NS1-S:       -0.3
NS1-Chi:     -0.3
NS1-Chi_ql:  -0.305054
NS1-OmegaS:  -0.0147467
NS-Rs:       +6.47623 +7.00565

NS2-Mb:      +1.06905
NS2-Madm_ql: +0.991681
NS2-S:       -0.3
NS2-Chi:     -0.3
NS2-Chi_ql:  -0.305054
NS2-OmegaS:  -0.0147467
NS-Rs:       +6.47623 +7.00565
=======================================

Error init = 7.80539e-07, Eq: integvolume(intMb) = Mb2 Dom: 3 Bounday: -1
DOF / rank = 41323 x 41323 / 450 = 3.79465e+06
Load and redistrib Jacobian: 251.757 / 250.469 / 252.588 seconds (avg/min/max)
Inverting the matrix: 181.433 seconds
Distributing solution: 0.139185 seconds
=======================================
Iter:        +4
Error:       +7.80539e-07
Omega:       +0.00610424
Axis:        +1.32653e-08
P:           [-3.77029e-15, -1.77347e-14, +0]

NS1-Mb:      +1.06905
NS1-Madm_ql: +0.991682
NS1-S:       -0.3
NS1-Chi:     -0.3
NS1-Chi_ql:  -0.305054
NS1-OmegaS:  -0.0147467
NS-Rs:       +6.47623 +7.00565

NS2-Mb:      +1.06905
NS2-Madm_ql: +0.991682
NS2-S:       -0.3
NS2-Chi:     -0.3
NS2-Chi_ql:  -0.305054
NS2-OmegaS:  -0.0147467
NS-Rs:       +6.47623 +7.00565
=======================================

Error init = 2.38886e-09, Eq: integvolume(intMb) = Mb2 Dom: 3 Bounday: -1
=======================================
Iter:        +5
Error:       +2.38886e-09
Omega:       +0.00610424
Axis:        +1.32653e-08
P:           [-3.77029e-15, -1.77347e-14, +0]

NS1-Mb:      +1.06905
NS1-Madm_ql: +0.991682
NS1-S:       -0.3
NS1-Chi:     -0.3
NS1-Chi_ql:  -0.305054
NS1-OmegaS:  -0.0147467
NS-Rs:       +6.47623 +7.00565

NS2-Mb:      +1.06905
NS2-Madm_ql: +0.991682
NS2-S:       -0.3
NS2-Chi:     -0.3
NS2-Chi_ql:  -0.305054
NS2-OmegaS:  -0.0147467
NS-Rs:       +6.47623 +7.00565
=======================================

############################
Total with mass fixing, chi = -0.3,-0.3 and q = 1
############################
=======================================
Iter:        +0
Error:       +0
Omega:       +0.00610424
Axis:        +1.32653e-08
P:           [-3.77029e-15, -1.77347e-14, +0]

NS1-Mb:      +1.06905
NS1-Madm_ql: +0.991682
NS1-S:       -0.3
NS1-Chi:     -0.3
NS1-Chi_ql:  -0.305054
NS1-OmegaS:  -0.0147467
NS-Rs:       +6.47623 +7.00565

NS2-Mb:      +1.06905
NS2-Madm_ql: +0.991682
NS2-S:       -0.3
NS2-Chi:     -0.3
NS2-Chi_ql:  -0.305054
NS2-OmegaS:  -0.0147467
NS-Rs:       +6.47623 +7.00565
=======================================

Error init = 0.00673677, Eq: firstint Dom: 3 Bounday: -1
DOF / rank = 48397 x 48397 / 450 = 5.20504e+06
Load and redistrib Jacobian: 256.292 / 254.574 / 257.417 seconds (avg/min/max)
Inverting the matrix: 235.724 seconds
Distributing solution: 0.145735 seconds
=======================================
Iter:        +1
Error:       +0.00673677
Omega:       +0.00604671
Axis:        -3.65143e-09
P:           [-1.74305e-13, -6.57475e-10, +0]

NS1-Mb:      +1.06254
NS1-Madm_ql: +0.993318
NS1-S:       -0.300042
NS1-Chi:     -0.300042
NS1-Chi_ql:  -0.304093
NS1-OmegaS:  -0.0152989
NS-Rs:       +6.23584 +6.8771

NS2-Mb:      +1.06254
NS2-Madm_ql: +0.993318
NS2-S:       -0.300042
NS2-Chi:     -0.300042
NS2-Chi_ql:  -0.304093
NS2-OmegaS:  -0.0152989
NS-Rs:       +6.23584 +6.8771
=======================================

Error init = 0.00651678, Eq: integvolume(intMb) = Mb1 Dom: 0 Bounday: -1
DOF / rank = 48397 x 48397 / 450 = 5.20504e+06
Load and redistrib Jacobian: 257.13 / 255.374 / 258.268 seconds (avg/min/max)
Inverting the matrix: 238.79 seconds
Distributing solution: 0.147929 seconds
=======================================
Iter:        +2
Error:       +0.00651678
Omega:       +0.00604181
Axis:        -7.61555e-11
P:           [-2.64941e-13, -2.95975e-12, +0]

NS1-Mb:      +1.06907
NS1-Madm_ql: +0.992453
NS1-S:       -0.299999
NS1-Chi:     -0.299999
NS1-Chi_ql:  -0.304579
NS1-OmegaS:  -0.0153385
NS-Rs:       +6.25374 +6.88865

NS2-Mb:      +1.06907
NS2-Madm_ql: +0.992453
NS2-S:       -0.299999
NS2-Chi:     -0.299999
NS2-Chi_ql:  -0.304579
NS2-OmegaS:  -0.0153385
NS-Rs:       +6.25374 +6.88865
=======================================

Error init = 1.30187e-05, Eq: integvolume(intMb) = Mb1 Dom: 0 Bounday: -1
DOF / rank = 48397 x 48397 / 450 = 5.20504e+06
Load and redistrib Jacobian: 257.289 / 255.48 / 258.579 seconds (avg/min/max)
Inverting the matrix: 230.859 seconds
Distributing solution: 0.147043 seconds
=======================================
Iter:        +3
Error:       +1.30187e-05
Omega:       +0.00604169
Axis:        -2.42971e-11
P:           [-3.67837e-13, -7.39312e-12, +0]

NS1-Mb:      +1.06905
NS1-Madm_ql: +0.99237
NS1-S:       -0.3
NS1-Chi:     -0.3
NS1-Chi_ql:  -0.304631
NS1-OmegaS:  -0.015339
NS-Rs:       +6.25385 +6.88875

NS2-Mb:      +1.06905
NS2-Madm_ql: +0.99237
NS2-S:       -0.3
NS2-Chi:     -0.3
NS2-Chi_ql:  -0.304631
NS2-OmegaS:  -0.015339
NS-Rs:       +6.25385 +6.88875
=======================================

Error init = 1.45209e-07, Eq: integvolume(intMb) = Mb2 Dom: 3 Bounday: -1
DOF / rank = 48397 x 48397 / 450 = 5.20504e+06
Load and redistrib Jacobian: 257.135 / 255.439 / 258.22 seconds (avg/min/max)
Inverting the matrix: 230.016 seconds
Distributing solution: 0.142794 seconds
=======================================
Iter:        +4
Error:       +1.45209e-07
Omega:       +0.00604169
Axis:        +2.56158e-11
P:           [-4.91523e-13, +7.48949e-12, +0]

NS1-Mb:      +1.06905
NS1-Madm_ql: +0.992369
NS1-S:       -0.3
NS1-Chi:     -0.3
NS1-Chi_ql:  -0.304631
NS1-OmegaS:  -0.015339
NS-Rs:       +6.25385 +6.88875

NS2-Mb:      +1.06905
NS2-Madm_ql: +0.992369
NS2-S:       -0.3
NS2-Chi:     -0.3
NS2-Chi_ql:  -0.304631
NS2-OmegaS:  -0.015339
NS-Rs:       +6.25385 +6.88875
=======================================

Error init = 1.81167e-10, Eq: integvolume(intMb) = Mb1 Dom: 0 Bounday: -1
=======================================
Iter:        +5
Error:       +1.81167e-10
Omega:       +0.00604169
Axis:        +2.56158e-11
P:           [-4.91523e-13, +7.48949e-12, +0]

NS1-Mb:      +1.06905
NS1-Madm_ql: +0.992369
NS1-S:       -0.3
NS1-Chi:     -0.3
NS1-Chi_ql:  -0.304631
NS1-OmegaS:  -0.015339
NS-Rs:       +6.25385 +6.88875

NS2-Mb:      +1.06905
NS2-Madm_ql: +0.992369
NS2-S:       -0.3
NS2-Chi:     -0.3
NS2-Chi_ql:  -0.304631
NS2-OmegaS:  -0.015339
NS-Rs:       +6.25385 +6.88875
=======================================

Resolution of old space: 9 (r), 9 (theta), 8 (phi)
Resolution of new space: 11 (r), 11 (theta), 10 (phi)
Rmin/max: 
6.25385 6.88875
6.25385 6.88875
Bounds:
NS1: 3.12692 7.00565 10.5925 
NS2: 3.12692 7.00565 10.5925 
xc1: -18
xc2: 18
Config File: ./bns_regrid.info
Fields File: ./bns_regrid.dat
***************binary info***************
                 com: 2.56158e-11
                comy: -9.61274e-13
            distance: 36
           ecc_omega: 0.00610424
        global_omega: 0.00604169
        outer_shells: 0
                   q: 1
                qpig: 12.5664
                 res: 11
                rext: 72
*****************ns info*****************
                 chi: -0.3
         decay_limit: 18
                 dim: 3
             fixed_r: 6.25385
                  hc: 1.15871
                madm: 1
                  mb: 1.06905
      n_inner_shells: 0
                  nc: 0.00109054
             nshells: 0
               omega: -0.015339
             ql_madm: 0.992369
                qpig: 12.5664
                 res: 11
                 rin: 3.12692
                rmid: 7.00565
                rout: 10.5925
             eosfile: togashi.lorene
             eostype: Cold_Table
               h_cut: 0
   interpolation_pts: 2000
*****************ns info*****************
                 chi: -0.3
         decay_limit: 18
                 dim: 3
             fixed_r: 6.25385
                  hc: 1.15871
                madm: 1
                  mb: 1.06905
      n_inner_shells: 0
                  nc: 0.00109054
             nshells: 0
               omega: -0.015339
             ql_madm: 0.992369
                qpig: 12.5664
                 res: 11
                 rin: 3.12692
                rmid: 7.00565
                rout: 10.5925
             eosfile: togashi.lorene
             eostype: Cold_Table
               h_cut: 0
   interpolation_pts: 2000

=================================
BNS grav input
Distance: 36
Omega guess: 0.00604169
Units: 12.5664
=================================
############################
Total with mass fixing, chi = -0.3,-0.3 and q = 1
############################
=======================================
Iter:        +0
Error:       +0
Omega:       +0.00604169
Axis:        +2.56158e-11
P:           [-4.97013e-13, +7.73145e-12, +0]

NS1-Mb:      +1.05961
NS1-Madm_ql: +0.992385
NS1-S:       -0.299993
NS1-Chi:     -0.299993
NS1-Chi_ql:  -0.304614
NS1-OmegaS:  -0.015339
NS-Rs:       +6.25385 +6.88875

NS2-Mb:      +1.05961
NS2-Madm_ql: +0.992385
NS2-S:       -0.299993
NS2-Chi:     -0.299993
NS2-Chi_ql:  -0.304614
NS2-OmegaS:  -0.015339
NS-Rs:       +6.25385 +6.88875
=======================================

Error init = 0.0094445, Eq: integvolume(intMb) = Mb1 Dom: 0 Bounday: -1
DOF / rank = 91866 x 91866 / 450 = 1.87541e+07
Load and redistrib Jacobian: 898.998 / 892.637 / 903.178 seconds (avg/min/max)
Inverting the matrix: 839.564 seconds
Distributing solution: 0.197282 seconds
=======================================
Iter:        +1
Error:       +0.0094445
Omega:       +0.00604027
Axis:        +3.37712e-11
P:           [-7.89553e-13, -3.97552e-10, +0]

NS1-Mb:      +1.06907
NS1-Madm_ql: +0.990884
NS1-S:       -0.3
NS1-Chi:     -0.3
NS1-Chi_ql:  -0.305546
NS1-OmegaS:  -0.015482
NS-Rs:       +6.26645 +6.90943

NS2-Mb:      +1.06907
NS2-Madm_ql: +0.990884
NS2-S:       -0.3
NS2-Chi:     -0.3
NS2-Chi_ql:  -0.305546
NS2-OmegaS:  -0.015482
NS-Rs:       +6.26645 +6.90943
=======================================

Error init = 1.37532e-05, Eq: integvolume(intMb) = Mb2 Dom: 3 Bounday: -1
DOF / rank = 91866 x 91866 / 450 = 1.87541e+07
Load and redistrib Jacobian: 900.571 / 894.149 / 904.549 seconds (avg/min/max)
Inverting the matrix: 837.991 seconds
Distributing solution: 0.196856 seconds
=======================================
Iter:        +2
Error:       +1.37532e-05
Omega:       +0.00604005
Axis:        -5.50381e-11
P:           [+1.28063e-13, -1.30591e-11, +0]

NS1-Mb:      +1.06905
NS1-Madm_ql: +0.990727
NS1-S:       -0.3
NS1-Chi:     -0.3
NS1-Chi_ql:  -0.305642
NS1-OmegaS:  -0.0154853
NS-Rs:       +6.26669 +6.90982

NS2-Mb:      +1.06905
NS2-Madm_ql: +0.990727
NS2-S:       -0.3
NS2-Chi:     -0.3
NS2-Chi_ql:  -0.305642
NS2-OmegaS:  -0.0154853
NS-Rs:       +6.26669 +6.90982
=======================================

Error init = 7.67395e-08, Eq: integvolume(intMb) = Mb1 Dom: 0 Bounday: -1
DOF / rank = 91866 x 91866 / 450 = 1.87541e+07
Load and redistrib Jacobian: 910.009 / 903.56 / 914.148 seconds (avg/min/max)
Inverting the matrix: 839.391 seconds
Distributing solution: 0.196509 seconds
=======================================
Iter:        +3
Error:       +7.67395e-08
Omega:       +0.00604005
Axis:        +3.30769e-11
P:           [+2.25231e-12, +9.39527e-12, +0]

NS1-Mb:      +1.06905
NS1-Madm_ql: +0.990727
NS1-S:       -0.3
NS1-Chi:     -0.3
NS1-Chi_ql:  -0.305642
NS1-OmegaS:  -0.0154853
NS-Rs:       +6.26669 +6.90982

NS2-Mb:      +1.06905
NS2-Madm_ql: +0.990727
NS2-S:       -0.3
NS2-Chi:     -0.3
NS2-Chi_ql:  -0.305642
NS2-OmegaS:  -0.0154853
NS-Rs:       +6.26669 +6.90982
=======================================

Error init = 6.16753e-11, Eq: integvolume(intMb) = Mb1 Dom: 0 Bounday: -1
=======================================
Iter:        +4
Error:       +6.16753e-11
Omega:       +0.00604005
Axis:        +3.30769e-11
P:           [+2.25231e-12, +9.39527e-12, +0]

NS1-Mb:      +1.06905
NS1-Madm_ql: +0.990727
NS1-S:       -0.3
NS1-Chi:     -0.3
NS1-Chi_ql:  -0.305642
NS1-OmegaS:  -0.0154853
NS-Rs:       +6.26669 +6.90982

NS2-Mb:      +1.06905
NS2-Madm_ql: +0.990727
NS2-S:       -0.3
NS2-Chi:     -0.3
NS2-Chi_ql:  -0.305642
NS2-OmegaS:  -0.0154853
NS-Rs:       +6.26669 +6.90982
=======================================

############################
Py fixing without first integral and fixed omega, chi = -0.3,-0.3 and q = 1
with Py BC fixing
############################
=======================================
Iter:        +0
Error:       +0
Omega:       +0.00604005
Axis:        +3.30769e-11
P:           [+2.25231e-12, +9.39527e-12, +0]

NS1-Mb:      +1.06905
NS1-Madm_ql: +0.990727
NS1-S:       -0.3
NS1-Chi:     -0.3
NS1-Chi_ql:  -0.305642
NS1-OmegaS:  -0.0154853
NS-Rs:       +6.26669 +6.90982

NS2-Mb:      +1.06905
NS2-Madm_ql: +0.990727
NS2-S:       -0.3
NS2-Chi:     -0.3
NS2-Chi_ql:  -0.305642
NS2-OmegaS:  -0.0154853
NS-Rs:       +6.26669 +6.90982
=======================================

Error init = 6.16753e-11, Eq: integvolume(intMb) = Mb1 Dom: 0 Bounday: -1
=======================================
Iter:        +1
Error:       +6.16753e-11
Omega:       +0.00604005
Axis:        +3.30769e-11
P:           [+2.25231e-12, +9.39527e-12, +0]

NS1-Mb:      +1.06905
NS1-Madm_ql: +0.990727
NS1-S:       -0.3
NS1-Chi:     -0.3
NS1-Chi_ql:  -0.305642
NS1-OmegaS:  -0.0154853
NS-Rs:       +6.26669 +6.90982

NS2-Mb:      +1.06905
NS2-Madm_ql: +0.990727
NS2-S:       -0.3
NS2-Chi:     -0.3
NS2-Chi_ql:  -0.305642
NS2-OmegaS:  -0.0154853
NS-Rs:       +6.26669 +6.90982
=======================================

############################
Eccentricity reduction step with fixed omega, chi = -0.3,-0.3 and q = 1
############################
### Using PN estimate for adot and omega! ###
=======================================
Iter:        +0
Error:       +0
Omega:       +0.00610424
Axis:        +3.30769e-11
P:           [+2.25231e-12, +9.39527e-12, +0]

NS1-Mb:      +1.06905
NS1-Madm_ql: +0.990727
NS1-S:       -0.3
NS1-Chi:     -0.3
NS1-Chi_ql:  -0.305642
NS1-OmegaS:  -0.0154853
NS-Rs:       +6.26669 +6.90982

NS2-Mb:      +1.06905
NS2-Madm_ql: +0.990727
NS2-S:       -0.3
NS2-Chi:     -0.3
NS2-Chi_ql:  -0.305642
NS2-OmegaS:  -0.0154853
NS-Rs:       +6.26669 +6.90982
=======================================

Error init = 0.000114528, Eq: eqphi = 0 Dom: 3 Bounday: -1
DOF / rank = 78499 x 78499 / 450 = 1.36935e+07
Load and redistrib Jacobian: 899.114 / 894.457 / 902.264 seconds (avg/min/max)
Inverting the matrix: 604.934 seconds
Distributing solution: 0.1916 seconds
=======================================
Iter:        +1
Error:       +0.000114528
Omega:       +0.00610424
Axis:        +2.44353e-06
P:           [+1.815e-15, -1.23161e-14, +0]

NS1-Mb:      +1.06905
NS1-Madm_ql: +0.990823
NS1-S:       -0.3
NS1-Chi:     -0.3
NS1-Chi_ql:  -0.305583
NS1-OmegaS:  -0.0154833
NS-Rs:       +6.26669 +6.90982

NS2-Mb:      +1.06905
NS2-Madm_ql: +0.990823
NS2-S:       -0.3
NS2-Chi:     -0.3
NS2-Chi_ql:  -0.305583
NS2-OmegaS:  -0.0154833
NS-Rs:       +6.26669 +6.90982
=======================================

Error init = 7.00947e-07, Eq: integvolume(intMb) = Mb1 Dom: 0 Bounday: -1
DOF / rank = 78499 x 78499 / 450 = 1.36935e+07
Load and redistrib Jacobian: 901.351 / 896.279 / 904.625 seconds (avg/min/max)
Inverting the matrix: 598.725 seconds
Distributing solution: 0.192263 seconds
=======================================
Iter:        +2
Error:       +7.00947e-07
Omega:       +0.00610424
Axis:        -3.62729e-09
P:           [+2.43636e-15, +2.65554e-14, +0]

NS1-Mb:      +1.06905
NS1-Madm_ql: +0.990823
NS1-S:       -0.3
NS1-Chi:     -0.3
NS1-Chi_ql:  -0.305583
NS1-OmegaS:  -0.0154832
NS-Rs:       +6.26669 +6.90982

NS2-Mb:      +1.06905
NS2-Madm_ql: +0.990823
NS2-S:       -0.3
NS2-Chi:     -0.3
NS2-Chi_ql:  -0.305583
NS2-OmegaS:  -0.0154832
NS-Rs:       +6.26669 +6.90982
=======================================

Error init = 1.58799e-09, Eq: integvolume(intMb) = Mb1 Dom: 0 Bounday: -1
=======================================
Iter:        +3
Error:       +1.58799e-09
Omega:       +0.00610424
Axis:        -3.62729e-09
P:           [+2.43636e-15, +2.65554e-14, +0]

NS1-Mb:      +1.06905
NS1-Madm_ql: +0.990823
NS1-S:       -0.3
NS1-Chi:     -0.3
NS1-Chi_ql:  -0.305583
NS1-OmegaS:  -0.0154832
NS-Rs:       +6.26669 +6.90982

NS2-Mb:      +1.06905
NS2-Madm_ql: +0.990823
NS2-S:       -0.3
NS2-Chi:     -0.3
NS2-Chi_ql:  -0.305583
NS2-OmegaS:  -0.0154832
NS-Rs:       +6.26669 +6.90982
=======================================

