No dat file associated with : ./initial_bns_d28_ir.info
Creating a setup based on config file...
Solutions will be stored in: /home/la34cit/fuka//COs/
Directory will be created if it doesn't exist.
0.00107, 0.0011175
Config File: /home/la34cit/fuka//COs/initns.info
Fields File: /home/la34cit/fuka//COs/initns.dat
*****************ns info*****************
                 chi: 0
                 dim: 3
                  hc: 1.00919
                madm: 1
                  mb: 1.11258
      n_inner_shells: 0
                  nc: 0.00108187
             nshells: 0
               omega: 0
                qpig: 12.5664
                 res: 9
                 rin: 3.15541
                rmid: 6.31081
                rout: 12.6216
             eosfile: togashi.lorene
             eostype: Cold_Table
               h_cut: 0
   interpolation_pts: 2000

Last stage: binary_boost
Current: /home/la34cit/fuka//COs/initns.info
Solved previously: /home/la34cit/fuka//COs/converged_NS_NOROT_BC.togashi.1.0.0.09.info
Config File: /home/la34cit/fuka//COs/converged_NS_NOROT_BC.togashi.1.0.0.09.info
Fields File: /home/la34cit/fuka//COs/converged_NS_NOROT_BC.togashi.1.0.0.09.dat
*****************ns info*****************
                 chi: 0
                 dim: 3
                  hc: 1.16524
                madm: 1
                  mb: 1.07012
      n_inner_shells: 0
                  nc: 0.00111162
             nshells: 0
               omega: 0
             ql_madm: 1
                qpig: 12.5664
                 res: 9
                 rin: 3.15541
                rmid: 6.31081
                rout: 12.6216
             eosfile: togashi.lorene
             eostype: Cold_Table
               h_cut: 0
   interpolation_pts: 2000

Last stage: binary_boost
Solved previously: /home/la34cit/fuka//COs/converged_NS_TOTAL_BC.togashi.1.0.0.09.info
Config File: /home/la34cit/fuka//COs/converged_NS_TOTAL_BC.togashi.1.0.0.09.info
Fields File: /home/la34cit/fuka//COs/converged_NS_TOTAL_BC.togashi.1.0.0.09.dat
*****************ns info*****************
                 chi: 0
                 dim: 3
                  hc: 1.16524
                madm: 1
                  mb: 1.07012
      n_inner_shells: 0
                  nc: 0.00111162
             nshells: 0
               omega: 0
             ql_madm: 1
                qpig: 12.5664
                 res: 9
                 rin: 3.15541
                rmid: 6.31081
                rout: 12.6216
             eosfile: togashi.lorene
             eostype: Cold_Table
               h_cut: 0
   interpolation_pts: 2000

Last stage: binary_boost
Solved previously: /home/la34cit/fuka//COs/converged_NS_TOTAL_BC.togashi.1.0.0.09.info
Resolution of old space: 9 (r), 9 (theta), 8 (phi)
Rmin/max: 6.70137 6.70137
Resolution of new space: 11 (r), 11 (theta), 10 (phi)
New bounds: : 3.35069 6.70137 10.0521 
Config File: /home/la34cit/fuka//COs/initns.info
Fields File: /home/la34cit/fuka//COs/initns.dat
*****************ns info*****************
                 chi: 0
                 dim: 3
                  hc: 1.16524
                madm: 1
                  mb: 1.07012
      n_inner_shells: 0
                  nc: 0.00111162
             nshells: 0
               omega: 0
             ql_madm: 1
                qpig: 12.5664
                 res: 11
                 rin: 3.35069
                rmid: 6.70137
                rout: 10.0521
             eosfile: togashi.lorene
             eostype: Cold_Table
               h_cut: 0
   interpolation_pts: 2000

Last stage: binary_boost
Solved previously: /home/la34cit/fuka//COs/converged_NS_TOTAL_BC.togashi.1.0.0.11.info
Config File: /home/la34cit/fuka//COs/converged_NS_TOTAL_BC.togashi.1.0.0.11.info
Fields File: /home/la34cit/fuka//COs/converged_NS_TOTAL_BC.togashi.1.0.0.11.dat
*****************ns info*****************
                 chi: 0
                 dim: 3
                  hc: 1.16624
                madm: 1
                  mb: 1.07192
      n_inner_shells: 0
                  nc: 0.00111478
             nshells: 0
               omega: 0
             ql_madm: 1
                qpig: 12.5664
                 res: 11
                 rin: 3.35069
                rmid: 6.70137
                rout: 10.0521
             eosfile: togashi.lorene
             eostype: Cold_Table
               h_cut: 0
   interpolation_pts: 2000

Last stage: binary_boost
Solved previously: /home/la34cit/fuka//COs/converged_NS_TOTAL_BC.togashi.1.0.0.11.info
Config File: /home/la34cit/fuka//COs/converged_NS_TOTAL_BC.togashi.1.0.0.11.info
Fields File: /home/la34cit/fuka//COs/converged_NS_TOTAL_BC.togashi.1.0.0.11.dat
*****************ns info*****************
                 chi: 0
                 dim: 3
                  hc: 1.16624
                madm: 1
                  mb: 1.07192
      n_inner_shells: 0
                  nc: 0.00111478
             nshells: 0
               omega: 0
             ql_madm: 1
                qpig: 12.5664
                 res: 11
                 rin: 3.35069
                rmid: 6.70137
                rout: 10.0521
             eosfile: togashi.lorene
             eostype: Cold_Table
               h_cut: 0
   interpolation_pts: 2000

############################
Binary boosted NS
############################
=======================================
Iter:        +0
Error:       +0
Mb:          +1.07192
Madm:        +1
Madm_ql:     +1 [+6.21725e-14]
Mk:          +1.0003 [+0.000296645]
R:           +6.71073 +6.71073
Jadm:        +0
Chi:         +0 [+0]
Omega:       +0
=======================================

Error init = 0.000128409, Eq: eqNP= 0 Dom: 0 Bounday: -1
DOF / rank = 24690 x 24690 / 4 = 1.52399e+08
slurmstepd: error: *** JOB 1720091 ON node191 CANCELLED AT 2022-11-04T12:52:41 ***
