No dat file associated with : ./initial_bns_d33_s+.info
Creating a setup based on config file...
Solutions will be stored in: /home/la34cit/fuka//COs/
Directory will be created if it doesn't exist.
0.00107, 0.0011175
Config File: /home/la34cit/fuka//COs/initns.info
Fields File: /home/la34cit/fuka//COs/initns.dat
*****************ns info*****************
                 chi: 0.1
                 dim: 3
                  hc: 1.00919
                madm: 1
                  mb: 1.11258
      n_inner_shells: 0
                  nc: 0.00108187
             nshells: 0
               omega: 0
                qpig: 12.5664
                 res: 9
                 rin: 3.15541
                rmid: 6.31081
                rout: 12.6216
             eosfile: togashi.lorene
             eostype: Cold_Table
               h_cut: 0
   interpolation_pts: 2000

Last stage: binary_boost
Current: /home/la34cit/fuka//COs/initns.info
Solved previously: /home/la34cit/fuka//COs/converged_NS_NOROT_BC.togashi.1.0.0.09.info
Config File: /home/la34cit/fuka//COs/converged_NS_NOROT_BC.togashi.1.0.0.09.info
Fields File: /home/la34cit/fuka//COs/converged_NS_NOROT_BC.togashi.1.0.0.09.dat
*****************ns info*****************
                 chi: 0.1
                 dim: 3
                  hc: 1.16524
                madm: 1
                  mb: 1.07012
      n_inner_shells: 0
                  nc: 0.00111162
             nshells: 0
               omega: 0
             ql_madm: 1
                qpig: 12.5664
                 res: 9
                 rin: 3.15541
                rmid: 6.31081
                rout: 12.6216
             eosfile: togashi.lorene
             eostype: Cold_Table
               h_cut: 0
   interpolation_pts: 2000

Last stage: binary_boost
Solved previously: /home/la34cit/fuka//COs/converged_NS_TOTAL_BC.togashi.1.0.1.0.09.info
Config File: /home/la34cit/fuka//COs/converged_NS_TOTAL_BC.togashi.1.0.1.0.09.info
Fields File: /home/la34cit/fuka//COs/converged_NS_TOTAL_BC.togashi.1.0.1.0.09.dat
*****************ns info*****************
                 chi: 0.1
                 dim: 3
                  hc: 1.16433
                madm: 1
                  mb: 1.06976
      n_inner_shells: 0
                  nc: 0.00110871
             nshells: 0
               omega: 0.00507285
             ql_madm: 1
                qpig: 12.5664
                 res: 9
                 rin: 3.15541
                rmid: 6.31081
                rout: 12.6216
             eosfile: togashi.lorene
             eostype: Cold_Table
               h_cut: 0
   interpolation_pts: 2000

Last stage: binary_boost
Solved previously: /home/la34cit/fuka//COs/converged_NS_TOTAL_BC.togashi.1.0.3.0.09.info
Config File: /home/la34cit/fuka//COs/converged_NS_TOTAL_BC.togashi.1.0.3.0.09.info
Fields File: /home/la34cit/fuka//COs/converged_NS_TOTAL_BC.togashi.1.0.3.0.09.dat
*****************ns info*****************
                 chi: 0.3
                 dim: 3
                  hc: 1.15727
                madm: 1
                  mb: 1.06689
      n_inner_shells: 0
                  nc: 0.00108579
             nshells: 0
               omega: 0.0145214
             ql_madm: 1
                qpig: 12.5664
                 res: 9
                 rin: 3.15541
                rmid: 6.31081
                rout: 12.6216
             eosfile: togashi.lorene
             eostype: Cold_Table
               h_cut: 0
   interpolation_pts: 2000

Last stage: binary_boost
Solved previously: /home/la34cit/fuka//COs/converged_NS_TOTAL_BC.togashi.1.0.3.0.09.info
Resolution of old space: 9 (r), 9 (theta), 8 (phi)
Rmin/max: 6.46417 6.9899
Resolution of new space: 11 (r), 11 (theta), 10 (phi)
New bounds: : 3.23208 6.46417 10.4849 
Config File: /home/la34cit/fuka//COs/initns.info
Fields File: /home/la34cit/fuka//COs/initns.dat
*****************ns info*****************
                 chi: 0.3
                 dim: 3
                  hc: 1.15727
                madm: 1
                  mb: 1.06689
      n_inner_shells: 0
                  nc: 0.00108579
             nshells: 0
               omega: 0.0145214
             ql_madm: 1
                qpig: 12.5664
                 res: 11
                 rin: 3.23208
                rmid: 6.46417
                rout: 10.4849
             eosfile: togashi.lorene
             eostype: Cold_Table
               h_cut: 0
   interpolation_pts: 2000

Last stage: binary_boost
Solved previously: /home/la34cit/fuka//COs/converged_NS_TOTAL_BC.togashi.1.0.3.0.11.info
Config File: /home/la34cit/fuka//COs/converged_NS_TOTAL_BC.togashi.1.0.3.0.11.info
Fields File: /home/la34cit/fuka//COs/converged_NS_TOTAL_BC.togashi.1.0.3.0.11.dat
*****************ns info*****************
                 chi: 0.3
                 dim: 3
                  hc: 1.15871
                madm: 1
                  mb: 1.06905
      n_inner_shells: 0
                  nc: 0.00109054
             nshells: 0
               omega: 0.0145918
             ql_madm: 1
                qpig: 12.5664
                 res: 11
                 rin: 3.23208
                rmid: 6.46417
                rout: 10.4849
             eosfile: togashi.lorene
             eostype: Cold_Table
               h_cut: 0
   interpolation_pts: 2000

Last stage: binary_boost
Solved previously: /home/la34cit/fuka//COs/converged_NS_TOTAL_BC.togashi.1.0.3.0.11.info
Config File: /home/la34cit/fuka//COs/converged_NS_TOTAL_BC.togashi.1.0.3.0.11.info
Fields File: /home/la34cit/fuka//COs/converged_NS_TOTAL_BC.togashi.1.0.3.0.11.dat
*****************ns info*****************
                 chi: 0.3
                 dim: 3
                  hc: 1.15871
                madm: 1
                  mb: 1.06905
      n_inner_shells: 0
                  nc: 0.00109054
             nshells: 0
               omega: 0.0145918
             ql_madm: 1
                qpig: 12.5664
                 res: 11
                 rin: 3.23208
                rmid: 6.46417
                rout: 10.4849
             eosfile: togashi.lorene
             eostype: Cold_Table
               h_cut: 0
   interpolation_pts: 2000

############################
Binary boosted NS
############################
=======================================
Iter:        +0
Error:       +0
Mb:          +1.06881
Madm:        +1
Madm_ql:     +1 [+1.41495e-08]
Mk:          +1.00027 [+0.000265475]
R:           +6.47623 +7.00565
Jadm:        +0.3
Chi:         +0.3 [+0.3]
Omega:       +0.0145918
=======================================

Error init = 0.00024091, Eq: integvolume(intMb) = Mb Dom: 0 Bounday: -1
DOF / rank = 24690 x 24690 / 450 = 1.35466e+06
Block size is 32, consider lowering the number of cores.
Load and redistrib Jacobian: 83.7925 / 82.7543 / 84.3251 seconds (avg/min/max)
Inverting the matrix: 180.866 seconds
Distributing solution: 0.289661 seconds
=======================================
Iter:        +1
Error:       +0.00024091
Mb:          +1.06881
Madm:        +1
Madm_ql:     +1 [+1.41495e-08]
Mk:          +1.00027 [+0.000265475]
R:           +6.47623 +7.00565
Jadm:        +0.3
Chi:         +0.3 [+0.3]
Omega:       +0.0155202
=======================================

Error init = 7.30451e-06, Eq: integvolume(intMb) = Mb Dom: 0 Bounday: -1
DOF / rank = 24690 x 24690 / 450 = 1.35466e+06
Block size is 32, consider lowering the number of cores.
Load and redistrib Jacobian: 81.6642 / 81.2172 / 82.0701 seconds (avg/min/max)
Inverting the matrix: 183.385 seconds
Distributing solution: 0.100539 seconds
=======================================
Iter:        +2
Error:       +7.30451e-06
Mb:          +1.06906
Madm:        +0.999992
Madm_ql:     +0.999992 [+1.38588e-08]
Mk:          +1.02822 [+0.0282244]
R:           +6.47623 +7.00565
Jadm:        +0.3
Chi:         +0.300005 [+0.3]
Omega:       +0.0155261
=======================================

Error init = 1.15446e-08, Eq: integvolume(intMb) = Mb Dom: 0 Bounday: -1
DOF / rank = 24690 x 24690 / 450 = 1.35466e+06
Block size is 32, consider lowering the number of cores.
Load and redistrib Jacobian: 81.817 / 81.3498 / 82.2402 seconds (avg/min/max)
Inverting the matrix: 201.622 seconds
Distributing solution: 0.0970639 seconds
=======================================
Iter:        +3
Error:       +1.15446e-08
Mb:          +1.06905
Madm:        +1
Madm_ql:     +1 [+1.33828e-08]
Mk:          +1.02823 [+0.028228]
R:           +6.47623 +7.00565
Jadm:        +0.3
Chi:         +0.3 [+0.3]
Omega:       +0.0155261
=======================================

Error init = 4.79299e-11, Eq: integ(intMadmalt) = qlMadm Dom: 3 Bounday: 1
=======================================
Iter:        +4
Error:       +4.79299e-11
Mb:          +1.06905
Madm:        +1
Madm_ql:     +1 [+1.43695e-08]
Mk:          +1.02823 [+0.028228]
R:           +6.47623 +7.00565
Jadm:        +0.3
Chi:         +0.3 [+0.3]
Omega:       +0.0155261
=======================================

Solutions will be stored in: /home/la34cit/fuka//COs/
Directory will be created if it doesn't exist.
0.00107, 0.0011175
Config File: /home/la34cit/fuka//COs/initns.info
Fields File: /home/la34cit/fuka//COs/initns.dat
*****************ns info*****************
                 chi: 0.1
                 dim: 3
                  hc: 1.00919
                madm: 1
                  mb: 1.11258
      n_inner_shells: 0
                  nc: 0.00108187
             nshells: 0
               omega: 0
                qpig: 12.5664
                 res: 9
                 rin: 3.15541
                rmid: 6.31081
                rout: 12.6216
             eosfile: togashi.lorene
             eostype: Cold_Table
               h_cut: 0
   interpolation_pts: 2000

Last stage: binary_boost
Current: /home/la34cit/fuka//COs/initns.info
Solved previously: /home/la34cit/fuka//COs/converged_NS_NOROT_BC.togashi.1.0.0.09.info
Config File: /home/la34cit/fuka//COs/converged_NS_NOROT_BC.togashi.1.0.0.09.info
Fields File: /home/la34cit/fuka//COs/converged_NS_NOROT_BC.togashi.1.0.0.09.dat
*****************ns info*****************
                 chi: 0.1
                 dim: 3
                  hc: 1.16524
                madm: 1
                  mb: 1.07012
      n_inner_shells: 0
                  nc: 0.00111162
             nshells: 0
               omega: 0
             ql_madm: 1
                qpig: 12.5664
                 res: 9
                 rin: 3.15541
                rmid: 6.31081
                rout: 12.6216
             eosfile: togashi.lorene
             eostype: Cold_Table
               h_cut: 0
   interpolation_pts: 2000

Last stage: binary_boost
Solved previously: /home/la34cit/fuka//COs/converged_NS_TOTAL_BC.togashi.1.0.1.0.09.info
Config File: /home/la34cit/fuka//COs/converged_NS_TOTAL_BC.togashi.1.0.1.0.09.info
Fields File: /home/la34cit/fuka//COs/converged_NS_TOTAL_BC.togashi.1.0.1.0.09.dat
*****************ns info*****************
                 chi: 0.1
                 dim: 3
                  hc: 1.16433
                madm: 1
                  mb: 1.06976
      n_inner_shells: 0
                  nc: 0.00110871
             nshells: 0
               omega: 0.00507285
             ql_madm: 1
                qpig: 12.5664
                 res: 9
                 rin: 3.15541
                rmid: 6.31081
                rout: 12.6216
             eosfile: togashi.lorene
             eostype: Cold_Table
               h_cut: 0
   interpolation_pts: 2000

Last stage: binary_boost
Solved previously: /home/la34cit/fuka//COs/converged_NS_TOTAL_BC.togashi.1.0.3.0.09.info
Config File: /home/la34cit/fuka//COs/converged_NS_TOTAL_BC.togashi.1.0.3.0.09.info
Fields File: /home/la34cit/fuka//COs/converged_NS_TOTAL_BC.togashi.1.0.3.0.09.dat
*****************ns info*****************
                 chi: 0.3
                 dim: 3
                  hc: 1.15727
                madm: 1
                  mb: 1.06689
      n_inner_shells: 0
                  nc: 0.00108579
             nshells: 0
               omega: 0.0145214
             ql_madm: 1
                qpig: 12.5664
                 res: 9
                 rin: 3.15541
                rmid: 6.31081
                rout: 12.6216
             eosfile: togashi.lorene
             eostype: Cold_Table
               h_cut: 0
   interpolation_pts: 2000

Last stage: binary_boost
Solved previously: /home/la34cit/fuka//COs/converged_NS_TOTAL_BC.togashi.1.0.3.0.09.info
Resolution of old space: 9 (r), 9 (theta), 8 (phi)
Rmin/max: 6.46417 6.9899
Resolution of new space: 11 (r), 11 (theta), 10 (phi)
New bounds: : 3.23208 6.46417 10.4849 
Config File: /home/la34cit/fuka//COs/initns.info
Fields File: /home/la34cit/fuka//COs/initns.dat
*****************ns info*****************
                 chi: 0.3
                 dim: 3
                  hc: 1.15727
                madm: 1
                  mb: 1.06689
      n_inner_shells: 0
                  nc: 0.00108579
             nshells: 0
               omega: 0.0145214
             ql_madm: 1
                qpig: 12.5664
                 res: 11
                 rin: 3.23208
                rmid: 6.46417
                rout: 10.4849
             eosfile: togashi.lorene
             eostype: Cold_Table
               h_cut: 0
   interpolation_pts: 2000

Last stage: binary_boost
Solved previously: /home/la34cit/fuka//COs/converged_NS_TOTAL_BC.togashi.1.0.3.0.11.info
Config File: /home/la34cit/fuka//COs/converged_NS_TOTAL_BC.togashi.1.0.3.0.11.info
Fields File: /home/la34cit/fuka//COs/converged_NS_TOTAL_BC.togashi.1.0.3.0.11.dat
*****************ns info*****************
                 chi: 0.3
                 dim: 3
                  hc: 1.15871
                madm: 1
                  mb: 1.06905
      n_inner_shells: 0
                  nc: 0.00109054
             nshells: 0
               omega: 0.0145918
             ql_madm: 1
                qpig: 12.5664
                 res: 11
                 rin: 3.23208
                rmid: 6.46417
                rout: 10.4849
             eosfile: togashi.lorene
             eostype: Cold_Table
               h_cut: 0
   interpolation_pts: 2000

Last stage: binary_boost
Solved previously: /home/la34cit/fuka//COs/converged_NS_TOTAL_BC.togashi.1.0.3.0.11.info
Config File: /home/la34cit/fuka//COs/converged_NS_TOTAL_BC.togashi.1.0.3.0.11.info
Fields File: /home/la34cit/fuka//COs/converged_NS_TOTAL_BC.togashi.1.0.3.0.11.dat
*****************ns info*****************
                 chi: 0.3
                 dim: 3
                  hc: 1.15871
                madm: 1
                  mb: 1.06905
      n_inner_shells: 0
                  nc: 0.00109054
             nshells: 0
               omega: 0.0145918
             ql_madm: 1
                qpig: 12.5664
                 res: 11
                 rin: 3.23208
                rmid: 6.46417
                rout: 10.4849
             eosfile: togashi.lorene
             eostype: Cold_Table
               h_cut: 0
   interpolation_pts: 2000

Solved previously: /home/la34cit/fuka//COs/converged_NS_BIN_BOOST_36_0.00610424.togashi.1.0.3.0.11.info
/home/la34cit/fuka//COs/converged_NS_BIN_BOOST_36_0.00610424.togashi.1.0.3.0.11.info
/home/la34cit/fuka//COs/converged_NS_BIN_BOOST_36_0.00610424.togashi.1.0.3.0.11.info
Bounds:
Outer: 72 
NS1: 3.23811 7.00565 10.6704 
NS2: 3.23811 7.00565 10.6704 
xc1: -18
xc2: 18
WeightNS1: 18, WeightNS2: 18
Config File: ./initbin.info
Fields File: ./initbin.dat
***************binary info***************
                 com: 0
                comy: 0
            distance: 36
           ecc_omega: 0.00610424
        global_omega: 0.00610424
        outer_shells: 0
                   q: 1
                qpig: 12.5664
                 res: 9
                rext: 72
*****************ns info*****************
                 chi: 0.3
         decay_limit: 18
                 dim: 3
                  hc: 1.15871
                madm: 1
                  mb: 1.06905
      n_inner_shells: 0
                  nc: 0.00109054
             nshells: 0
               omega: 0.0155261
             ql_madm: 1
                qpig: 12.5664
                 res: 11
                 rin: 3.23811
                rmid: 7.00565
                rout: 10.6704
             eosfile: togashi.lorene
             eostype: Cold_Table
               h_cut: 0
   interpolation_pts: 2000
*****************ns info*****************
                 chi: 0.3
         decay_limit: 18
                 dim: 3
                  hc: 1.15871
                madm: 1
                  mb: 1.06905
      n_inner_shells: 0
                  nc: 0.00109054
             nshells: 0
               omega: 0.0155261
             ql_madm: 1
                qpig: 12.5664
                 res: 11
                 rin: 3.23811
                rmid: 7.00565
                rout: 10.6704
             eosfile: togashi.lorene
             eostype: Cold_Table
               h_cut: 0
   interpolation_pts: 2000

=================================
BNS grav input
Distance: 36
Omega guess: 0.00610424
Units: 12.5664
=================================
############################
Py fixing without first integral and fixed omega, chi = 0.3,0.3 and q = 1
with Py BC fixing
############################
=======================================
Iter:        +0
Error:       +0
Omega:       +0.00610424
Axis:        +0
P:           [+0, +0, +0]

NS1-Mb:      +1.07138
NS1-Madm_ql: +1.06646
NS1-S:       +0.300198
NS1-Chi:     +0.300198
NS1-Chi_ql:  +0.263949
NS1-OmegaS:  +0.0155261
NS-Rs:       +6.47623 +7.00565

NS2-Mb:      +1.07138
NS2-Madm_ql: +1.06646
NS2-S:       +0.300198
NS2-Chi:     +0.300198
NS2-Chi_ql:  +0.263949
NS2-OmegaS:  +0.0155261
NS-Rs:       +6.47623 +7.00565
=======================================

Error init = 0.0664582, Eq: integvolume(intM) = qlMadm1 Dom: 0 Bounday: -1
DOF / rank = 41323 x 41323 / 450 = 3.79465e+06
Load and redistrib Jacobian: 252.756 / 251.464 / 253.677 seconds (avg/min/max)
Inverting the matrix: 177.618 seconds
Distributing solution: 0.135417 seconds
=======================================
Iter:        +1
Error:       +0.0664582
Omega:       +0.00610424
Axis:        +0.833049
P:           [-3.12179e-15, +5.19139e-10, +0]

NS1-Mb:      +1.06288
NS1-Madm_ql: +0.995863
NS1-S:       +0.285182
NS1-Chi:     +0.285182
NS1-Chi_ql:  +0.287556
NS1-OmegaS:  +0.014929
NS-Rs:       +6.47623 +7.00565

NS2-Mb:      +1.06288
NS2-Madm_ql: +0.995863
NS2-S:       +0.28517
NS2-Chi:     +0.28517
NS2-Chi_ql:  +0.287544
NS2-OmegaS:  +0.014929
NS-Rs:       +6.47623 +7.00565
=======================================

Error init = 0.0148301, Eq: integ(intS2) / Madm2 / Madm2 = chi2 Dom: 5 Bounday: 1
DOF / rank = 41323 x 41323 / 450 = 3.79465e+06
Load and redistrib Jacobian: 251.462 / 250.129 / 252.324 seconds (avg/min/max)
Inverting the matrix: 182.424 seconds
Distributing solution: 0.303911 seconds
=======================================
Iter:        +2
Error:       +0.0148301
Omega:       +0.00610424
Axis:        -0.0166173
P:           [+1.62565e-14, -1.06848e-10, +0]

NS1-Mb:      +1.06915
NS1-Madm_ql: +0.99145
NS1-S:       +0.300002
NS1-Chi:     +0.300002
NS1-Chi_ql:  +0.305199
NS1-OmegaS:  +0.0149336
NS-Rs:       +6.47623 +7.00565

NS2-Mb:      +1.06915
NS2-Madm_ql: +0.991448
NS2-S:       +0.300002
NS2-Chi:     +0.300002
NS2-Chi_ql:  +0.3052
NS2-OmegaS:  +0.0149336
NS-Rs:       +6.47623 +7.00565
=======================================

Error init = 0.000100064, Eq: integvolume(intMb) = Mb2 Dom: 3 Bounday: -1
DOF / rank = 41323 x 41323 / 450 = 3.79465e+06
Load and redistrib Jacobian: 252.991 / 251.761 / 253.878 seconds (avg/min/max)
Inverting the matrix: 178.028 seconds
Distributing solution: 0.131941 seconds
=======================================
Iter:        +3
Error:       +0.000100064
Omega:       +0.00610424
Axis:        -5.10159e-06
P:           [-9.95824e-16, -1.54532e-14, +0]

NS1-Mb:      +1.06905
NS1-Madm_ql: +0.991697
NS1-S:       +0.3
NS1-Chi:     +0.3
NS1-Chi_ql:  +0.305044
NS1-OmegaS:  +0.0149336
NS-Rs:       +6.47623 +7.00565

NS2-Mb:      +1.06905
NS2-Madm_ql: +0.991697
NS2-S:       +0.3
NS2-Chi:     +0.3
NS2-Chi_ql:  +0.305044
NS2-OmegaS:  +0.0149336
NS-Rs:       +6.47623 +7.00565
=======================================

Error init = 7.10885e-07, Eq: integvolume(intMb) = Mb2 Dom: 3 Bounday: -1
DOF / rank = 41323 x 41323 / 450 = 3.79465e+06
Load and redistrib Jacobian: 251.864 / 250.512 / 252.75 seconds (avg/min/max)
Inverting the matrix: 178.921 seconds
Distributing solution: 0.131758 seconds
=======================================
Iter:        +4
Error:       +7.10885e-07
Omega:       +0.00610424
Axis:        +6.78923e-09
P:           [+1.41454e-15, +9.83274e-15, +0]

NS1-Mb:      +1.06905
NS1-Madm_ql: +0.991697
NS1-S:       +0.3
NS1-Chi:     +0.3
NS1-Chi_ql:  +0.305044
NS1-OmegaS:  +0.0149336
NS-Rs:       +6.47623 +7.00565

NS2-Mb:      +1.06905
NS2-Madm_ql: +0.991697
NS2-S:       +0.3
NS2-Chi:     +0.3
NS2-Chi_ql:  +0.305044
NS2-OmegaS:  +0.0149336
NS-Rs:       +6.47623 +7.00565
=======================================

Error init = 2.27395e-09, Eq: integvolume(intMb) = Mb2 Dom: 3 Bounday: -1
=======================================
Iter:        +5
Error:       +2.27395e-09
Omega:       +0.00610424
Axis:        +6.78923e-09
P:           [+1.41454e-15, +9.83274e-15, +0]

NS1-Mb:      +1.06905
NS1-Madm_ql: +0.991697
NS1-S:       +0.3
NS1-Chi:     +0.3
NS1-Chi_ql:  +0.305044
NS1-OmegaS:  +0.0149336
NS-Rs:       +6.47623 +7.00565

NS2-Mb:      +1.06905
NS2-Madm_ql: +0.991697
NS2-S:       +0.3
NS2-Chi:     +0.3
NS2-Chi_ql:  +0.305044
NS2-OmegaS:  +0.0149336
NS-Rs:       +6.47623 +7.00565
=======================================

############################
Total with mass fixing, chi = 0.3,0.3 and q = 1
############################
=======================================
Iter:        +0
Error:       +0
Omega:       +0.00610424
Axis:        +6.78923e-09
P:           [+1.41454e-15, +9.83274e-15, +0]

NS1-Mb:      +1.06905
NS1-Madm_ql: +0.991697
NS1-S:       +0.3
NS1-Chi:     +0.3
NS1-Chi_ql:  +0.305044
NS1-OmegaS:  +0.0149336
NS-Rs:       +6.47623 +7.00565

NS2-Mb:      +1.06905
NS2-Madm_ql: +0.991697
NS2-S:       +0.3
NS2-Chi:     +0.3
NS2-Chi_ql:  +0.305044
NS2-OmegaS:  +0.0149336
NS-Rs:       +6.47623 +7.00565
=======================================

Error init = 0.00667711, Eq: firstint Dom: 3 Bounday: -1
DOF / rank = 48397 x 48397 / 450 = 5.20504e+06
Load and redistrib Jacobian: 243.853 / 242.145 / 244.995 seconds (avg/min/max)
Inverting the matrix: 234.769 seconds
Distributing solution: 0.139769 seconds
=======================================
Iter:        +1
Error:       +0.00667711
Omega:       +0.00614087
Axis:        -8.5623e-10
P:           [-3.12659e-13, +1.89498e-10, +0]

NS1-Mb:      +1.06251
NS1-Madm_ql: +0.993343
NS1-S:       +0.300085
NS1-Chi:     +0.300085
NS1-Chi_ql:  +0.30412
NS1-OmegaS:  +0.0153347
NS-Rs:       +6.23553 +6.83988

NS2-Mb:      +1.06251
NS2-Madm_ql: +0.993343
NS2-S:       +0.300085
NS2-Chi:     +0.300085
NS2-Chi_ql:  +0.30412
NS2-OmegaS:  +0.0153347
NS-Rs:       +6.23553 +6.83988
=======================================

Error init = 0.00654065, Eq: integvolume(intMb) = Mb1 Dom: 0 Bounday: -1
DOF / rank = 48397 x 48397 / 450 = 5.20504e+06
Load and redistrib Jacobian: 244.29 / 242.807 / 245.415 seconds (avg/min/max)
Inverting the matrix: 236.991 seconds
Distributing solution: 0.314905 seconds
=======================================
Iter:        +2
Error:       +0.00654065
Omega:       +0.00614273
Axis:        -7.9529e-12
P:           [-1.21638e-12, +1.13254e-11, +0]

NS1-Mb:      +1.06907
NS1-Madm_ql: +0.992564
NS1-S:       +0.3
NS1-Chi:     +0.3
NS1-Chi_ql:  +0.304512
NS1-OmegaS:  +0.0153697
NS-Rs:       +6.25337 +6.85641

NS2-Mb:      +1.06907
NS2-Madm_ql: +0.992564
NS2-S:       +0.3
NS2-Chi:     +0.3
NS2-Chi_ql:  +0.304512
NS2-OmegaS:  +0.0153697
NS-Rs:       +6.25337 +6.85641
=======================================

Error init = 1.25521e-05, Eq: integvolume(intMb) = Mb1 Dom: 0 Bounday: -1
DOF / rank = 48397 x 48397 / 450 = 5.20504e+06
Load and redistrib Jacobian: 245.242 / 243.552 / 246.469 seconds (avg/min/max)
Inverting the matrix: 233.874 seconds
Distributing solution: 0.140985 seconds
=======================================
Iter:        +3
Error:       +1.25521e-05
Omega:       +0.00614277
Axis:        +2.77235e-11
P:           [-6.32461e-13, +8.23871e-12, +0]

NS1-Mb:      +1.06905
NS1-Madm_ql: +0.992482
NS1-S:       +0.3
NS1-Chi:     +0.3
NS1-Chi_ql:  +0.304562
NS1-OmegaS:  +0.0153705
NS-Rs:       +6.25347 +6.8566

NS2-Mb:      +1.06905
NS2-Madm_ql: +0.992482
NS2-S:       +0.3
NS2-Chi:     +0.3
NS2-Chi_ql:  +0.304562
NS2-OmegaS:  +0.0153705
NS-Rs:       +6.25347 +6.8566
=======================================

Error init = 1.54506e-07, Eq: integvolume(intMb) = Mb1 Dom: 0 Bounday: -1
DOF / rank = 48397 x 48397 / 450 = 5.20504e+06
Load and redistrib Jacobian: 244.233 / 242.528 / 245.407 seconds (avg/min/max)
Inverting the matrix: 237.077 seconds
Distributing solution: 0.140793 seconds
=======================================
Iter:        +4
Error:       +1.54506e-07
Omega:       +0.00614277
Axis:        -2.80892e-13
P:           [-1.54739e-12, -2.94158e-13, +0]

NS1-Mb:      +1.06905
NS1-Madm_ql: +0.992482
NS1-S:       +0.3
NS1-Chi:     +0.3
NS1-Chi_ql:  +0.304562
NS1-OmegaS:  +0.0153705
NS-Rs:       +6.25347 +6.8566

NS2-Mb:      +1.06905
NS2-Madm_ql: +0.992482
NS2-S:       +0.3
NS2-Chi:     +0.3
NS2-Chi_ql:  +0.304562
NS2-OmegaS:  +0.0153705
NS-Rs:       +6.25347 +6.8566
=======================================

Error init = 1.99521e-10, Eq: integvolume(intMb) = Mb1 Dom: 0 Bounday: -1
=======================================
Iter:        +5
Error:       +1.99521e-10
Omega:       +0.00614277
Axis:        -2.80892e-13
P:           [-1.54739e-12, -2.94158e-13, +0]

NS1-Mb:      +1.06905
NS1-Madm_ql: +0.992482
NS1-S:       +0.3
NS1-Chi:     +0.3
NS1-Chi_ql:  +0.304562
NS1-OmegaS:  +0.0153705
NS-Rs:       +6.25347 +6.8566

NS2-Mb:      +1.06905
NS2-Madm_ql: +0.992482
NS2-S:       +0.3
NS2-Chi:     +0.3
NS2-Chi_ql:  +0.304562
NS2-OmegaS:  +0.0153705
NS-Rs:       +6.25347 +6.8566
=======================================

Resolution of old space: 9 (r), 9 (theta), 8 (phi)
Resolution of new space: 11 (r), 11 (theta), 10 (phi)
Rmin/max: 
6.25347 6.8566
6.25347 6.8566
Bounds:
NS1: 3.12674 7.00565 10.5711 
NS2: 3.12674 7.00565 10.5711 
xc1: -18
xc2: 18
Config File: ./bns_regrid.info
Fields File: ./bns_regrid.dat
***************binary info***************
                 com: -2.80892e-13
                comy: -9.1494e-13
            distance: 36
           ecc_omega: 0.00610424
        global_omega: 0.00614277
        outer_shells: 0
                   q: 1
                qpig: 12.5664
                 res: 11
                rext: 72
*****************ns info*****************
                 chi: 0.3
         decay_limit: 18
                 dim: 3
             fixed_r: 6.25347
                  hc: 1.15871
                madm: 1
                  mb: 1.06905
      n_inner_shells: 0
                  nc: 0.00109054
             nshells: 0
               omega: 0.0153705
             ql_madm: 0.992482
                qpig: 12.5664
                 res: 11
                 rin: 3.12674
                rmid: 7.00565
                rout: 10.5711
             eosfile: togashi.lorene
             eostype: Cold_Table
               h_cut: 0
   interpolation_pts: 2000
*****************ns info*****************
                 chi: 0.3
         decay_limit: 18
                 dim: 3
             fixed_r: 6.25347
                  hc: 1.15871
                madm: 1
                  mb: 1.06905
      n_inner_shells: 0
                  nc: 0.00109054
             nshells: 0
               omega: 0.0153705
             ql_madm: 0.992482
                qpig: 12.5664
                 res: 11
                 rin: 3.12674
                rmid: 7.00565
                rout: 10.5711
             eosfile: togashi.lorene
             eostype: Cold_Table
               h_cut: 0
   interpolation_pts: 2000

=================================
BNS grav input
Distance: 36
Omega guess: 0.00614277
Units: 12.5664
=================================
############################
Total with mass fixing, chi = 0.3,0.3 and q = 1
############################
=======================================
Iter:        +0
Error:       +0
Omega:       +0.00614277
Axis:        -2.80892e-13
P:           [-1.50421e-12, -1.31494e-13, +0]

NS1-Mb:      +1.0596
NS1-Madm_ql: +0.992498
NS1-S:       +0.300003
NS1-Chi:     +0.300003
NS1-Chi_ql:  +0.304556
NS1-OmegaS:  +0.0153705
NS-Rs:       +6.25347 +6.8566

NS2-Mb:      +1.0596
NS2-Madm_ql: +0.992498
NS2-S:       +0.300003
NS2-Chi:     +0.300003
NS2-Chi_ql:  +0.304556
NS2-OmegaS:  +0.0153705
NS-Rs:       +6.25347 +6.8566
=======================================

Error init = 0.0094503, Eq: integvolume(intMb) = Mb2 Dom: 3 Bounday: -1
DOF / rank = 91866 x 91866 / 450 = 1.87541e+07
Load and redistrib Jacobian: 885.091 / 878.315 / 888.946 seconds (avg/min/max)
Inverting the matrix: 822.992 seconds
Distributing solution: 0.197797 seconds
=======================================
Iter:        +1
Error:       +0.0094503
Omega:       +0.00614269
Axis:        +3.60108e-11
P:           [-3.93086e-12, -2.36003e-10, +0]

NS1-Mb:      +1.06907
NS1-Madm_ql: +0.991
NS1-S:       +0.300001
NS1-Chi:     +0.300001
NS1-Chi_ql:  +0.305474
NS1-OmegaS:  +0.015513
NS-Rs:       +6.26607 +6.87631

NS2-Mb:      +1.06907
NS2-Madm_ql: +0.991
NS2-S:       +0.300001
NS2-Chi:     +0.300001
NS2-Chi_ql:  +0.305474
NS2-OmegaS:  +0.015513
NS-Rs:       +6.26607 +6.87631
=======================================

Error init = 1.38032e-05, Eq: integvolume(intMb) = Mb1 Dom: 0 Bounday: -1
DOF / rank = 91866 x 91866 / 450 = 1.87541e+07
Load and redistrib Jacobian: 889.336 / 882.894 / 893.15 seconds (avg/min/max)
Inverting the matrix: 828.257 seconds
Distributing solution: 0.199574 seconds
=======================================
Iter:        +2
Error:       +1.38032e-05
Omega:       +0.00614234
Axis:        +3.72043e-11
P:           [+2.06532e-14, +1.19702e-11, +0]

NS1-Mb:      +1.06905
NS1-Madm_ql: +0.990843
NS1-S:       +0.3
NS1-Chi:     +0.3
NS1-Chi_ql:  +0.305571
NS1-OmegaS:  +0.0155163
NS-Rs:       +6.26632 +6.8767

NS2-Mb:      +1.06905
NS2-Madm_ql: +0.990843
NS2-S:       +0.3
NS2-Chi:     +0.3
NS2-Chi_ql:  +0.305571
NS2-OmegaS:  +0.0155163
NS-Rs:       +6.26632 +6.8767
=======================================

Error init = 7.22066e-08, Eq: integvolume(intMb) = Mb1 Dom: 0 Bounday: -1
DOF / rank = 91866 x 91866 / 450 = 1.87541e+07
Load and redistrib Jacobian: 900.191 / 893.671 / 904.231 seconds (avg/min/max)
Inverting the matrix: 834.375 seconds
Distributing solution: 0.195987 seconds
=======================================
Iter:        +3
Error:       +7.22066e-08
Omega:       +0.00614234
Axis:        +1.84505e-11
P:           [+4.82922e-13, +5.85572e-12, +0]

NS1-Mb:      +1.06905
NS1-Madm_ql: +0.990843
NS1-S:       +0.3
NS1-Chi:     +0.3
NS1-Chi_ql:  +0.305571
NS1-OmegaS:  +0.0155163
NS-Rs:       +6.26632 +6.8767

NS2-Mb:      +1.06905
NS2-Madm_ql: +0.990843
NS2-S:       +0.3
NS2-Chi:     +0.3
NS2-Chi_ql:  +0.305571
NS2-OmegaS:  +0.0155163
NS-Rs:       +6.26632 +6.8767
=======================================

Error init = 5.57638e-11, Eq: integvolume(intMb) = Mb2 Dom: 3 Bounday: -1
=======================================
Iter:        +4
Error:       +5.57638e-11
Omega:       +0.00614234
Axis:        +1.84505e-11
P:           [+4.82922e-13, +5.85572e-12, +0]

NS1-Mb:      +1.06905
NS1-Madm_ql: +0.990843
NS1-S:       +0.3
NS1-Chi:     +0.3
NS1-Chi_ql:  +0.305571
NS1-OmegaS:  +0.0155163
NS-Rs:       +6.26632 +6.8767

NS2-Mb:      +1.06905
NS2-Madm_ql: +0.990843
NS2-S:       +0.3
NS2-Chi:     +0.3
NS2-Chi_ql:  +0.305571
NS2-OmegaS:  +0.0155163
NS-Rs:       +6.26632 +6.8767
=======================================

############################
Py fixing without first integral and fixed omega, chi = 0.3,0.3 and q = 1
with Py BC fixing
############################
=======================================
Iter:        +0
Error:       +0
Omega:       +0.00614234
Axis:        +1.84505e-11
P:           [+4.82922e-13, +5.85572e-12, +0]

NS1-Mb:      +1.06905
NS1-Madm_ql: +0.990843
NS1-S:       +0.3
NS1-Chi:     +0.3
NS1-Chi_ql:  +0.305571
NS1-OmegaS:  +0.0155163
NS-Rs:       +6.26632 +6.8767

NS2-Mb:      +1.06905
NS2-Madm_ql: +0.990843
NS2-S:       +0.3
NS2-Chi:     +0.3
NS2-Chi_ql:  +0.305571
NS2-OmegaS:  +0.0155163
NS-Rs:       +6.26632 +6.8767
=======================================

Error init = 5.57638e-11, Eq: integvolume(intMb) = Mb2 Dom: 3 Bounday: -1
=======================================
Iter:        +1
Error:       +5.57638e-11
Omega:       +0.00614234
Axis:        +1.84505e-11
P:           [+4.82922e-13, +5.85572e-12, +0]

NS1-Mb:      +1.06905
NS1-Madm_ql: +0.990843
NS1-S:       +0.3
NS1-Chi:     +0.3
NS1-Chi_ql:  +0.305571
NS1-OmegaS:  +0.0155163
NS-Rs:       +6.26632 +6.8767

NS2-Mb:      +1.06905
NS2-Madm_ql: +0.990843
NS2-S:       +0.3
NS2-Chi:     +0.3
NS2-Chi_ql:  +0.305571
NS2-OmegaS:  +0.0155163
NS-Rs:       +6.26632 +6.8767
=======================================

############################
Eccentricity reduction step with fixed omega, chi = 0.3,0.3 and q = 1
############################
### Using PN estimate for adot and omega! ###
=======================================
Iter:        +0
Error:       +0
Omega:       +0.00610424
Axis:        +1.84505e-11
P:           [+4.82922e-13, +5.85572e-12, +0]

NS1-Mb:      +1.06905
NS1-Madm_ql: +0.990843
NS1-S:       +0.3
NS1-Chi:     +0.3
NS1-Chi_ql:  +0.305571
NS1-OmegaS:  +0.0155163
NS-Rs:       +6.26632 +6.8767

NS2-Mb:      +1.06905
NS2-Madm_ql: +0.990843
NS2-S:       +0.3
NS2-Chi:     +0.3
NS2-Chi_ql:  +0.305571
NS2-OmegaS:  +0.0155163
NS-Rs:       +6.26632 +6.8767
=======================================

Error init = 6.79788e-05, Eq: eqphi = 0 Dom: 3 Bounday: -1
DOF / rank = 78499 x 78499 / 450 = 1.36935e+07
Load and redistrib Jacobian: 902.886 / 898.235 / 905.944 seconds (avg/min/max)
Inverting the matrix: 601.913 seconds
Distributing solution: 0.192325 seconds
=======================================
Iter:        +1
Error:       +6.79788e-05
Omega:       +0.00610424
Axis:        +1.27109e-06
P:           [+1.04702e-14, +3.07141e-14, +0]

NS1-Mb:      +1.06905
NS1-Madm_ql: +0.990785
NS1-S:       +0.3
NS1-Chi:     +0.3
NS1-Chi_ql:  +0.305606
NS1-OmegaS:  +0.0155172
NS-Rs:       +6.26632 +6.8767

NS2-Mb:      +1.06905
NS2-Madm_ql: +0.990785
NS2-S:       +0.3
NS2-Chi:     +0.3
NS2-Chi_ql:  +0.305606
NS2-OmegaS:  +0.0155172
NS-Rs:       +6.26632 +6.8767
=======================================

Error init = 3.81565e-08, Eq: integvolume(intMb) = Mb2 Dom: 3 Bounday: -1
DOF / rank = 78499 x 78499 / 450 = 1.36935e+07
Load and redistrib Jacobian: 901.135 / 896.561 / 904.228 seconds (avg/min/max)
Inverting the matrix: 599.461 seconds
Distributing solution: 0.19316 seconds
=======================================
Iter:        +2
Error:       +3.81565e-08
Omega:       +0.00610424
Axis:        -6.22185e-09
P:           [+1.9941e-15, +3.06753e-14, +0]

NS1-Mb:      +1.06905
NS1-Madm_ql: +0.990785
NS1-S:       +0.3
NS1-Chi:     +0.3
NS1-Chi_ql:  +0.305606
NS1-OmegaS:  +0.0155172
NS-Rs:       +6.26632 +6.8767

NS2-Mb:      +1.06905
NS2-Madm_ql: +0.990785
NS2-S:       +0.3
NS2-Chi:     +0.3
NS2-Chi_ql:  +0.305606
NS2-OmegaS:  +0.0155172
NS-Rs:       +6.26632 +6.8767
=======================================

Error init = 3.15223e-10, Eq: integvolume(intMb) = Mb1 Dom: 0 Bounday: -1
=======================================
Iter:        +3
Error:       +3.15223e-10
Omega:       +0.00610424
Axis:        -6.22185e-09
P:           [+1.9941e-15, +3.06753e-14, +0]

NS1-Mb:      +1.06905
NS1-Madm_ql: +0.990785
NS1-S:       +0.3
NS1-Chi:     +0.3
NS1-Chi_ql:  +0.305606
NS1-OmegaS:  +0.0155172
NS-Rs:       +6.26632 +6.8767

NS2-Mb:      +1.06905
NS2-Madm_ql: +0.990785
NS2-S:       +0.3
NS2-Chi:     +0.3
NS2-Chi_ql:  +0.305606
NS2-OmegaS:  +0.0155172
NS-Rs:       +6.26632 +6.8767
=======================================

