No dat file associated with : ./initial_bns_d24_ir.info
Creating a setup based on config file...
Solutions will be stored in: /home/la34cit/fuka//COs/
Directory will be created if it doesn't exist.
0.00107, 0.0011175
Config File: /home/la34cit/fuka//COs/initns.info
Fields File: /home/la34cit/fuka//COs/initns.dat
*****************ns info*****************
                 chi: 0
                 dim: 3
                  hc: 1.00919
                madm: 1
                  mb: 1.11258
      n_inner_shells: 0
                  nc: 0.00108187
             nshells: 0
               omega: 0
                qpig: 12.5664
                 res: 9
                 rin: 3.15541
                rmid: 6.31081
                rout: 12.6216
             eosfile: togashi.lorene
             eostype: Cold_Table
               h_cut: 0
   interpolation_pts: 2000

Last stage: binary_boost
Current: /home/la34cit/fuka//COs/initns.info
Solved previously: /home/la34cit/fuka//COs/converged_NS_NOROT_BC.togashi.1.0.0.09.info
Config File: /home/la34cit/fuka//COs/converged_NS_NOROT_BC.togashi.1.0.0.09.info
Fields File: /home/la34cit/fuka//COs/converged_NS_NOROT_BC.togashi.1.0.0.09.dat
*****************ns info*****************
                 chi: 0
                 dim: 3
                  hc: 1.16524
                madm: 1
                  mb: 1.07012
      n_inner_shells: 0
                  nc: 0.00111162
             nshells: 0
               omega: 0
             ql_madm: 1
                qpig: 12.5664
                 res: 9
                 rin: 3.15541
                rmid: 6.31081
                rout: 12.6216
             eosfile: togashi.lorene
             eostype: Cold_Table
               h_cut: 0
   interpolation_pts: 2000

Last stage: binary_boost
Solved previously: /home/la34cit/fuka//COs/converged_NS_TOTAL_BC.togashi.1.0.0.09.info
Config File: /home/la34cit/fuka//COs/converged_NS_TOTAL_BC.togashi.1.0.0.09.info
Fields File: /home/la34cit/fuka//COs/converged_NS_TOTAL_BC.togashi.1.0.0.09.dat
*****************ns info*****************
                 chi: 0
                 dim: 3
                  hc: 1.16524
                madm: 1
                  mb: 1.07012
      n_inner_shells: 0
                  nc: 0.00111162
             nshells: 0
               omega: 0
             ql_madm: 1
                qpig: 12.5664
                 res: 9
                 rin: 3.15541
                rmid: 6.31081
                rout: 12.6216
             eosfile: togashi.lorene
             eostype: Cold_Table
               h_cut: 0
   interpolation_pts: 2000

Last stage: binary_boost
Solved previously: /home/la34cit/fuka//COs/converged_NS_TOTAL_BC.togashi.1.0.0.09.info
Resolution of old space: 9 (r), 9 (theta), 8 (phi)
Rmin/max: 6.70137 6.70137
Resolution of new space: 11 (r), 11 (theta), 10 (phi)
New bounds: : 3.35069 6.70137 10.0521 
Config File: /home/la34cit/fuka//COs/initns.info
Fields File: /home/la34cit/fuka//COs/initns.dat
*****************ns info*****************
                 chi: 0
                 dim: 3
                  hc: 1.16524
                madm: 1
                  mb: 1.07012
      n_inner_shells: 0
                  nc: 0.00111162
             nshells: 0
               omega: 0
             ql_madm: 1
                qpig: 12.5664
                 res: 11
                 rin: 3.35069
                rmid: 6.70137
                rout: 10.0521
             eosfile: togashi.lorene
             eostype: Cold_Table
               h_cut: 0
   interpolation_pts: 2000

Last stage: binary_boost
Solved previously: /home/la34cit/fuka//COs/converged_NS_TOTAL_BC.togashi.1.0.0.11.info
Config File: /home/la34cit/fuka//COs/converged_NS_TOTAL_BC.togashi.1.0.0.11.info
Fields File: /home/la34cit/fuka//COs/converged_NS_TOTAL_BC.togashi.1.0.0.11.dat
*****************ns info*****************
                 chi: 0
                 dim: 3
                  hc: 1.16624
                madm: 1
                  mb: 1.07192
      n_inner_shells: 0
                  nc: 0.00111478
             nshells: 0
               omega: 0
             ql_madm: 1
                qpig: 12.5664
                 res: 11
                 rin: 3.35069
                rmid: 6.70137
                rout: 10.0521
             eosfile: togashi.lorene
             eostype: Cold_Table
               h_cut: 0
   interpolation_pts: 2000

Last stage: binary_boost
Solved previously: /home/la34cit/fuka//COs/converged_NS_TOTAL_BC.togashi.1.0.0.11.info
Config File: /home/la34cit/fuka//COs/converged_NS_TOTAL_BC.togashi.1.0.0.11.info
Fields File: /home/la34cit/fuka//COs/converged_NS_TOTAL_BC.togashi.1.0.0.11.dat
*****************ns info*****************
                 chi: 0
                 dim: 3
                  hc: 1.16624
                madm: 1
                  mb: 1.07192
      n_inner_shells: 0
                  nc: 0.00111478
             nshells: 0
               omega: 0
             ql_madm: 1
                qpig: 12.5664
                 res: 11
                 rin: 3.35069
                rmid: 6.70137
                rout: 10.0521
             eosfile: togashi.lorene
             eostype: Cold_Table
               h_cut: 0
   interpolation_pts: 2000

############################
Binary boosted NS
############################
=======================================
Iter:        +0
Error:       +0
Mb:          +1.07192
Madm:        +1
Madm_ql:     +1 [+6.21725e-14]
Mk:          +1.0003 [+0.000296645]
R:           +6.71073 +6.71073
Jadm:        +0
Chi:         +0 [+0]
Omega:       +0
=======================================

Error init = 0.000128409, Eq: eqNP= 0 Dom: 0 Bounday: -1
DOF / rank = 24690 x 24690 / 150 = 4.06397e+06
Load and redistrib Jacobian: 273.707 / 272.73 / 274.254 seconds (avg/min/max)
Inverting the matrix: 84.0311 seconds
Distributing solution: 0.32168 seconds
=======================================
Iter:        +1
Error:       +0.000128409
Mb:          +1.07192
Madm:        +1
Madm_ql:     +1 [+6.21725e-14]
Mk:          +1.0003 [+0.000296645]
R:           +6.71073 +6.71073
Jadm:        +0
Chi:         +0 [+0]
Omega:       -5.93193e-27
=======================================

Error init = 5.56208e-11, Eq: integ(intMadmalt) = qlMadm Dom: 3 Bounday: 1
=======================================
Iter:        +2
Error:       +5.56208e-11
Mb:          +1.07192
Madm:        +1
Madm_ql:     +1 [+8.30669e-13]
Mk:          +1.02976 [+0.0297586]
R:           +6.71073 +6.71073
Jadm:        -1.38031e-25
Chi:         -1.38031e-25 [+0]
Omega:       -5.93193e-27
=======================================

Solutions will be stored in: /home/la34cit/fuka//COs/
Directory will be created if it doesn't exist.
0.00107, 0.0011175
Config File: /home/la34cit/fuka//COs/initns.info
Fields File: /home/la34cit/fuka//COs/initns.dat
*****************ns info*****************
                 chi: 0
                 dim: 3
                  hc: 1.00919
                madm: 1
                  mb: 1.11258
      n_inner_shells: 0
                  nc: 0.00108187
             nshells: 0
               omega: 0
                qpig: 12.5664
                 res: 9
                 rin: 3.15541
                rmid: 6.31081
                rout: 12.6216
             eosfile: togashi.lorene
             eostype: Cold_Table
               h_cut: 0
   interpolation_pts: 2000

Last stage: binary_boost
Current: /home/la34cit/fuka//COs/initns.info
Solved previously: /home/la34cit/fuka//COs/converged_NS_NOROT_BC.togashi.1.0.0.09.info
Config File: /home/la34cit/fuka//COs/converged_NS_NOROT_BC.togashi.1.0.0.09.info
Fields File: /home/la34cit/fuka//COs/converged_NS_NOROT_BC.togashi.1.0.0.09.dat
*****************ns info*****************
                 chi: 0
                 dim: 3
                  hc: 1.16524
                madm: 1
                  mb: 1.07012
      n_inner_shells: 0
                  nc: 0.00111162
             nshells: 0
               omega: 0
             ql_madm: 1
                qpig: 12.5664
                 res: 9
                 rin: 3.15541
                rmid: 6.31081
                rout: 12.6216
             eosfile: togashi.lorene
             eostype: Cold_Table
               h_cut: 0
   interpolation_pts: 2000

Last stage: binary_boost
Solved previously: /home/la34cit/fuka//COs/converged_NS_TOTAL_BC.togashi.1.0.0.09.info
Config File: /home/la34cit/fuka//COs/converged_NS_TOTAL_BC.togashi.1.0.0.09.info
Fields File: /home/la34cit/fuka//COs/converged_NS_TOTAL_BC.togashi.1.0.0.09.dat
*****************ns info*****************
                 chi: 0
                 dim: 3
                  hc: 1.16524
                madm: 1
                  mb: 1.07012
      n_inner_shells: 0
                  nc: 0.00111162
             nshells: 0
               omega: 0
             ql_madm: 1
                qpig: 12.5664
                 res: 9
                 rin: 3.15541
                rmid: 6.31081
                rout: 12.6216
             eosfile: togashi.lorene
             eostype: Cold_Table
               h_cut: 0
   interpolation_pts: 2000

Last stage: binary_boost
Solved previously: /home/la34cit/fuka//COs/converged_NS_TOTAL_BC.togashi.1.0.0.09.info
Resolution of old space: 9 (r), 9 (theta), 8 (phi)
Rmin/max: 6.70137 6.70137
Resolution of new space: 11 (r), 11 (theta), 10 (phi)
New bounds: : 3.35069 6.70137 10.0521 
Config File: /home/la34cit/fuka//COs/initns.info
Fields File: /home/la34cit/fuka//COs/initns.dat
*****************ns info*****************
                 chi: 0
                 dim: 3
                  hc: 1.16524
                madm: 1
                  mb: 1.07012
      n_inner_shells: 0
                  nc: 0.00111162
             nshells: 0
               omega: 0
             ql_madm: 1
                qpig: 12.5664
                 res: 11
                 rin: 3.35069
                rmid: 6.70137
                rout: 10.0521
             eosfile: togashi.lorene
             eostype: Cold_Table
               h_cut: 0
   interpolation_pts: 2000

Last stage: binary_boost
Solved previously: /home/la34cit/fuka//COs/converged_NS_TOTAL_BC.togashi.1.0.0.11.info
Config File: /home/la34cit/fuka//COs/converged_NS_TOTAL_BC.togashi.1.0.0.11.info
Fields File: /home/la34cit/fuka//COs/converged_NS_TOTAL_BC.togashi.1.0.0.11.dat
*****************ns info*****************
                 chi: 0
                 dim: 3
                  hc: 1.16624
                madm: 1
                  mb: 1.07192
      n_inner_shells: 0
                  nc: 0.00111478
             nshells: 0
               omega: 0
             ql_madm: 1
                qpig: 12.5664
                 res: 11
                 rin: 3.35069
                rmid: 6.70137
                rout: 10.0521
             eosfile: togashi.lorene
             eostype: Cold_Table
               h_cut: 0
   interpolation_pts: 2000

Last stage: binary_boost
Solved previously: /home/la34cit/fuka//COs/converged_NS_TOTAL_BC.togashi.1.0.0.11.info
Config File: /home/la34cit/fuka//COs/converged_NS_TOTAL_BC.togashi.1.0.0.11.info
Fields File: /home/la34cit/fuka//COs/converged_NS_TOTAL_BC.togashi.1.0.0.11.dat
*****************ns info*****************
                 chi: 0
                 dim: 3
                  hc: 1.16624
                madm: 1
                  mb: 1.07192
      n_inner_shells: 0
                  nc: 0.00111478
             nshells: 0
               omega: 0
             ql_madm: 1
                qpig: 12.5664
                 res: 11
                 rin: 3.35069
                rmid: 6.70137
                rout: 10.0521
             eosfile: togashi.lorene
             eostype: Cold_Table
               h_cut: 0
   interpolation_pts: 2000

Solved previously: /home/la34cit/fuka//COs/converged_NS_BIN_BOOST_24_0.0108595.togashi.1.0.0.11.info
/home/la34cit/fuka//COs/converged_NS_BIN_BOOST_24_0.0108595.togashi.1.0.0.11.info
/home/la34cit/fuka//COs/converged_NS_BIN_BOOST_24_0.0108595.togashi.1.0.0.11.info
Bounds:
Outer: 48 
NS1: 3.35536 6.71073 8.47382 
NS2: 3.35536 6.71073 8.47382 
xc1: -12
xc2: 12
WeightNS1: 12, WeightNS2: 12
Config File: ./initbin.info
Fields File: ./initbin.dat
***************binary info***************
                 com: 0
                comy: 0
            distance: 24
           ecc_omega: 0.0108595
        global_omega: 0.0108595
        outer_shells: 0
                   q: 1
                qpig: 12.5664
                 res: 9
                rext: 48
*****************ns info*****************
                 chi: 0
         decay_limit: 12
                 dim: 3
                  hc: 1.16624
                madm: 1
                  mb: 1.07192
      n_inner_shells: 0
                  nc: 0.00111478
             nshells: 0
               omega: -5.93193e-27
             ql_madm: 1
                qpig: 12.5664
                 res: 11
                 rin: 3.35536
                rmid: 6.71073
                rout: 8.47382
             eosfile: togashi.lorene
             eostype: Cold_Table
               h_cut: 0
   interpolation_pts: 2000
*****************ns info*****************
                 chi: 0
         decay_limit: 12
                 dim: 3
                  hc: 1.16624
                madm: 1
                  mb: 1.07192
      n_inner_shells: 0
                  nc: 0.00111478
             nshells: 0
               omega: -5.93193e-27
             ql_madm: 1
                qpig: 12.5664
                 res: 11
                 rin: 3.35536
                rmid: 6.71073
                rout: 8.47382
             eosfile: togashi.lorene
             eostype: Cold_Table
               h_cut: 0
   interpolation_pts: 2000

=================================
BNS grav input
Distance: 24
Omega guess: 0.0108595
Units: 12.5664
=================================
############################
Py fixing without first integral and fixed omega, chi = 0,0 and q = 1
with Py BC fixing
############################
=======================================
Iter:        +0
Error:       +0
Omega:       +0.0108595
Axis:        +0
P:           [+0, +0, +0]

NS1-Mb:      +1.04951
NS1-Madm_ql: +1.26493
NS1-S:       +9.70399e-16
NS1-Chi:     +9.70399e-16
NS1-Chi_ql:  +6.06478e-16
NS1-OmegaS:  -5.93193e-27
NS-Rs:       +6.71073 +6.71073

NS2-Mb:      +1.04951
NS2-Madm_ql: +1.26493
NS2-S:       -9.47011e-16
NS2-Chi:     -9.47011e-16
NS2-Chi_ql:  -5.91861e-16
NS2-OmegaS:  -5.93193e-27
NS-Rs:       +6.71073 +6.71073
=======================================

Error init = 0.264933, Eq: integvolume(intM) = qlMadm2 Dom: 3 Bounday: -1
DOF / rank = 41323 x 41323 / 150 = 1.13839e+07
Load and redistrib Jacobian: 792.385 / 791.394 / 793.426 seconds (avg/min/max)
Inverting the matrix: 215.229 seconds
Distributing solution: 0.0893444 seconds
=======================================
Iter:        +1
Error:       +0.264933
Omega:       +0.0108595
Axis:        -2.01553e-09
P:           [+3.78069e-11, +1.46809e-12, +0]

NS1-Mb:      +1.03836
NS1-Madm_ql: +1.06253
NS1-S:       -0.0245364
NS1-Chi:     -0.0245364
NS1-Chi_ql:  -0.0217332
NS1-OmegaS:  +1.20074e-06
NS-Rs:       +6.71073 +6.71073

NS2-Mb:      +1.03836
NS2-Madm_ql: +1.06253
NS2-S:       -0.0245364
NS2-Chi:     -0.0245364
NS2-Chi_ql:  -0.0217332
NS2-OmegaS:  +1.20074e-06
NS-Rs:       +6.71073 +6.71073
=======================================

Error init = 0.0335581, Eq: integvolume(intMb) = Mb2 Dom: 3 Bounday: -1
DOF / rank = 41323 x 41323 / 150 = 1.13839e+07
Load and redistrib Jacobian: 789.355 / 788.317 / 790.301 seconds (avg/min/max)
Inverting the matrix: 196.043 seconds
Distributing solution: 0.0893724 seconds
=======================================
Iter:        +2
Error:       +0.0335581
Omega:       +0.0108595
Axis:        +5.75021e-09
P:           [+2.57762e-12, +2.62217e-13, +0]

NS1-Mb:      +1.06578
NS1-Madm_ql: +0.985211
NS1-S:       -0.00105845
NS1-Chi:     -0.00105845
NS1-Chi_ql:  -0.00109046
NS1-OmegaS:  +0.000187554
NS-Rs:       +6.71073 +6.71073

NS2-Mb:      +1.06578
NS2-Madm_ql: +0.985211
NS2-S:       -0.00105845
NS2-Chi:     -0.00105845
NS2-Chi_ql:  -0.00109046
NS2-OmegaS:  +0.000187554
NS-Rs:       +6.71073 +6.71073
=======================================

Error init = 0.00613254, Eq: integvolume(intMb) = Mb1 Dom: 0 Bounday: -1
DOF / rank = 41323 x 41323 / 150 = 1.13839e+07
Load and redistrib Jacobian: 792.333 / 791.328 / 793.304 seconds (avg/min/max)
Inverting the matrix: 197.053 seconds
Distributing solution: 0.0895401 seconds
=======================================
Iter:        +3
Error:       +0.00613254
Omega:       +0.0108595
Axis:        +5.30559e-10
P:           [-2.00946e-14, +3.01564e-14, +0]

NS1-Mb:      +1.07191
NS1-Madm_ql: +0.987025
NS1-S:       -3.67186e-07
NS1-Chi:     -3.67186e-07
NS1-Chi_ql:  -3.76903e-07
NS1-OmegaS:  +0.000259321
NS-Rs:       +6.71073 +6.71073

NS2-Mb:      +1.07191
NS2-Madm_ql: +0.987025
NS2-S:       -3.67186e-07
NS2-Chi:     -3.67186e-07
NS2-Chi_ql:  -3.76903e-07
NS2-OmegaS:  +0.000259321
NS-Rs:       +6.71073 +6.71073
=======================================

Error init = 1.09073e-05, Eq: integvolume(intMb) = Mb1 Dom: 0 Bounday: -1
DOF / rank = 41323 x 41323 / 150 = 1.13839e+07
Load and redistrib Jacobian: 789.674 / 788.62 / 790.607 seconds (avg/min/max)
Inverting the matrix: 195.647 seconds
Distributing solution: 0.0894234 seconds
=======================================
Iter:        +4
Error:       +1.09073e-05
Omega:       +0.0108595
Axis:        +6.40663e-11
P:           [+3.14558e-15, -1.61334e-15, +0]

NS1-Mb:      +1.07192
NS1-Madm_ql: +0.986943
NS1-S:       -3.82203e-10
NS1-Chi:     -3.82203e-10
NS1-Chi_ql:  -3.92383e-10
NS1-OmegaS:  +0.000258337
NS-Rs:       +6.71073 +6.71073

NS2-Mb:      +1.07192
NS2-Madm_ql: +0.986943
NS2-S:       -3.82192e-10
NS2-Chi:     -3.82192e-10
NS2-Chi_ql:  -3.92371e-10
NS2-OmegaS:  +0.000258337
NS-Rs:       +6.71073 +6.71073
=======================================

Error init = 2.36664e-07, Eq: integvolume(intMb) = Mb1 Dom: 0 Bounday: -1
DOF / rank = 41323 x 41323 / 150 = 1.13839e+07
Load and redistrib Jacobian: 801.225 / 800.177 / 802.16 seconds (avg/min/max)
Inverting the matrix: 197.778 seconds
Distributing solution: 0.0891665 seconds
=======================================
Iter:        +5
Error:       +2.36664e-07
Omega:       +0.0108595
Axis:        +7.77523e-12
P:           [+1.04325e-14, -1.08383e-14, +0]

NS1-Mb:      +1.07192
NS1-Madm_ql: +0.986943
NS1-S:       -6.23943e-16
NS1-Chi:     -6.23943e-16
NS1-Chi_ql:  -6.40561e-16
NS1-OmegaS:  +0.000258337
NS-Rs:       +6.71073 +6.71073

NS2-Mb:      +1.07192
NS2-Madm_ql: +0.986943
NS2-S:       +1.56118e-15
NS2-Chi:     +1.56118e-15
NS2-Chi_ql:  +1.60276e-15
NS2-OmegaS:  +0.000258337
NS-Rs:       +6.71073 +6.71073
=======================================

Error init = 9.04074e-10, Eq: integvolume(intMb) = Mb2 Dom: 3 Bounday: -1
=======================================
Iter:        +6
Error:       +9.04074e-10
Omega:       +0.0108595
Axis:        +7.77523e-12
P:           [+1.04325e-14, -1.08383e-14, +0]

NS1-Mb:      +1.07192
NS1-Madm_ql: +0.986943
NS1-S:       -6.23943e-16
NS1-Chi:     -6.23943e-16
NS1-Chi_ql:  -6.40561e-16
NS1-OmegaS:  +0.000258337
NS-Rs:       +6.71073 +6.71073

NS2-Mb:      +1.07192
NS2-Madm_ql: +0.986943
NS2-S:       +1.56118e-15
NS2-Chi:     +1.56118e-15
NS2-Chi_ql:  +1.60276e-15
NS2-OmegaS:  +0.000258337
NS-Rs:       +6.71073 +6.71073
=======================================

############################
Total with mass fixing, chi = 0,0 and q = 1
############################
=======================================
Iter:        +0
Error:       +0
Omega:       +0.0108595
Axis:        +7.77523e-12
P:           [+1.04325e-14, -1.08383e-14, +0]

NS1-Mb:      +1.07192
NS1-Madm_ql: +0.986943
NS1-S:       -6.23943e-16
NS1-Chi:     -6.23943e-16
NS1-Chi_ql:  -6.40561e-16
NS1-OmegaS:  +0.000258337
NS-Rs:       +6.71073 +6.71073

NS2-Mb:      +1.07192
NS2-Madm_ql: +0.986943
NS2-S:       +1.56118e-15
NS2-Chi:     +1.56118e-15
NS2-Chi_ql:  +1.60276e-15
NS2-OmegaS:  +0.000258337
NS-Rs:       +6.71073 +6.71073
=======================================

Error init = 0.00995447, Eq: firstint Dom: 3 Bounday: -1
DOF / rank = 48397 x 48397 / 150 = 1.56151e+07
Load and redistrib Jacobian: 794.604 / 793.266 / 795.682 seconds (avg/min/max)
Inverting the matrix: 272.939 seconds
Distributing solution: 0.0971769 seconds
=======================================
Iter:        +1
Error:       +0.00995447
Omega:       +0.0108175
Axis:        +1.88895e-12
P:           [-3.41416e-13, -1.37623e-10, +0]

NS1-Mb:      +1.05817
NS1-Madm_ql: +0.991648
NS1-S:       +0.000275371
NS1-Chi:     +0.000275371
NS1-Chi_ql:  +0.000280029
NS1-OmegaS:  +7.35135e-05
NS-Rs:       +6.21128 +6.67351

NS2-Mb:      +1.05817
NS2-Madm_ql: +0.991648
NS2-S:       +0.000275371
NS2-Chi:     +0.000275371
NS2-Chi_ql:  +0.000280029
NS2-OmegaS:  +7.35135e-05
NS-Rs:       +6.21128 +6.67351
=======================================

Error init = 0.0137441, Eq: integvolume(intMb) = Mb1 Dom: 0 Bounday: -1
DOF / rank = 48397 x 48397 / 150 = 1.56151e+07
Load and redistrib Jacobian: 797.347 / 796.059 / 798.448 seconds (avg/min/max)
Inverting the matrix: 271.042 seconds
Distributing solution: 0.0960291 seconds
=======================================
Iter:        +2
Error:       +0.0137441
Omega:       +0.0108149
Axis:        -2.81913e-12
P:           [-1.45294e-12, +1.8637e-12, +0]

NS1-Mb:      +1.07197
NS1-Madm_ql: +0.98898
NS1-S:       -2.06826e-06
NS1-Chi:     -2.06826e-06
NS1-Chi_ql:  -2.11461e-06
NS1-OmegaS:  +4.32618e-05
NS-Rs:       +6.26614 +6.68898

NS2-Mb:      +1.07197
NS2-Madm_ql: +0.98898
NS2-S:       -2.06826e-06
NS2-Chi:     -2.06826e-06
NS2-Chi_ql:  -2.11461e-06
NS2-OmegaS:  +4.32618e-05
NS-Rs:       +6.26614 +6.68898
=======================================

Error init = 5.58024e-05, Eq: integvolume(intMb) = Mb2 Dom: 3 Bounday: -1
DOF / rank = 48397 x 48397 / 150 = 1.56151e+07
Load and redistrib Jacobian: 876.108 / 874.74 / 877.326 seconds (avg/min/max)
Inverting the matrix: 308.755 seconds
Distributing solution: 0.6016 seconds
=======================================
Iter:        +3
Error:       +5.58024e-05
Omega:       +0.0108159
Axis:        +7.29822e-12
P:           [-7.11167e-13, +2.95728e-12, +0]

NS1-Mb:      +1.07192
NS1-Madm_ql: +0.988573
NS1-S:       -2.62208e-09
NS1-Chi:     -2.62208e-09
NS1-Chi_ql:  -2.68305e-09
NS1-OmegaS:  +4.65019e-05
NS-Rs:       +6.26707 +6.68894

NS2-Mb:      +1.07192
NS2-Madm_ql: +0.988573
NS2-S:       -2.62208e-09
NS2-Chi:     -2.62208e-09
NS2-Chi_ql:  -2.68305e-09
NS2-OmegaS:  +4.65019e-05
NS-Rs:       +6.26707 +6.68894
=======================================

Error init = 4.87363e-07, Eq: integvolume(intMb) = Mb1 Dom: 0 Bounday: -1
DOF / rank = 48397 x 48397 / 150 = 1.56151e+07
Load and redistrib Jacobian: 1397.69 / 1396.4 / 1398.92 seconds (avg/min/max)
Inverting the matrix: 359.49 seconds
Distributing solution: 0.280578 seconds
=======================================
Iter:        +4
Error:       +4.87363e-07
Omega:       +0.0108159
Axis:        +8.51675e-12
P:           [+1.35083e-12, +4.77391e-12, +0]

NS1-Mb:      +1.07192
NS1-Madm_ql: +0.988572
NS1-S:       +1.15559e-13
NS1-Chi:     +1.15559e-13
NS1-Chi_ql:  +1.18246e-13
NS1-OmegaS:  +4.65002e-05
NS-Rs:       +6.26707 +6.68894

NS2-Mb:      +1.07192
NS2-Madm_ql: +0.988572
NS2-S:       +1.12663e-13
NS2-Chi:     +1.12663e-13
NS2-Chi_ql:  +1.15283e-13
NS2-OmegaS:  +4.65002e-05
NS-Rs:       +6.26707 +6.68894
=======================================

Error init = 6.65796e-10, Eq: integvolume(intMb) = Mb1 Dom: 0 Bounday: -1
=======================================
Iter:        +5
Error:       +6.65796e-10
Omega:       +0.0108159
Axis:        +8.51675e-12
P:           [+1.35083e-12, +4.77391e-12, +0]

NS1-Mb:      +1.07192
NS1-Madm_ql: +0.988572
NS1-S:       +1.15559e-13
NS1-Chi:     +1.15559e-13
NS1-Chi_ql:  +1.18246e-13
NS1-OmegaS:  +4.65002e-05
NS-Rs:       +6.26707 +6.68894

NS2-Mb:      +1.07192
NS2-Madm_ql: +0.988572
NS2-S:       +1.12663e-13
NS2-Chi:     +1.12663e-13
NS2-Chi_ql:  +1.15283e-13
NS2-OmegaS:  +4.65002e-05
NS-Rs:       +6.26707 +6.68894
=======================================

Resolution of old space: 9 (r), 9 (theta), 8 (phi)
Resolution of new space: 11 (r), 11 (theta), 10 (phi)
Rmin/max: 
6.26707 6.68894
6.26707 6.68894
Bounds:
NS1: 3.13354 6.71073 8.45929 
NS2: 3.13354 6.71073 8.45929 
xc1: -12
xc2: 12
Config File: ./bns_regrid.info
Fields File: ./bns_regrid.dat
***************binary info***************
                 com: 8.51675e-12
                comy: -1.71092e-12
            distance: 24
           ecc_omega: 0.0108595
        global_omega: 0.0108159
        outer_shells: 0
                   q: 1
                qpig: 12.5664
                 res: 11
                rext: 48
*****************ns info*****************
                 chi: 0
         decay_limit: 12
                 dim: 3
             fixed_r: 6.26707
                  hc: 1.16624
                madm: 1
                  mb: 1.07192
      n_inner_shells: 0
                  nc: 0.00111478
             nshells: 0
               omega: 4.65002e-05
             ql_madm: 0.988572
                qpig: 12.5664
                 res: 11
                 rin: 3.13354
                rmid: 6.71073
                rout: 8.45929
             eosfile: togashi.lorene
             eostype: Cold_Table
               h_cut: 0
   interpolation_pts: 2000
*****************ns info*****************
                 chi: 0
         decay_limit: 12
                 dim: 3
             fixed_r: 6.26707
                  hc: 1.16624
                madm: 1
                  mb: 1.07192
      n_inner_shells: 0
                  nc: 0.00111478
             nshells: 0
               omega: 4.65002e-05
             ql_madm: 0.988572
                qpig: 12.5664
                 res: 11
                 rin: 3.13354
                rmid: 6.71073
                rout: 8.45929
             eosfile: togashi.lorene
             eostype: Cold_Table
               h_cut: 0
   interpolation_pts: 2000

=================================
BNS grav input
Distance: 24
Omega guess: 0.0108159
Units: 12.5664
=================================
############################
Total with mass fixing, chi = 0,0 and q = 1
############################
=======================================
Iter:        +0
Error:       +0
Omega:       +0.0108159
Axis:        +8.51675e-12
P:           [+1.38497e-12, +4.70015e-12, +0]

NS1-Mb:      +1.06288
NS1-Madm_ql: +0.988555
NS1-S:       +0.000104686
NS1-Chi:     +0.000104686
NS1-Chi_ql:  +0.000107124
NS1-OmegaS:  +4.65002e-05
NS-Rs:       +6.25558 +6.68894

NS2-Mb:      +1.06288
NS2-Madm_ql: +0.988555
NS2-S:       +0.000104686
NS2-Chi:     +0.000104686
NS2-Chi_ql:  +0.000107124
NS2-OmegaS:  +4.65002e-05
NS-Rs:       +6.25558 +6.68894
=======================================

Error init = 0.00904194, Eq: integvolume(intMb) = Mb1 Dom: 0 Bounday: -1
DOF / rank = 91866 x 91866 / 150 = 5.62624e+07
Load and redistrib Jacobian: 3433.38 / 3428.84 / 3437 seconds (avg/min/max)
Inverting the matrix: 1517.67 seconds
Distributing solution: 0.406347 seconds
=======================================
Iter:        +1
Error:       +0.00904194
Omega:       +0.0108085
Axis:        -2.48519e-12
P:           [+7.44775e-13, +1.50124e-11, +0]

NS1-Mb:      +1.07192
NS1-Madm_ql: +0.987158
NS1-S:       +2.85344e-06
NS1-Chi:     +2.85344e-06
NS1-Chi_ql:  +2.92816e-06
NS1-OmegaS:  +4.60836e-05
NS-Rs:       +6.28405 +6.69424

NS2-Mb:      +1.07192
NS2-Madm_ql: +0.987158
NS2-S:       +2.85344e-06
NS2-Chi:     +2.85344e-06
NS2-Chi_ql:  +2.92816e-06
NS2-OmegaS:  +4.60836e-05
NS-Rs:       +6.28405 +6.69424
=======================================

Error init = 1.61057e-05, Eq: integvolume(intM) = qlMadm1 Dom: 0 Bounday: -1
DOF / rank = 91866 x 91866 / 150 = 5.62624e+07
Load and redistrib Jacobian: 3291.85 / 3286.73 / 3295.53 seconds (avg/min/max)
Inverting the matrix: 1574.67 seconds
Distributing solution: 0.640932 seconds
=======================================
Iter:        +2
Error:       +1.61057e-05
Omega:       +0.0108086
Axis:        -1.40378e-11
P:           [+2.20344e-12, -2.47296e-12, +0]

NS1-Mb:      +1.07192
NS1-Madm_ql: +0.987059
NS1-S:       +9.58677e-10
NS1-Chi:     +9.58677e-10
NS1-Chi_ql:  +9.83979e-10
NS1-OmegaS:  +4.64643e-05
NS-Rs:       +6.28408 +6.69418

NS2-Mb:      +1.07192
NS2-Madm_ql: +0.987059
NS2-S:       +9.58669e-10
NS2-Chi:     +9.58669e-10
NS2-Chi_ql:  +9.8397e-10
NS2-OmegaS:  +4.64643e-05
NS-Rs:       +6.28408 +6.69418
=======================================

Error init = 1.16083e-08, Eq: eqphi = 0 Dom: 0 Bounday: -1
DOF / rank = 91866 x 91866 / 150 = 5.62624e+07
Load and redistrib Jacobian: 4117.06 / 4111.61 / 4120.71 seconds (avg/min/max)
Inverting the matrix: 1524.33 seconds
Distributing solution: 0.41767 seconds
=======================================
Iter:        +3
Error:       +1.16083e-08
Omega:       +0.0108086
Axis:        +2.2549e-12
P:           [+5.29519e-13, +3.30678e-12, +0]

NS1-Mb:      +1.07192
NS1-Madm_ql: +0.987059
NS1-S:       -1.96011e-15
NS1-Chi:     -1.96011e-15
NS1-Chi_ql:  -2.01184e-15
NS1-OmegaS:  +4.64643e-05
NS-Rs:       +6.28408 +6.69418

NS2-Mb:      +1.07192
NS2-Madm_ql: +0.987059
NS2-S:       +3.42964e-15
NS2-Chi:     +3.42964e-15
NS2-Chi_ql:  +3.52016e-15
NS2-OmegaS:  +4.64643e-05
NS-Rs:       +6.28408 +6.69418
=======================================

Error init = 3.7073e-12, Eq: eqphi = 0 Dom: 3 Bounday: -1
=======================================
Iter:        +4
Error:       +3.7073e-12
Omega:       +0.0108086
Axis:        +2.2549e-12
P:           [+5.29519e-13, +3.30678e-12, +0]

NS1-Mb:      +1.07192
NS1-Madm_ql: +0.987059
NS1-S:       -1.96011e-15
NS1-Chi:     -1.96011e-15
NS1-Chi_ql:  -2.01184e-15
NS1-OmegaS:  +4.64643e-05
NS-Rs:       +6.28408 +6.69418

NS2-Mb:      +1.07192
NS2-Madm_ql: +0.987059
NS2-S:       +3.42964e-15
NS2-Chi:     +3.42964e-15
NS2-Chi_ql:  +3.52016e-15
NS2-OmegaS:  +4.64643e-05
NS-Rs:       +6.28408 +6.69418
=======================================

############################
Py fixing without first integral and fixed omega, chi = 0,0 and q = 1
with Py BC fixing
############################
=======================================
Iter:        +0
Error:       +0
Omega:       +0.0108086
Axis:        +2.2549e-12
P:           [+5.29519e-13, +3.30678e-12, +0]

NS1-Mb:      +1.07192
NS1-Madm_ql: +0.987059
NS1-S:       -1.96011e-15
NS1-Chi:     -1.96011e-15
NS1-Chi_ql:  -2.01184e-15
NS1-OmegaS:  +4.64643e-05
NS-Rs:       +6.28408 +6.69418

NS2-Mb:      +1.07192
NS2-Madm_ql: +0.987059
NS2-S:       +3.42964e-15
NS2-Chi:     +3.42964e-15
NS2-Chi_ql:  +3.52016e-15
NS2-OmegaS:  +4.64643e-05
NS-Rs:       +6.28408 +6.69418
=======================================

Error init = 3.7074e-12, Eq: eqphi = 0 Dom: 3 Bounday: -1
=======================================
Iter:        +1
Error:       +3.7074e-12
Omega:       +0.0108086
Axis:        +2.2549e-12
P:           [+5.29519e-13, +3.30678e-12, +0]

NS1-Mb:      +1.07192
NS1-Madm_ql: +0.987059
NS1-S:       -1.96011e-15
NS1-Chi:     -1.96011e-15
NS1-Chi_ql:  -2.01184e-15
NS1-OmegaS:  +4.64643e-05
NS-Rs:       +6.28408 +6.69418

NS2-Mb:      +1.07192
NS2-Madm_ql: +0.987059
NS2-S:       +3.42964e-15
NS2-Chi:     +3.42964e-15
NS2-Chi_ql:  +3.52016e-15
NS2-OmegaS:  +4.64643e-05
NS-Rs:       +6.28408 +6.69418
=======================================

############################
Eccentricity reduction step with fixed omega, chi = 0,0 and q = 1
############################
### Using PN estimate for adot and omega! ###
=======================================
Iter:        +0
Error:       +0
Omega:       +0.0108595
Axis:        +2.2549e-12
P:           [+5.29519e-13, +3.30678e-12, +0]

NS1-Mb:      +1.07192
NS1-Madm_ql: +0.987059
NS1-S:       -1.96011e-15
NS1-Chi:     -1.96011e-15
NS1-Chi_ql:  -2.01184e-15
NS1-OmegaS:  +4.64643e-05
NS-Rs:       +6.28408 +6.69418

NS2-Mb:      +1.07192
NS2-Madm_ql: +0.987059
NS2-S:       +3.42964e-15
NS2-Chi:     +3.42964e-15
NS2-Chi_ql:  +3.52016e-15
NS2-OmegaS:  +4.64643e-05
NS-Rs:       +6.28408 +6.69418
=======================================

Error init = 0.000110945, Eq: eqphi = 0 Dom: 0 Bounday: -1
DOF / rank = 78499 x 78499 / 150 = 4.10806e+07
Load and redistrib Jacobian: 2460.54 / 2456.01 / 2463.38 seconds (avg/min/max)
Inverting the matrix: 1039.93 seconds
Distributing solution: 0.551871 seconds
=======================================
Iter:        +1
Error:       +0.000110945
Omega:       +0.0108595
Axis:        -3.63169e-06
P:           [+8.85121e-15, +6.50097e-14, +0]

NS1-Mb:      +1.07192
NS1-Madm_ql: +0.987129
NS1-S:       -2.08345e-08
NS1-Chi:     -2.08345e-08
NS1-Chi_ql:  -2.13814e-08
NS1-OmegaS:  +4.66945e-05
NS-Rs:       +6.28408 +6.69418

NS2-Mb:      +1.07192
NS2-Madm_ql: +0.987129
NS2-S:       -2.08347e-08
NS2-Chi:     -2.08347e-08
NS2-Chi_ql:  -2.13815e-08
NS2-OmegaS:  +4.66946e-05
NS-Rs:       +6.28408 +6.69418
=======================================

Error init = 3.70622e-07, Eq: integvolume(intMb) = Mb2 Dom: 3 Bounday: -1
DOF / rank = 78499 x 78499 / 150 = 4.10806e+07
Load and redistrib Jacobian: 3400.05 / 3395.45 / 3402.72 seconds (avg/min/max)
Inverting the matrix: 1062.47 seconds
Distributing solution: 0.387298 seconds
=======================================
Iter:        +2
Error:       +3.70622e-07
Omega:       +0.0108595
Axis:        -5.20534e-10
P:           [-4.86728e-16, +6.25196e-15, +0]

NS1-Mb:      +1.07192
NS1-Madm_ql: +0.987129
NS1-S:       +4.30499e-15
NS1-Chi:     +4.30499e-15
NS1-Chi_ql:  +4.41799e-15
NS1-OmegaS:  +4.66955e-05
NS-Rs:       +6.28408 +6.69418

NS2-Mb:      +1.07192
NS2-Madm_ql: +0.987129
NS2-S:       -3.17987e-16
NS2-Chi:     -3.17987e-16
NS2-Chi_ql:  -3.26333e-16
NS2-OmegaS:  +4.66955e-05
NS-Rs:       +6.28408 +6.69418
=======================================

Error init = 6.07676e-10, Eq: integvolume(intMb) = Mb2 Dom: 3 Bounday: -1
=======================================
Iter:        +3
Error:       +6.07676e-10
Omega:       +0.0108595
Axis:        -5.20534e-10
P:           [-4.86728e-16, +6.25196e-15, +0]

NS1-Mb:      +1.07192
NS1-Madm_ql: +0.987129
NS1-S:       +4.30499e-15
NS1-Chi:     +4.30499e-15
NS1-Chi_ql:  +4.41799e-15
NS1-OmegaS:  +4.66955e-05
NS-Rs:       +6.28408 +6.69418

NS2-Mb:      +1.07192
NS2-Madm_ql: +0.987129
NS2-S:       -3.17987e-16
NS2-Chi:     -3.17987e-16
NS2-Chi_ql:  -3.26333e-16
NS2-OmegaS:  +4.66955e-05
NS-Rs:       +6.28408 +6.69418
=======================================

