No dat file associated with : ./initial_bns_d33_ir.info
Creating a setup based on config file...
Solutions will be stored in: /home/la34cit/fuka//COs/
Directory will be created if it doesn't exist.
0.00107, 0.0011175
Config File: /home/la34cit/fuka//COs/initns.info
Fields File: /home/la34cit/fuka//COs/initns.dat
*****************ns info*****************
                 chi: 0
                 dim: 3
                  hc: 1.00919
                madm: 1
                  mb: 1.11258
      n_inner_shells: 0
                  nc: 0.00108187
             nshells: 0
               omega: 0
                qpig: 12.5664
                 res: 9
                 rin: 3.15541
                rmid: 6.31081
                rout: 12.6216
             eosfile: togashi.lorene
             eostype: Cold_Table
               h_cut: 0
   interpolation_pts: 2000

Last stage: binary_boost
Current: /home/la34cit/fuka//COs/initns.info
Solved previously: /home/la34cit/fuka//COs/converged_NS_NOROT_BC.togashi.1.0.0.09.info
Config File: /home/la34cit/fuka//COs/converged_NS_NOROT_BC.togashi.1.0.0.09.info
Fields File: /home/la34cit/fuka//COs/converged_NS_NOROT_BC.togashi.1.0.0.09.dat
*****************ns info*****************
                 chi: 0
                 dim: 3
                  hc: 1.16524
                madm: 1
                  mb: 1.07012
      n_inner_shells: 0
                  nc: 0.00111162
             nshells: 0
               omega: 0
             ql_madm: 1
                qpig: 12.5664
                 res: 9
                 rin: 3.15541
                rmid: 6.31081
                rout: 12.6216
             eosfile: togashi.lorene
             eostype: Cold_Table
               h_cut: 0
   interpolation_pts: 2000

Last stage: binary_boost
Solved previously: /home/la34cit/fuka//COs/converged_NS_TOTAL_BC.togashi.1.0.0.09.info
Config File: /home/la34cit/fuka//COs/converged_NS_TOTAL_BC.togashi.1.0.0.09.info
Fields File: /home/la34cit/fuka//COs/converged_NS_TOTAL_BC.togashi.1.0.0.09.dat
*****************ns info*****************
                 chi: 0
                 dim: 3
                  hc: 1.16524
                madm: 1
                  mb: 1.07012
      n_inner_shells: 0
                  nc: 0.00111162
             nshells: 0
               omega: 0
             ql_madm: 1
                qpig: 12.5664
                 res: 9
                 rin: 3.15541
                rmid: 6.31081
                rout: 12.6216
             eosfile: togashi.lorene
             eostype: Cold_Table
               h_cut: 0
   interpolation_pts: 2000

Last stage: binary_boost
Solved previously: /home/la34cit/fuka//COs/converged_NS_TOTAL_BC.togashi.1.0.0.09.info
Resolution of old space: 9 (r), 9 (theta), 8 (phi)
Rmin/max: 6.70137 6.70137
Resolution of new space: 11 (r), 11 (theta), 10 (phi)
New bounds: : 3.35069 6.70137 10.0521 
Config File: /home/la34cit/fuka//COs/initns.info
Fields File: /home/la34cit/fuka//COs/initns.dat
*****************ns info*****************
                 chi: 0
                 dim: 3
                  hc: 1.16524
                madm: 1
                  mb: 1.07012
      n_inner_shells: 0
                  nc: 0.00111162
             nshells: 0
               omega: 0
             ql_madm: 1
                qpig: 12.5664
                 res: 11
                 rin: 3.35069
                rmid: 6.70137
                rout: 10.0521
             eosfile: togashi.lorene
             eostype: Cold_Table
               h_cut: 0
   interpolation_pts: 2000

Last stage: binary_boost
Solved previously: /home/la34cit/fuka//COs/converged_NS_TOTAL_BC.togashi.1.0.0.11.info
Config File: /home/la34cit/fuka//COs/converged_NS_TOTAL_BC.togashi.1.0.0.11.info
Fields File: /home/la34cit/fuka//COs/converged_NS_TOTAL_BC.togashi.1.0.0.11.dat
*****************ns info*****************
                 chi: 0
                 dim: 3
                  hc: 1.16624
                madm: 1
                  mb: 1.07192
      n_inner_shells: 0
                  nc: 0.00111478
             nshells: 0
               omega: 0
             ql_madm: 1
                qpig: 12.5664
                 res: 11
                 rin: 3.35069
                rmid: 6.70137
                rout: 10.0521
             eosfile: togashi.lorene
             eostype: Cold_Table
               h_cut: 0
   interpolation_pts: 2000

Last stage: binary_boost
Solved previously: /home/la34cit/fuka//COs/converged_NS_TOTAL_BC.togashi.1.0.0.11.info
Config File: /home/la34cit/fuka//COs/converged_NS_TOTAL_BC.togashi.1.0.0.11.info
Fields File: /home/la34cit/fuka//COs/converged_NS_TOTAL_BC.togashi.1.0.0.11.dat
*****************ns info*****************
                 chi: 0
                 dim: 3
                  hc: 1.16624
                madm: 1
                  mb: 1.07192
      n_inner_shells: 0
                  nc: 0.00111478
             nshells: 0
               omega: 0
             ql_madm: 1
                qpig: 12.5664
                 res: 11
                 rin: 3.35069
                rmid: 6.70137
                rout: 10.0521
             eosfile: togashi.lorene
             eostype: Cold_Table
               h_cut: 0
   interpolation_pts: 2000

Solved previously: /home/la34cit/fuka//COs/converged_NS_BIN_BOOST_36_0.00610424.togashi.1.0.0.11.info
Solutions will be stored in: /home/la34cit/fuka//COs/
Directory will be created if it doesn't exist.
0.00107, 0.0011175
Config File: /home/la34cit/fuka//COs/initns.info
Fields File: /home/la34cit/fuka//COs/initns.dat
*****************ns info*****************
                 chi: 0
                 dim: 3
                  hc: 1.00919
                madm: 1
                  mb: 1.11258
      n_inner_shells: 0
                  nc: 0.00108187
             nshells: 0
               omega: 0
                qpig: 12.5664
                 res: 9
                 rin: 3.15541
                rmid: 6.31081
                rout: 12.6216
             eosfile: togashi.lorene
             eostype: Cold_Table
               h_cut: 0
   interpolation_pts: 2000

Last stage: binary_boost
Current: /home/la34cit/fuka//COs/initns.info
Solved previously: /home/la34cit/fuka//COs/converged_NS_NOROT_BC.togashi.1.0.0.09.info
Config File: /home/la34cit/fuka//COs/converged_NS_NOROT_BC.togashi.1.0.0.09.info
Fields File: /home/la34cit/fuka//COs/converged_NS_NOROT_BC.togashi.1.0.0.09.dat
*****************ns info*****************
                 chi: 0
                 dim: 3
                  hc: 1.16524
                madm: 1
                  mb: 1.07012
      n_inner_shells: 0
                  nc: 0.00111162
             nshells: 0
               omega: 0
             ql_madm: 1
                qpig: 12.5664
                 res: 9
                 rin: 3.15541
                rmid: 6.31081
                rout: 12.6216
             eosfile: togashi.lorene
             eostype: Cold_Table
               h_cut: 0
   interpolation_pts: 2000

Last stage: binary_boost
Solved previously: /home/la34cit/fuka//COs/converged_NS_TOTAL_BC.togashi.1.0.0.09.info
Config File: /home/la34cit/fuka//COs/converged_NS_TOTAL_BC.togashi.1.0.0.09.info
Fields File: /home/la34cit/fuka//COs/converged_NS_TOTAL_BC.togashi.1.0.0.09.dat
*****************ns info*****************
                 chi: 0
                 dim: 3
                  hc: 1.16524
                madm: 1
                  mb: 1.07012
      n_inner_shells: 0
                  nc: 0.00111162
             nshells: 0
               omega: 0
             ql_madm: 1
                qpig: 12.5664
                 res: 9
                 rin: 3.15541
                rmid: 6.31081
                rout: 12.6216
             eosfile: togashi.lorene
             eostype: Cold_Table
               h_cut: 0
   interpolation_pts: 2000

Last stage: binary_boost
Solved previously: /home/la34cit/fuka//COs/converged_NS_TOTAL_BC.togashi.1.0.0.09.info
Resolution of old space: 9 (r), 9 (theta), 8 (phi)
Rmin/max: 6.70137 6.70137
Resolution of new space: 11 (r), 11 (theta), 10 (phi)
New bounds: : 3.35069 6.70137 10.0521 
Config File: /home/la34cit/fuka//COs/initns.info
Fields File: /home/la34cit/fuka//COs/initns.dat
*****************ns info*****************
                 chi: 0
                 dim: 3
                  hc: 1.16524
                madm: 1
                  mb: 1.07012
      n_inner_shells: 0
                  nc: 0.00111162
             nshells: 0
               omega: 0
             ql_madm: 1
                qpig: 12.5664
                 res: 11
                 rin: 3.35069
                rmid: 6.70137
                rout: 10.0521
             eosfile: togashi.lorene
             eostype: Cold_Table
               h_cut: 0
   interpolation_pts: 2000

Last stage: binary_boost
Solved previously: /home/la34cit/fuka//COs/converged_NS_TOTAL_BC.togashi.1.0.0.11.info
Config File: /home/la34cit/fuka//COs/converged_NS_TOTAL_BC.togashi.1.0.0.11.info
Fields File: /home/la34cit/fuka//COs/converged_NS_TOTAL_BC.togashi.1.0.0.11.dat
*****************ns info*****************
                 chi: 0
                 dim: 3
                  hc: 1.16624
                madm: 1
                  mb: 1.07192
      n_inner_shells: 0
                  nc: 0.00111478
             nshells: 0
               omega: 0
             ql_madm: 1
                qpig: 12.5664
                 res: 11
                 rin: 3.35069
                rmid: 6.70137
                rout: 10.0521
             eosfile: togashi.lorene
             eostype: Cold_Table
               h_cut: 0
   interpolation_pts: 2000

Last stage: binary_boost
Solved previously: /home/la34cit/fuka//COs/converged_NS_TOTAL_BC.togashi.1.0.0.11.info
Config File: /home/la34cit/fuka//COs/converged_NS_TOTAL_BC.togashi.1.0.0.11.info
Fields File: /home/la34cit/fuka//COs/converged_NS_TOTAL_BC.togashi.1.0.0.11.dat
*****************ns info*****************
                 chi: 0
                 dim: 3
                  hc: 1.16624
                madm: 1
                  mb: 1.07192
      n_inner_shells: 0
                  nc: 0.00111478
             nshells: 0
               omega: 0
             ql_madm: 1
                qpig: 12.5664
                 res: 11
                 rin: 3.35069
                rmid: 6.70137
                rout: 10.0521
             eosfile: togashi.lorene
             eostype: Cold_Table
               h_cut: 0
   interpolation_pts: 2000

Solved previously: /home/la34cit/fuka//COs/converged_NS_BIN_BOOST_36_0.00610424.togashi.1.0.0.11.info
/home/la34cit/fuka//COs/converged_NS_BIN_BOOST_36_0.00610424.togashi.1.0.0.11.info
/home/la34cit/fuka//COs/converged_NS_BIN_BOOST_36_0.00610424.togashi.1.0.0.11.info
Bounds:
Outer: 72 
NS1: 3.35536 6.71073 10.4738 
NS2: 3.35536 6.71073 10.4738 
xc1: -18
xc2: 18
WeightNS1: 18, WeightNS2: 18
Config File: ./initbin.info
Fields File: ./initbin.dat
***************binary info***************
                 com: 0
                comy: 0
            distance: 36
           ecc_omega: 0.00610424
        global_omega: 0.00610424
        outer_shells: 0
                   q: 1
                qpig: 12.5664
                 res: 9
                rext: 72
*****************ns info*****************
                 chi: 0
         decay_limit: 18
                 dim: 3
                  hc: 1.16624
                madm: 1
                  mb: 1.07192
      n_inner_shells: 0
                  nc: 0.00111478
             nshells: 0
               omega: -3.41087e-27
             ql_madm: 1
                qpig: 12.5664
                 res: 11
                 rin: 3.35536
                rmid: 6.71073
                rout: 10.4738
             eosfile: togashi.lorene
             eostype: Cold_Table
               h_cut: 0
   interpolation_pts: 2000
*****************ns info*****************
                 chi: 0
         decay_limit: 18
                 dim: 3
                  hc: 1.16624
                madm: 1
                  mb: 1.07192
      n_inner_shells: 0
                  nc: 0.00111478
             nshells: 0
               omega: -3.41087e-27
             ql_madm: 1
                qpig: 12.5664
                 res: 11
                 rin: 3.35536
                rmid: 6.71073
                rout: 10.4738
             eosfile: togashi.lorene
             eostype: Cold_Table
               h_cut: 0
   interpolation_pts: 2000

=================================
BNS grav input
Distance: 36
Omega guess: 0.00610424
Units: 12.5664
=================================
############################
Py fixing without first integral and fixed omega, chi = 0,0 and q = 1
with Py BC fixing
############################
=======================================
Iter:        +0
Error:       +0
Omega:       +0.00610424
Axis:        +0
P:           [+0, +0, +0]

NS1-Mb:      +1.07329
NS1-Madm_ql: +1.06203
NS1-S:       +1.68606e-16
NS1-Chi:     +1.68606e-16
NS1-Chi_ql:  +1.49486e-16
NS1-OmegaS:  -3.41087e-27
NS-Rs:       +6.71073 +6.71073

NS2-Mb:      +1.07329
NS2-Madm_ql: +1.06203
NS2-S:       -1.65961e-16
NS2-Chi:     -1.65961e-16
NS2-Chi_ql:  -1.47141e-16
NS2-OmegaS:  -3.41087e-27
NS-Rs:       +6.71073 +6.71073
=======================================

Error init = 0.062029, Eq: integvolume(intM) = qlMadm1 Dom: 0 Bounday: -1
DOF / rank = 41323 x 41323 / 450 = 3.79465e+06
Load and redistrib Jacobian: 255.546 / 254.038 / 256.54 seconds (avg/min/max)
Inverting the matrix: 187.732 seconds
Distributing solution: 0.135411 seconds
=======================================
Iter:        +1
Error:       +0.062029
Omega:       +0.00610424
Axis:        +0.835017
P:           [-1.59068e-14, +2.12834e-10, +0]

NS1-Mb:      +1.06611
NS1-Madm_ql: +0.996011
NS1-S:       -0.011139
NS1-Chi:     -0.011139
NS1-Chi_ql:  -0.0112284
NS1-OmegaS:  +7.04076e-08
NS-Rs:       +6.71073 +6.71073

NS2-Mb:      +1.06611
NS2-Madm_ql: +0.996011
NS2-S:       -0.0111534
NS2-Chi:     -0.0111534
NS2-Chi_ql:  -0.0112429
NS2-OmegaS:  +7.038e-08
NS-Rs:       +6.71073 +6.71073
=======================================

Error init = 0.0111534, Eq: integ(intS2) / Madm2 / Madm2 = chi2 Dom: 5 Bounday: 1
DOF / rank = 41323 x 41323 / 450 = 3.79465e+06
Load and redistrib Jacobian: 249.99 / 248.973 / 250.969 seconds (avg/min/max)
slurmstepd: error: *** JOB 1724099 ON node302 CANCELLED AT 2022-11-07T01:29:06 DUE TO NODE FAILURE, SEE SLURMCTLD LOG FOR DETAILS ***
