No dat file associated with : ./initial_bns_d24_s-.info
Creating a setup based on config file...
Solutions will be stored in: /home/la34cit/fuka//COs/
Directory will be created if it doesn't exist.
0.00107, 0.0011175
Config File: /home/la34cit/fuka//COs/initns.info
Fields File: /home/la34cit/fuka//COs/initns.dat
*****************ns info*****************
                 chi: -0.1
                 dim: 3
                  hc: 1.00919
                madm: 1
                  mb: 1.11258
      n_inner_shells: 0
                  nc: 0.00108187
             nshells: 0
               omega: 0
                qpig: 12.5664
                 res: 9
                 rin: 3.15541
                rmid: 6.31081
                rout: 12.6216
             eosfile: togashi.lorene
             eostype: Cold_Table
               h_cut: 0
   interpolation_pts: 2000

Last stage: binary_boost
Current: /home/la34cit/fuka//COs/initns.info
Solved previously: /home/la34cit/fuka//COs/converged_NS_NOROT_BC.togashi.1.0.0.09.info
Config File: /home/la34cit/fuka//COs/converged_NS_NOROT_BC.togashi.1.0.0.09.info
Fields File: /home/la34cit/fuka//COs/converged_NS_NOROT_BC.togashi.1.0.0.09.dat
*****************ns info*****************
                 chi: -0.1
                 dim: 3
                  hc: 1.16524
                madm: 1
                  mb: 1.07012
      n_inner_shells: 0
                  nc: 0.00111162
             nshells: 0
               omega: 0
             ql_madm: 1
                qpig: 12.5664
                 res: 9
                 rin: 3.15541
                rmid: 6.31081
                rout: 12.6216
             eosfile: togashi.lorene
             eostype: Cold_Table
               h_cut: 0
   interpolation_pts: 2000

Last stage: binary_boost
Solved previously: /home/la34cit/fuka//COs/converged_NS_TOTAL_BC.togashi.1.-0.1.0.09.info
Config File: /home/la34cit/fuka//COs/converged_NS_TOTAL_BC.togashi.1.-0.1.0.09.info
Fields File: /home/la34cit/fuka//COs/converged_NS_TOTAL_BC.togashi.1.-0.1.0.09.dat
*****************ns info*****************
                 chi: -0.1
                 dim: 3
                  hc: 1.16433
                madm: 1
                  mb: 1.06976
      n_inner_shells: 0
                  nc: 0.00110871
             nshells: 0
               omega: -0.00507285
             ql_madm: 1
                qpig: 12.5664
                 res: 9
                 rin: 3.15541
                rmid: 6.31081
                rout: 12.6216
             eosfile: togashi.lorene
             eostype: Cold_Table
               h_cut: 0
   interpolation_pts: 2000

Last stage: binary_boost
Solved previously: /home/la34cit/fuka//COs/converged_NS_TOTAL_BC.togashi.1.-0.3.0.09.info
Config File: /home/la34cit/fuka//COs/converged_NS_TOTAL_BC.togashi.1.-0.3.0.09.info
Fields File: /home/la34cit/fuka//COs/converged_NS_TOTAL_BC.togashi.1.-0.3.0.09.dat
*****************ns info*****************
                 chi: -0.3
                 dim: 3
                  hc: 1.15727
                madm: 1
                  mb: 1.06689
      n_inner_shells: 0
                  nc: 0.00108579
             nshells: 0
               omega: -0.0145214
             ql_madm: 1
                qpig: 12.5664
                 res: 9
                 rin: 3.15541
                rmid: 6.31081
                rout: 12.6216
             eosfile: togashi.lorene
             eostype: Cold_Table
               h_cut: 0
   interpolation_pts: 2000

Last stage: binary_boost
Solved previously: /home/la34cit/fuka//COs/converged_NS_TOTAL_BC.togashi.1.-0.3.0.09.info
Resolution of old space: 9 (r), 9 (theta), 8 (phi)
Rmin/max: 6.46417 6.9899
Resolution of new space: 11 (r), 11 (theta), 10 (phi)
New bounds: : 3.23208 6.46417 10.4849 
Config File: /home/la34cit/fuka//COs/initns.info
Fields File: /home/la34cit/fuka//COs/initns.dat
*****************ns info*****************
                 chi: -0.3
                 dim: 3
                  hc: 1.15727
                madm: 1
                  mb: 1.06689
      n_inner_shells: 0
                  nc: 0.00108579
             nshells: 0
               omega: -0.0145214
             ql_madm: 1
                qpig: 12.5664
                 res: 11
                 rin: 3.23208
                rmid: 6.46417
                rout: 10.4849
             eosfile: togashi.lorene
             eostype: Cold_Table
               h_cut: 0
   interpolation_pts: 2000

Last stage: binary_boost
Solved previously: /home/la34cit/fuka//COs/converged_NS_TOTAL_BC.togashi.1.-0.3.0.11.info
Config File: /home/la34cit/fuka//COs/converged_NS_TOTAL_BC.togashi.1.-0.3.0.11.info
Fields File: /home/la34cit/fuka//COs/converged_NS_TOTAL_BC.togashi.1.-0.3.0.11.dat
*****************ns info*****************
                 chi: -0.3
                 dim: 3
                  hc: 1.15871
                madm: 1
                  mb: 1.06905
      n_inner_shells: 0
                  nc: 0.00109054
             nshells: 0
               omega: -0.0145918
             ql_madm: 1
                qpig: 12.5664
                 res: 11
                 rin: 3.23208
                rmid: 6.46417
                rout: 10.4849
             eosfile: togashi.lorene
             eostype: Cold_Table
               h_cut: 0
   interpolation_pts: 2000

Last stage: binary_boost
Solved previously: /home/la34cit/fuka//COs/converged_NS_TOTAL_BC.togashi.1.-0.3.0.11.info
Config File: /home/la34cit/fuka//COs/converged_NS_TOTAL_BC.togashi.1.-0.3.0.11.info
Fields File: /home/la34cit/fuka//COs/converged_NS_TOTAL_BC.togashi.1.-0.3.0.11.dat
*****************ns info*****************
                 chi: -0.3
                 dim: 3
                  hc: 1.15871
                madm: 1
                  mb: 1.06905
      n_inner_shells: 0
                  nc: 0.00109054
             nshells: 0
               omega: -0.0145918
             ql_madm: 1
                qpig: 12.5664
                 res: 11
                 rin: 3.23208
                rmid: 6.46417
                rout: 10.4849
             eosfile: togashi.lorene
             eostype: Cold_Table
               h_cut: 0
   interpolation_pts: 2000

Solved previously: /home/la34cit/fuka//COs/converged_NS_BIN_BOOST_24_0.0108595.togashi.1.-0.3.0.11.info
Solutions will be stored in: /home/la34cit/fuka//COs/
Directory will be created if it doesn't exist.
0.00107, 0.0011175
Config File: /home/la34cit/fuka//COs/initns.info
Fields File: /home/la34cit/fuka//COs/initns.dat
*****************ns info*****************
                 chi: -0.1
                 dim: 3
                  hc: 1.00919
                madm: 1
                  mb: 1.11258
      n_inner_shells: 0
                  nc: 0.00108187
             nshells: 0
               omega: 0
                qpig: 12.5664
                 res: 9
                 rin: 3.15541
                rmid: 6.31081
                rout: 12.6216
             eosfile: togashi.lorene
             eostype: Cold_Table
               h_cut: 0
   interpolation_pts: 2000

Last stage: binary_boost
Current: /home/la34cit/fuka//COs/initns.info
Solved previously: /home/la34cit/fuka//COs/converged_NS_NOROT_BC.togashi.1.0.0.09.info
Config File: /home/la34cit/fuka//COs/converged_NS_NOROT_BC.togashi.1.0.0.09.info
Fields File: /home/la34cit/fuka//COs/converged_NS_NOROT_BC.togashi.1.0.0.09.dat
*****************ns info*****************
                 chi: -0.1
                 dim: 3
                  hc: 1.16524
                madm: 1
                  mb: 1.07012
      n_inner_shells: 0
                  nc: 0.00111162
             nshells: 0
               omega: 0
             ql_madm: 1
                qpig: 12.5664
                 res: 9
                 rin: 3.15541
                rmid: 6.31081
                rout: 12.6216
             eosfile: togashi.lorene
             eostype: Cold_Table
               h_cut: 0
   interpolation_pts: 2000

Last stage: binary_boost
Solved previously: /home/la34cit/fuka//COs/converged_NS_TOTAL_BC.togashi.1.-0.1.0.09.info
Config File: /home/la34cit/fuka//COs/converged_NS_TOTAL_BC.togashi.1.-0.1.0.09.info
Fields File: /home/la34cit/fuka//COs/converged_NS_TOTAL_BC.togashi.1.-0.1.0.09.dat
*****************ns info*****************
                 chi: -0.1
                 dim: 3
                  hc: 1.16433
                madm: 1
                  mb: 1.06976
      n_inner_shells: 0
                  nc: 0.00110871
             nshells: 0
               omega: -0.00507285
             ql_madm: 1
                qpig: 12.5664
                 res: 9
                 rin: 3.15541
                rmid: 6.31081
                rout: 12.6216
             eosfile: togashi.lorene
             eostype: Cold_Table
               h_cut: 0
   interpolation_pts: 2000

Last stage: binary_boost
Solved previously: /home/la34cit/fuka//COs/converged_NS_TOTAL_BC.togashi.1.-0.3.0.09.info
Config File: /home/la34cit/fuka//COs/converged_NS_TOTAL_BC.togashi.1.-0.3.0.09.info
Fields File: /home/la34cit/fuka//COs/converged_NS_TOTAL_BC.togashi.1.-0.3.0.09.dat
*****************ns info*****************
                 chi: -0.3
                 dim: 3
                  hc: 1.15727
                madm: 1
                  mb: 1.06689
      n_inner_shells: 0
                  nc: 0.00108579
             nshells: 0
               omega: -0.0145214
             ql_madm: 1
                qpig: 12.5664
                 res: 9
                 rin: 3.15541
                rmid: 6.31081
                rout: 12.6216
             eosfile: togashi.lorene
             eostype: Cold_Table
               h_cut: 0
   interpolation_pts: 2000

Last stage: binary_boost
Solved previously: /home/la34cit/fuka//COs/converged_NS_TOTAL_BC.togashi.1.-0.3.0.09.info
Resolution of old space: 9 (r), 9 (theta), 8 (phi)
Rmin/max: 6.46417 6.9899
Resolution of new space: 11 (r), 11 (theta), 10 (phi)
New bounds: : 3.23208 6.46417 10.4849 
Config File: /home/la34cit/fuka//COs/initns.info
Fields File: /home/la34cit/fuka//COs/initns.dat
*****************ns info*****************
                 chi: -0.3
                 dim: 3
                  hc: 1.15727
                madm: 1
                  mb: 1.06689
      n_inner_shells: 0
                  nc: 0.00108579
             nshells: 0
               omega: -0.0145214
             ql_madm: 1
                qpig: 12.5664
                 res: 11
                 rin: 3.23208
                rmid: 6.46417
                rout: 10.4849
             eosfile: togashi.lorene
             eostype: Cold_Table
               h_cut: 0
   interpolation_pts: 2000

Last stage: binary_boost
Solved previously: /home/la34cit/fuka//COs/converged_NS_TOTAL_BC.togashi.1.-0.3.0.11.info
Config File: /home/la34cit/fuka//COs/converged_NS_TOTAL_BC.togashi.1.-0.3.0.11.info
Fields File: /home/la34cit/fuka//COs/converged_NS_TOTAL_BC.togashi.1.-0.3.0.11.dat
*****************ns info*****************
                 chi: -0.3
                 dim: 3
                  hc: 1.15871
                madm: 1
                  mb: 1.06905
      n_inner_shells: 0
                  nc: 0.00109054
             nshells: 0
               omega: -0.0145918
             ql_madm: 1
                qpig: 12.5664
                 res: 11
                 rin: 3.23208
                rmid: 6.46417
                rout: 10.4849
             eosfile: togashi.lorene
             eostype: Cold_Table
               h_cut: 0
   interpolation_pts: 2000

Last stage: binary_boost
Solved previously: /home/la34cit/fuka//COs/converged_NS_TOTAL_BC.togashi.1.-0.3.0.11.info
Config File: /home/la34cit/fuka//COs/converged_NS_TOTAL_BC.togashi.1.-0.3.0.11.info
Fields File: /home/la34cit/fuka//COs/converged_NS_TOTAL_BC.togashi.1.-0.3.0.11.dat
*****************ns info*****************
                 chi: -0.3
                 dim: 3
                  hc: 1.15871
                madm: 1
                  mb: 1.06905
      n_inner_shells: 0
                  nc: 0.00109054
             nshells: 0
               omega: -0.0145918
             ql_madm: 1
                qpig: 12.5664
                 res: 11
                 rin: 3.23208
                rmid: 6.46417
                rout: 10.4849
             eosfile: togashi.lorene
             eostype: Cold_Table
               h_cut: 0
   interpolation_pts: 2000

Solved previously: /home/la34cit/fuka//COs/converged_NS_BIN_BOOST_24_0.0108595.togashi.1.-0.3.0.11.info
/home/la34cit/fuka//COs/converged_NS_BIN_BOOST_24_0.0108595.togashi.1.-0.3.0.11.info
/home/la34cit/fuka//COs/converged_NS_BIN_BOOST_24_0.0108595.togashi.1.-0.3.0.11.info
Bounds:
Outer: 48 
NS1: 3.23811 7.00565 8.67044 
NS2: 3.23811 7.00565 8.67044 
xc1: -12
xc2: 12
WeightNS1: 12, WeightNS2: 12
Config File: ./initbin.info
Fields File: ./initbin.dat
***************binary info***************
                 com: 0
                comy: 0
            distance: 24
           ecc_omega: 0.0108595
        global_omega: 0.0108595
        outer_shells: 0
                   q: 1
                qpig: 12.5664
                 res: 9
                rext: 48
*****************ns info*****************
                 chi: -0.3
         decay_limit: 12
                 dim: 3
                  hc: 1.15871
                madm: 1
                  mb: 1.06905
      n_inner_shells: 0
                  nc: 0.00109054
             nshells: 0
               omega: -0.0155261
             ql_madm: 1
                qpig: 12.5664
                 res: 11
                 rin: 3.23811
                rmid: 7.00565
                rout: 8.67044
             eosfile: togashi.lorene
             eostype: Cold_Table
               h_cut: 0
   interpolation_pts: 2000
*****************ns info*****************
                 chi: -0.3
         decay_limit: 12
                 dim: 3
                  hc: 1.15871
                madm: 1
                  mb: 1.06905
      n_inner_shells: 0
                  nc: 0.00109054
             nshells: 0
               omega: -0.0155261
             ql_madm: 1
                qpig: 12.5664
                 res: 11
                 rin: 3.23811
                rmid: 7.00565
                rout: 8.67044
             eosfile: togashi.lorene
             eostype: Cold_Table
               h_cut: 0
   interpolation_pts: 2000

=================================
BNS grav input
Distance: 24
Omega guess: 0.0108595
Units: 12.5664
=================================
############################
Py fixing without first integral and fixed omega, chi = -0.3,-0.3 and q = 1
with Py BC fixing
############################
=======================================
Iter:        +0
Error:       +0
Omega:       +0.0108595
Axis:        +0
P:           [+0, +0, +0]

NS1-Mb:      +1.04607
NS1-Madm_ql: +1.28048
NS1-S:       -0.290016
NS1-Chi:     -0.290016
NS1-Chi_ql:  -0.17688
NS1-OmegaS:  -0.0155261
NS-Rs:       +6.47623 +7.00565

NS2-Mb:      +1.04607
NS2-Madm_ql: +1.28048
NS2-S:       -0.290016
NS2-Chi:     -0.290016
NS2-Chi_ql:  -0.17688
NS2-OmegaS:  -0.0155261
NS-Rs:       +6.47623 +7.00565
=======================================

Error init = 0.280475, Eq: integvolume(intM) = qlMadm2 Dom: 3 Bounday: -1
DOF / rank = 41323 x 41323 / 450 = 3.79465e+06
Load and redistrib Jacobian: 253.369 / 252.001 / 254.611 seconds (avg/min/max)
Inverting the matrix: 186.395 seconds
Distributing solution: 0.135559 seconds
=======================================
Iter:        +1
Error:       +0.280475
Omega:       +0.0108595
Axis:        +0.978085
P:           [-3.95221e-15, +3.10002e-08, +0]

NS1-Mb:      +1.03578
NS1-Madm_ql: +1.05779
NS1-S:       -0.313696
NS1-Chi:     -0.313696
NS1-Chi_ql:  -0.280355
NS1-OmegaS:  -0.0144148
NS-Rs:       +6.47623 +7.00565

NS2-Mb:      +1.03579
NS2-Madm_ql: +1.05779
NS2-S:       -0.313778
NS2-Chi:     -0.313778
NS2-Chi_ql:  -0.280428
NS2-OmegaS:  -0.0144148
NS-Rs:       +6.47623 +7.00565
=======================================

Error init = 0.0332713, Eq: integvolume(intMb) = Mb1 Dom: 0 Bounday: -1
DOF / rank = 41323 x 41323 / 450 = 3.79465e+06
Load and redistrib Jacobian: 254.238 / 253.305 / 255.066 seconds (avg/min/max)
Inverting the matrix: 185.161 seconds
Distributing solution: 0.137019 seconds
=======================================
Iter:        +2
Error:       +0.0332713
Omega:       +0.0108595
Axis:        -0.167758
P:           [+4.10752e-15, +2.7763e-09, +0]

NS1-Mb:      +1.0643
NS1-Madm_ql: +0.98623
NS1-S:       -0.300226
NS1-Chi:     -0.300226
NS1-Chi_ql:  -0.308669
NS1-OmegaS:  -0.0146868
NS-Rs:       +6.47623 +7.00565

NS2-Mb:      +1.06432
NS2-Madm_ql: +0.986224
NS2-S:       -0.300235
NS2-Chi:     -0.300235
NS2-Chi_ql:  -0.308681
NS2-OmegaS:  -0.0146878
NS-Rs:       +6.47623 +7.00565
=======================================

Error init = 0.0047493, Eq: integvolume(intMb) = Mb1 Dom: 0 Bounday: -1
DOF / rank = 41323 x 41323 / 450 = 3.79465e+06
Load and redistrib Jacobian: 254.526 / 253.327 / 255.476 seconds (avg/min/max)
Inverting the matrix: 185.633 seconds
Distributing solution: 0.137136 seconds
=======================================
Iter:        +3
Error:       +0.0047493
Omega:       +0.0108595
Axis:        +0.00204307
P:           [+6.26615e-15, -8.56531e-11, +0]

NS1-Mb:      +1.06904
NS1-Madm_ql: +0.986184
NS1-S:       -0.3
NS1-Chi:     -0.3
NS1-Chi_ql:  -0.308464
NS1-OmegaS:  -0.0144915
NS-Rs:       +6.47623 +7.00565

NS2-Mb:      +1.06904
NS2-Madm_ql: +0.986184
NS2-S:       -0.3
NS2-Chi:     -0.3
NS2-Chi_ql:  -0.308465
NS2-OmegaS:  -0.0144915
NS-Rs:       +6.47623 +7.00565
=======================================

Error init = 1.71059e-05, Eq: integvolume(intMb) = Mb1 Dom: 0 Bounday: -1
DOF / rank = 41323 x 41323 / 450 = 3.79465e+06
Load and redistrib Jacobian: 254.63 / 253.466 / 255.572 seconds (avg/min/max)
Inverting the matrix: 180.336 seconds
Distributing solution: 0.138228 seconds
=======================================
Iter:        +4
Error:       +1.71059e-05
Omega:       +0.0108595
Axis:        -1.74514e-06
P:           [+9.68022e-15, -5.08206e-13, +0]

NS1-Mb:      +1.06905
NS1-Madm_ql: +0.986046
NS1-S:       -0.3
NS1-Chi:     -0.3
NS1-Chi_ql:  -0.308551
NS1-OmegaS:  -0.0144935
NS-Rs:       +6.47623 +7.00565

NS2-Mb:      +1.06905
NS2-Madm_ql: +0.986046
NS2-S:       -0.3
NS2-Chi:     -0.3
NS2-Chi_ql:  -0.308551
NS2-OmegaS:  -0.0144935
NS-Rs:       +6.47623 +7.00565
=======================================

Error init = 3.25571e-07, Eq: integvolume(intMb) = Mb1 Dom: 0 Bounday: -1
DOF / rank = 41323 x 41323 / 450 = 3.79465e+06
Load and redistrib Jacobian: 252.58 / 251.384 / 253.467 seconds (avg/min/max)
Inverting the matrix: 185.064 seconds
Distributing solution: 0.318692 seconds
=======================================
Iter:        +5
Error:       +3.25571e-07
Omega:       +0.0108595
Axis:        -5.59051e-09
P:           [-4.01454e-16, +1.69681e-14, +0]

NS1-Mb:      +1.06905
NS1-Madm_ql: +0.986046
NS1-S:       -0.3
NS1-Chi:     -0.3
NS1-Chi_ql:  -0.308551
NS1-OmegaS:  -0.0144935
NS-Rs:       +6.47623 +7.00565

NS2-Mb:      +1.06905
NS2-Madm_ql: +0.986046
NS2-S:       -0.3
NS2-Chi:     -0.3
NS2-Chi_ql:  -0.308551
NS2-OmegaS:  -0.0144935
NS-Rs:       +6.47623 +7.00565
=======================================

Error init = 1.19931e-09, Eq: integvolume(intMb) = Mb1 Dom: 0 Bounday: -1
=======================================
Iter:        +6
Error:       +1.19931e-09
Omega:       +0.0108595
Axis:        -5.59051e-09
P:           [-4.01454e-16, +1.69681e-14, +0]

NS1-Mb:      +1.06905
NS1-Madm_ql: +0.986046
NS1-S:       -0.3
NS1-Chi:     -0.3
NS1-Chi_ql:  -0.308551
NS1-OmegaS:  -0.0144935
NS-Rs:       +6.47623 +7.00565

NS2-Mb:      +1.06905
NS2-Madm_ql: +0.986046
NS2-S:       -0.3
NS2-Chi:     -0.3
NS2-Chi_ql:  -0.308551
NS2-OmegaS:  -0.0144935
NS-Rs:       +6.47623 +7.00565
=======================================

############################
Total with mass fixing, chi = -0.3,-0.3 and q = 1
############################
=======================================
Iter:        +0
Error:       +0
Omega:       +0.0108595
Axis:        -5.59051e-09
P:           [-4.01454e-16, +1.69681e-14, +0]

NS1-Mb:      +1.06905
NS1-Madm_ql: +0.986046
NS1-S:       -0.3
NS1-Chi:     -0.3
NS1-Chi_ql:  -0.308551
NS1-OmegaS:  -0.0144935
NS-Rs:       +6.47623 +7.00565

NS2-Mb:      +1.06905
NS2-Madm_ql: +0.986046
NS2-S:       -0.3
NS2-Chi:     -0.3
NS2-Chi_ql:  -0.308551
NS2-OmegaS:  -0.0144935
NS-Rs:       +6.47623 +7.00565
=======================================

Error init = 0.0093672, Eq: firstint Dom: 0 Bounday: -1
DOF / rank = 48397 x 48397 / 450 = 5.20504e+06
Load and redistrib Jacobian: 258.002 / 256.258 / 259.182 seconds (avg/min/max)
Inverting the matrix: 237.544 seconds
Distributing solution: 0.144401 seconds
=======================================
Iter:        +1
Error:       +0.0093672
Omega:       +0.010849
Axis:        +4.20023e-09
P:           [-3.17058e-13, +1.12973e-09, +0]

NS1-Mb:      +1.055
NS1-Madm_ql: +0.99427
NS1-S:       -0.30034
NS1-Chi:     -0.30034
NS1-Chi_ql:  -0.303812
NS1-OmegaS:  -0.0149318
NS-Rs:       +6.05564 +7.30324

NS2-Mb:      +1.055
NS2-Madm_ql: +0.99427
NS2-S:       -0.30034
NS2-Chi:     -0.30034
NS2-Chi_ql:  -0.303812
NS2-OmegaS:  -0.0149318
NS-Rs:       +6.05564 +7.30324
=======================================

Error init = 0.0140557, Eq: integvolume(intMb) = Mb1 Dom: 0 Bounday: -1
DOF / rank = 48397 x 48397 / 450 = 5.20504e+06
Load and redistrib Jacobian: 257.119 / 255.571 / 258.183 seconds (avg/min/max)
Inverting the matrix: 235.495 seconds
Distributing solution: 0.143105 seconds
=======================================
Iter:        +2
Error:       +0.0140557
Omega:       +0.0108265
Axis:        +2.06783e-10
P:           [+1.85267e-13, -3.12443e-10, +0]

NS1-Mb:      +1.06912
NS1-Madm_ql: +0.989252
NS1-S:       -0.299999
NS1-Chi:     -0.299999
NS1-Chi_ql:  -0.306553
NS1-OmegaS:  -0.0152765
NS-Rs:       +6.0943 +7.30092

NS2-Mb:      +1.06912
NS2-Madm_ql: +0.989252
NS2-S:       -0.299999
NS2-Chi:     -0.299999
NS2-Chi_ql:  -0.306553
NS2-OmegaS:  -0.0152765
NS-Rs:       +6.0943 +7.30092
=======================================

Error init = 0.000121074, Eq: integvolume(intM) = qlMadm2 Dom: 3 Bounday: -1
DOF / rank = 48397 x 48397 / 450 = 5.20504e+06
Load and redistrib Jacobian: 259.621 / 258.246 / 260.756 seconds (avg/min/max)
Inverting the matrix: 231.034 seconds
Distributing solution: 0.325177 seconds
=======================================
Iter:        +3
Error:       +0.000121074
Omega:       +0.0108253
Axis:        +4.94928e-12
P:           [-8.87624e-13, +3.28054e-12, +0]

NS1-Mb:      +1.06905
NS1-Madm_ql: +0.988503
NS1-S:       -0.3
NS1-Chi:     -0.3
NS1-Chi_ql:  -0.30702
NS1-OmegaS:  -0.0152702
NS-Rs:       +6.09457 +7.30287

NS2-Mb:      +1.06905
NS2-Madm_ql: +0.988503
NS2-S:       -0.3
NS2-Chi:     -0.3
NS2-Chi_ql:  -0.30702
NS2-OmegaS:  -0.0152702
NS-Rs:       +6.09457 +7.30287
=======================================

Error init = 1.354e-06, Eq: dn(phi) Dom: 0 Bounday: 1
DOF / rank = 48397 x 48397 / 450 = 5.20504e+06
Load and redistrib Jacobian: 268.789 / 267.121 / 269.92 seconds (avg/min/max)
Inverting the matrix: 235.491 seconds
Distributing solution: 0.145811 seconds
=======================================
Iter:        +4
Error:       +1.354e-06
Omega:       +0.0108253
Axis:        -1.24496e-11
P:           [-8.36806e-14, -8.08753e-12, +0]

NS1-Mb:      +1.06905
NS1-Madm_ql: +0.988499
NS1-S:       -0.3
NS1-Chi:     -0.3
NS1-Chi_ql:  -0.307021
NS1-OmegaS:  -0.0152703
NS-Rs:       +6.09458 +7.3029

NS2-Mb:      +1.06905
NS2-Madm_ql: +0.988499
NS2-S:       -0.3
NS2-Chi:     -0.3
NS2-Chi_ql:  -0.307021
NS2-OmegaS:  -0.0152703
NS-Rs:       +6.09458 +7.3029
=======================================

Error init = 4.45822e-09, Eq: integvolume(intMb) = Mb2 Dom: 3 Bounday: -1
=======================================
Iter:        +5
Error:       +4.45822e-09
Omega:       +0.0108253
Axis:        -1.24496e-11
P:           [-8.36806e-14, -8.08753e-12, +0]

NS1-Mb:      +1.06905
NS1-Madm_ql: +0.988499
NS1-S:       -0.3
NS1-Chi:     -0.3
NS1-Chi_ql:  -0.307021
NS1-OmegaS:  -0.0152703
NS-Rs:       +6.09458 +7.3029

NS2-Mb:      +1.06905
NS2-Madm_ql: +0.988499
NS2-S:       -0.3
NS2-Chi:     -0.3
NS2-Chi_ql:  -0.307021
NS2-OmegaS:  -0.0152703
NS-Rs:       +6.09458 +7.3029
=======================================

Resolution of old space: 9 (r), 9 (theta), 8 (phi)
Resolution of new space: 11 (r), 11 (theta), 10 (phi)
Rmin/max: 
6.09458 7.3029
6.09458 7.3029
Bounds:
NS1: 3.04729 7.00565 8.8686 
NS2: 3.04729 7.00565 8.8686 
xc1: -12
xc2: 12
Config File: ./bns_regrid.info
Fields File: ./bns_regrid.dat
***************binary info***************
                 com: -1.24496e-11
                comy: -2.07982e-12
            distance: 24
           ecc_omega: 0.0108595
        global_omega: 0.0108253
        outer_shells: 0
                   q: 1
                qpig: 12.5664
                 res: 11
                rext: 48
*****************ns info*****************
                 chi: -0.3
         decay_limit: 12
                 dim: 3
             fixed_r: 6.09458
                  hc: 1.15871
                madm: 1
                  mb: 1.06905
      n_inner_shells: 0
                  nc: 0.00109054
             nshells: 0
               omega: -0.0152703
             ql_madm: 0.988499
                qpig: 12.5664
                 res: 11
                 rin: 3.04729
                rmid: 7.00565
                rout: 8.8686
             eosfile: togashi.lorene
             eostype: Cold_Table
               h_cut: 0
   interpolation_pts: 2000
*****************ns info*****************
                 chi: -0.3
         decay_limit: 12
                 dim: 3
             fixed_r: 6.09458
                  hc: 1.15871
                madm: 1
                  mb: 1.06905
      n_inner_shells: 0
                  nc: 0.00109054
             nshells: 0
               omega: -0.0152703
             ql_madm: 0.988499
                qpig: 12.5664
                 res: 11
                 rin: 3.04729
                rmid: 7.00565
                rout: 8.8686
             eosfile: togashi.lorene
             eostype: Cold_Table
               h_cut: 0
   interpolation_pts: 2000

=================================
BNS grav input
Distance: 24
Omega guess: 0.0108253
Units: 12.5664
=================================
############################
Total with mass fixing, chi = -0.3,-0.3 and q = 1
############################
=======================================
Iter:        +0
Error:       +0
Omega:       +0.0108253
Axis:        -1.24496e-11
P:           [-6.16759e-14, -7.80148e-12, +0]

NS1-Mb:      +1.059
NS1-Madm_ql: +0.988367
NS1-S:       -0.290232
NS1-Chi:     -0.290232
NS1-Chi_ql:  -0.297104
NS1-OmegaS:  -0.0152703
NS-Rs:       +6.09458 +7.3029

NS2-Mb:      +1.059
NS2-Madm_ql: +0.988367
NS2-S:       -0.290232
NS2-Chi:     -0.290232
NS2-Chi_ql:  -0.297104
NS2-OmegaS:  -0.0152703
NS-Rs:       +6.09458 +7.3029
=======================================

Error init = 0.0565939, Eq: eqbet^i= 0 Dom: 5 Bounday: -1
DOF / rank = 91866 x 91866 / 450 = 1.87541e+07
Load and redistrib Jacobian: 900.277 / 893.838 / 904.301 seconds (avg/min/max)
Inverting the matrix: 841.154 seconds
Distributing solution: 0.198525 seconds
=======================================
Iter:        +1
Error:       +0.0565939
Omega:       +0.0108178
Axis:        +1.59641e-09
P:           [+4.73809e-13, -2.30887e-08, +0]

NS1-Mb:      +1.06907
NS1-Madm_ql: +0.987335
NS1-S:       -0.299838
NS1-Chi:     -0.299838
NS1-Chi_ql:  -0.30758
NS1-OmegaS:  -0.0154308
NS-Rs:       +6.10885 +7.32459

NS2-Mb:      +1.06907
NS2-Madm_ql: +0.987335
NS2-S:       -0.299838
NS2-Chi:     -0.299838
NS2-Chi_ql:  -0.30758
NS2-OmegaS:  -0.0154308
NS-Rs:       +6.10885 +7.32459
=======================================

Error init = 0.00186792, Eq: eqbet^i= 0 Dom: 2 Bounday: -1
DOF / rank = 91866 x 91866 / 450 = 1.87541e+07
Load and redistrib Jacobian: 909.241 / 902.419 / 913.235 seconds (avg/min/max)
Inverting the matrix: 846.324 seconds
Distributing solution: 0.199201 seconds
=======================================
Iter:        +2
Error:       +0.00186792
Omega:       +0.0108196
Axis:        -2.71193e-09
P:           [+1.99343e-13, -1.10657e-09, +0]

NS1-Mb:      +1.06905
NS1-Madm_ql: +0.987092
NS1-S:       -0.3
NS1-Chi:     -0.3
NS1-Chi_ql:  -0.307898
NS1-OmegaS:  -0.0154079
NS-Rs:       +6.10887 +7.31758

NS2-Mb:      +1.06905
NS2-Madm_ql: +0.987092
NS2-S:       -0.3
NS2-Chi:     -0.3
NS2-Chi_ql:  -0.307898
NS2-OmegaS:  -0.0154079
NS-Rs:       +6.10887 +7.31758
=======================================

Error init = 1.03333e-06, Eq: eqP= 0 Dom: 5 Bounday: -1
DOF / rank = 91866 x 91866 / 450 = 1.87541e+07
Load and redistrib Jacobian: 899.877 / 893.079 / 903.978 seconds (avg/min/max)
Inverting the matrix: 840.662 seconds
Distributing solution: 0.198057 seconds
=======================================
Iter:        +3
Error:       +1.03333e-06
Omega:       +0.0108195
Axis:        +3.39067e-09
P:           [+6.54437e-13, +1.78259e-09, +0]

NS1-Mb:      +1.06905
NS1-Madm_ql: +0.987092
NS1-S:       -0.3
NS1-Chi:     -0.3
NS1-Chi_ql:  -0.307898
NS1-OmegaS:  -0.0154079
NS-Rs:       +6.10887 +7.31758

NS2-Mb:      +1.06905
NS2-Madm_ql: +0.987092
NS2-S:       -0.3
NS2-Chi:     -0.3
NS2-Chi_ql:  -0.307898
NS2-OmegaS:  -0.0154079
NS-Rs:       +6.10887 +7.31758
=======================================

Error init = 4.1531e-10, Eq: eqphi = 0 Dom: 0 Bounday: -1
=======================================
Iter:        +4
Error:       +4.1531e-10
Omega:       +0.0108195
Axis:        +3.39067e-09
P:           [+6.54437e-13, +1.78259e-09, +0]

NS1-Mb:      +1.06905
NS1-Madm_ql: +0.987092
NS1-S:       -0.3
NS1-Chi:     -0.3
NS1-Chi_ql:  -0.307898
NS1-OmegaS:  -0.0154079
NS-Rs:       +6.10887 +7.31758

NS2-Mb:      +1.06905
NS2-Madm_ql: +0.987092
NS2-S:       -0.3
NS2-Chi:     -0.3
NS2-Chi_ql:  -0.307898
NS2-OmegaS:  -0.0154079
NS-Rs:       +6.10887 +7.31758
=======================================

############################
Py fixing without first integral and fixed omega, chi = -0.3,-0.3 and q = 1
with Py BC fixing
############################
=======================================
Iter:        +0
Error:       +0
Omega:       +0.0108195
Axis:        +3.39067e-09
P:           [+6.54437e-13, +1.78259e-09, +0]

NS1-Mb:      +1.06905
NS1-Madm_ql: +0.987092
NS1-S:       -0.3
NS1-Chi:     -0.3
NS1-Chi_ql:  -0.307898
NS1-OmegaS:  -0.0154079
NS-Rs:       +6.10887 +7.31758

NS2-Mb:      +1.06905
NS2-Madm_ql: +0.987092
NS2-S:       -0.3
NS2-Chi:     -0.3
NS2-Chi_ql:  -0.307898
NS2-OmegaS:  -0.0154079
NS-Rs:       +6.10887 +7.31758
=======================================

Error init = 1.78259e-09, Eq: integ(intPy) = 0 Dom: 11 Bounday: 1
=======================================
Iter:        +1
Error:       +1.78259e-09
Omega:       +0.0108195
Axis:        +3.39067e-09
P:           [+6.54437e-13, +1.78259e-09, +0]

NS1-Mb:      +1.06905
NS1-Madm_ql: +0.987092
NS1-S:       -0.3
NS1-Chi:     -0.3
NS1-Chi_ql:  -0.307898
NS1-OmegaS:  -0.0154079
NS-Rs:       +6.10887 +7.31758

NS2-Mb:      +1.06905
NS2-Madm_ql: +0.987092
NS2-S:       -0.3
NS2-Chi:     -0.3
NS2-Chi_ql:  -0.307898
NS2-OmegaS:  -0.0154079
NS-Rs:       +6.10887 +7.31758
=======================================

############################
Eccentricity reduction step with fixed omega, chi = -0.3,-0.3 and q = 1
############################
### Using PN estimate for adot and omega! ###
=======================================
Iter:        +0
Error:       +0
Omega:       +0.0108595
Axis:        +3.39067e-09
P:           [+6.54437e-13, +1.78259e-09, +0]

NS1-Mb:      +1.06905
NS1-Madm_ql: +0.987092
NS1-S:       -0.3
NS1-Chi:     -0.3
NS1-Chi_ql:  -0.307898
NS1-OmegaS:  -0.0154079
NS-Rs:       +6.10887 +7.31758

NS2-Mb:      +1.06905
NS2-Madm_ql: +0.987092
NS2-S:       -0.3
NS2-Chi:     -0.3
NS2-Chi_ql:  -0.307898
NS2-OmegaS:  -0.0154079
NS-Rs:       +6.10887 +7.31758
=======================================

Error init = 0.000181222, Eq: eqphi = 0 Dom: 0 Bounday: -1
DOF / rank = 78499 x 78499 / 450 = 1.36935e+07
Load and redistrib Jacobian: 902.359 / 897.471 / 905.554 seconds (avg/min/max)
Inverting the matrix: 601.646 seconds
Distributing solution: 0.193852 seconds
=======================================
Iter:        +1
Error:       +0.000181222
Omega:       +0.0108595
Axis:        +4.1926e-07
P:           [+1.38746e-14, -7.20194e-15, +0]

NS1-Mb:      +1.06905
NS1-Madm_ql: +0.987147
NS1-S:       -0.3
NS1-Chi:     -0.3
NS1-Chi_ql:  -0.307863
NS1-OmegaS:  -0.0154068
NS-Rs:       +6.10887 +7.31758

NS2-Mb:      +1.06905
NS2-Madm_ql: +0.987147
NS2-S:       -0.3
NS2-Chi:     -0.3
NS2-Chi_ql:  -0.307863
NS2-OmegaS:  -0.0154068
NS-Rs:       +6.10887 +7.31758
=======================================

Error init = 3.05788e-07, Eq: integvolume(intMb) = Mb2 Dom: 3 Bounday: -1
DOF / rank = 78499 x 78499 / 450 = 1.36935e+07
Load and redistrib Jacobian: 903.257 / 898.266 / 906.535 seconds (avg/min/max)
Inverting the matrix: 599.768 seconds
Distributing solution: 0.193496 seconds
=======================================
Iter:        +2
Error:       +3.05788e-07
Omega:       +0.0108595
Axis:        -1.98877e-10
P:           [-7.3421e-15, -1.63532e-15, +0]

NS1-Mb:      +1.06905
NS1-Madm_ql: +0.987147
NS1-S:       -0.3
NS1-Chi:     -0.3
NS1-Chi_ql:  -0.307863
NS1-OmegaS:  -0.0154068
NS-Rs:       +6.10887 +7.31758

NS2-Mb:      +1.06905
NS2-Madm_ql: +0.987147
NS2-S:       -0.3
NS2-Chi:     -0.3
NS2-Chi_ql:  -0.307863
NS2-OmegaS:  -0.0154068
NS-Rs:       +6.10887 +7.31758
=======================================

Error init = 9.54697e-10, Eq: eqphi = 0 Dom: 0 Bounday: -1
=======================================
Iter:        +3
Error:       +9.54697e-10
Omega:       +0.0108595
Axis:        -1.98877e-10
P:           [-7.3421e-15, -1.63532e-15, +0]

NS1-Mb:      +1.06905
NS1-Madm_ql: +0.987147
NS1-S:       -0.3
NS1-Chi:     -0.3
NS1-Chi_ql:  -0.307863
NS1-OmegaS:  -0.0154068
NS-Rs:       +6.10887 +7.31758

NS2-Mb:      +1.06905
NS2-Madm_ql: +0.987147
NS2-S:       -0.3
NS2-Chi:     -0.3
NS2-Chi_ql:  -0.307863
NS2-OmegaS:  -0.0154068
NS-Rs:       +6.10887 +7.31758
=======================================

