No dat file associated with : ./initial_bns_d28_s+.info
Creating a setup based on config file...
Solutions will be stored in: /home/la34cit/fuka//COs/
Directory will be created if it doesn't exist.
0.00107, 0.0011175
Config File: /home/la34cit/fuka//COs/initns.info
Fields File: /home/la34cit/fuka//COs/initns.dat
*****************ns info*****************
                 chi: 0.1
                 dim: 3
                  hc: 1.00919
                madm: 1
                  mb: 1.11258
      n_inner_shells: 0
                  nc: 0.00108187
             nshells: 0
               omega: 0
                qpig: 12.5664
                 res: 9
                 rin: 3.15541
                rmid: 6.31081
                rout: 12.6216
             eosfile: togashi.lorene
             eostype: Cold_Table
               h_cut: 0
   interpolation_pts: 2000

Last stage: binary_boost
Current: /home/la34cit/fuka//COs/initns.info
Solved previously: /home/la34cit/fuka//COs/converged_NS_NOROT_BC.togashi.1.0.0.09.info
Config File: /home/la34cit/fuka//COs/converged_NS_NOROT_BC.togashi.1.0.0.09.info
Fields File: /home/la34cit/fuka//COs/converged_NS_NOROT_BC.togashi.1.0.0.09.dat
*****************ns info*****************
                 chi: 0.1
                 dim: 3
                  hc: 1.16524
                madm: 1
                  mb: 1.07012
      n_inner_shells: 0
                  nc: 0.00111162
             nshells: 0
               omega: 0
             ql_madm: 1
                qpig: 12.5664
                 res: 9
                 rin: 3.15541
                rmid: 6.31081
                rout: 12.6216
             eosfile: togashi.lorene
             eostype: Cold_Table
               h_cut: 0
   interpolation_pts: 2000

Last stage: binary_boost
Solved previously: /home/la34cit/fuka//COs/converged_NS_TOTAL_BC.togashi.1.0.1.0.09.info
Config File: /home/la34cit/fuka//COs/converged_NS_TOTAL_BC.togashi.1.0.1.0.09.info
Fields File: /home/la34cit/fuka//COs/converged_NS_TOTAL_BC.togashi.1.0.1.0.09.dat
*****************ns info*****************
                 chi: 0.1
                 dim: 3
                  hc: 1.16433
                madm: 1
                  mb: 1.06976
      n_inner_shells: 0
                  nc: 0.00110871
             nshells: 0
               omega: 0.00507285
             ql_madm: 1
                qpig: 12.5664
                 res: 9
                 rin: 3.15541
                rmid: 6.31081
                rout: 12.6216
             eosfile: togashi.lorene
             eostype: Cold_Table
               h_cut: 0
   interpolation_pts: 2000

Last stage: binary_boost
Solved previously: /home/la34cit/fuka//COs/converged_NS_TOTAL_BC.togashi.1.0.3.0.09.info
Config File: /home/la34cit/fuka//COs/converged_NS_TOTAL_BC.togashi.1.0.3.0.09.info
Fields File: /home/la34cit/fuka//COs/converged_NS_TOTAL_BC.togashi.1.0.3.0.09.dat
*****************ns info*****************
                 chi: 0.3
                 dim: 3
                  hc: 1.15727
                madm: 1
                  mb: 1.06689
      n_inner_shells: 0
                  nc: 0.00108579
             nshells: 0
               omega: 0.0145214
             ql_madm: 1
                qpig: 12.5664
                 res: 9
                 rin: 3.15541
                rmid: 6.31081
                rout: 12.6216
             eosfile: togashi.lorene
             eostype: Cold_Table
               h_cut: 0
   interpolation_pts: 2000

Last stage: binary_boost
Solved previously: /home/la34cit/fuka//COs/converged_NS_TOTAL_BC.togashi.1.0.3.0.09.info
Resolution of old space: 9 (r), 9 (theta), 8 (phi)
Rmin/max: 6.46417 6.9899
Resolution of new space: 11 (r), 11 (theta), 10 (phi)
New bounds: : 3.23208 6.46417 10.4849 
Config File: /home/la34cit/fuka//COs/initns.info
Fields File: /home/la34cit/fuka//COs/initns.dat
*****************ns info*****************
                 chi: 0.3
                 dim: 3
                  hc: 1.15727
                madm: 1
                  mb: 1.06689
      n_inner_shells: 0
                  nc: 0.00108579
             nshells: 0
               omega: 0.0145214
             ql_madm: 1
                qpig: 12.5664
                 res: 11
                 rin: 3.23208
                rmid: 6.46417
                rout: 10.4849
             eosfile: togashi.lorene
             eostype: Cold_Table
               h_cut: 0
   interpolation_pts: 2000

Last stage: binary_boost
Solved previously: /home/la34cit/fuka//COs/converged_NS_TOTAL_BC.togashi.1.0.3.0.11.info
Config File: /home/la34cit/fuka//COs/converged_NS_TOTAL_BC.togashi.1.0.3.0.11.info
Fields File: /home/la34cit/fuka//COs/converged_NS_TOTAL_BC.togashi.1.0.3.0.11.dat
*****************ns info*****************
                 chi: 0.3
                 dim: 3
                  hc: 1.15871
                madm: 1
                  mb: 1.06905
      n_inner_shells: 0
                  nc: 0.00109054
             nshells: 0
               omega: 0.0145918
             ql_madm: 1
                qpig: 12.5664
                 res: 11
                 rin: 3.23208
                rmid: 6.46417
                rout: 10.4849
             eosfile: togashi.lorene
             eostype: Cold_Table
               h_cut: 0
   interpolation_pts: 2000

Last stage: binary_boost
Solved previously: /home/la34cit/fuka//COs/converged_NS_TOTAL_BC.togashi.1.0.3.0.11.info
Config File: /home/la34cit/fuka//COs/converged_NS_TOTAL_BC.togashi.1.0.3.0.11.info
Fields File: /home/la34cit/fuka//COs/converged_NS_TOTAL_BC.togashi.1.0.3.0.11.dat
*****************ns info*****************
                 chi: 0.3
                 dim: 3
                  hc: 1.15871
                madm: 1
                  mb: 1.06905
      n_inner_shells: 0
                  nc: 0.00109054
             nshells: 0
               omega: 0.0145918
             ql_madm: 1
                qpig: 12.5664
                 res: 11
                 rin: 3.23208
                rmid: 6.46417
                rout: 10.4849
             eosfile: togashi.lorene
             eostype: Cold_Table
               h_cut: 0
   interpolation_pts: 2000

############################
Binary boosted NS
############################
=======================================
Iter:        +0
Error:       +0
Mb:          +1.06881
Madm:        +1
Madm_ql:     +1 [+1.41495e-08]
Mk:          +1.00027 [+0.000265475]
R:           +6.47623 +7.00565
Jadm:        +0.3
Chi:         +0.3 [+0.3]
Omega:       +0.0145918
=======================================

Error init = 0.00024091, Eq: integvolume(intMb) = Mb Dom: 0 Bounday: -1
DOF / rank = 24690 x 24690 / 150 = 4.06397e+06
Load and redistrib Jacobian: 444.519 / 444.091 / 445.163 seconds (avg/min/max)
Inverting the matrix: 118.665 seconds
Distributing solution: 0.208121 seconds
=======================================
Iter:        +1
Error:       +0.00024091
Mb:          +1.06881
Madm:        +1
Madm_ql:     +1 [+1.41495e-08]
Mk:          +1.00027 [+0.000265475]
R:           +6.47623 +7.00565
Jadm:        +0.3
Chi:         +0.3 [+0.3]
Omega:       +0.0155202
=======================================

Error init = 7.30451e-06, Eq: integvolume(intMb) = Mb Dom: 0 Bounday: -1
DOF / rank = 24690 x 24690 / 150 = 4.06397e+06
Load and redistrib Jacobian: 358.025 / 357.68 / 358.341 seconds (avg/min/max)
Inverting the matrix: 113.994 seconds
Distributing solution: 0.0973942 seconds
=======================================
Iter:        +2
Error:       +7.30451e-06
Mb:          +1.06906
Madm:        +0.999992
Madm_ql:     +0.999992 [+1.38592e-08]
Mk:          +1.02822 [+0.0282244]
R:           +6.47623 +7.00565
Jadm:        +0.3
Chi:         +0.300005 [+0.3]
Omega:       +0.0155261
=======================================

Error init = 1.15446e-08, Eq: integvolume(intMb) = Mb Dom: 0 Bounday: -1
DOF / rank = 24690 x 24690 / 150 = 4.06397e+06
Load and redistrib Jacobian: 357.715 / 357.343 / 358.444 seconds (avg/min/max)
Inverting the matrix: 114.093 seconds
Distributing solution: 0.0974528 seconds
=======================================
Iter:        +3
Error:       +1.15446e-08
Mb:          +1.06905
Madm:        +1
Madm_ql:     +1 [+1.33815e-08]
Mk:          +1.02823 [+0.028228]
R:           +6.47623 +7.00565
Jadm:        +0.3
Chi:         +0.3 [+0.3]
Omega:       +0.0155261
=======================================

Error init = 1.11103e-11, Eq: integ(intMadmalt) = qlMadm Dom: 3 Bounday: 1
=======================================
Iter:        +4
Error:       +1.11103e-11
Mb:          +1.06905
Madm:        +1
Madm_ql:     +1 [+1.43696e-08]
Mk:          +1.02823 [+0.028228]
R:           +6.47623 +7.00565
Jadm:        +0.3
Chi:         +0.3 [+0.3]
Omega:       +0.0155261
=======================================

Solutions will be stored in: /home/la34cit/fuka//COs/
Directory will be created if it doesn't exist.
0.00107, 0.0011175
Config File: /home/la34cit/fuka//COs/initns.info
Fields File: /home/la34cit/fuka//COs/initns.dat
*****************ns info*****************
                 chi: 0.1
                 dim: 3
                  hc: 1.00919
                madm: 1
                  mb: 1.11258
      n_inner_shells: 0
                  nc: 0.00108187
             nshells: 0
               omega: 0
                qpig: 12.5664
                 res: 9
                 rin: 3.15541
                rmid: 6.31081
                rout: 12.6216
             eosfile: togashi.lorene
             eostype: Cold_Table
               h_cut: 0
   interpolation_pts: 2000

Last stage: binary_boost
Current: /home/la34cit/fuka//COs/initns.info
Solved previously: /home/la34cit/fuka//COs/converged_NS_NOROT_BC.togashi.1.0.0.09.info
Config File: /home/la34cit/fuka//COs/converged_NS_NOROT_BC.togashi.1.0.0.09.info
Fields File: /home/la34cit/fuka//COs/converged_NS_NOROT_BC.togashi.1.0.0.09.dat
*****************ns info*****************
                 chi: 0.1
                 dim: 3
                  hc: 1.16524
                madm: 1
                  mb: 1.07012
      n_inner_shells: 0
                  nc: 0.00111162
             nshells: 0
               omega: 0
             ql_madm: 1
                qpig: 12.5664
                 res: 9
                 rin: 3.15541
                rmid: 6.31081
                rout: 12.6216
             eosfile: togashi.lorene
             eostype: Cold_Table
               h_cut: 0
   interpolation_pts: 2000

Last stage: binary_boost
Solved previously: /home/la34cit/fuka//COs/converged_NS_TOTAL_BC.togashi.1.0.1.0.09.info
Config File: /home/la34cit/fuka//COs/converged_NS_TOTAL_BC.togashi.1.0.1.0.09.info
Fields File: /home/la34cit/fuka//COs/converged_NS_TOTAL_BC.togashi.1.0.1.0.09.dat
*****************ns info*****************
                 chi: 0.1
                 dim: 3
                  hc: 1.16433
                madm: 1
                  mb: 1.06976
      n_inner_shells: 0
                  nc: 0.00110871
             nshells: 0
               omega: 0.00507285
             ql_madm: 1
                qpig: 12.5664
                 res: 9
                 rin: 3.15541
                rmid: 6.31081
                rout: 12.6216
             eosfile: togashi.lorene
             eostype: Cold_Table
               h_cut: 0
   interpolation_pts: 2000

Last stage: binary_boost
Solved previously: /home/la34cit/fuka//COs/converged_NS_TOTAL_BC.togashi.1.0.3.0.09.info
Config File: /home/la34cit/fuka//COs/converged_NS_TOTAL_BC.togashi.1.0.3.0.09.info
Fields File: /home/la34cit/fuka//COs/converged_NS_TOTAL_BC.togashi.1.0.3.0.09.dat
*****************ns info*****************
                 chi: 0.3
                 dim: 3
                  hc: 1.15727
                madm: 1
                  mb: 1.06689
      n_inner_shells: 0
                  nc: 0.00108579
             nshells: 0
               omega: 0.0145214
             ql_madm: 1
                qpig: 12.5664
                 res: 9
                 rin: 3.15541
                rmid: 6.31081
                rout: 12.6216
             eosfile: togashi.lorene
             eostype: Cold_Table
               h_cut: 0
   interpolation_pts: 2000

Last stage: binary_boost
Solved previously: /home/la34cit/fuka//COs/converged_NS_TOTAL_BC.togashi.1.0.3.0.09.info
Resolution of old space: 9 (r), 9 (theta), 8 (phi)
Rmin/max: 6.46417 6.9899
Resolution of new space: 11 (r), 11 (theta), 10 (phi)
New bounds: : 3.23208 6.46417 10.4849 
Config File: /home/la34cit/fuka//COs/initns.info
Fields File: /home/la34cit/fuka//COs/initns.dat
*****************ns info*****************
                 chi: 0.3
                 dim: 3
                  hc: 1.15727
                madm: 1
                  mb: 1.06689
      n_inner_shells: 0
                  nc: 0.00108579
             nshells: 0
               omega: 0.0145214
             ql_madm: 1
                qpig: 12.5664
                 res: 11
                 rin: 3.23208
                rmid: 6.46417
                rout: 10.4849
             eosfile: togashi.lorene
             eostype: Cold_Table
               h_cut: 0
   interpolation_pts: 2000

Last stage: binary_boost
Solved previously: /home/la34cit/fuka//COs/converged_NS_TOTAL_BC.togashi.1.0.3.0.11.info
Config File: /home/la34cit/fuka//COs/converged_NS_TOTAL_BC.togashi.1.0.3.0.11.info
Fields File: /home/la34cit/fuka//COs/converged_NS_TOTAL_BC.togashi.1.0.3.0.11.dat
*****************ns info*****************
                 chi: 0.3
                 dim: 3
                  hc: 1.15871
                madm: 1
                  mb: 1.06905
      n_inner_shells: 0
                  nc: 0.00109054
             nshells: 0
               omega: 0.0145918
             ql_madm: 1
                qpig: 12.5664
                 res: 11
                 rin: 3.23208
                rmid: 6.46417
                rout: 10.4849
             eosfile: togashi.lorene
             eostype: Cold_Table
               h_cut: 0
   interpolation_pts: 2000

Last stage: binary_boost
Solved previously: /home/la34cit/fuka//COs/converged_NS_TOTAL_BC.togashi.1.0.3.0.11.info
Config File: /home/la34cit/fuka//COs/converged_NS_TOTAL_BC.togashi.1.0.3.0.11.info
Fields File: /home/la34cit/fuka//COs/converged_NS_TOTAL_BC.togashi.1.0.3.0.11.dat
*****************ns info*****************
                 chi: 0.3
                 dim: 3
                  hc: 1.15871
                madm: 1
                  mb: 1.06905
      n_inner_shells: 0
                  nc: 0.00109054
             nshells: 0
               omega: 0.0145918
             ql_madm: 1
                qpig: 12.5664
                 res: 11
                 rin: 3.23208
                rmid: 6.46417
                rout: 10.4849
             eosfile: togashi.lorene
             eostype: Cold_Table
               h_cut: 0
   interpolation_pts: 2000

Solved previously: /home/la34cit/fuka//COs/converged_NS_BIN_BOOST_28_0.00873656.togashi.1.0.3.0.11.info
/home/la34cit/fuka//COs/converged_NS_BIN_BOOST_28_0.00873656.togashi.1.0.3.0.11.info
/home/la34cit/fuka//COs/converged_NS_BIN_BOOST_28_0.00873656.togashi.1.0.3.0.11.info
Bounds:
Outer: 56 
NS1: 3.23811 7.00565 9.3371 
NS2: 3.23811 7.00565 9.3371 
xc1: -14
xc2: 14
WeightNS1: 14, WeightNS2: 14
Config File: ./initbin.info
Fields File: ./initbin.dat
***************binary info***************
                 com: 0
                comy: 0
            distance: 28
           ecc_omega: 0.00873656
        global_omega: 0.00873656
        outer_shells: 0
                   q: 1
                qpig: 12.5664
                 res: 9
                rext: 56
*****************ns info*****************
                 chi: 0.3
         decay_limit: 14
                 dim: 3
                  hc: 1.15871
                madm: 1
                  mb: 1.06905
      n_inner_shells: 0
                  nc: 0.00109054
             nshells: 0
               omega: 0.0155261
             ql_madm: 1
                qpig: 12.5664
                 res: 11
                 rin: 3.23811
                rmid: 7.00565
                rout: 9.3371
             eosfile: togashi.lorene
             eostype: Cold_Table
               h_cut: 0
   interpolation_pts: 2000
*****************ns info*****************
                 chi: 0.3
         decay_limit: 14
                 dim: 3
                  hc: 1.15871
                madm: 1
                  mb: 1.06905
      n_inner_shells: 0
                  nc: 0.00109054
             nshells: 0
               omega: 0.0155261
             ql_madm: 1
                qpig: 12.5664
                 res: 11
                 rin: 3.23811
                rmid: 7.00565
                rout: 9.3371
             eosfile: togashi.lorene
             eostype: Cold_Table
               h_cut: 0
   interpolation_pts: 2000

=================================
BNS grav input
Distance: 28
Omega guess: 0.00873656
Units: 12.5664
=================================
############################
Py fixing without first integral and fixed omega, chi = 0.3,0.3 and q = 1
with Py BC fixing
############################
=======================================
Iter:        +0
Error:       +0
Omega:       +0.00873656
Axis:        +0
P:           [+0, +0, +0]

NS1-Mb:      +1.06048
NS1-Madm_ql: +1.16361
NS1-S:       +0.295942
NS1-Chi:     +0.295942
NS1-Chi_ql:  +0.218572
NS1-OmegaS:  +0.0155261
NS-Rs:       +6.47623 +7.00565

NS2-Mb:      +1.06048
NS2-Madm_ql: +1.16361
NS2-S:       +0.295942
NS2-Chi:     +0.295942
NS2-Chi_ql:  +0.218572
NS2-OmegaS:  +0.0155261
NS-Rs:       +6.47623 +7.00565
=======================================

Error init = 0.163606, Eq: integvolume(intM) = qlMadm2 Dom: 3 Bounday: -1
DOF / rank = 41323 x 41323 / 150 = 1.13839e+07
Load and redistrib Jacobian: 1450.12 / 1449.12 / 1451.27 seconds (avg/min/max)
Inverting the matrix: 391.337 seconds
Distributing solution: 0.225629 seconds
=======================================
Iter:        +1
Error:       +0.163606
Omega:       +0.00873656
Axis:        -1.02864e-08
P:           [+1.22981e-11, +1.70774e-11, +0]

NS1-Mb:      +1.05347
NS1-Madm_ql: +1.01846
NS1-S:       +0.275632
NS1-Chi:     +0.275632
NS1-Chi_ql:  +0.26573
NS1-OmegaS:  +0.0147018
NS-Rs:       +6.47623 +7.00565

NS2-Mb:      +1.05347
NS2-Madm_ql: +1.01846
NS2-S:       +0.275632
NS2-Chi:     +0.275632
NS2-Chi_ql:  +0.26573
NS2-OmegaS:  +0.0147018
NS-Rs:       +6.47623 +7.00565
=======================================

Error init = 0.0243685, Eq: integ(intS1) / Madm1 / Madm1 = chi1 Dom: 2 Bounday: 1
DOF / rank = 41323 x 41323 / 150 = 1.13839e+07
Load and redistrib Jacobian: 1068.84 / 1067.82 / 1069.87 seconds (avg/min/max)
Inverting the matrix: 219.168 seconds
Distributing solution: 0.24662 seconds
=======================================
Iter:        +2
Error:       +0.0243685
Omega:       +0.00873656
Axis:        -9.66859e-09
P:           [+3.68323e-13, -1.26e-12, +0]

NS1-Mb:      +1.06813
NS1-Madm_ql: +0.986552
NS1-S:       +0.299641
NS1-Chi:     +0.299641
NS1-Chi_ql:  +0.307866
NS1-OmegaS:  +0.01494
NS-Rs:       +6.47623 +7.00565

NS2-Mb:      +1.06813
NS2-Madm_ql: +0.986552
NS2-S:       +0.299641
NS2-Chi:     +0.299641
NS2-Chi_ql:  +0.307866
NS2-OmegaS:  +0.01494
NS-Rs:       +6.47623 +7.00565
=======================================

Error init = 0.000924222, Eq: integvolume(intMb) = Mb2 Dom: 3 Bounday: -1
DOF / rank = 41323 x 41323 / 150 = 1.13839e+07
Load and redistrib Jacobian: 1046.91 / 1045.82 / 1047.98 seconds (avg/min/max)
Inverting the matrix: 224.45 seconds
Distributing solution: 0.146287 seconds
=======================================
Iter:        +3
Error:       +0.000924222
Omega:       +0.00873656
Axis:        -7.73511e-10
P:           [+4.99429e-14, -5.13366e-14, +0]

NS1-Mb:      +1.06905
NS1-Madm_ql: +0.98857
NS1-S:       +0.3
NS1-Chi:     +0.3
NS1-Chi_ql:  +0.306977
NS1-OmegaS:  +0.0149439
NS-Rs:       +6.47623 +7.00565

NS2-Mb:      +1.06905
NS2-Madm_ql: +0.98857
NS2-S:       +0.3
NS2-Chi:     +0.3
NS2-Chi_ql:  +0.306977
NS2-OmegaS:  +0.0149439
NS-Rs:       +6.47623 +7.00565
=======================================

Error init = 1.61501e-06, Eq: integvolume(intMb) = Mb1 Dom: 0 Bounday: -1
DOF / rank = 41323 x 41323 / 150 = 1.13839e+07
Load and redistrib Jacobian: 1081.14 / 1080.16 / 1082.23 seconds (avg/min/max)
Inverting the matrix: 210.892 seconds
Distributing solution: 0.115386 seconds
=======================================
Iter:        +4
Error:       +1.61501e-06
Omega:       +0.00873656
Axis:        -8.05092e-11
P:           [-1.90089e-15, +2.95427e-15, +0]

NS1-Mb:      +1.06905
NS1-Madm_ql: +0.988573
NS1-S:       +0.3
NS1-Chi:     +0.3
NS1-Chi_ql:  +0.306976
NS1-OmegaS:  +0.0149439
NS-Rs:       +6.47623 +7.00565

NS2-Mb:      +1.06905
NS2-Madm_ql: +0.988573
NS2-S:       +0.3
NS2-Chi:     +0.3
NS2-Chi_ql:  +0.306976
NS2-OmegaS:  +0.0149439
NS-Rs:       +6.47623 +7.00565
=======================================

Error init = 9.16602e-09, Eq: integvolume(intMb) = Mb1 Dom: 0 Bounday: -1
=======================================
Iter:        +5
Error:       +9.16602e-09
Omega:       +0.00873656
Axis:        -8.05092e-11
P:           [-1.90089e-15, +2.95427e-15, +0]

NS1-Mb:      +1.06905
NS1-Madm_ql: +0.988573
NS1-S:       +0.3
NS1-Chi:     +0.3
NS1-Chi_ql:  +0.306976
NS1-OmegaS:  +0.0149439
NS-Rs:       +6.47623 +7.00565

NS2-Mb:      +1.06905
NS2-Madm_ql: +0.988573
NS2-S:       +0.3
NS2-Chi:     +0.3
NS2-Chi_ql:  +0.306976
NS2-OmegaS:  +0.0149439
NS-Rs:       +6.47623 +7.00565
=======================================

############################
Total with mass fixing, chi = 0.3,0.3 and q = 1
############################
=======================================
Iter:        +0
Error:       +0
Omega:       +0.00873656
Axis:        -8.05092e-11
P:           [-1.90089e-15, +2.95427e-15, +0]

NS1-Mb:      +1.06905
NS1-Madm_ql: +0.988573
NS1-S:       +0.3
NS1-Chi:     +0.3
NS1-Chi_ql:  +0.306976
NS1-OmegaS:  +0.0149439
NS-Rs:       +6.47623 +7.00565

NS2-Mb:      +1.06905
NS2-Madm_ql: +0.988573
NS2-S:       +0.3
NS2-Chi:     +0.3
NS2-Chi_ql:  +0.306976
NS2-OmegaS:  +0.0149439
NS-Rs:       +6.47623 +7.00565
=======================================

Error init = 0.00802774, Eq: firstint Dom: 3 Bounday: -1
DOF / rank = 48397 x 48397 / 150 = 1.56151e+07
Load and redistrib Jacobian: 1044.52 / 1043.08 / 1045.74 seconds (avg/min/max)
Inverting the matrix: 295.646 seconds
Distributing solution: 0.260922 seconds
=======================================
Iter:        +1
Error:       +0.00802774
Omega:       +0.00875363
Axis:        +4.6539e-12
P:           [-2.483e-12, -3.54018e-11, +0]

NS1-Mb:      +1.05797
NS1-Madm_ql: +0.99197
NS1-S:       +0.300264
NS1-Chi:     +0.300264
NS1-Chi_ql:  +0.305145
NS1-OmegaS:  +0.0152438
NS-Rs:       +6.14092 +6.87625

NS2-Mb:      +1.05797
NS2-Madm_ql: +0.99197
NS2-S:       +0.300264
NS2-Chi:     +0.300264
NS2-Chi_ql:  +0.305145
NS2-OmegaS:  +0.0152438
NS-Rs:       +6.14092 +6.87625
=======================================

Error init = 0.0110857, Eq: integvolume(intMb) = Mb1 Dom: 0 Bounday: -1
DOF / rank = 48397 x 48397 / 150 = 1.56151e+07
Load and redistrib Jacobian: 1384.89 / 1383.39 / 1386.13 seconds (avg/min/max)
Inverting the matrix: 302.532 seconds
Distributing solution: 0.757113 seconds
=======================================
Iter:        +2
Error:       +0.0110857
Omega:       +0.00875556
Axis:        +7.19605e-12
P:           [-5.70909e-12, +5.64089e-12, +0]

NS1-Mb:      +1.06909
NS1-Madm_ql: +0.990378
NS1-S:       +0.299999
NS1-Chi:     +0.299999
NS1-Chi_ql:  +0.305856
NS1-OmegaS:  +0.015321
NS-Rs:       +6.1716 +6.90047

NS2-Mb:      +1.06909
NS2-Madm_ql: +0.990378
NS2-S:       +0.299999
NS2-Chi:     +0.299999
NS2-Chi_ql:  +0.305856
NS2-OmegaS:  +0.015321
NS-Rs:       +6.1716 +6.90047
=======================================

Error init = 3.52058e-05, Eq: integvolume(intMb) = Mb1 Dom: 0 Bounday: -1
DOF / rank = 48397 x 48397 / 150 = 1.56151e+07
Load and redistrib Jacobian: 1370.91 / 1369.56 / 1372.15 seconds (avg/min/max)
Inverting the matrix: 280.989 seconds
Distributing solution: 0.126749 seconds
=======================================
Iter:        +3
Error:       +3.52058e-05
Omega:       +0.00875572
Axis:        +4.47156e-13
P:           [-2.2194e-12, -2.38609e-13, +0]

NS1-Mb:      +1.06905
NS1-Madm_ql: +0.990122
NS1-S:       +0.3
NS1-Chi:     +0.3
NS1-Chi_ql:  +0.306016
NS1-OmegaS:  +0.0153234
NS-Rs:       +6.17184 +6.90095

NS2-Mb:      +1.06905
NS2-Madm_ql: +0.990122
NS2-S:       +0.3
NS2-Chi:     +0.3
NS2-Chi_ql:  +0.306016
NS2-OmegaS:  +0.0153234
NS-Rs:       +6.17184 +6.90095
=======================================

Error init = 4.14558e-07, Eq: integvolume(intMb) = Mb1 Dom: 0 Bounday: -1
DOF / rank = 48397 x 48397 / 150 = 1.56151e+07
Load and redistrib Jacobian: 1078.85 / 1077.38 / 1080.08 seconds (avg/min/max)
Inverting the matrix: 296.63 seconds
Distributing solution: 0.128248 seconds
=======================================
Iter:        +4
Error:       +4.14558e-07
Omega:       +0.00875572
Axis:        -4.33367e-12
P:           [-3.18731e-12, -2.00084e-12, +0]

NS1-Mb:      +1.06905
NS1-Madm_ql: +0.990122
NS1-S:       +0.3
NS1-Chi:     +0.3
NS1-Chi_ql:  +0.306016
NS1-OmegaS:  +0.0153234
NS-Rs:       +6.17184 +6.90095

NS2-Mb:      +1.06905
NS2-Madm_ql: +0.990122
NS2-S:       +0.3
NS2-Chi:     +0.3
NS2-Chi_ql:  +0.306016
NS2-OmegaS:  +0.0153234
NS-Rs:       +6.17184 +6.90095
=======================================

Error init = 7.35456e-10, Eq: integvolume(intMb) = Mb2 Dom: 3 Bounday: -1
=======================================
Iter:        +5
Error:       +7.35456e-10
Omega:       +0.00875572
Axis:        -4.33367e-12
P:           [-3.18731e-12, -2.00084e-12, +0]

NS1-Mb:      +1.06905
NS1-Madm_ql: +0.990122
NS1-S:       +0.3
NS1-Chi:     +0.3
NS1-Chi_ql:  +0.306016
NS1-OmegaS:  +0.0153234
NS-Rs:       +6.17184 +6.90095

NS2-Mb:      +1.06905
NS2-Madm_ql: +0.990122
NS2-S:       +0.3
NS2-Chi:     +0.3
NS2-Chi_ql:  +0.306016
NS2-OmegaS:  +0.0153234
NS-Rs:       +6.17184 +6.90095
=======================================

Resolution of old space: 9 (r), 9 (theta), 8 (phi)
Resolution of new space: 11 (r), 11 (theta), 10 (phi)
Rmin/max: 
6.17184 6.90095
6.17184 6.90095
Bounds:
NS1: 3.08592 7.00565 9.2673 
NS2: 3.08592 7.00565 9.2673 
xc1: -14
xc2: 14
Config File: ./bns_regrid.info
Fields File: ./bns_regrid.dat
***************binary info***************
                 com: -4.33367e-12
                comy: -3.78157e-10
            distance: 28
           ecc_omega: 0.00873656
        global_omega: 0.00875572
        outer_shells: 0
                   q: 1
                qpig: 12.5664
                 res: 11
                rext: 56
*****************ns info*****************
                 chi: 0.3
         decay_limit: 14
                 dim: 3
             fixed_r: 6.17184
                  hc: 1.15871
                madm: 1
                  mb: 1.06905
      n_inner_shells: 0
                  nc: 0.00109054
             nshells: 0
               omega: 0.0153234
             ql_madm: 0.990122
                qpig: 12.5664
                 res: 11
                 rin: 3.08592
                rmid: 7.00565
                rout: 9.2673
             eosfile: togashi.lorene
             eostype: Cold_Table
               h_cut: 0
   interpolation_pts: 2000
*****************ns info*****************
                 chi: 0.3
         decay_limit: 14
                 dim: 3
             fixed_r: 6.17184
                  hc: 1.15871
                madm: 1
                  mb: 1.06905
      n_inner_shells: 0
                  nc: 0.00109054
             nshells: 0
               omega: 0.0153234
             ql_madm: 0.990122
                qpig: 12.5664
                 res: 11
                 rin: 3.08592
                rmid: 7.00565
                rout: 9.2673
             eosfile: togashi.lorene
             eostype: Cold_Table
               h_cut: 0
   interpolation_pts: 2000

=================================
BNS grav input
Distance: 28
Omega guess: 0.00875572
Units: 12.5664
=================================
############################
Total with mass fixing, chi = 0.3,0.3 and q = 1
############################
=======================================
Iter:        +0
Error:       +0
Omega:       +0.00875572
Axis:        -4.33367e-12
P:           [-3.15755e-12, -2.0204e-12, +0]

NS1-Mb:      +1.05928
NS1-Madm_ql: +0.99013
NS1-S:       +0.300021
NS1-Chi:     +0.300021
NS1-Chi_ql:  +0.306032
NS1-OmegaS:  +0.0153234
NS-Rs:       +6.17184 +6.90095

NS2-Mb:      +1.05928
NS2-Madm_ql: +0.99013
NS2-S:       +0.300021
NS2-Chi:     +0.300021
NS2-Chi_ql:  +0.306032
NS2-OmegaS:  +0.0153234
NS-Rs:       +6.17184 +6.90095
=======================================

Error init = 0.00976824, Eq: integvolume(intMb) = Mb1 Dom: 0 Bounday: -1
DOF / rank = 91866 x 91866 / 150 = 5.62624e+07
Load and redistrib Jacobian: 2661.14 / 2656.45 / 2664.67 seconds (avg/min/max)
Inverting the matrix: 1227.03 seconds
Distributing solution: 0.179018 seconds
=======================================
Iter:        +1
Error:       +0.00976824
Omega:       +0.0087541
Axis:        +2.40766e-11
P:           [+6.55546e-13, +2.40651e-12, +0]

NS1-Mb:      +1.06907
NS1-Madm_ql: +0.988729
NS1-S:       +0.300002
NS1-Chi:     +0.300002
NS1-Chi_ql:  +0.306881
NS1-OmegaS:  +0.0154691
NS-Rs:       +6.18476 +6.91769

NS2-Mb:      +1.06907
NS2-Madm_ql: +0.988729
NS2-S:       +0.300002
NS2-Chi:     +0.300002
NS2-Chi_ql:  +0.306881
NS2-OmegaS:  +0.0154691
NS-Rs:       +6.18476 +6.91769
=======================================

Error init = 1.45498e-05, Eq: integvolume(intMb) = Mb2 Dom: 3 Bounday: -1
DOF / rank = 91866 x 91866 / 150 = 5.62624e+07
Load and redistrib Jacobian: 2766.77 / 2761.6 / 2770.32 seconds (avg/min/max)
Inverting the matrix: 1300.72 seconds
Distributing solution: 0.33132 seconds
=======================================
Iter:        +2
Error:       +1.45498e-05
Omega:       +0.00875374
Axis:        +2.52653e-11
P:           [-5.41013e-13, +4.93283e-12, +0]

NS1-Mb:      +1.06905
NS1-Madm_ql: +0.988571
NS1-S:       +0.3
NS1-Chi:     +0.3
NS1-Chi_ql:  +0.306977
NS1-OmegaS:  +0.0154725
NS-Rs:       +6.18502 +6.91799

NS2-Mb:      +1.06905
NS2-Madm_ql: +0.988571
NS2-S:       +0.3
NS2-Chi:     +0.3
NS2-Chi_ql:  +0.306977
NS2-OmegaS:  +0.0154725
NS-Rs:       +6.18502 +6.91799
=======================================

Error init = 6.58546e-08, Eq: integvolume(intMb) = Mb2 Dom: 3 Bounday: -1
DOF / rank = 91866 x 91866 / 150 = 5.62624e+07
Load and redistrib Jacobian: 2689.23 / 2684.46 / 2692.85 seconds (avg/min/max)
Inverting the matrix: 1284.46 seconds
Distributing solution: 0.180145 seconds
=======================================
Iter:        +3
Error:       +6.58546e-08
Omega:       +0.00875375
Axis:        -1.3353e-11
P:           [-6.76351e-13, -5.62943e-12, +0]

NS1-Mb:      +1.06905
NS1-Madm_ql: +0.988571
NS1-S:       +0.3
NS1-Chi:     +0.3
NS1-Chi_ql:  +0.306977
NS1-OmegaS:  +0.0154725
NS-Rs:       +6.18502 +6.91799

NS2-Mb:      +1.06905
NS2-Madm_ql: +0.988571
NS2-S:       +0.3
NS2-Chi:     +0.3
NS2-Chi_ql:  +0.306977
NS2-OmegaS:  +0.0154725
NS-Rs:       +6.18502 +6.91799
=======================================

Error init = 5.86897e-11, Eq: integvolume(intMb) = Mb2 Dom: 3 Bounday: -1
=======================================
Iter:        +4
Error:       +5.86897e-11
Omega:       +0.00875375
Axis:        -1.3353e-11
P:           [-6.76351e-13, -5.62943e-12, +0]

NS1-Mb:      +1.06905
NS1-Madm_ql: +0.988571
NS1-S:       +0.3
NS1-Chi:     +0.3
NS1-Chi_ql:  +0.306977
NS1-OmegaS:  +0.0154725
NS-Rs:       +6.18502 +6.91799

NS2-Mb:      +1.06905
NS2-Madm_ql: +0.988571
NS2-S:       +0.3
NS2-Chi:     +0.3
NS2-Chi_ql:  +0.306977
NS2-OmegaS:  +0.0154725
NS-Rs:       +6.18502 +6.91799
=======================================

############################
Py fixing without first integral and fixed omega, chi = 0.3,0.3 and q = 1
with Py BC fixing
############################
=======================================
Iter:        +0
Error:       +0
Omega:       +0.00875375
Axis:        -1.3353e-11
P:           [-6.76351e-13, -5.62943e-12, +0]

NS1-Mb:      +1.06905
NS1-Madm_ql: +0.988571
NS1-S:       +0.3
NS1-Chi:     +0.3
NS1-Chi_ql:  +0.306977
NS1-OmegaS:  +0.0154725
NS-Rs:       +6.18502 +6.91799

NS2-Mb:      +1.06905
NS2-Madm_ql: +0.988571
NS2-S:       +0.3
NS2-Chi:     +0.3
NS2-Chi_ql:  +0.306977
NS2-OmegaS:  +0.0154725
NS-Rs:       +6.18502 +6.91799
=======================================

Error init = 5.86897e-11, Eq: integvolume(intMb) = Mb2 Dom: 3 Bounday: -1
=======================================
Iter:        +1
Error:       +5.86897e-11
Omega:       +0.00875375
Axis:        -1.3353e-11
P:           [-6.76351e-13, -5.62943e-12, +0]

NS1-Mb:      +1.06905
NS1-Madm_ql: +0.988571
NS1-S:       +0.3
NS1-Chi:     +0.3
NS1-Chi_ql:  +0.306977
NS1-OmegaS:  +0.0154725
NS-Rs:       +6.18502 +6.91799

NS2-Mb:      +1.06905
NS2-Madm_ql: +0.988571
NS2-S:       +0.3
NS2-Chi:     +0.3
NS2-Chi_ql:  +0.306977
NS2-OmegaS:  +0.0154725
NS-Rs:       +6.18502 +6.91799
=======================================

############################
Eccentricity reduction step with fixed omega, chi = 0.3,0.3 and q = 1
############################
### Using PN estimate for adot and omega! ###
=======================================
Iter:        +0
Error:       +0
Omega:       +0.00873656
Axis:        -1.3353e-11
P:           [-6.76351e-13, -5.62943e-12, +0]

NS1-Mb:      +1.06905
NS1-Madm_ql: +0.988571
NS1-S:       +0.3
NS1-Chi:     +0.3
NS1-Chi_ql:  +0.306977
NS1-OmegaS:  +0.0154725
NS-Rs:       +6.18502 +6.91799

NS2-Mb:      +1.06905
NS2-Madm_ql: +0.988571
NS2-S:       +0.3
NS2-Chi:     +0.3
NS2-Chi_ql:  +0.306977
NS2-OmegaS:  +0.0154725
NS-Rs:       +6.18502 +6.91799
=======================================

Error init = 3.81691e-05, Eq: eqphi = 0 Dom: 3 Bounday: -1
DOF / rank = 78499 x 78499 / 150 = 4.10806e+07
Load and redistrib Jacobian: 2177.83 / 2173.71 / 2180.26 seconds (avg/min/max)
Inverting the matrix: 857.083 seconds
Distributing solution: 0.548395 seconds
=======================================
Iter:        +1
Error:       +3.81691e-05
Omega:       +0.00873656
Axis:        +1.84597e-06
P:           [+9.60869e-15, +3.00466e-14, +0]

NS1-Mb:      +1.06905
NS1-Madm_ql: +0.988547
NS1-S:       +0.3
NS1-Chi:     +0.3
NS1-Chi_ql:  +0.306992
NS1-OmegaS:  +0.0154729
NS-Rs:       +6.18502 +6.91799

NS2-Mb:      +1.06905
NS2-Madm_ql: +0.988547
NS2-S:       +0.3
NS2-Chi:     +0.3
NS2-Chi_ql:  +0.306992
NS2-OmegaS:  +0.0154729
NS-Rs:       +6.18502 +6.91799
=======================================

Error init = 1.79605e-08, Eq: integvolume(intMb) = Mb2 Dom: 3 Bounday: -1
DOF / rank = 78499 x 78499 / 150 = 4.10806e+07
Load and redistrib Jacobian: 2004.05 / 1999.85 / 2006.29 seconds (avg/min/max)
Inverting the matrix: 870.36 seconds
Distributing solution: 0.156472 seconds
=======================================
Iter:        +2
Error:       +1.79605e-08
Omega:       +0.00873656
Axis:        -1.24648e-10
P:           [-1.81232e-15, -4.31067e-14, +0]

NS1-Mb:      +1.06905
NS1-Madm_ql: +0.988547
NS1-S:       +0.3
NS1-Chi:     +0.3
NS1-Chi_ql:  +0.306992
NS1-OmegaS:  +0.0154729
NS-Rs:       +6.18502 +6.91799

NS2-Mb:      +1.06905
NS2-Madm_ql: +0.988547
NS2-S:       +0.3
NS2-Chi:     +0.3
NS2-Chi_ql:  +0.306992
NS2-OmegaS:  +0.0154729
NS-Rs:       +6.18502 +6.91799
=======================================

Error init = 1.19191e-10, Eq: integvolume(intMb) = Mb1 Dom: 0 Bounday: -1
=======================================
Iter:        +3
Error:       +1.19191e-10
Omega:       +0.00873656
Axis:        -1.24648e-10
P:           [-1.81232e-15, -4.31067e-14, +0]

NS1-Mb:      +1.06905
NS1-Madm_ql: +0.988547
NS1-S:       +0.3
NS1-Chi:     +0.3
NS1-Chi_ql:  +0.306992
NS1-OmegaS:  +0.0154729
NS-Rs:       +6.18502 +6.91799

NS2-Mb:      +1.06905
NS2-Madm_ql: +0.988547
NS2-S:       +0.3
NS2-Chi:     +0.3
NS2-Chi_ql:  +0.306992
NS2-OmegaS:  +0.0154729
NS-Rs:       +6.18502 +6.91799
=======================================

