No dat file associated with : ./initial_bns_d33_s+.info
Creating a setup based on config file...
Solutions will be stored in: /home/la34cit/fuka//COs/
Directory will be created if it doesn't exist.
0.00107, 0.0011175
Config File: /home/la34cit/fuka//COs/initns.info
Fields File: /home/la34cit/fuka//COs/initns.dat
*****************ns info*****************
                 chi: 0.1
                 dim: 3
                  hc: 1.00919
                madm: 1
                  mb: 1.11258
      n_inner_shells: 0
                  nc: 0.00108187
             nshells: 0
               omega: 0
                qpig: 12.5664
                 res: 9
                 rin: 3.15541
                rmid: 6.31081
                rout: 12.6216
             eosfile: togashi.lorene
             eostype: Cold_Table
               h_cut: 0
   interpolation_pts: 2000

Last stage: binary_boost
Current: /home/la34cit/fuka//COs/initns.info
Solved previously: /home/la34cit/fuka//COs/converged_NS_NOROT_BC.togashi.1.0.0.09.info
Config File: /home/la34cit/fuka//COs/converged_NS_NOROT_BC.togashi.1.0.0.09.info
Fields File: /home/la34cit/fuka//COs/converged_NS_NOROT_BC.togashi.1.0.0.09.dat
*****************ns info*****************
                 chi: 0.1
                 dim: 3
                  hc: 1.16524
                madm: 1
                  mb: 1.07012
      n_inner_shells: 0
                  nc: 0.00111162
             nshells: 0
               omega: 0
             ql_madm: 1
                qpig: 12.5664
                 res: 9
                 rin: 3.15541
                rmid: 6.31081
                rout: 12.6216
             eosfile: togashi.lorene
             eostype: Cold_Table
               h_cut: 0
   interpolation_pts: 2000

Last stage: binary_boost
Solved previously: /home/la34cit/fuka//COs/converged_NS_TOTAL_BC.togashi.1.0.1.0.09.info
Config File: /home/la34cit/fuka//COs/converged_NS_TOTAL_BC.togashi.1.0.1.0.09.info
Fields File: /home/la34cit/fuka//COs/converged_NS_TOTAL_BC.togashi.1.0.1.0.09.dat
*****************ns info*****************
                 chi: 0.1
                 dim: 3
                  hc: 1.16433
                madm: 1
                  mb: 1.06976
      n_inner_shells: 0
                  nc: 0.00110871
             nshells: 0
               omega: 0.00507285
             ql_madm: 1
                qpig: 12.5664
                 res: 9
                 rin: 3.15541
                rmid: 6.31081
                rout: 12.6216
             eosfile: togashi.lorene
             eostype: Cold_Table
               h_cut: 0
   interpolation_pts: 2000

Last stage: binary_boost
Solved previously: /home/la34cit/fuka//COs/converged_NS_TOTAL_BC.togashi.1.0.3.0.09.info
Config File: /home/la34cit/fuka//COs/converged_NS_TOTAL_BC.togashi.1.0.3.0.09.info
Fields File: /home/la34cit/fuka//COs/converged_NS_TOTAL_BC.togashi.1.0.3.0.09.dat
*****************ns info*****************
                 chi: 0.3
                 dim: 3
                  hc: 1.15727
                madm: 1
                  mb: 1.06689
      n_inner_shells: 0
                  nc: 0.00108579
             nshells: 0
               omega: 0.0145214
             ql_madm: 1
                qpig: 12.5664
                 res: 9
                 rin: 3.15541
                rmid: 6.31081
                rout: 12.6216
             eosfile: togashi.lorene
             eostype: Cold_Table
               h_cut: 0
   interpolation_pts: 2000

Last stage: binary_boost
Solved previously: /home/la34cit/fuka//COs/converged_NS_TOTAL_BC.togashi.1.0.3.0.09.info
Resolution of old space: 9 (r), 9 (theta), 8 (phi)
Rmin/max: 6.46417 6.9899
Resolution of new space: 11 (r), 11 (theta), 10 (phi)
New bounds: : 3.23208 6.46417 10.4849 
Config File: /home/la34cit/fuka//COs/initns.info
Fields File: /home/la34cit/fuka//COs/initns.dat
*****************ns info*****************
                 chi: 0.3
                 dim: 3
                  hc: 1.15727
                madm: 1
                  mb: 1.06689
      n_inner_shells: 0
                  nc: 0.00108579
             nshells: 0
               omega: 0.0145214
             ql_madm: 1
                qpig: 12.5664
                 res: 11
                 rin: 3.23208
                rmid: 6.46417
                rout: 10.4849
             eosfile: togashi.lorene
             eostype: Cold_Table
               h_cut: 0
   interpolation_pts: 2000

Last stage: binary_boost
Solved previously: /home/la34cit/fuka//COs/converged_NS_TOTAL_BC.togashi.1.0.3.0.11.info
Config File: /home/la34cit/fuka//COs/converged_NS_TOTAL_BC.togashi.1.0.3.0.11.info
Fields File: /home/la34cit/fuka//COs/converged_NS_TOTAL_BC.togashi.1.0.3.0.11.dat
*****************ns info*****************
                 chi: 0.3
                 dim: 3
                  hc: 1.15871
                madm: 1
                  mb: 1.06905
      n_inner_shells: 0
                  nc: 0.00109054
             nshells: 0
               omega: 0.0145918
             ql_madm: 1
                qpig: 12.5664
                 res: 11
                 rin: 3.23208
                rmid: 6.46417
                rout: 10.4849
             eosfile: togashi.lorene
             eostype: Cold_Table
               h_cut: 0
   interpolation_pts: 2000

Last stage: binary_boost
Solved previously: /home/la34cit/fuka//COs/converged_NS_TOTAL_BC.togashi.1.0.3.0.11.info
Config File: /home/la34cit/fuka//COs/converged_NS_TOTAL_BC.togashi.1.0.3.0.11.info
Fields File: /home/la34cit/fuka//COs/converged_NS_TOTAL_BC.togashi.1.0.3.0.11.dat
*****************ns info*****************
                 chi: 0.3
                 dim: 3
                  hc: 1.15871
                madm: 1
                  mb: 1.06905
      n_inner_shells: 0
                  nc: 0.00109054
             nshells: 0
               omega: 0.0145918
             ql_madm: 1
                qpig: 12.5664
                 res: 11
                 rin: 3.23208
                rmid: 6.46417
                rout: 10.4849
             eosfile: togashi.lorene
             eostype: Cold_Table
               h_cut: 0
   interpolation_pts: 2000

############################
Binary boosted NS
############################
=======================================
Iter:        +0
Error:       +0
Mb:          +1.06881
Madm:        +1
Madm_ql:     +1 [+1.41495e-08]
Mk:          +1.00027 [+0.000265475]
R:           +6.47623 +7.00565
Jadm:        +0.3
Chi:         +0.3 [+0.3]
Omega:       +0.0145918
=======================================

Error init = 0.00024091, Eq: integvolume(intMb) = Mb Dom: 0 Bounday: -1
DOF / rank = 24690 x 24690 / 480 = 1.26999e+06
Block size is 32, consider lowering the number of cores.
Load and redistrib Jacobian: 88.1793 / 87.8472 / 88.4765 seconds (avg/min/max)
Inverting the matrix: 171.239 seconds
Distributing solution: 0.299217 seconds
=======================================
Iter:        +1
Error:       +0.00024091
Mb:          +1.06881
Madm:        +1
Madm_ql:     +1 [+1.41495e-08]
Mk:          +1.00027 [+0.000265475]
R:           +6.47623 +7.00565
Jadm:        +0.3
Chi:         +0.3 [+0.3]
Omega:       +0.0155202
=======================================

Error init = 7.30451e-06, Eq: integvolume(intMb) = Mb Dom: 0 Bounday: -1
DOF / rank = 24690 x 24690 / 480 = 1.26999e+06
Block size is 32, consider lowering the number of cores.
Load and redistrib Jacobian: 88.6891 / 88.3479 / 88.9859 seconds (avg/min/max)
Inverting the matrix: 179.924 seconds
Distributing solution: 0.101536 seconds
=======================================
Iter:        +2
Error:       +7.30451e-06
Mb:          +1.06906
Madm:        +0.999992
Madm_ql:     +0.999992 [+1.3859e-08]
Mk:          +1.02822 [+0.0282244]
R:           +6.47623 +7.00565
Jadm:        +0.3
Chi:         +0.300005 [+0.3]
Omega:       +0.0155261
=======================================

Error init = 1.15446e-08, Eq: integvolume(intMb) = Mb Dom: 0 Bounday: -1
DOF / rank = 24690 x 24690 / 480 = 1.26999e+06
Block size is 32, consider lowering the number of cores.
Load and redistrib Jacobian: 87.9551 / 87.5739 / 88.2582 seconds (avg/min/max)
Inverting the matrix: 186.056 seconds
Distributing solution: 0.0998118 seconds
=======================================
Iter:        +3
Error:       +1.15446e-08
Mb:          +1.06905
Madm:        +1
Madm_ql:     +1 [+1.33814e-08]
Mk:          +1.02823 [+0.028228]
R:           +6.47623 +7.00565
Jadm:        +0.3
Chi:         +0.3 [+0.3]
Omega:       +0.0155261
=======================================

Error init = 4.47427e-11, Eq: integ(intMadmalt) = qlMadm Dom: 3 Bounday: 1
=======================================
Iter:        +4
Error:       +4.47427e-11
Mb:          +1.06905
Madm:        +1
Madm_ql:     +1 [+1.4369e-08]
Mk:          +1.02823 [+0.028228]
R:           +6.47623 +7.00565
Jadm:        +0.3
Chi:         +0.3 [+0.3]
Omega:       +0.0155261
=======================================

Solutions will be stored in: /home/la34cit/fuka//COs/
Directory will be created if it doesn't exist.
0.00107, 0.0011175
Config File: /home/la34cit/fuka//COs/initns.info
Fields File: /home/la34cit/fuka//COs/initns.dat
*****************ns info*****************
                 chi: 0.1
                 dim: 3
                  hc: 1.00919
                madm: 1
                  mb: 1.11258
      n_inner_shells: 0
                  nc: 0.00108187
             nshells: 0
               omega: 0
                qpig: 12.5664
                 res: 9
                 rin: 3.15541
                rmid: 6.31081
                rout: 12.6216
             eosfile: togashi.lorene
             eostype: Cold_Table
               h_cut: 0
   interpolation_pts: 2000

Last stage: binary_boost
Current: /home/la34cit/fuka//COs/initns.info
Solved previously: /home/la34cit/fuka//COs/converged_NS_NOROT_BC.togashi.1.0.0.09.info
Config File: /home/la34cit/fuka//COs/converged_NS_NOROT_BC.togashi.1.0.0.09.info
Fields File: /home/la34cit/fuka//COs/converged_NS_NOROT_BC.togashi.1.0.0.09.dat
*****************ns info*****************
                 chi: 0.1
                 dim: 3
                  hc: 1.16524
                madm: 1
                  mb: 1.07012
      n_inner_shells: 0
                  nc: 0.00111162
             nshells: 0
               omega: 0
             ql_madm: 1
                qpig: 12.5664
                 res: 9
                 rin: 3.15541
                rmid: 6.31081
                rout: 12.6216
             eosfile: togashi.lorene
             eostype: Cold_Table
               h_cut: 0
   interpolation_pts: 2000

Last stage: binary_boost
Solved previously: /home/la34cit/fuka//COs/converged_NS_TOTAL_BC.togashi.1.0.1.0.09.info
Config File: /home/la34cit/fuka//COs/converged_NS_TOTAL_BC.togashi.1.0.1.0.09.info
Fields File: /home/la34cit/fuka//COs/converged_NS_TOTAL_BC.togashi.1.0.1.0.09.dat
*****************ns info*****************
                 chi: 0.1
                 dim: 3
                  hc: 1.16433
                madm: 1
                  mb: 1.06976
      n_inner_shells: 0
                  nc: 0.00110871
             nshells: 0
               omega: 0.00507285
             ql_madm: 1
                qpig: 12.5664
                 res: 9
                 rin: 3.15541
                rmid: 6.31081
                rout: 12.6216
             eosfile: togashi.lorene
             eostype: Cold_Table
               h_cut: 0
   interpolation_pts: 2000

Last stage: binary_boost
Solved previously: /home/la34cit/fuka//COs/converged_NS_TOTAL_BC.togashi.1.0.3.0.09.info
Config File: /home/la34cit/fuka//COs/converged_NS_TOTAL_BC.togashi.1.0.3.0.09.info
Fields File: /home/la34cit/fuka//COs/converged_NS_TOTAL_BC.togashi.1.0.3.0.09.dat
*****************ns info*****************
                 chi: 0.3
                 dim: 3
                  hc: 1.15727
                madm: 1
                  mb: 1.06689
      n_inner_shells: 0
                  nc: 0.00108579
             nshells: 0
               omega: 0.0145214
             ql_madm: 1
                qpig: 12.5664
                 res: 9
                 rin: 3.15541
                rmid: 6.31081
                rout: 12.6216
             eosfile: togashi.lorene
             eostype: Cold_Table
               h_cut: 0
   interpolation_pts: 2000

Last stage: binary_boost
Solved previously: /home/la34cit/fuka//COs/converged_NS_TOTAL_BC.togashi.1.0.3.0.09.info
Resolution of old space: 9 (r), 9 (theta), 8 (phi)
Rmin/max: 6.46417 6.9899
Resolution of new space: 11 (r), 11 (theta), 10 (phi)
New bounds: : 3.23208 6.46417 10.4849 
Config File: /home/la34cit/fuka//COs/initns.info
Fields File: /home/la34cit/fuka//COs/initns.dat
*****************ns info*****************
                 chi: 0.3
                 dim: 3
                  hc: 1.15727
                madm: 1
                  mb: 1.06689
      n_inner_shells: 0
                  nc: 0.00108579
             nshells: 0
               omega: 0.0145214
             ql_madm: 1
                qpig: 12.5664
                 res: 11
                 rin: 3.23208
                rmid: 6.46417
                rout: 10.4849
             eosfile: togashi.lorene
             eostype: Cold_Table
               h_cut: 0
   interpolation_pts: 2000

Last stage: binary_boost
Solved previously: /home/la34cit/fuka//COs/converged_NS_TOTAL_BC.togashi.1.0.3.0.11.info
Config File: /home/la34cit/fuka//COs/converged_NS_TOTAL_BC.togashi.1.0.3.0.11.info
Fields File: /home/la34cit/fuka//COs/converged_NS_TOTAL_BC.togashi.1.0.3.0.11.dat
*****************ns info*****************
                 chi: 0.3
                 dim: 3
                  hc: 1.15871
                madm: 1
                  mb: 1.06905
      n_inner_shells: 0
                  nc: 0.00109054
             nshells: 0
               omega: 0.0145918
             ql_madm: 1
                qpig: 12.5664
                 res: 11
                 rin: 3.23208
                rmid: 6.46417
                rout: 10.4849
             eosfile: togashi.lorene
             eostype: Cold_Table
               h_cut: 0
   interpolation_pts: 2000

Last stage: binary_boost
Solved previously: /home/la34cit/fuka//COs/converged_NS_TOTAL_BC.togashi.1.0.3.0.11.info
Config File: /home/la34cit/fuka//COs/converged_NS_TOTAL_BC.togashi.1.0.3.0.11.info
Fields File: /home/la34cit/fuka//COs/converged_NS_TOTAL_BC.togashi.1.0.3.0.11.dat
*****************ns info*****************
                 chi: 0.3
                 dim: 3
                  hc: 1.15871
                madm: 1
                  mb: 1.06905
      n_inner_shells: 0
                  nc: 0.00109054
             nshells: 0
               omega: 0.0145918
             ql_madm: 1
                qpig: 12.5664
                 res: 11
                 rin: 3.23208
                rmid: 6.46417
                rout: 10.4849
             eosfile: togashi.lorene
             eostype: Cold_Table
               h_cut: 0
   interpolation_pts: 2000

Solved previously: /home/la34cit/fuka//COs/converged_NS_BIN_BOOST_33_0.00691432.togashi.1.0.3.0.11.info
/home/la34cit/fuka//COs/converged_NS_BIN_BOOST_33_0.00691432.togashi.1.0.3.0.11.info
/home/la34cit/fuka//COs/converged_NS_BIN_BOOST_33_0.00691432.togashi.1.0.3.0.11.info
Bounds:
Outer: 66 
NS1: 3.23811 7.00565 10.1704 
NS2: 3.23811 7.00565 10.1704 
xc1: -16.5
xc2: 16.5
WeightNS1: 16.5, WeightNS2: 16.5
Config File: ./initbin.info
Fields File: ./initbin.dat
***************binary info***************
                 com: 0
                comy: 0
            distance: 33
           ecc_omega: 0.00691432
        global_omega: 0.00691432
        outer_shells: 0
                   q: 1
                qpig: 12.5664
                 res: 9
                rext: 66
*****************ns info*****************
                 chi: 0.3
         decay_limit: 16.5
                 dim: 3
                  hc: 1.15871
                madm: 1
                  mb: 1.06905
      n_inner_shells: 0
                  nc: 0.00109054
             nshells: 0
               omega: 0.0155261
             ql_madm: 1
                qpig: 12.5664
                 res: 11
                 rin: 3.23811
                rmid: 7.00565
                rout: 10.1704
             eosfile: togashi.lorene
             eostype: Cold_Table
               h_cut: 0
   interpolation_pts: 2000
*****************ns info*****************
                 chi: 0.3
         decay_limit: 16.5
                 dim: 3
                  hc: 1.15871
                madm: 1
                  mb: 1.06905
      n_inner_shells: 0
                  nc: 0.00109054
             nshells: 0
               omega: 0.0155261
             ql_madm: 1
                qpig: 12.5664
                 res: 11
                 rin: 3.23811
                rmid: 7.00565
                rout: 10.1704
             eosfile: togashi.lorene
             eostype: Cold_Table
               h_cut: 0
   interpolation_pts: 2000

=================================
BNS grav input
Distance: 33
Omega guess: 0.00691432
Units: 12.5664
=================================
############################
Py fixing without first integral and fixed omega, chi = 0.3,0.3 and q = 1
with Py BC fixing
############################
=======================================
Iter:        +0
Error:       +0
Omega:       +0.00691432
Axis:        +0
P:           [+0, +0, +0]

NS1-Mb:      +1.06875
NS1-Madm_ql: +1.09063
NS1-S:       +0.299209
NS1-Chi:     +0.299209
NS1-Chi_ql:  +0.251547
NS1-OmegaS:  +0.0155261
NS-Rs:       +6.47623 +7.00565

NS2-Mb:      +1.06875
NS2-Madm_ql: +1.09063
NS2-S:       +0.299209
NS2-Chi:     +0.299209
NS2-Chi_ql:  +0.251547
NS2-OmegaS:  +0.0155261
NS-Rs:       +6.47623 +7.00565
=======================================

Error init = 0.0906303, Eq: integvolume(intM) = qlMadm2 Dom: 3 Bounday: -1
DOF / rank = 41323 x 41323 / 480 = 3.55748e+06
Load and redistrib Jacobian: 261.878 / 260.876 / 262.759 seconds (avg/min/max)
Inverting the matrix: 184.99 seconds
Distributing solution: 0.139712 seconds
=======================================
Iter:        +1
Error:       +0.0906303
Omega:       +0.00691432
Axis:        +0.840373
P:           [-2.16735e-15, +1.6785e-09, +0]

NS1-Mb:      +1.06087
NS1-Madm_ql: +1.00036
NS1-S:       +0.282488
NS1-Chi:     +0.282488
NS1-Chi_ql:  +0.282283
NS1-OmegaS:  +0.014869
NS-Rs:       +6.47623 +7.00565

NS2-Mb:      +1.06087
NS2-Madm_ql: +1.00036
NS2-S:       +0.282472
NS2-Chi:     +0.282472
NS2-Chi_ql:  +0.282266
NS2-OmegaS:  +0.014869
NS-Rs:       +6.47623 +7.00565
=======================================

Error init = 0.0175283, Eq: integ(intS2) / Madm2 / Madm2 = chi2 Dom: 5 Bounday: 1
DOF / rank = 41323 x 41323 / 480 = 3.55748e+06
Load and redistrib Jacobian: 262.518 / 261.432 / 263.359 seconds (avg/min/max)
Inverting the matrix: 184.416 seconds
Distributing solution: 0.133246 seconds
=======================================
Iter:        +2
Error:       +0.0175283
Omega:       +0.00691432
Axis:        -0.0281948
P:           [+1.4896e-14, -7.91376e-11, +0]

NS1-Mb:      +1.06908
NS1-Madm_ql: +0.990226
NS1-S:       +0.299956
NS1-Chi:     +0.299956
NS1-Chi_ql:  +0.305906
NS1-OmegaS:  +0.0149242
NS-Rs:       +6.47623 +7.00565

NS2-Mb:      +1.06908
NS2-Madm_ql: +0.990224
NS2-S:       +0.299955
NS2-Chi:     +0.299955
NS2-Chi_ql:  +0.305907
NS2-OmegaS:  +0.0149242
NS-Rs:       +6.47623 +7.00565
=======================================

Error init = 4.49194e-05, Eq: integ(intS2) / Madm2 / Madm2 = chi2 Dom: 5 Bounday: 1
DOF / rank = 41323 x 41323 / 480 = 3.55748e+06
Load and redistrib Jacobian: 261.152 / 260.1 / 262.059 seconds (avg/min/max)
Inverting the matrix: 179.206 seconds
Distributing solution: 0.134525 seconds
=======================================
Iter:        +3
Error:       +4.49194e-05
Omega:       +0.00691432
Axis:        -1.30648e-05
P:           [-1.86627e-14, -4.15241e-13, +0]

NS1-Mb:      +1.06905
NS1-Madm_ql: +0.990729
NS1-S:       +0.3
NS1-Chi:     +0.3
NS1-Chi_ql:  +0.305641
NS1-OmegaS:  +0.014927
NS-Rs:       +6.47623 +7.00565

NS2-Mb:      +1.06905
NS2-Madm_ql: +0.990729
NS2-S:       +0.3
NS2-Chi:     +0.3
NS2-Chi_ql:  +0.305641
NS2-OmegaS:  +0.014927
NS-Rs:       +6.47623 +7.00565
=======================================

Error init = 7.3719e-07, Eq: integvolume(intMb) = Mb2 Dom: 3 Bounday: -1
DOF / rank = 41323 x 41323 / 480 = 3.55748e+06
Load and redistrib Jacobian: 262.169 / 261.175 / 263.089 seconds (avg/min/max)
Inverting the matrix: 174.555 seconds
Distributing solution: 0.133753 seconds
=======================================
Iter:        +4
Error:       +7.3719e-07
Omega:       +0.00691432
Axis:        +7.42926e-09
P:           [+1.85087e-14, +4.86503e-14, +0]

NS1-Mb:      +1.06905
NS1-Madm_ql: +0.990729
NS1-S:       +0.3
NS1-Chi:     +0.3
NS1-Chi_ql:  +0.305641
NS1-OmegaS:  +0.014927
NS-Rs:       +6.47623 +7.00565

NS2-Mb:      +1.06905
NS2-Madm_ql: +0.990729
NS2-S:       +0.3
NS2-Chi:     +0.3
NS2-Chi_ql:  +0.305641
NS2-OmegaS:  +0.014927
NS-Rs:       +6.47623 +7.00565
=======================================

Error init = 1.81377e-09, Eq: integvolume(intMb) = Mb2 Dom: 3 Bounday: -1
=======================================
Iter:        +5
Error:       +1.81377e-09
Omega:       +0.00691432
Axis:        +7.42926e-09
P:           [+1.85087e-14, +4.86503e-14, +0]

NS1-Mb:      +1.06905
NS1-Madm_ql: +0.990729
NS1-S:       +0.3
NS1-Chi:     +0.3
NS1-Chi_ql:  +0.305641
NS1-OmegaS:  +0.014927
NS-Rs:       +6.47623 +7.00565

NS2-Mb:      +1.06905
NS2-Madm_ql: +0.990729
NS2-S:       +0.3
NS2-Chi:     +0.3
NS2-Chi_ql:  +0.305641
NS2-OmegaS:  +0.014927
NS-Rs:       +6.47623 +7.00565
=======================================

############################
Total with mass fixing, chi = 0.3,0.3 and q = 1
############################
=======================================
Iter:        +0
Error:       +0
Omega:       +0.00691432
Axis:        +7.42926e-09
P:           [+1.85087e-14, +4.86503e-14, +0]

NS1-Mb:      +1.06905
NS1-Madm_ql: +0.990729
NS1-S:       +0.3
NS1-Chi:     +0.3
NS1-Chi_ql:  +0.305641
NS1-OmegaS:  +0.014927
NS-Rs:       +6.47623 +7.00565

NS2-Mb:      +1.06905
NS2-Madm_ql: +0.990729
NS2-S:       +0.3
NS2-Chi:     +0.3
NS2-Chi_ql:  +0.305641
NS2-OmegaS:  +0.014927
NS-Rs:       +6.47623 +7.00565
=======================================

Error init = 0.00714332, Eq: firstint Dom: 3 Bounday: -1
DOF / rank = 48397 x 48397 / 480 = 4.87973e+06
Load and redistrib Jacobian: 257.801 / 256.442 / 258.914 seconds (avg/min/max)
Inverting the matrix: 227.947 seconds
Distributing solution: 0.144761 seconds
=======================================
Iter:        +1
Error:       +0.00714332
Omega:       +0.00694483
Axis:        -9.98778e-10
P:           [-3.93017e-13, +1.08013e-10, +0]

NS1-Mb:      +1.06113
NS1-Madm_ql: +0.992849
NS1-S:       +0.300121
NS1-Chi:     +0.300121
NS1-Chi_ql:  +0.304459
NS1-OmegaS:  +0.0153075
NS-Rs:       +6.20691 +6.8441

NS2-Mb:      +1.06113
NS2-Madm_ql: +0.992849
NS2-S:       +0.300121
NS2-Chi:     +0.300121
NS2-Chi_ql:  +0.304459
NS2-OmegaS:  +0.0153075
NS-Rs:       +6.20691 +6.8441
=======================================

Error init = 0.00792429, Eq: integvolume(intMb) = Mb1 Dom: 0 Bounday: -1
DOF / rank = 48397 x 48397 / 480 = 4.87973e+06
Load and redistrib Jacobian: 259.222 / 257.801 / 260.386 seconds (avg/min/max)
Inverting the matrix: 227.332 seconds
Distributing solution: 0.140431 seconds
=======================================
Iter:        +2
Error:       +0.00792429
Omega:       +0.00694674
Axis:        -1.56493e-11
P:           [-1.92252e-12, -1.15535e-11, +0]

NS1-Mb:      +1.06907
NS1-Madm_ql: +0.99184
NS1-S:       +0.3
NS1-Chi:     +0.3
NS1-Chi_ql:  +0.304956
NS1-OmegaS:  +0.015357
NS-Rs:       +6.22886 +6.86305

NS2-Mb:      +1.06907
NS2-Madm_ql: +0.99184
NS2-S:       +0.3
NS2-Chi:     +0.3
NS2-Chi_ql:  +0.304956
NS2-OmegaS:  +0.015357
NS-Rs:       +6.22886 +6.86305
=======================================

Error init = 1.81471e-05, Eq: integvolume(intMb) = Mb1 Dom: 0 Bounday: -1
DOF / rank = 48397 x 48397 / 480 = 4.87973e+06
Load and redistrib Jacobian: 257.949 / 256.615 / 259.049 seconds (avg/min/max)
Inverting the matrix: 231.007 seconds
Distributing solution: 0.142269 seconds
=======================================
Iter:        +3
Error:       +1.81471e-05
Omega:       +0.00694679
Axis:        +6.06176e-12
P:           [-1.10962e-12, +2.40333e-12, +0]

NS1-Mb:      +1.06905
NS1-Madm_ql: +0.991717
NS1-S:       +0.3
NS1-Chi:     +0.3
NS1-Chi_ql:  +0.305032
NS1-OmegaS:  +0.0153584
NS-Rs:       +6.22902 +6.86331

NS2-Mb:      +1.06905
NS2-Madm_ql: +0.991717
NS2-S:       +0.3
NS2-Chi:     +0.3
NS2-Chi_ql:  +0.305032
NS2-OmegaS:  +0.0153584
NS-Rs:       +6.22902 +6.86331
=======================================

Error init = 2.06106e-07, Eq: integvolume(intMb) = Mb1 Dom: 0 Bounday: -1
DOF / rank = 48397 x 48397 / 480 = 4.87973e+06
Load and redistrib Jacobian: 257.524 / 256.205 / 258.69 seconds (avg/min/max)
Inverting the matrix: 225.518 seconds
Distributing solution: 0.325271 seconds
=======================================
Iter:        +4
Error:       +2.06106e-07
Omega:       +0.00694679
Axis:        +5.03409e-12
P:           [-1.24253e-12, +1.51453e-12, +0]

NS1-Mb:      +1.06905
NS1-Madm_ql: +0.991717
NS1-S:       +0.3
NS1-Chi:     +0.3
NS1-Chi_ql:  +0.305032
NS1-OmegaS:  +0.0153584
NS-Rs:       +6.22902 +6.86331

NS2-Mb:      +1.06905
NS2-Madm_ql: +0.991717
NS2-S:       +0.3
NS2-Chi:     +0.3
NS2-Chi_ql:  +0.305032
NS2-OmegaS:  +0.0153584
NS-Rs:       +6.22902 +6.86331
=======================================

Error init = 2.7228e-10, Eq: integvolume(intMb) = Mb2 Dom: 3 Bounday: -1
=======================================
Iter:        +5
Error:       +2.7228e-10
Omega:       +0.00694679
Axis:        +5.03409e-12
P:           [-1.24253e-12, +1.51453e-12, +0]

NS1-Mb:      +1.06905
NS1-Madm_ql: +0.991717
NS1-S:       +0.3
NS1-Chi:     +0.3
NS1-Chi_ql:  +0.305032
NS1-OmegaS:  +0.0153584
NS-Rs:       +6.22902 +6.86331

NS2-Mb:      +1.06905
NS2-Madm_ql: +0.991717
NS2-S:       +0.3
NS2-Chi:     +0.3
NS2-Chi_ql:  +0.305032
NS2-OmegaS:  +0.0153584
NS-Rs:       +6.22902 +6.86331
=======================================

Resolution of old space: 9 (r), 9 (theta), 8 (phi)
Resolution of new space: 11 (r), 11 (theta), 10 (phi)
Rmin/max: 
6.22902 6.86331
6.22902 6.86331
Bounds:
NS1: 3.11451 7.00565 10.0755 
NS2: 3.11451 7.00565 10.0755 
xc1: -16.5
xc2: 16.5
Config File: ./bns_regrid.info
Fields File: ./bns_regrid.dat
***************binary info***************
                 com: 5.03409e-12
                comy: -4.72692e-13
            distance: 33
           ecc_omega: 0.00691432
        global_omega: 0.00694679
        outer_shells: 0
                   q: 1
                qpig: 12.5664
                 res: 11
                rext: 66
*****************ns info*****************
                 chi: 0.3
         decay_limit: 16.5
                 dim: 3
             fixed_r: 6.22902
                  hc: 1.15871
                madm: 1
                  mb: 1.06905
      n_inner_shells: 0
                  nc: 0.00109054
             nshells: 0
               omega: 0.0153584
             ql_madm: 0.991717
                qpig: 12.5664
                 res: 11
                 rin: 3.11451
                rmid: 7.00565
                rout: 10.0755
             eosfile: togashi.lorene
             eostype: Cold_Table
               h_cut: 0
   interpolation_pts: 2000
*****************ns info*****************
                 chi: 0.3
         decay_limit: 16.5
                 dim: 3
             fixed_r: 6.22902
                  hc: 1.15871
                madm: 1
                  mb: 1.06905
      n_inner_shells: 0
                  nc: 0.00109054
             nshells: 0
               omega: 0.0153584
             ql_madm: 0.991717
                qpig: 12.5664
                 res: 11
                 rin: 3.11451
                rmid: 7.00565
                rout: 10.0755
             eosfile: togashi.lorene
             eostype: Cold_Table
               h_cut: 0
   interpolation_pts: 2000

=================================
BNS grav input
Distance: 33
Omega guess: 0.00694679
Units: 12.5664
=================================
############################
Total with mass fixing, chi = 0.3,0.3 and q = 1
############################
=======================================
Iter:        +0
Error:       +0
Omega:       +0.00694679
Axis:        +5.03409e-12
P:           [-1.3688e-12, +1.6091e-12, +0]

NS1-Mb:      +1.0595
NS1-Madm_ql: +0.991731
NS1-S:       +0.300006
NS1-Chi:     +0.300006
NS1-Chi_ql:  +0.30503
NS1-OmegaS:  +0.0153584
NS-Rs:       +6.22902 +6.86331

NS2-Mb:      +1.0595
NS2-Madm_ql: +0.991731
NS2-S:       +0.300006
NS2-Chi:     +0.300006
NS2-Chi_ql:  +0.30503
NS2-OmegaS:  +0.0153584
NS-Rs:       +6.22902 +6.86331
=======================================

Error init = 0.00954876, Eq: integvolume(intMb) = Mb2 Dom: 3 Bounday: -1
DOF / rank = 91866 x 91866 / 480 = 1.7582e+07
Load and redistrib Jacobian: 912.801 / 908.025 / 916.732 seconds (avg/min/max)
Inverting the matrix: 810.015 seconds
Distributing solution: 0.20805 seconds
=======================================
Iter:        +1
Error:       +0.00954876
Omega:       +0.00694641
Axis:        -4.45637e-12
P:           [-1.45629e-12, +2.58425e-10, +0]

NS1-Mb:      +1.06907
NS1-Madm_ql: +0.99026
NS1-S:       +0.300001
NS1-Chi:     +0.300001
NS1-Chi_ql:  +0.305931
NS1-OmegaS:  +0.0155017
NS-Rs:       +6.24169 +6.88249

NS2-Mb:      +1.06907
NS2-Madm_ql: +0.99026
NS2-S:       +0.300001
NS2-Chi:     +0.300001
NS2-Chi_ql:  +0.305931
NS2-OmegaS:  +0.0155017
NS-Rs:       +6.24169 +6.88249
=======================================

Error init = 1.39811e-05, Eq: integvolume(intMb) = Mb1 Dom: 0 Bounday: -1
DOF / rank = 91866 x 91866 / 480 = 1.7582e+07
Load and redistrib Jacobian: 908.659 / 903.843 / 912.413 seconds (avg/min/max)
Inverting the matrix: 815.104 seconds
Distributing solution: 0.205718 seconds
=======================================
Iter:        +2
Error:       +1.39811e-05
Omega:       +0.00694604
Axis:        -5.11131e-12
P:           [-1.08665e-12, -2.14353e-12, +0]

NS1-Mb:      +1.06905
NS1-Madm_ql: +0.990103
NS1-S:       +0.3
NS1-Chi:     +0.3
NS1-Chi_ql:  +0.306027
NS1-OmegaS:  +0.015505
NS-Rs:       +6.24194 +6.88287

NS2-Mb:      +1.06905
NS2-Madm_ql: +0.990103
NS2-S:       +0.3
NS2-Chi:     +0.3
NS2-Chi_ql:  +0.306027
NS2-OmegaS:  +0.015505
NS-Rs:       +6.24194 +6.88287
=======================================

Error init = 8.73475e-08, Eq: integvolume(intMb) = Mb2 Dom: 3 Bounday: -1
DOF / rank = 91866 x 91866 / 480 = 1.7582e+07
Load and redistrib Jacobian: 907.807 / 902.877 / 911.744 seconds (avg/min/max)
Inverting the matrix: 813.973 seconds
Distributing solution: 0.207884 seconds
=======================================
Iter:        +3
Error:       +8.73475e-08
Omega:       +0.00694604
Axis:        +4.93661e-11
P:           [-6.15723e-13, +1.64335e-11, +0]

NS1-Mb:      +1.06905
NS1-Madm_ql: +0.990103
NS1-S:       +0.3
NS1-Chi:     +0.3
NS1-Chi_ql:  +0.306028
NS1-OmegaS:  +0.015505
NS-Rs:       +6.24194 +6.88287

NS2-Mb:      +1.06905
NS2-Madm_ql: +0.990103
NS2-S:       +0.3
NS2-Chi:     +0.3
NS2-Chi_ql:  +0.306028
NS2-OmegaS:  +0.015505
NS-Rs:       +6.24194 +6.88287
=======================================

Error init = 7.33267e-11, Eq: integvolume(intMb) = Mb1 Dom: 0 Bounday: -1
=======================================
Iter:        +4
Error:       +7.33267e-11
Omega:       +0.00694604
Axis:        +4.93661e-11
P:           [-6.15723e-13, +1.64335e-11, +0]

NS1-Mb:      +1.06905
NS1-Madm_ql: +0.990103
NS1-S:       +0.3
NS1-Chi:     +0.3
NS1-Chi_ql:  +0.306028
NS1-OmegaS:  +0.015505
NS-Rs:       +6.24194 +6.88287

NS2-Mb:      +1.06905
NS2-Madm_ql: +0.990103
NS2-S:       +0.3
NS2-Chi:     +0.3
NS2-Chi_ql:  +0.306028
NS2-OmegaS:  +0.015505
NS-Rs:       +6.24194 +6.88287
=======================================

############################
Py fixing without first integral and fixed omega, chi = 0.3,0.3 and q = 1
with Py BC fixing
############################
=======================================
Iter:        +0
Error:       +0
Omega:       +0.00694604
Axis:        +4.93661e-11
P:           [-6.15723e-13, +1.64335e-11, +0]

NS1-Mb:      +1.06905
NS1-Madm_ql: +0.990103
NS1-S:       +0.3
NS1-Chi:     +0.3
NS1-Chi_ql:  +0.306028
NS1-OmegaS:  +0.015505
NS-Rs:       +6.24194 +6.88287

NS2-Mb:      +1.06905
NS2-Madm_ql: +0.990103
NS2-S:       +0.3
NS2-Chi:     +0.3
NS2-Chi_ql:  +0.306028
NS2-OmegaS:  +0.015505
NS-Rs:       +6.24194 +6.88287
=======================================

Error init = 7.33267e-11, Eq: integvolume(intMb) = Mb1 Dom: 0 Bounday: -1
=======================================
Iter:        +1
Error:       +7.33267e-11
Omega:       +0.00694604
Axis:        +4.93661e-11
P:           [-6.15723e-13, +1.64335e-11, +0]

NS1-Mb:      +1.06905
NS1-Madm_ql: +0.990103
NS1-S:       +0.3
NS1-Chi:     +0.3
NS1-Chi_ql:  +0.306028
NS1-OmegaS:  +0.015505
NS-Rs:       +6.24194 +6.88287

NS2-Mb:      +1.06905
NS2-Madm_ql: +0.990103
NS2-S:       +0.3
NS2-Chi:     +0.3
NS2-Chi_ql:  +0.306028
NS2-OmegaS:  +0.015505
NS-Rs:       +6.24194 +6.88287
=======================================

############################
Eccentricity reduction step with fixed omega, chi = 0.3,0.3 and q = 1
############################
### Using PN estimate for adot and omega! ###
=======================================
Iter:        +0
Error:       +0
Omega:       +0.00691432
Axis:        +4.93661e-11
P:           [-6.15723e-13, +1.64335e-11, +0]

NS1-Mb:      +1.06905
NS1-Madm_ql: +0.990103
NS1-S:       +0.3
NS1-Chi:     +0.3
NS1-Chi_ql:  +0.306028
NS1-OmegaS:  +0.015505
NS-Rs:       +6.24194 +6.88287

NS2-Mb:      +1.06905
NS2-Madm_ql: +0.990103
NS2-S:       +0.3
NS2-Chi:     +0.3
NS2-Chi_ql:  +0.306028
NS2-OmegaS:  +0.015505
NS-Rs:       +6.24194 +6.88287
=======================================

Error init = 5.25189e-05, Eq: eqphi = 0 Dom: 3 Bounday: -1
DOF / rank = 78499 x 78499 / 480 = 1.28377e+07
Load and redistrib Jacobian: 927.534 / 923.377 / 930.671 seconds (avg/min/max)
Inverting the matrix: 598.689 seconds
Distributing solution: 0.198958 seconds
=======================================
Iter:        +1
Error:       +5.25189e-05
Omega:       +0.00691432
Axis:        +7.33066e-07
P:           [-3.09339e-14, -2.99847e-14, +0]

NS1-Mb:      +1.06905
NS1-Madm_ql: +0.990056
NS1-S:       +0.3
NS1-Chi:     +0.3
NS1-Chi_ql:  +0.306057
NS1-OmegaS:  +0.0155057
NS-Rs:       +6.24194 +6.88287

NS2-Mb:      +1.06905
NS2-Madm_ql: +0.990056
NS2-S:       +0.3
NS2-Chi:     +0.3
NS2-Chi_ql:  +0.306057
NS2-OmegaS:  +0.0155057
NS-Rs:       +6.24194 +6.88287
=======================================

Error init = 6.54871e-09, Eq: integvolume(intMb) = Mb1 Dom: 0 Bounday: -1
=======================================
Iter:        +2
Error:       +6.54871e-09
Omega:       +0.00691432
Axis:        +7.33066e-07
P:           [-3.09339e-14, -2.99847e-14, +0]

NS1-Mb:      +1.06905
NS1-Madm_ql: +0.990056
NS1-S:       +0.3
NS1-Chi:     +0.3
NS1-Chi_ql:  +0.306057
NS1-OmegaS:  +0.0155057
NS-Rs:       +6.24194 +6.88287

NS2-Mb:      +1.06905
NS2-Madm_ql: +0.990056
NS2-S:       +0.3
NS2-Chi:     +0.3
NS2-Chi_ql:  +0.306057
NS2-OmegaS:  +0.0155057
NS-Rs:       +6.24194 +6.88287
=======================================

